[2023-10-03T10:10:13.726+0000] {taskinstance.py:1125} INFO - Dependencies all met for dep_context=non-requeueable deps ti=<TaskInstance: launches_getter.check_api_status scheduled__2023-09-26T00:00:00+00:00 [queued]>
[2023-10-03T10:10:13.870+0000] {taskinstance.py:1125} INFO - Dependencies all met for dep_context=requeueable deps ti=<TaskInstance: launches_getter.check_api_status scheduled__2023-09-26T00:00:00+00:00 [queued]>
[2023-10-03T10:10:13.873+0000] {taskinstance.py:1331} INFO - Starting attempt 1 of 1
[2023-10-03T10:10:14.069+0000] {taskinstance.py:1350} INFO - Executing <Task(HttpSensor): check_api_status> on 2023-09-26 00:00:00+00:00
[2023-10-03T10:10:14.109+0000] {standard_task_runner.py:57} INFO - Started process 3030 to run task
[2023-10-03T10:10:14.138+0000] {standard_task_runner.py:84} INFO - Running: ['***', 'tasks', 'run', 'launches_getter', 'check_api_status', 'scheduled__2023-09-26T00:00:00+00:00', '--job-id', '158', '--raw', '--subdir', 'DAGS_FOLDER/launches.py', '--cfg-path', '/tmp/tmp5gda0idh']
[2023-10-03T10:10:14.149+0000] {standard_task_runner.py:85} INFO - Job 158: Subtask check_api_status
[2023-10-03T10:10:14.392+0000] {task_command.py:410} INFO - Running <TaskInstance: launches_getter.check_api_status scheduled__2023-09-26T00:00:00+00:00 [running]> on host f21dc12153d8
[2023-10-03T10:10:15.044+0000] {taskinstance.py:1570} INFO - Exporting env vars: AIRFLOW_CTX_DAG_OWNER='***' AIRFLOW_CTX_DAG_ID='launches_getter' AIRFLOW_CTX_TASK_ID='check_api_status' AIRFLOW_CTX_EXECUTION_DATE='2023-09-26T00:00:00+00:00' AIRFLOW_CTX_TRY_NUMBER='1' AIRFLOW_CTX_DAG_RUN_ID='scheduled__2023-09-26T00:00:00+00:00'
[2023-10-03T10:10:15.062+0000] {http.py:122} INFO - Poking: 
[2023-10-03T10:10:15.204+0000] {base.py:73} INFO - Using connection ID 'thespacedevs_dev' for task execution.
[2023-10-03T10:10:15.865+0000] {base.py:255} INFO - Success criteria met. Exiting.
[2023-10-03T10:10:15.935+0000] {taskinstance.py:1373} INFO - Marking task as SUCCESS. dag_id=launches_getter, task_id=check_api_status, execution_date=20230926T000000, start_date=20231003T101013, end_date=20231003T101015
[2023-10-03T10:10:16.112+0000] {local_task_job_runner.py:232} INFO - Task exited with return code 0
[2023-10-03T10:10:16.324+0000] {taskinstance.py:2674} INFO - 1 downstream tasks scheduled from follow-on schedule check
[2023-10-03T12:31:20.951+0000] {taskinstance.py:1125} INFO - Dependencies all met for dep_context=non-requeueable deps ti=<TaskInstance: launches_getter.check_api_status scheduled__2023-09-26T00:00:00+00:00 [queued]>
[2023-10-03T12:31:21.030+0000] {taskinstance.py:1125} INFO - Dependencies all met for dep_context=requeueable deps ti=<TaskInstance: launches_getter.check_api_status scheduled__2023-09-26T00:00:00+00:00 [queued]>
[2023-10-03T12:31:21.041+0000] {taskinstance.py:1331} INFO - Starting attempt 1 of 1
[2023-10-03T12:31:21.318+0000] {taskinstance.py:1350} INFO - Executing <Task(HttpSensor): check_api_status> on 2023-09-26 00:00:00+00:00
[2023-10-03T12:31:21.413+0000] {standard_task_runner.py:57} INFO - Started process 119 to run task
[2023-10-03T12:31:21.564+0000] {standard_task_runner.py:84} INFO - Running: ['***', 'tasks', 'run', 'launches_getter', 'check_api_status', 'scheduled__2023-09-26T00:00:00+00:00', '--job-id', '253', '--raw', '--subdir', 'DAGS_FOLDER/launches.py', '--cfg-path', '/tmp/tmpucd9fjyq']
[2023-10-03T12:31:21.612+0000] {standard_task_runner.py:85} INFO - Job 253: Subtask check_api_status
[2023-10-03T12:31:22.223+0000] {task_command.py:410} INFO - Running <TaskInstance: launches_getter.check_api_status scheduled__2023-09-26T00:00:00+00:00 [running]> on host f21dc12153d8
[2023-10-03T12:31:23.722+0000] {taskinstance.py:1570} INFO - Exporting env vars: AIRFLOW_CTX_DAG_OWNER='***' AIRFLOW_CTX_DAG_ID='launches_getter' AIRFLOW_CTX_TASK_ID='check_api_status' AIRFLOW_CTX_EXECUTION_DATE='2023-09-26T00:00:00+00:00' AIRFLOW_CTX_TRY_NUMBER='1' AIRFLOW_CTX_DAG_RUN_ID='scheduled__2023-09-26T00:00:00+00:00'
[2023-10-03T12:31:23.727+0000] {http.py:122} INFO - Poking: 
[2023-10-03T12:31:23.826+0000] {base.py:73} INFO - Using connection ID 'thespacedevs_dev' for task execution.
[2023-10-03T12:31:24.915+0000] {base.py:255} INFO - Success criteria met. Exiting.
[2023-10-03T12:31:24.975+0000] {taskinstance.py:1373} INFO - Marking task as SUCCESS. dag_id=launches_getter, task_id=check_api_status, execution_date=20230926T000000, start_date=20231003T123120, end_date=20231003T123124
[2023-10-03T12:31:25.352+0000] {local_task_job_runner.py:232} INFO - Task exited with return code 0
[2023-10-03T12:31:25.529+0000] {taskinstance.py:2674} INFO - 1 downstream tasks scheduled from follow-on schedule check
