[2023-10-03T07:54:05.824+0000] {taskinstance.py:1125} INFO - Dependencies all met for dep_context=non-requeueable deps ti=<TaskInstance: launches_getter.http_sensor_check scheduled__2023-07-18T00:00:00+00:00 [queued]>
[2023-10-03T07:54:05.834+0000] {taskinstance.py:1125} INFO - Dependencies all met for dep_context=requeueable deps ti=<TaskInstance: launches_getter.http_sensor_check scheduled__2023-07-18T00:00:00+00:00 [queued]>
[2023-10-03T07:54:05.834+0000] {taskinstance.py:1331} INFO - Starting attempt 1 of 1
[2023-10-03T07:54:05.861+0000] {taskinstance.py:1350} INFO - Executing <Task(HttpSensor): http_sensor_check> on 2023-07-18 00:00:00+00:00
[2023-10-03T07:54:05.868+0000] {standard_task_runner.py:57} INFO - Started process 473 to run task
[2023-10-03T07:54:05.888+0000] {standard_task_runner.py:84} INFO - Running: ['***', 'tasks', 'run', 'launches_getter', 'http_sensor_check', 'scheduled__2023-07-18T00:00:00+00:00', '--job-id', '80', '--raw', '--subdir', 'DAGS_FOLDER/launches.py', '--cfg-path', '/tmp/tmpthucl09y']
[2023-10-03T07:54:05.888+0000] {standard_task_runner.py:85} INFO - Job 80: Subtask http_sensor_check
[2023-10-03T07:54:06.051+0000] {task_command.py:410} INFO - Running <TaskInstance: launches_getter.http_sensor_check scheduled__2023-07-18T00:00:00+00:00 [running]> on host f21dc12153d8
[2023-10-03T07:54:06.346+0000] {taskinstance.py:1570} INFO - Exporting env vars: AIRFLOW_CTX_DAG_OWNER='***' AIRFLOW_CTX_DAG_ID='launches_getter' AIRFLOW_CTX_TASK_ID='http_sensor_check' AIRFLOW_CTX_EXECUTION_DATE='2023-07-18T00:00:00+00:00' AIRFLOW_CTX_TRY_NUMBER='1' AIRFLOW_CTX_DAG_RUN_ID='scheduled__2023-07-18T00:00:00+00:00'
[2023-10-03T07:54:06.346+0000] {http.py:122} INFO - Poking: 
[2023-10-03T07:54:06.361+0000] {base.py:73} INFO - Using connection ID 'thespacedevs_dev' for task execution.
[2023-10-03T07:54:11.718+0000] {http.py:122} INFO - Poking: 
[2023-10-03T07:54:11.726+0000] {base.py:73} INFO - Using connection ID 'thespacedevs_dev' for task execution.
[2023-10-03T07:54:17.003+0000] {http.py:122} INFO - Poking: 
[2023-10-03T07:54:17.010+0000] {base.py:73} INFO - Using connection ID 'thespacedevs_dev' for task execution.
[2023-10-03T07:54:22.262+0000] {http.py:122} INFO - Poking: 
[2023-10-03T07:54:22.267+0000] {base.py:73} INFO - Using connection ID 'thespacedevs_dev' for task execution.
[2023-10-03T07:54:27.545+0000] {http.py:122} INFO - Poking: 
[2023-10-03T07:54:27.551+0000] {base.py:73} INFO - Using connection ID 'thespacedevs_dev' for task execution.
[2023-10-03T07:54:32.842+0000] {http.py:122} INFO - Poking: 
[2023-10-03T07:54:32.847+0000] {base.py:73} INFO - Using connection ID 'thespacedevs_dev' for task execution.
[2023-10-03T07:54:38.142+0000] {http.py:122} INFO - Poking: 
[2023-10-03T07:54:38.149+0000] {base.py:73} INFO - Using connection ID 'thespacedevs_dev' for task execution.
[2023-10-03T07:54:43.456+0000] {http.py:122} INFO - Poking: 
[2023-10-03T07:54:43.461+0000] {base.py:73} INFO - Using connection ID 'thespacedevs_dev' for task execution.
[2023-10-03T07:54:48.755+0000] {http.py:122} INFO - Poking: 
[2023-10-03T07:54:48.763+0000] {base.py:73} INFO - Using connection ID 'thespacedevs_dev' for task execution.
[2023-10-03T07:54:54.022+0000] {http.py:122} INFO - Poking: 
[2023-10-03T07:54:54.028+0000] {base.py:73} INFO - Using connection ID 'thespacedevs_dev' for task execution.
[2023-10-03T07:54:59.286+0000] {http.py:122} INFO - Poking: 
[2023-10-03T07:54:59.291+0000] {base.py:73} INFO - Using connection ID 'thespacedevs_dev' for task execution.
[2023-10-03T07:55:06.346+0000] {http.py:122} INFO - Poking: 
[2023-10-03T07:55:06.353+0000] {base.py:73} INFO - Using connection ID 'thespacedevs_dev' for task execution.
[2023-10-03T07:55:11.690+0000] {http.py:122} INFO - Poking: 
[2023-10-03T07:55:11.696+0000] {base.py:73} INFO - Using connection ID 'thespacedevs_dev' for task execution.
[2023-10-03T07:55:16.994+0000] {http.py:122} INFO - Poking: 
[2023-10-03T07:55:17.001+0000] {base.py:73} INFO - Using connection ID 'thespacedevs_dev' for task execution.
[2023-10-03T07:55:22.321+0000] {http.py:122} INFO - Poking: 
[2023-10-03T07:55:22.326+0000] {base.py:73} INFO - Using connection ID 'thespacedevs_dev' for task execution.
[2023-10-03T07:55:27.622+0000] {http.py:122} INFO - Poking: 
[2023-10-03T07:55:27.627+0000] {base.py:73} INFO - Using connection ID 'thespacedevs_dev' for task execution.
[2023-10-03T07:55:32.890+0000] {http.py:122} INFO - Poking: 
[2023-10-03T07:55:32.895+0000] {base.py:73} INFO - Using connection ID 'thespacedevs_dev' for task execution.
[2023-10-03T07:55:38.190+0000] {http.py:122} INFO - Poking: 
[2023-10-03T07:55:38.196+0000] {base.py:73} INFO - Using connection ID 'thespacedevs_dev' for task execution.
[2023-10-03T07:55:43.475+0000] {http.py:122} INFO - Poking: 
[2023-10-03T07:55:43.480+0000] {base.py:73} INFO - Using connection ID 'thespacedevs_dev' for task execution.
[2023-10-03T07:55:48.765+0000] {http.py:122} INFO - Poking: 
[2023-10-03T07:55:48.770+0000] {base.py:73} INFO - Using connection ID 'thespacedevs_dev' for task execution.
[2023-10-03T07:55:54.024+0000] {http.py:122} INFO - Poking: 
[2023-10-03T07:55:54.032+0000] {base.py:73} INFO - Using connection ID 'thespacedevs_dev' for task execution.
[2023-10-03T07:55:59.354+0000] {http.py:122} INFO - Poking: 
[2023-10-03T07:55:59.359+0000] {base.py:73} INFO - Using connection ID 'thespacedevs_dev' for task execution.
[2023-10-03T07:56:04.618+0000] {http.py:122} INFO - Poking: 
[2023-10-03T07:56:04.629+0000] {base.py:73} INFO - Using connection ID 'thespacedevs_dev' for task execution.
[2023-10-03T07:56:10.722+0000] {http.py:122} INFO - Poking: 
[2023-10-03T07:56:10.731+0000] {base.py:73} INFO - Using connection ID 'thespacedevs_dev' for task execution.
[2023-10-03T07:56:16.014+0000] {http.py:122} INFO - Poking: 
[2023-10-03T07:56:16.031+0000] {base.py:73} INFO - Using connection ID 'thespacedevs_dev' for task execution.
[2023-10-03T07:56:21.422+0000] {http.py:122} INFO - Poking: 
[2023-10-03T07:56:21.430+0000] {base.py:73} INFO - Using connection ID 'thespacedevs_dev' for task execution.
[2023-10-03T07:56:26.714+0000] {http.py:122} INFO - Poking: 
[2023-10-03T07:56:26.723+0000] {base.py:73} INFO - Using connection ID 'thespacedevs_dev' for task execution.
[2023-10-03T07:56:32.018+0000] {http.py:122} INFO - Poking: 
[2023-10-03T07:56:32.023+0000] {base.py:73} INFO - Using connection ID 'thespacedevs_dev' for task execution.
[2023-10-03T07:56:37.270+0000] {http.py:122} INFO - Poking: 
[2023-10-03T07:56:37.275+0000] {base.py:73} INFO - Using connection ID 'thespacedevs_dev' for task execution.
[2023-10-03T07:56:42.565+0000] {http.py:122} INFO - Poking: 
[2023-10-03T07:56:42.580+0000] {base.py:73} INFO - Using connection ID 'thespacedevs_dev' for task execution.
[2023-10-03T07:56:48.056+0000] {http.py:122} INFO - Poking: 
[2023-10-03T07:56:48.066+0000] {base.py:73} INFO - Using connection ID 'thespacedevs_dev' for task execution.
[2023-10-03T07:56:53.374+0000] {http.py:122} INFO - Poking: 
[2023-10-03T07:56:53.379+0000] {base.py:73} INFO - Using connection ID 'thespacedevs_dev' for task execution.
[2023-10-03T07:56:58.689+0000] {http.py:122} INFO - Poking: 
[2023-10-03T07:56:58.710+0000] {base.py:73} INFO - Using connection ID 'thespacedevs_dev' for task execution.
[2023-10-03T07:57:04.006+0000] {http.py:122} INFO - Poking: 
[2023-10-03T07:57:04.013+0000] {base.py:73} INFO - Using connection ID 'thespacedevs_dev' for task execution.
[2023-10-03T07:57:09.304+0000] {http.py:122} INFO - Poking: 
[2023-10-03T07:57:09.309+0000] {base.py:73} INFO - Using connection ID 'thespacedevs_dev' for task execution.
[2023-10-03T07:57:15.831+0000] {http.py:122} INFO - Poking: 
[2023-10-03T07:57:15.853+0000] {base.py:73} INFO - Using connection ID 'thespacedevs_dev' for task execution.
[2023-10-03T07:57:21.255+0000] {http.py:122} INFO - Poking: 
[2023-10-03T07:57:21.263+0000] {base.py:73} INFO - Using connection ID 'thespacedevs_dev' for task execution.
[2023-10-03T07:57:26.543+0000] {http.py:122} INFO - Poking: 
[2023-10-03T07:57:26.551+0000] {base.py:73} INFO - Using connection ID 'thespacedevs_dev' for task execution.
[2023-10-03T07:57:31.802+0000] {http.py:122} INFO - Poking: 
[2023-10-03T07:57:31.810+0000] {base.py:73} INFO - Using connection ID 'thespacedevs_dev' for task execution.
[2023-10-03T07:57:37.062+0000] {http.py:122} INFO - Poking: 
[2023-10-03T07:57:37.070+0000] {base.py:73} INFO - Using connection ID 'thespacedevs_dev' for task execution.
[2023-10-03T07:57:42.350+0000] {http.py:122} INFO - Poking: 
[2023-10-03T07:57:42.356+0000] {base.py:73} INFO - Using connection ID 'thespacedevs_dev' for task execution.
[2023-10-03T07:57:47.663+0000] {http.py:122} INFO - Poking: 
[2023-10-03T07:57:47.679+0000] {base.py:73} INFO - Using connection ID 'thespacedevs_dev' for task execution.
[2023-10-03T07:57:52.988+0000] {http.py:122} INFO - Poking: 
[2023-10-03T07:57:52.993+0000] {base.py:73} INFO - Using connection ID 'thespacedevs_dev' for task execution.
[2023-10-03T07:57:58.264+0000] {http.py:122} INFO - Poking: 
[2023-10-03T07:57:58.270+0000] {base.py:73} INFO - Using connection ID 'thespacedevs_dev' for task execution.
[2023-10-03T07:58:04.314+0000] {http.py:122} INFO - Poking: 
[2023-10-03T07:58:04.319+0000] {base.py:73} INFO - Using connection ID 'thespacedevs_dev' for task execution.
[2023-10-03T07:58:09.852+0000] {http.py:122} INFO - Poking: 
[2023-10-03T07:58:09.859+0000] {base.py:73} INFO - Using connection ID 'thespacedevs_dev' for task execution.
[2023-10-03T07:58:15.137+0000] {http.py:122} INFO - Poking: 
[2023-10-03T07:58:15.158+0000] {base.py:73} INFO - Using connection ID 'thespacedevs_dev' for task execution.
[2023-10-03T07:58:20.466+0000] {http.py:122} INFO - Poking: 
[2023-10-03T07:58:20.480+0000] {base.py:73} INFO - Using connection ID 'thespacedevs_dev' for task execution.
[2023-10-03T07:58:25.774+0000] {http.py:122} INFO - Poking: 
[2023-10-03T07:58:25.781+0000] {base.py:73} INFO - Using connection ID 'thespacedevs_dev' for task execution.
[2023-10-03T07:58:31.076+0000] {http.py:122} INFO - Poking: 
[2023-10-03T07:58:31.092+0000] {base.py:73} INFO - Using connection ID 'thespacedevs_dev' for task execution.
[2023-10-03T07:58:36.410+0000] {http.py:122} INFO - Poking: 
[2023-10-03T07:58:36.419+0000] {base.py:73} INFO - Using connection ID 'thespacedevs_dev' for task execution.
[2023-10-03T07:58:41.838+0000] {http.py:122} INFO - Poking: 
[2023-10-03T07:58:41.845+0000] {base.py:73} INFO - Using connection ID 'thespacedevs_dev' for task execution.
[2023-10-03T07:58:47.142+0000] {http.py:122} INFO - Poking: 
[2023-10-03T07:58:47.149+0000] {base.py:73} INFO - Using connection ID 'thespacedevs_dev' for task execution.
[2023-10-03T07:58:52.446+0000] {http.py:122} INFO - Poking: 
[2023-10-03T07:58:52.454+0000] {base.py:73} INFO - Using connection ID 'thespacedevs_dev' for task execution.
[2023-10-03T07:58:57.818+0000] {http.py:122} INFO - Poking: 
[2023-10-03T07:58:57.829+0000] {base.py:73} INFO - Using connection ID 'thespacedevs_dev' for task execution.
[2023-10-03T07:59:03.191+0000] {http.py:122} INFO - Poking: 
[2023-10-03T07:59:03.196+0000] {base.py:73} INFO - Using connection ID 'thespacedevs_dev' for task execution.
[2023-10-03T07:59:08.462+0000] {http.py:122} INFO - Poking: 
[2023-10-03T07:59:08.467+0000] {base.py:73} INFO - Using connection ID 'thespacedevs_dev' for task execution.
[2023-10-03T07:59:13.742+0000] {http.py:122} INFO - Poking: 
[2023-10-03T07:59:13.749+0000] {base.py:73} INFO - Using connection ID 'thespacedevs_dev' for task execution.
[2023-10-03T07:59:19.034+0000] {http.py:122} INFO - Poking: 
[2023-10-03T07:59:19.045+0000] {base.py:73} INFO - Using connection ID 'thespacedevs_dev' for task execution.
[2023-10-03T07:59:24.336+0000] {http.py:122} INFO - Poking: 
[2023-10-03T07:59:24.342+0000] {base.py:73} INFO - Using connection ID 'thespacedevs_dev' for task execution.
[2023-10-03T07:59:29.606+0000] {http.py:122} INFO - Poking: 
[2023-10-03T07:59:29.619+0000] {base.py:73} INFO - Using connection ID 'thespacedevs_dev' for task execution.
[2023-10-03T07:59:34.902+0000] {http.py:122} INFO - Poking: 
[2023-10-03T07:59:34.912+0000] {base.py:73} INFO - Using connection ID 'thespacedevs_dev' for task execution.
[2023-10-03T07:59:40.202+0000] {http.py:122} INFO - Poking: 
[2023-10-03T07:59:40.209+0000] {base.py:73} INFO - Using connection ID 'thespacedevs_dev' for task execution.
[2023-10-03T07:59:45.530+0000] {http.py:122} INFO - Poking: 
[2023-10-03T07:59:45.535+0000] {base.py:73} INFO - Using connection ID 'thespacedevs_dev' for task execution.
[2023-10-03T07:59:50.816+0000] {http.py:122} INFO - Poking: 
[2023-10-03T07:59:50.823+0000] {base.py:73} INFO - Using connection ID 'thespacedevs_dev' for task execution.
[2023-10-03T07:59:56.122+0000] {http.py:122} INFO - Poking: 
[2023-10-03T07:59:56.129+0000] {base.py:73} INFO - Using connection ID 'thespacedevs_dev' for task execution.
[2023-10-03T08:00:01.388+0000] {http.py:122} INFO - Poking: 
[2023-10-03T08:00:01.402+0000] {base.py:73} INFO - Using connection ID 'thespacedevs_dev' for task execution.
[2023-10-03T08:00:06.696+0000] {http.py:122} INFO - Poking: 
[2023-10-03T08:00:06.703+0000] {base.py:73} INFO - Using connection ID 'thespacedevs_dev' for task execution.
[2023-10-03T08:00:11.968+0000] {http.py:122} INFO - Poking: 
[2023-10-03T08:00:11.977+0000] {base.py:73} INFO - Using connection ID 'thespacedevs_dev' for task execution.
[2023-10-03T08:00:17.262+0000] {http.py:122} INFO - Poking: 
[2023-10-03T08:00:17.267+0000] {base.py:73} INFO - Using connection ID 'thespacedevs_dev' for task execution.
[2023-10-03T08:00:22.542+0000] {http.py:122} INFO - Poking: 
[2023-10-03T08:00:22.548+0000] {base.py:73} INFO - Using connection ID 'thespacedevs_dev' for task execution.
[2023-10-03T08:00:27.854+0000] {http.py:122} INFO - Poking: 
[2023-10-03T08:00:27.860+0000] {base.py:73} INFO - Using connection ID 'thespacedevs_dev' for task execution.
[2023-10-03T08:00:33.162+0000] {http.py:122} INFO - Poking: 
[2023-10-03T08:00:33.203+0000] {base.py:73} INFO - Using connection ID 'thespacedevs_dev' for task execution.
[2023-10-03T08:00:38.562+0000] {http.py:122} INFO - Poking: 
[2023-10-03T08:00:38.569+0000] {base.py:73} INFO - Using connection ID 'thespacedevs_dev' for task execution.
[2023-10-03T08:00:43.870+0000] {http.py:122} INFO - Poking: 
[2023-10-03T08:00:43.875+0000] {base.py:73} INFO - Using connection ID 'thespacedevs_dev' for task execution.
[2023-10-03T08:00:49.146+0000] {http.py:122} INFO - Poking: 
[2023-10-03T08:00:49.152+0000] {base.py:73} INFO - Using connection ID 'thespacedevs_dev' for task execution.
[2023-10-03T08:00:54.466+0000] {http.py:122} INFO - Poking: 
[2023-10-03T08:00:54.471+0000] {base.py:73} INFO - Using connection ID 'thespacedevs_dev' for task execution.
[2023-10-03T08:00:59.757+0000] {http.py:122} INFO - Poking: 
[2023-10-03T08:00:59.761+0000] {base.py:73} INFO - Using connection ID 'thespacedevs_dev' for task execution.
[2023-10-03T08:01:05.056+0000] {http.py:122} INFO - Poking: 
[2023-10-03T08:01:05.070+0000] {base.py:73} INFO - Using connection ID 'thespacedevs_dev' for task execution.
[2023-10-03T08:01:10.468+0000] {http.py:122} INFO - Poking: 
[2023-10-03T08:01:10.484+0000] {base.py:73} INFO - Using connection ID 'thespacedevs_dev' for task execution.
[2023-10-03T08:01:15.830+0000] {http.py:122} INFO - Poking: 
[2023-10-03T08:01:15.837+0000] {base.py:73} INFO - Using connection ID 'thespacedevs_dev' for task execution.
[2023-10-03T08:01:21.130+0000] {http.py:122} INFO - Poking: 
[2023-10-03T08:01:21.138+0000] {base.py:73} INFO - Using connection ID 'thespacedevs_dev' for task execution.
[2023-10-03T08:01:27.271+0000] {http.py:122} INFO - Poking: 
[2023-10-03T08:01:27.307+0000] {base.py:73} INFO - Using connection ID 'thespacedevs_dev' for task execution.
[2023-10-03T08:01:32.620+0000] {http.py:122} INFO - Poking: 
[2023-10-03T08:01:32.633+0000] {base.py:73} INFO - Using connection ID 'thespacedevs_dev' for task execution.
[2023-10-03T08:01:38.022+0000] {http.py:122} INFO - Poking: 
[2023-10-03T08:01:38.032+0000] {base.py:73} INFO - Using connection ID 'thespacedevs_dev' for task execution.
[2023-10-03T08:01:43.442+0000] {http.py:122} INFO - Poking: 
[2023-10-03T08:01:43.452+0000] {base.py:73} INFO - Using connection ID 'thespacedevs_dev' for task execution.
[2023-10-03T08:01:48.780+0000] {http.py:122} INFO - Poking: 
[2023-10-03T08:01:48.788+0000] {base.py:73} INFO - Using connection ID 'thespacedevs_dev' for task execution.
[2023-10-03T08:01:54.082+0000] {http.py:122} INFO - Poking: 
[2023-10-03T08:01:54.090+0000] {base.py:73} INFO - Using connection ID 'thespacedevs_dev' for task execution.
[2023-10-03T08:01:59.375+0000] {http.py:122} INFO - Poking: 
[2023-10-03T08:01:59.398+0000] {base.py:73} INFO - Using connection ID 'thespacedevs_dev' for task execution.
[2023-10-03T08:02:04.734+0000] {http.py:122} INFO - Poking: 
[2023-10-03T08:02:04.744+0000] {base.py:73} INFO - Using connection ID 'thespacedevs_dev' for task execution.
[2023-10-03T08:02:10.206+0000] {http.py:122} INFO - Poking: 
[2023-10-03T08:02:10.215+0000] {base.py:73} INFO - Using connection ID 'thespacedevs_dev' for task execution.
[2023-10-03T08:02:15.480+0000] {http.py:122} INFO - Poking: 
[2023-10-03T08:02:15.524+0000] {base.py:73} INFO - Using connection ID 'thespacedevs_dev' for task execution.
[2023-10-03T08:02:20.790+0000] {http.py:122} INFO - Poking: 
[2023-10-03T08:02:20.796+0000] {base.py:73} INFO - Using connection ID 'thespacedevs_dev' for task execution.
[2023-10-03T08:02:26.270+0000] {http.py:122} INFO - Poking: 
[2023-10-03T08:02:26.289+0000] {base.py:73} INFO - Using connection ID 'thespacedevs_dev' for task execution.
[2023-10-03T08:02:32.658+0000] {http.py:122} INFO - Poking: 
[2023-10-03T08:02:32.666+0000] {base.py:73} INFO - Using connection ID 'thespacedevs_dev' for task execution.
[2023-10-03T08:02:38.007+0000] {http.py:122} INFO - Poking: 
[2023-10-03T08:02:38.013+0000] {base.py:73} INFO - Using connection ID 'thespacedevs_dev' for task execution.
[2023-10-03T08:02:43.326+0000] {http.py:122} INFO - Poking: 
[2023-10-03T08:02:43.334+0000] {base.py:73} INFO - Using connection ID 'thespacedevs_dev' for task execution.
[2023-10-03T08:02:48.638+0000] {http.py:122} INFO - Poking: 
[2023-10-03T08:02:48.694+0000] {base.py:73} INFO - Using connection ID 'thespacedevs_dev' for task execution.
[2023-10-03T08:02:54.299+0000] {http.py:122} INFO - Poking: 
[2023-10-03T08:02:54.413+0000] {base.py:73} INFO - Using connection ID 'thespacedevs_dev' for task execution.
[2023-10-03T08:02:59.714+0000] {http.py:122} INFO - Poking: 
[2023-10-03T08:02:59.721+0000] {base.py:73} INFO - Using connection ID 'thespacedevs_dev' for task execution.
[2023-10-03T08:03:05.062+0000] {http.py:122} INFO - Poking: 
[2023-10-03T08:03:05.073+0000] {base.py:73} INFO - Using connection ID 'thespacedevs_dev' for task execution.
[2023-10-03T08:03:10.403+0000] {http.py:122} INFO - Poking: 
[2023-10-03T08:03:10.425+0000] {base.py:73} INFO - Using connection ID 'thespacedevs_dev' for task execution.
[2023-10-03T08:03:15.723+0000] {http.py:122} INFO - Poking: 
[2023-10-03T08:03:15.732+0000] {base.py:73} INFO - Using connection ID 'thespacedevs_dev' for task execution.
[2023-10-03T08:03:21.058+0000] {http.py:122} INFO - Poking: 
[2023-10-03T08:03:21.070+0000] {base.py:73} INFO - Using connection ID 'thespacedevs_dev' for task execution.
[2023-10-03T08:03:26.374+0000] {http.py:122} INFO - Poking: 
[2023-10-03T08:03:26.380+0000] {base.py:73} INFO - Using connection ID 'thespacedevs_dev' for task execution.
[2023-10-03T08:03:31.723+0000] {http.py:122} INFO - Poking: 
[2023-10-03T08:03:31.735+0000] {base.py:73} INFO - Using connection ID 'thespacedevs_dev' for task execution.
[2023-10-03T08:03:37.030+0000] {http.py:122} INFO - Poking: 
[2023-10-03T08:03:37.042+0000] {base.py:73} INFO - Using connection ID 'thespacedevs_dev' for task execution.
[2023-10-03T08:03:42.363+0000] {http.py:122} INFO - Poking: 
[2023-10-03T08:03:42.368+0000] {base.py:73} INFO - Using connection ID 'thespacedevs_dev' for task execution.
[2023-10-03T08:03:47.646+0000] {http.py:122} INFO - Poking: 
[2023-10-03T08:03:47.653+0000] {base.py:73} INFO - Using connection ID 'thespacedevs_dev' for task execution.
[2023-10-03T08:03:52.976+0000] {http.py:122} INFO - Poking: 
[2023-10-03T08:03:53.127+0000] {base.py:73} INFO - Using connection ID 'thespacedevs_dev' for task execution.
[2023-10-03T08:03:58.574+0000] {http.py:122} INFO - Poking: 
[2023-10-03T08:03:58.591+0000] {base.py:73} INFO - Using connection ID 'thespacedevs_dev' for task execution.
[2023-10-03T08:04:04.025+0000] {http.py:122} INFO - Poking: 
[2023-10-03T08:04:04.046+0000] {base.py:73} INFO - Using connection ID 'thespacedevs_dev' for task execution.
[2023-10-03T08:04:09.418+0000] {http.py:122} INFO - Poking: 
[2023-10-03T08:04:09.430+0000] {base.py:73} INFO - Using connection ID 'thespacedevs_dev' for task execution.
[2023-10-03T08:04:14.792+0000] {http.py:122} INFO - Poking: 
[2023-10-03T08:04:14.797+0000] {base.py:73} INFO - Using connection ID 'thespacedevs_dev' for task execution.
[2023-10-03T08:04:20.073+0000] {http.py:122} INFO - Poking: 
[2023-10-03T08:04:20.127+0000] {base.py:73} INFO - Using connection ID 'thespacedevs_dev' for task execution.
[2023-10-03T08:04:25.546+0000] {http.py:122} INFO - Poking: 
[2023-10-03T08:04:25.596+0000] {base.py:73} INFO - Using connection ID 'thespacedevs_dev' for task execution.
[2023-10-03T08:04:30.979+0000] {http.py:122} INFO - Poking: 
[2023-10-03T08:04:30.995+0000] {base.py:73} INFO - Using connection ID 'thespacedevs_dev' for task execution.
[2023-10-03T08:04:37.442+0000] {http.py:122} INFO - Poking: 
[2023-10-03T08:04:37.447+0000] {base.py:73} INFO - Using connection ID 'thespacedevs_dev' for task execution.
[2023-10-03T08:04:42.719+0000] {http.py:122} INFO - Poking: 
[2023-10-03T08:04:42.727+0000] {base.py:73} INFO - Using connection ID 'thespacedevs_dev' for task execution.
[2023-10-03T08:04:48.028+0000] {http.py:122} INFO - Poking: 
[2023-10-03T08:04:48.035+0000] {base.py:73} INFO - Using connection ID 'thespacedevs_dev' for task execution.
[2023-10-03T08:04:53.306+0000] {http.py:122} INFO - Poking: 
[2023-10-03T08:04:53.311+0000] {base.py:73} INFO - Using connection ID 'thespacedevs_dev' for task execution.
[2023-10-03T08:04:58.606+0000] {http.py:122} INFO - Poking: 
[2023-10-03T08:04:58.625+0000] {base.py:73} INFO - Using connection ID 'thespacedevs_dev' for task execution.
[2023-10-03T08:05:03.927+0000] {http.py:122} INFO - Poking: 
[2023-10-03T08:05:03.935+0000] {base.py:73} INFO - Using connection ID 'thespacedevs_dev' for task execution.
[2023-10-03T08:05:09.226+0000] {http.py:122} INFO - Poking: 
[2023-10-03T08:05:09.233+0000] {base.py:73} INFO - Using connection ID 'thespacedevs_dev' for task execution.
[2023-10-03T08:05:14.468+0000] {http.py:122} INFO - Poking: 
[2023-10-03T08:05:14.474+0000] {base.py:73} INFO - Using connection ID 'thespacedevs_dev' for task execution.
[2023-10-03T08:05:19.754+0000] {http.py:122} INFO - Poking: 
[2023-10-03T08:05:19.765+0000] {base.py:73} INFO - Using connection ID 'thespacedevs_dev' for task execution.
[2023-10-03T08:05:25.066+0000] {http.py:122} INFO - Poking: 
[2023-10-03T08:05:25.074+0000] {base.py:73} INFO - Using connection ID 'thespacedevs_dev' for task execution.
[2023-10-03T08:05:27.977+0000] {local_task_job_runner.py:299} WARNING - State of this instance has been externally set to failed. Terminating instance.
[2023-10-03T08:05:27.990+0000] {process_utils.py:135} INFO - Sending Signals.SIGTERM to group 473. PIDs of all processes in the group: [473]
[2023-10-03T08:05:27.990+0000] {process_utils.py:86} INFO - Sending the signal Signals.SIGTERM to group 473
[2023-10-03T08:05:27.995+0000] {taskinstance.py:1540} ERROR - Received SIGTERM. Terminating subprocesses.
[2023-10-03T08:05:28.094+0000] {process_utils.py:79} INFO - Process psutil.Process(pid=473, status='terminated', exitcode=0, started='07:54:05') (473) terminated with exit code 0
