[2023-10-03T07:53:59.432+0000] {taskinstance.py:1125} INFO - Dependencies all met for dep_context=non-requeueable deps ti=<TaskInstance: launches_getter.http_sensor_check scheduled__2023-07-06T00:00:00+00:00 [queued]>
[2023-10-03T07:53:59.457+0000] {taskinstance.py:1125} INFO - Dependencies all met for dep_context=requeueable deps ti=<TaskInstance: launches_getter.http_sensor_check scheduled__2023-07-06T00:00:00+00:00 [queued]>
[2023-10-03T07:53:59.457+0000] {taskinstance.py:1331} INFO - Starting attempt 1 of 1
[2023-10-03T07:53:59.509+0000] {taskinstance.py:1350} INFO - Executing <Task(HttpSensor): http_sensor_check> on 2023-07-06 00:00:00+00:00
[2023-10-03T07:53:59.516+0000] {standard_task_runner.py:57} INFO - Started process 450 to run task
[2023-10-03T07:53:59.591+0000] {standard_task_runner.py:84} INFO - Running: ['***', 'tasks', 'run', 'launches_getter', 'http_sensor_check', 'scheduled__2023-07-06T00:00:00+00:00', '--job-id', '65', '--raw', '--subdir', 'DAGS_FOLDER/launches.py', '--cfg-path', '/tmp/tmp4d8atvg8']
[2023-10-03T07:53:59.607+0000] {standard_task_runner.py:85} INFO - Job 65: Subtask http_sensor_check
[2023-10-03T07:53:59.868+0000] {task_command.py:410} INFO - Running <TaskInstance: launches_getter.http_sensor_check scheduled__2023-07-06T00:00:00+00:00 [running]> on host f21dc12153d8
[2023-10-03T07:54:00.522+0000] {taskinstance.py:1570} INFO - Exporting env vars: AIRFLOW_CTX_DAG_OWNER='***' AIRFLOW_CTX_DAG_ID='launches_getter' AIRFLOW_CTX_TASK_ID='http_sensor_check' AIRFLOW_CTX_EXECUTION_DATE='2023-07-06T00:00:00+00:00' AIRFLOW_CTX_TRY_NUMBER='1' AIRFLOW_CTX_DAG_RUN_ID='scheduled__2023-07-06T00:00:00+00:00'
[2023-10-03T07:54:00.523+0000] {http.py:122} INFO - Poking: 
[2023-10-03T07:54:00.582+0000] {base.py:73} INFO - Using connection ID 'thespacedevs_dev' for task execution.
[2023-10-03T07:54:05.947+0000] {http.py:122} INFO - Poking: 
[2023-10-03T07:54:05.954+0000] {base.py:73} INFO - Using connection ID 'thespacedevs_dev' for task execution.
[2023-10-03T07:54:11.460+0000] {http.py:122} INFO - Poking: 
[2023-10-03T07:54:11.465+0000] {base.py:73} INFO - Using connection ID 'thespacedevs_dev' for task execution.
[2023-10-03T07:54:16.794+0000] {http.py:122} INFO - Poking: 
[2023-10-03T07:54:16.799+0000] {base.py:73} INFO - Using connection ID 'thespacedevs_dev' for task execution.
[2023-10-03T07:54:22.399+0000] {http.py:122} INFO - Poking: 
[2023-10-03T07:54:22.405+0000] {base.py:73} INFO - Using connection ID 'thespacedevs_dev' for task execution.
[2023-10-03T07:54:27.890+0000] {http.py:122} INFO - Poking: 
[2023-10-03T07:54:27.895+0000] {base.py:73} INFO - Using connection ID 'thespacedevs_dev' for task execution.
[2023-10-03T07:54:33.152+0000] {http.py:122} INFO - Poking: 
[2023-10-03T07:54:33.161+0000] {base.py:73} INFO - Using connection ID 'thespacedevs_dev' for task execution.
[2023-10-03T07:54:38.434+0000] {http.py:122} INFO - Poking: 
[2023-10-03T07:54:38.440+0000] {base.py:73} INFO - Using connection ID 'thespacedevs_dev' for task execution.
[2023-10-03T07:54:43.742+0000] {http.py:122} INFO - Poking: 
[2023-10-03T07:54:43.749+0000] {base.py:73} INFO - Using connection ID 'thespacedevs_dev' for task execution.
[2023-10-03T07:54:49.046+0000] {http.py:122} INFO - Poking: 
[2023-10-03T07:54:49.051+0000] {base.py:73} INFO - Using connection ID 'thespacedevs_dev' for task execution.
[2023-10-03T07:54:54.361+0000] {http.py:122} INFO - Poking: 
[2023-10-03T07:54:54.376+0000] {base.py:73} INFO - Using connection ID 'thespacedevs_dev' for task execution.
[2023-10-03T07:54:59.654+0000] {http.py:122} INFO - Poking: 
[2023-10-03T07:54:59.659+0000] {base.py:73} INFO - Using connection ID 'thespacedevs_dev' for task execution.
[2023-10-03T07:55:06.648+0000] {http.py:122} INFO - Poking: 
[2023-10-03T07:55:06.654+0000] {base.py:73} INFO - Using connection ID 'thespacedevs_dev' for task execution.
[2023-10-03T07:55:11.949+0000] {http.py:122} INFO - Poking: 
[2023-10-03T07:55:11.961+0000] {base.py:73} INFO - Using connection ID 'thespacedevs_dev' for task execution.
[2023-10-03T07:55:17.278+0000] {http.py:122} INFO - Poking: 
[2023-10-03T07:55:17.283+0000] {base.py:73} INFO - Using connection ID 'thespacedevs_dev' for task execution.
[2023-10-03T07:55:22.534+0000] {http.py:122} INFO - Poking: 
[2023-10-03T07:55:22.539+0000] {base.py:73} INFO - Using connection ID 'thespacedevs_dev' for task execution.
[2023-10-03T07:55:27.826+0000] {http.py:122} INFO - Poking: 
[2023-10-03T07:55:27.840+0000] {base.py:73} INFO - Using connection ID 'thespacedevs_dev' for task execution.
[2023-10-03T07:55:33.128+0000] {http.py:122} INFO - Poking: 
[2023-10-03T07:55:33.134+0000] {base.py:73} INFO - Using connection ID 'thespacedevs_dev' for task execution.
[2023-10-03T07:55:38.454+0000] {http.py:122} INFO - Poking: 
[2023-10-03T07:55:38.477+0000] {base.py:73} INFO - Using connection ID 'thespacedevs_dev' for task execution.
[2023-10-03T07:55:43.779+0000] {http.py:122} INFO - Poking: 
[2023-10-03T07:55:43.788+0000] {base.py:73} INFO - Using connection ID 'thespacedevs_dev' for task execution.
[2023-10-03T07:55:49.082+0000] {http.py:122} INFO - Poking: 
[2023-10-03T07:55:49.092+0000] {base.py:73} INFO - Using connection ID 'thespacedevs_dev' for task execution.
[2023-10-03T07:55:54.392+0000] {http.py:122} INFO - Poking: 
[2023-10-03T07:55:54.397+0000] {base.py:73} INFO - Using connection ID 'thespacedevs_dev' for task execution.
[2023-10-03T07:55:59.680+0000] {http.py:122} INFO - Poking: 
[2023-10-03T07:55:59.685+0000] {base.py:73} INFO - Using connection ID 'thespacedevs_dev' for task execution.
[2023-10-03T07:56:04.936+0000] {http.py:122} INFO - Poking: 
[2023-10-03T07:56:04.941+0000] {base.py:73} INFO - Using connection ID 'thespacedevs_dev' for task execution.
[2023-10-03T07:56:11.154+0000] {http.py:122} INFO - Poking: 
[2023-10-03T07:56:11.163+0000] {base.py:73} INFO - Using connection ID 'thespacedevs_dev' for task execution.
[2023-10-03T07:56:16.456+0000] {http.py:122} INFO - Poking: 
[2023-10-03T07:56:16.549+0000] {base.py:73} INFO - Using connection ID 'thespacedevs_dev' for task execution.
[2023-10-03T07:56:21.888+0000] {http.py:122} INFO - Poking: 
[2023-10-03T07:56:21.895+0000] {base.py:73} INFO - Using connection ID 'thespacedevs_dev' for task execution.
[2023-10-03T07:56:27.178+0000] {http.py:122} INFO - Poking: 
[2023-10-03T07:56:27.184+0000] {base.py:73} INFO - Using connection ID 'thespacedevs_dev' for task execution.
[2023-10-03T07:56:32.434+0000] {http.py:122} INFO - Poking: 
[2023-10-03T07:56:32.439+0000] {base.py:73} INFO - Using connection ID 'thespacedevs_dev' for task execution.
[2023-10-03T07:56:37.742+0000] {http.py:122} INFO - Poking: 
[2023-10-03T07:56:37.750+0000] {base.py:73} INFO - Using connection ID 'thespacedevs_dev' for task execution.
[2023-10-03T07:56:43.082+0000] {http.py:122} INFO - Poking: 
[2023-10-03T07:56:43.100+0000] {base.py:73} INFO - Using connection ID 'thespacedevs_dev' for task execution.
[2023-10-03T07:56:48.408+0000] {http.py:122} INFO - Poking: 
[2023-10-03T07:56:48.422+0000] {base.py:73} INFO - Using connection ID 'thespacedevs_dev' for task execution.
[2023-10-03T07:56:53.703+0000] {http.py:122} INFO - Poking: 
[2023-10-03T07:56:53.709+0000] {base.py:73} INFO - Using connection ID 'thespacedevs_dev' for task execution.
[2023-10-03T07:56:59.014+0000] {http.py:122} INFO - Poking: 
[2023-10-03T07:56:59.022+0000] {base.py:73} INFO - Using connection ID 'thespacedevs_dev' for task execution.
[2023-10-03T07:57:04.315+0000] {http.py:122} INFO - Poking: 
[2023-10-03T07:57:04.320+0000] {base.py:73} INFO - Using connection ID 'thespacedevs_dev' for task execution.
[2023-10-03T07:57:09.610+0000] {http.py:122} INFO - Poking: 
[2023-10-03T07:57:09.616+0000] {base.py:73} INFO - Using connection ID 'thespacedevs_dev' for task execution.
[2023-10-03T07:57:16.069+0000] {http.py:122} INFO - Poking: 
[2023-10-03T07:57:16.160+0000] {base.py:73} INFO - Using connection ID 'thespacedevs_dev' for task execution.
[2023-10-03T07:57:21.602+0000] {http.py:122} INFO - Poking: 
[2023-10-03T07:57:21.610+0000] {base.py:73} INFO - Using connection ID 'thespacedevs_dev' for task execution.
[2023-10-03T07:57:26.920+0000] {http.py:122} INFO - Poking: 
[2023-10-03T07:57:26.935+0000] {base.py:73} INFO - Using connection ID 'thespacedevs_dev' for task execution.
[2023-10-03T07:57:32.237+0000] {http.py:122} INFO - Poking: 
[2023-10-03T07:57:32.250+0000] {base.py:73} INFO - Using connection ID 'thespacedevs_dev' for task execution.
[2023-10-03T07:57:37.554+0000] {http.py:122} INFO - Poking: 
[2023-10-03T07:57:37.587+0000] {base.py:73} INFO - Using connection ID 'thespacedevs_dev' for task execution.
[2023-10-03T07:57:42.931+0000] {http.py:122} INFO - Poking: 
[2023-10-03T07:57:42.938+0000] {base.py:73} INFO - Using connection ID 'thespacedevs_dev' for task execution.
[2023-10-03T07:57:48.259+0000] {http.py:122} INFO - Poking: 
[2023-10-03T07:57:48.268+0000] {base.py:73} INFO - Using connection ID 'thespacedevs_dev' for task execution.
[2023-10-03T07:57:53.622+0000] {http.py:122} INFO - Poking: 
[2023-10-03T07:57:53.629+0000] {base.py:73} INFO - Using connection ID 'thespacedevs_dev' for task execution.
[2023-10-03T07:57:58.947+0000] {http.py:122} INFO - Poking: 
[2023-10-03T07:57:59.050+0000] {base.py:73} INFO - Using connection ID 'thespacedevs_dev' for task execution.
[2023-10-03T07:58:04.365+0000] {http.py:122} INFO - Poking: 
[2023-10-03T07:58:04.377+0000] {base.py:73} INFO - Using connection ID 'thespacedevs_dev' for task execution.
[2023-10-03T07:58:09.654+0000] {http.py:122} INFO - Poking: 
[2023-10-03T07:58:09.674+0000] {base.py:73} INFO - Using connection ID 'thespacedevs_dev' for task execution.
[2023-10-03T07:58:15.026+0000] {http.py:122} INFO - Poking: 
[2023-10-03T07:58:15.034+0000] {base.py:73} INFO - Using connection ID 'thespacedevs_dev' for task execution.
[2023-10-03T07:58:20.418+0000] {http.py:122} INFO - Poking: 
[2023-10-03T07:58:20.425+0000] {base.py:73} INFO - Using connection ID 'thespacedevs_dev' for task execution.
[2023-10-03T07:58:25.811+0000] {http.py:122} INFO - Poking: 
[2023-10-03T07:58:25.819+0000] {base.py:73} INFO - Using connection ID 'thespacedevs_dev' for task execution.
[2023-10-03T07:58:31.079+0000] {http.py:122} INFO - Poking: 
[2023-10-03T07:58:31.091+0000] {base.py:73} INFO - Using connection ID 'thespacedevs_dev' for task execution.
[2023-10-03T07:58:36.416+0000] {http.py:122} INFO - Poking: 
[2023-10-03T07:58:36.438+0000] {base.py:73} INFO - Using connection ID 'thespacedevs_dev' for task execution.
[2023-10-03T07:58:41.838+0000] {http.py:122} INFO - Poking: 
[2023-10-03T07:58:41.850+0000] {base.py:73} INFO - Using connection ID 'thespacedevs_dev' for task execution.
[2023-10-03T07:58:47.114+0000] {http.py:122} INFO - Poking: 
[2023-10-03T07:58:47.119+0000] {base.py:73} INFO - Using connection ID 'thespacedevs_dev' for task execution.
[2023-10-03T07:58:52.395+0000] {http.py:122} INFO - Poking: 
[2023-10-03T07:58:52.400+0000] {base.py:73} INFO - Using connection ID 'thespacedevs_dev' for task execution.
[2023-10-03T07:58:57.659+0000] {http.py:122} INFO - Poking: 
[2023-10-03T07:58:57.664+0000] {base.py:73} INFO - Using connection ID 'thespacedevs_dev' for task execution.
[2023-10-03T07:59:02.953+0000] {http.py:122} INFO - Poking: 
[2023-10-03T07:59:02.959+0000] {base.py:73} INFO - Using connection ID 'thespacedevs_dev' for task execution.
[2023-10-03T07:59:08.238+0000] {http.py:122} INFO - Poking: 
[2023-10-03T07:59:08.243+0000] {base.py:73} INFO - Using connection ID 'thespacedevs_dev' for task execution.
[2023-10-03T07:59:13.496+0000] {http.py:122} INFO - Poking: 
[2023-10-03T07:59:13.501+0000] {base.py:73} INFO - Using connection ID 'thespacedevs_dev' for task execution.
[2023-10-03T07:59:18.794+0000] {http.py:122} INFO - Poking: 
[2023-10-03T07:59:18.803+0000] {base.py:73} INFO - Using connection ID 'thespacedevs_dev' for task execution.
[2023-10-03T07:59:24.082+0000] {http.py:122} INFO - Poking: 
[2023-10-03T07:59:24.110+0000] {base.py:73} INFO - Using connection ID 'thespacedevs_dev' for task execution.
[2023-10-03T07:59:29.373+0000] {http.py:122} INFO - Poking: 
[2023-10-03T07:59:29.378+0000] {base.py:73} INFO - Using connection ID 'thespacedevs_dev' for task execution.
[2023-10-03T07:59:34.666+0000] {http.py:122} INFO - Poking: 
[2023-10-03T07:59:34.694+0000] {base.py:73} INFO - Using connection ID 'thespacedevs_dev' for task execution.
[2023-10-03T07:59:39.954+0000] {http.py:122} INFO - Poking: 
[2023-10-03T07:59:39.960+0000] {base.py:73} INFO - Using connection ID 'thespacedevs_dev' for task execution.
[2023-10-03T07:59:45.260+0000] {http.py:122} INFO - Poking: 
[2023-10-03T07:59:45.273+0000] {base.py:73} INFO - Using connection ID 'thespacedevs_dev' for task execution.
[2023-10-03T07:59:50.551+0000] {http.py:122} INFO - Poking: 
[2023-10-03T07:59:50.556+0000] {base.py:73} INFO - Using connection ID 'thespacedevs_dev' for task execution.
[2023-10-03T07:59:55.842+0000] {http.py:122} INFO - Poking: 
[2023-10-03T07:59:55.848+0000] {base.py:73} INFO - Using connection ID 'thespacedevs_dev' for task execution.
[2023-10-03T08:00:01.154+0000] {http.py:122} INFO - Poking: 
[2023-10-03T08:00:01.170+0000] {base.py:73} INFO - Using connection ID 'thespacedevs_dev' for task execution.
[2023-10-03T08:00:06.602+0000] {http.py:122} INFO - Poking: 
[2023-10-03T08:00:06.608+0000] {base.py:73} INFO - Using connection ID 'thespacedevs_dev' for task execution.
[2023-10-03T08:00:11.898+0000] {http.py:122} INFO - Poking: 
[2023-10-03T08:00:11.905+0000] {base.py:73} INFO - Using connection ID 'thespacedevs_dev' for task execution.
[2023-10-03T08:00:17.203+0000] {http.py:122} INFO - Poking: 
[2023-10-03T08:00:17.209+0000] {base.py:73} INFO - Using connection ID 'thespacedevs_dev' for task execution.
[2023-10-03T08:00:22.674+0000] {http.py:122} INFO - Poking: 
[2023-10-03T08:00:22.705+0000] {base.py:73} INFO - Using connection ID 'thespacedevs_dev' for task execution.
[2023-10-03T08:00:28.027+0000] {http.py:122} INFO - Poking: 
[2023-10-03T08:00:28.037+0000] {base.py:73} INFO - Using connection ID 'thespacedevs_dev' for task execution.
[2023-10-03T08:00:33.315+0000] {http.py:122} INFO - Poking: 
[2023-10-03T08:00:33.342+0000] {base.py:73} INFO - Using connection ID 'thespacedevs_dev' for task execution.
[2023-10-03T08:00:38.961+0000] {http.py:122} INFO - Poking: 
[2023-10-03T08:00:38.967+0000] {base.py:73} INFO - Using connection ID 'thespacedevs_dev' for task execution.
[2023-10-03T08:00:44.206+0000] {http.py:122} INFO - Poking: 
[2023-10-03T08:00:44.211+0000] {base.py:73} INFO - Using connection ID 'thespacedevs_dev' for task execution.
[2023-10-03T08:00:49.498+0000] {http.py:122} INFO - Poking: 
[2023-10-03T08:00:49.503+0000] {base.py:73} INFO - Using connection ID 'thespacedevs_dev' for task execution.
[2023-10-03T08:00:55.082+0000] {http.py:122} INFO - Poking: 
[2023-10-03T08:00:55.087+0000] {base.py:73} INFO - Using connection ID 'thespacedevs_dev' for task execution.
[2023-10-03T08:01:00.362+0000] {http.py:122} INFO - Poking: 
[2023-10-03T08:01:00.369+0000] {base.py:73} INFO - Using connection ID 'thespacedevs_dev' for task execution.
[2023-10-03T08:01:05.642+0000] {http.py:122} INFO - Poking: 
[2023-10-03T08:01:05.653+0000] {base.py:73} INFO - Using connection ID 'thespacedevs_dev' for task execution.
[2023-10-03T08:01:10.934+0000] {http.py:122} INFO - Poking: 
[2023-10-03T08:01:10.939+0000] {base.py:73} INFO - Using connection ID 'thespacedevs_dev' for task execution.
[2023-10-03T08:01:16.525+0000] {http.py:122} INFO - Poking: 
[2023-10-03T08:01:16.531+0000] {base.py:73} INFO - Using connection ID 'thespacedevs_dev' for task execution.
[2023-10-03T08:01:21.810+0000] {http.py:122} INFO - Poking: 
[2023-10-03T08:01:21.816+0000] {base.py:73} INFO - Using connection ID 'thespacedevs_dev' for task execution.
[2023-10-03T08:01:27.657+0000] {http.py:122} INFO - Poking: 
[2023-10-03T08:01:27.667+0000] {base.py:73} INFO - Using connection ID 'thespacedevs_dev' for task execution.
[2023-10-03T08:01:33.022+0000] {http.py:122} INFO - Poking: 
[2023-10-03T08:01:33.033+0000] {base.py:73} INFO - Using connection ID 'thespacedevs_dev' for task execution.
[2023-10-03T08:01:38.606+0000] {http.py:122} INFO - Poking: 
[2023-10-03T08:01:38.623+0000] {base.py:73} INFO - Using connection ID 'thespacedevs_dev' for task execution.
[2023-10-03T08:01:43.931+0000] {http.py:122} INFO - Poking: 
[2023-10-03T08:01:43.937+0000] {base.py:73} INFO - Using connection ID 'thespacedevs_dev' for task execution.
[2023-10-03T08:01:49.242+0000] {http.py:122} INFO - Poking: 
[2023-10-03T08:01:49.250+0000] {base.py:73} INFO - Using connection ID 'thespacedevs_dev' for task execution.
[2023-10-03T08:01:54.538+0000] {http.py:122} INFO - Poking: 
[2023-10-03T08:01:54.544+0000] {base.py:73} INFO - Using connection ID 'thespacedevs_dev' for task execution.
[2023-10-03T08:01:59.810+0000] {http.py:122} INFO - Poking: 
[2023-10-03T08:01:59.816+0000] {base.py:73} INFO - Using connection ID 'thespacedevs_dev' for task execution.
[2023-10-03T08:02:05.118+0000] {http.py:122} INFO - Poking: 
[2023-10-03T08:02:05.127+0000] {base.py:73} INFO - Using connection ID 'thespacedevs_dev' for task execution.
[2023-10-03T08:02:10.430+0000] {http.py:122} INFO - Poking: 
[2023-10-03T08:02:10.439+0000] {base.py:73} INFO - Using connection ID 'thespacedevs_dev' for task execution.
[2023-10-03T08:02:15.744+0000] {http.py:122} INFO - Poking: 
[2023-10-03T08:02:15.757+0000] {base.py:73} INFO - Using connection ID 'thespacedevs_dev' for task execution.
[2023-10-03T08:02:21.042+0000] {http.py:122} INFO - Poking: 
[2023-10-03T08:02:21.049+0000] {base.py:73} INFO - Using connection ID 'thespacedevs_dev' for task execution.
[2023-10-03T08:02:26.366+0000] {http.py:122} INFO - Poking: 
[2023-10-03T08:02:26.372+0000] {base.py:73} INFO - Using connection ID 'thespacedevs_dev' for task execution.
[2023-10-03T08:02:32.089+0000] {http.py:122} INFO - Poking: 
[2023-10-03T08:02:32.242+0000] {base.py:73} INFO - Using connection ID 'thespacedevs_dev' for task execution.
[2023-10-03T08:02:37.727+0000] {http.py:122} INFO - Poking: 
[2023-10-03T08:02:37.739+0000] {base.py:73} INFO - Using connection ID 'thespacedevs_dev' for task execution.
[2023-10-03T08:02:43.053+0000] {http.py:122} INFO - Poking: 
[2023-10-03T08:02:43.100+0000] {base.py:73} INFO - Using connection ID 'thespacedevs_dev' for task execution.
[2023-10-03T08:02:48.566+0000] {http.py:122} INFO - Poking: 
[2023-10-03T08:02:48.598+0000] {base.py:73} INFO - Using connection ID 'thespacedevs_dev' for task execution.
[2023-10-03T08:02:54.022+0000] {http.py:122} INFO - Poking: 
[2023-10-03T08:02:54.030+0000] {base.py:73} INFO - Using connection ID 'thespacedevs_dev' for task execution.
[2023-10-03T08:02:59.363+0000] {http.py:122} INFO - Poking: 
[2023-10-03T08:02:59.380+0000] {base.py:73} INFO - Using connection ID 'thespacedevs_dev' for task execution.
[2023-10-03T08:03:04.890+0000] {http.py:122} INFO - Poking: 
[2023-10-03T08:03:04.901+0000] {base.py:73} INFO - Using connection ID 'thespacedevs_dev' for task execution.
[2023-10-03T08:03:10.245+0000] {http.py:122} INFO - Poking: 
[2023-10-03T08:03:10.251+0000] {base.py:73} INFO - Using connection ID 'thespacedevs_dev' for task execution.
[2023-10-03T08:03:15.535+0000] {http.py:122} INFO - Poking: 
[2023-10-03T08:03:15.551+0000] {base.py:73} INFO - Using connection ID 'thespacedevs_dev' for task execution.
[2023-10-03T08:03:20.856+0000] {http.py:122} INFO - Poking: 
[2023-10-03T08:03:20.863+0000] {base.py:73} INFO - Using connection ID 'thespacedevs_dev' for task execution.
[2023-10-03T08:03:26.144+0000] {http.py:122} INFO - Poking: 
[2023-10-03T08:03:26.149+0000] {base.py:73} INFO - Using connection ID 'thespacedevs_dev' for task execution.
[2023-10-03T08:03:31.415+0000] {http.py:122} INFO - Poking: 
[2023-10-03T08:03:31.423+0000] {base.py:73} INFO - Using connection ID 'thespacedevs_dev' for task execution.
[2023-10-03T08:03:36.730+0000] {http.py:122} INFO - Poking: 
[2023-10-03T08:03:36.735+0000] {base.py:73} INFO - Using connection ID 'thespacedevs_dev' for task execution.
[2023-10-03T08:03:42.030+0000] {http.py:122} INFO - Poking: 
[2023-10-03T08:03:42.040+0000] {base.py:73} INFO - Using connection ID 'thespacedevs_dev' for task execution.
[2023-10-03T08:03:47.318+0000] {http.py:122} INFO - Poking: 
[2023-10-03T08:03:47.366+0000] {base.py:73} INFO - Using connection ID 'thespacedevs_dev' for task execution.
[2023-10-03T08:03:50.913+0000] {local_task_job_runner.py:299} WARNING - State of this instance has been externally set to failed. Terminating instance.
[2023-10-03T08:03:50.917+0000] {process_utils.py:135} INFO - Sending Signals.SIGTERM to group 450. PIDs of all processes in the group: [450]
[2023-10-03T08:03:50.917+0000] {process_utils.py:86} INFO - Sending the signal Signals.SIGTERM to group 450
[2023-10-03T08:03:50.918+0000] {taskinstance.py:1540} ERROR - Received SIGTERM. Terminating subprocesses.
[2023-10-03T08:03:50.990+0000] {process_utils.py:79} INFO - Process psutil.Process(pid=450, status='terminated', exitcode=0, started='07:53:58') (450) terminated with exit code 0
