[2023-10-03T10:10:28.406+0000] {taskinstance.py:1125} INFO - Dependencies all met for dep_context=non-requeueable deps ti=<TaskInstance: launches_getter.check_data_in_a_day scheduled__2023-10-02T00:00:00+00:00 [queued]>
[2023-10-03T10:10:28.420+0000] {taskinstance.py:1125} INFO - Dependencies all met for dep_context=requeueable deps ti=<TaskInstance: launches_getter.check_data_in_a_day scheduled__2023-10-02T00:00:00+00:00 [queued]>
[2023-10-03T10:10:28.421+0000] {taskinstance.py:1331} INFO - Starting attempt 1 of 1
[2023-10-03T10:10:28.453+0000] {taskinstance.py:1350} INFO - Executing <Task(PythonOperator): check_data_in_a_day> on 2023-10-02 00:00:00+00:00
[2023-10-03T10:10:28.475+0000] {standard_task_runner.py:57} INFO - Started process 3079 to run task
[2023-10-03T10:10:28.493+0000] {standard_task_runner.py:84} INFO - Running: ['***', 'tasks', 'run', 'launches_getter', 'check_data_in_a_day', 'scheduled__2023-10-02T00:00:00+00:00', '--job-id', '183', '--raw', '--subdir', 'DAGS_FOLDER/launches.py', '--cfg-path', '/tmp/tmptiiqr45v']
[2023-10-03T10:10:28.506+0000] {standard_task_runner.py:85} INFO - Job 183: Subtask check_data_in_a_day
[2023-10-03T10:10:28.740+0000] {task_command.py:410} INFO - Running <TaskInstance: launches_getter.check_data_in_a_day scheduled__2023-10-02T00:00:00+00:00 [running]> on host f21dc12153d8
[2023-10-03T10:10:29.409+0000] {taskinstance.py:1570} INFO - Exporting env vars: AIRFLOW_CTX_DAG_OWNER='***' AIRFLOW_CTX_DAG_ID='launches_getter' AIRFLOW_CTX_TASK_ID='check_data_in_a_day' AIRFLOW_CTX_EXECUTION_DATE='2023-10-02T00:00:00+00:00' AIRFLOW_CTX_TRY_NUMBER='1' AIRFLOW_CTX_DAG_RUN_ID='scheduled__2023-10-02T00:00:00+00:00'
[2023-10-03T10:10:29.489+0000] {taskinstance.py:1454} INFO - No data found on date 2023-10-02
[2023-10-03T10:10:29.556+0000] {taskinstance.py:1373} INFO - Marking task as SKIPPED. dag_id=launches_getter, task_id=check_data_in_a_day, execution_date=20231002T000000, start_date=20231003T101028, end_date=20231003T101029
[2023-10-03T10:10:29.806+0000] {local_task_job_runner.py:232} INFO - Task exited with return code 0
[2023-10-03T10:10:29.946+0000] {taskinstance.py:2674} INFO - 0 downstream tasks scheduled from follow-on schedule check
[2023-10-03T12:31:50.037+0000] {taskinstance.py:1125} INFO - Dependencies all met for dep_context=non-requeueable deps ti=<TaskInstance: launches_getter.check_data_in_a_day scheduled__2023-10-02T00:00:00+00:00 [queued]>
[2023-10-03T12:31:50.129+0000] {taskinstance.py:1125} INFO - Dependencies all met for dep_context=requeueable deps ti=<TaskInstance: launches_getter.check_data_in_a_day scheduled__2023-10-02T00:00:00+00:00 [queued]>
[2023-10-03T12:31:50.129+0000] {taskinstance.py:1331} INFO - Starting attempt 1 of 1
[2023-10-03T12:31:50.288+0000] {taskinstance.py:1350} INFO - Executing <Task(PythonOperator): check_data_in_a_day> on 2023-10-02 00:00:00+00:00
[2023-10-03T12:31:50.321+0000] {standard_task_runner.py:57} INFO - Started process 200 to run task
[2023-10-03T12:31:50.333+0000] {standard_task_runner.py:84} INFO - Running: ['***', 'tasks', 'run', 'launches_getter', 'check_data_in_a_day', 'scheduled__2023-10-02T00:00:00+00:00', '--job-id', '281', '--raw', '--subdir', 'DAGS_FOLDER/launches.py', '--cfg-path', '/tmp/tmp4h8wvrko']
[2023-10-03T12:31:50.336+0000] {standard_task_runner.py:85} INFO - Job 281: Subtask check_data_in_a_day
[2023-10-03T12:31:50.465+0000] {task_command.py:410} INFO - Running <TaskInstance: launches_getter.check_data_in_a_day scheduled__2023-10-02T00:00:00+00:00 [running]> on host f21dc12153d8
[2023-10-03T12:31:50.615+0000] {taskinstance.py:1570} INFO - Exporting env vars: AIRFLOW_CTX_DAG_OWNER='***' AIRFLOW_CTX_DAG_ID='launches_getter' AIRFLOW_CTX_TASK_ID='check_data_in_a_day' AIRFLOW_CTX_EXECUTION_DATE='2023-10-02T00:00:00+00:00' AIRFLOW_CTX_TRY_NUMBER='1' AIRFLOW_CTX_DAG_RUN_ID='scheduled__2023-10-02T00:00:00+00:00'
[2023-10-03T12:31:50.632+0000] {taskinstance.py:1454} INFO - No data found on date 2023-10-02
[2023-10-03T12:31:50.644+0000] {taskinstance.py:1373} INFO - Marking task as SKIPPED. dag_id=launches_getter, task_id=check_data_in_a_day, execution_date=20231002T000000, start_date=20231003T123150, end_date=20231003T123150
[2023-10-03T12:31:50.709+0000] {local_task_job_runner.py:232} INFO - Task exited with return code 0
[2023-10-03T12:31:50.744+0000] {taskinstance.py:2674} INFO - 0 downstream tasks scheduled from follow-on schedule check
