[2023-10-03T10:10:22.495+0000] {taskinstance.py:1125} INFO - Dependencies all met for dep_context=non-requeueable deps ti=<TaskInstance: launches_getter.pull_data_from_api scheduled__2023-09-29T00:00:00+00:00 [queued]>
[2023-10-03T10:10:22.582+0000] {taskinstance.py:1125} INFO - Dependencies all met for dep_context=requeueable deps ti=<TaskInstance: launches_getter.pull_data_from_api scheduled__2023-09-29T00:00:00+00:00 [queued]>
[2023-10-03T10:10:22.583+0000] {taskinstance.py:1331} INFO - Starting attempt 1 of 1
[2023-10-03T10:10:22.992+0000] {taskinstance.py:1350} INFO - Executing <Task(SimpleHttpOperator): pull_data_from_api> on 2023-09-29 00:00:00+00:00
[2023-10-03T10:10:23.023+0000] {standard_task_runner.py:57} INFO - Started process 3059 to run task
[2023-10-03T10:10:23.054+0000] {standard_task_runner.py:84} INFO - Running: ['***', 'tasks', 'run', 'launches_getter', 'pull_data_from_api', 'scheduled__2023-09-29T00:00:00+00:00', '--job-id', '174', '--raw', '--subdir', 'DAGS_FOLDER/launches.py', '--cfg-path', '/tmp/tmpp8nrxgkg']
[2023-10-03T10:10:23.062+0000] {standard_task_runner.py:85} INFO - Job 174: Subtask pull_data_from_api
[2023-10-03T10:10:23.343+0000] {task_command.py:410} INFO - Running <TaskInstance: launches_getter.pull_data_from_api scheduled__2023-09-29T00:00:00+00:00 [running]> on host f21dc12153d8
[2023-10-03T10:10:23.603+0000] {warnings.py:110} WARNING - /home/***/.local/lib/python3.7/site-packages/***/utils/context.py:205: AirflowContextDeprecationWarning: Accessing 'next_ds' from the template is deprecated and will be removed in a future version. Please use '{{ data_interval_end | ds }}' instead.
  warnings.warn(_create_deprecation_warning(key, self._deprecation_replacements[key]))

[2023-10-03T10:10:23.845+0000] {taskinstance.py:1570} INFO - Exporting env vars: AIRFLOW_CTX_DAG_OWNER='***' AIRFLOW_CTX_DAG_ID='launches_getter' AIRFLOW_CTX_TASK_ID='pull_data_from_api' AIRFLOW_CTX_EXECUTION_DATE='2023-09-29T00:00:00+00:00' AIRFLOW_CTX_TRY_NUMBER='1' AIRFLOW_CTX_DAG_RUN_ID='scheduled__2023-09-29T00:00:00+00:00'
[2023-10-03T10:10:23.846+0000] {http.py:123} INFO - Calling HTTP method
[2023-10-03T10:10:23.878+0000] {base.py:73} INFO - Using connection ID 'thespacedevs_dev' for task execution.
[2023-10-03T10:10:24.648+0000] {http.py:127} INFO - {"count":0,"next":null,"previous":null,"results":[]}
[2023-10-03T10:10:24.831+0000] {taskinstance.py:1373} INFO - Marking task as SUCCESS. dag_id=launches_getter, task_id=pull_data_from_api, execution_date=20230929T000000, start_date=20231003T101022, end_date=20231003T101024
[2023-10-03T10:10:25.074+0000] {local_task_job_runner.py:232} INFO - Task exited with return code 0
[2023-10-03T10:10:25.362+0000] {taskinstance.py:2674} INFO - 1 downstream tasks scheduled from follow-on schedule check
[2023-10-03T12:31:36.891+0000] {taskinstance.py:1125} INFO - Dependencies all met for dep_context=non-requeueable deps ti=<TaskInstance: launches_getter.pull_data_from_api scheduled__2023-09-29T00:00:00+00:00 [queued]>
[2023-10-03T12:31:37.017+0000] {taskinstance.py:1125} INFO - Dependencies all met for dep_context=requeueable deps ti=<TaskInstance: launches_getter.pull_data_from_api scheduled__2023-09-29T00:00:00+00:00 [queued]>
[2023-10-03T12:31:37.019+0000] {taskinstance.py:1331} INFO - Starting attempt 1 of 1
[2023-10-03T12:31:37.126+0000] {taskinstance.py:1350} INFO - Executing <Task(SimpleHttpOperator): pull_data_from_api> on 2023-09-29 00:00:00+00:00
[2023-10-03T12:31:37.191+0000] {standard_task_runner.py:57} INFO - Started process 162 to run task
[2023-10-03T12:31:37.239+0000] {standard_task_runner.py:84} INFO - Running: ['***', 'tasks', 'run', 'launches_getter', 'pull_data_from_api', 'scheduled__2023-09-29T00:00:00+00:00', '--job-id', '267', '--raw', '--subdir', 'DAGS_FOLDER/launches.py', '--cfg-path', '/tmp/tmp0quz39fk']
[2023-10-03T12:31:37.253+0000] {standard_task_runner.py:85} INFO - Job 267: Subtask pull_data_from_api
[2023-10-03T12:31:37.480+0000] {task_command.py:410} INFO - Running <TaskInstance: launches_getter.pull_data_from_api scheduled__2023-09-29T00:00:00+00:00 [running]> on host f21dc12153d8
[2023-10-03T12:31:37.754+0000] {warnings.py:110} WARNING - /home/***/.local/lib/python3.7/site-packages/***/utils/context.py:205: AirflowContextDeprecationWarning: Accessing 'next_ds' from the template is deprecated and will be removed in a future version. Please use '{{ data_interval_end | ds }}' instead.
  warnings.warn(_create_deprecation_warning(key, self._deprecation_replacements[key]))

[2023-10-03T12:31:38.165+0000] {taskinstance.py:1570} INFO - Exporting env vars: AIRFLOW_CTX_DAG_OWNER='***' AIRFLOW_CTX_DAG_ID='launches_getter' AIRFLOW_CTX_TASK_ID='pull_data_from_api' AIRFLOW_CTX_EXECUTION_DATE='2023-09-29T00:00:00+00:00' AIRFLOW_CTX_TRY_NUMBER='1' AIRFLOW_CTX_DAG_RUN_ID='scheduled__2023-09-29T00:00:00+00:00'
[2023-10-03T12:31:38.166+0000] {http.py:123} INFO - Calling HTTP method
[2023-10-03T12:31:38.197+0000] {base.py:73} INFO - Using connection ID 'thespacedevs_dev' for task execution.
[2023-10-03T12:31:38.649+0000] {http.py:127} INFO - {"count":0,"next":null,"previous":null,"results":[]}
[2023-10-03T12:31:38.697+0000] {taskinstance.py:1373} INFO - Marking task as SUCCESS. dag_id=launches_getter, task_id=pull_data_from_api, execution_date=20230929T000000, start_date=20231003T123136, end_date=20231003T123138
[2023-10-03T12:31:38.746+0000] {local_task_job_runner.py:232} INFO - Task exited with return code 0
[2023-10-03T12:31:38.791+0000] {taskinstance.py:2674} INFO - 1 downstream tasks scheduled from follow-on schedule check
