[2023-10-03T07:54:00.659+0000] {taskinstance.py:1125} INFO - Dependencies all met for dep_context=non-requeueable deps ti=<TaskInstance: launches_getter.http_sensor_check scheduled__2023-07-09T00:00:00+00:00 [queued]>
[2023-10-03T07:54:00.698+0000] {taskinstance.py:1125} INFO - Dependencies all met for dep_context=requeueable deps ti=<TaskInstance: launches_getter.http_sensor_check scheduled__2023-07-09T00:00:00+00:00 [queued]>
[2023-10-03T07:54:00.700+0000] {taskinstance.py:1331} INFO - Starting attempt 1 of 1
[2023-10-03T07:54:00.985+0000] {taskinstance.py:1350} INFO - Executing <Task(HttpSensor): http_sensor_check> on 2023-07-09 00:00:00+00:00
[2023-10-03T07:54:01.002+0000] {standard_task_runner.py:57} INFO - Started process 452 to run task
[2023-10-03T07:54:01.066+0000] {standard_task_runner.py:84} INFO - Running: ['***', 'tasks', 'run', 'launches_getter', 'http_sensor_check', 'scheduled__2023-07-09T00:00:00+00:00', '--job-id', '68', '--raw', '--subdir', 'DAGS_FOLDER/launches.py', '--cfg-path', '/tmp/tmpvd0scq3h']
[2023-10-03T07:54:01.091+0000] {standard_task_runner.py:85} INFO - Job 68: Subtask http_sensor_check
[2023-10-03T07:54:01.425+0000] {task_command.py:410} INFO - Running <TaskInstance: launches_getter.http_sensor_check scheduled__2023-07-09T00:00:00+00:00 [running]> on host f21dc12153d8
[2023-10-03T07:54:02.316+0000] {taskinstance.py:1570} INFO - Exporting env vars: AIRFLOW_CTX_DAG_OWNER='***' AIRFLOW_CTX_DAG_ID='launches_getter' AIRFLOW_CTX_TASK_ID='http_sensor_check' AIRFLOW_CTX_EXECUTION_DATE='2023-07-09T00:00:00+00:00' AIRFLOW_CTX_TRY_NUMBER='1' AIRFLOW_CTX_DAG_RUN_ID='scheduled__2023-07-09T00:00:00+00:00'
[2023-10-03T07:54:02.318+0000] {http.py:122} INFO - Poking: 
[2023-10-03T07:54:02.379+0000] {base.py:73} INFO - Using connection ID 'thespacedevs_dev' for task execution.
[2023-10-03T07:54:07.882+0000] {http.py:122} INFO - Poking: 
[2023-10-03T07:54:07.889+0000] {base.py:73} INFO - Using connection ID 'thespacedevs_dev' for task execution.
[2023-10-03T07:54:13.279+0000] {http.py:122} INFO - Poking: 
[2023-10-03T07:54:13.287+0000] {base.py:73} INFO - Using connection ID 'thespacedevs_dev' for task execution.
[2023-10-03T07:54:18.578+0000] {http.py:122} INFO - Poking: 
[2023-10-03T07:54:18.585+0000] {base.py:73} INFO - Using connection ID 'thespacedevs_dev' for task execution.
[2023-10-03T07:54:23.882+0000] {http.py:122} INFO - Poking: 
[2023-10-03T07:54:23.888+0000] {base.py:73} INFO - Using connection ID 'thespacedevs_dev' for task execution.
[2023-10-03T07:54:29.132+0000] {http.py:122} INFO - Poking: 
[2023-10-03T07:54:29.138+0000] {base.py:73} INFO - Using connection ID 'thespacedevs_dev' for task execution.
[2023-10-03T07:54:34.406+0000] {http.py:122} INFO - Poking: 
[2023-10-03T07:54:34.412+0000] {base.py:73} INFO - Using connection ID 'thespacedevs_dev' for task execution.
[2023-10-03T07:54:39.686+0000] {http.py:122} INFO - Poking: 
[2023-10-03T07:54:39.702+0000] {base.py:73} INFO - Using connection ID 'thespacedevs_dev' for task execution.
[2023-10-03T07:54:44.982+0000] {http.py:122} INFO - Poking: 
[2023-10-03T07:54:44.987+0000] {base.py:73} INFO - Using connection ID 'thespacedevs_dev' for task execution.
[2023-10-03T07:54:50.232+0000] {http.py:122} INFO - Poking: 
[2023-10-03T07:54:50.237+0000] {base.py:73} INFO - Using connection ID 'thespacedevs_dev' for task execution.
[2023-10-03T07:54:55.527+0000] {http.py:122} INFO - Poking: 
[2023-10-03T07:54:55.532+0000] {base.py:73} INFO - Using connection ID 'thespacedevs_dev' for task execution.
[2023-10-03T07:55:00.779+0000] {http.py:122} INFO - Poking: 
[2023-10-03T07:55:00.785+0000] {base.py:73} INFO - Using connection ID 'thespacedevs_dev' for task execution.
[2023-10-03T07:55:07.206+0000] {http.py:122} INFO - Poking: 
[2023-10-03T07:55:07.215+0000] {base.py:73} INFO - Using connection ID 'thespacedevs_dev' for task execution.
[2023-10-03T07:55:12.490+0000] {http.py:122} INFO - Poking: 
[2023-10-03T07:55:12.500+0000] {base.py:73} INFO - Using connection ID 'thespacedevs_dev' for task execution.
[2023-10-03T07:55:17.866+0000] {http.py:122} INFO - Poking: 
[2023-10-03T07:55:17.871+0000] {base.py:73} INFO - Using connection ID 'thespacedevs_dev' for task execution.
[2023-10-03T07:55:23.174+0000] {http.py:122} INFO - Poking: 
[2023-10-03T07:55:23.190+0000] {base.py:73} INFO - Using connection ID 'thespacedevs_dev' for task execution.
[2023-10-03T07:55:28.514+0000] {http.py:122} INFO - Poking: 
[2023-10-03T07:55:28.519+0000] {base.py:73} INFO - Using connection ID 'thespacedevs_dev' for task execution.
[2023-10-03T07:55:33.805+0000] {http.py:122} INFO - Poking: 
[2023-10-03T07:55:33.814+0000] {base.py:73} INFO - Using connection ID 'thespacedevs_dev' for task execution.
[2023-10-03T07:55:39.103+0000] {http.py:122} INFO - Poking: 
[2023-10-03T07:55:39.121+0000] {base.py:73} INFO - Using connection ID 'thespacedevs_dev' for task execution.
[2023-10-03T07:55:44.439+0000] {http.py:122} INFO - Poking: 
[2023-10-03T07:55:44.456+0000] {base.py:73} INFO - Using connection ID 'thespacedevs_dev' for task execution.
[2023-10-03T07:55:49.722+0000] {http.py:122} INFO - Poking: 
[2023-10-03T07:55:49.729+0000] {base.py:73} INFO - Using connection ID 'thespacedevs_dev' for task execution.
[2023-10-03T07:55:55.014+0000] {http.py:122} INFO - Poking: 
[2023-10-03T07:55:55.020+0000] {base.py:73} INFO - Using connection ID 'thespacedevs_dev' for task execution.
[2023-10-03T07:56:00.302+0000] {http.py:122} INFO - Poking: 
[2023-10-03T07:56:00.313+0000] {base.py:73} INFO - Using connection ID 'thespacedevs_dev' for task execution.
[2023-10-03T07:56:05.614+0000] {http.py:122} INFO - Poking: 
[2023-10-03T07:56:05.620+0000] {base.py:73} INFO - Using connection ID 'thespacedevs_dev' for task execution.
[2023-10-03T07:56:10.868+0000] {http.py:122} INFO - Poking: 
[2023-10-03T07:56:10.877+0000] {base.py:73} INFO - Using connection ID 'thespacedevs_dev' for task execution.
[2023-10-03T07:56:16.205+0000] {http.py:122} INFO - Poking: 
[2023-10-03T07:56:16.214+0000] {base.py:73} INFO - Using connection ID 'thespacedevs_dev' for task execution.
[2023-10-03T07:56:21.513+0000] {http.py:122} INFO - Poking: 
[2023-10-03T07:56:21.520+0000] {base.py:73} INFO - Using connection ID 'thespacedevs_dev' for task execution.
[2023-10-03T07:56:26.807+0000] {http.py:122} INFO - Poking: 
[2023-10-03T07:56:26.821+0000] {base.py:73} INFO - Using connection ID 'thespacedevs_dev' for task execution.
[2023-10-03T07:56:32.105+0000] {http.py:122} INFO - Poking: 
[2023-10-03T07:56:32.111+0000] {base.py:73} INFO - Using connection ID 'thespacedevs_dev' for task execution.
[2023-10-03T07:56:37.406+0000] {http.py:122} INFO - Poking: 
[2023-10-03T07:56:37.416+0000] {base.py:73} INFO - Using connection ID 'thespacedevs_dev' for task execution.
[2023-10-03T07:56:42.695+0000] {http.py:122} INFO - Poking: 
[2023-10-03T07:56:42.774+0000] {base.py:73} INFO - Using connection ID 'thespacedevs_dev' for task execution.
[2023-10-03T07:56:48.134+0000] {http.py:122} INFO - Poking: 
[2023-10-03T07:56:48.147+0000] {base.py:73} INFO - Using connection ID 'thespacedevs_dev' for task execution.
[2023-10-03T07:56:53.450+0000] {http.py:122} INFO - Poking: 
[2023-10-03T07:56:53.455+0000] {base.py:73} INFO - Using connection ID 'thespacedevs_dev' for task execution.
[2023-10-03T07:56:58.742+0000] {http.py:122} INFO - Poking: 
[2023-10-03T07:56:58.756+0000] {base.py:73} INFO - Using connection ID 'thespacedevs_dev' for task execution.
[2023-10-03T07:57:04.078+0000] {http.py:122} INFO - Poking: 
[2023-10-03T07:57:04.095+0000] {base.py:73} INFO - Using connection ID 'thespacedevs_dev' for task execution.
[2023-10-03T07:57:09.404+0000] {http.py:122} INFO - Poking: 
[2023-10-03T07:57:09.412+0000] {base.py:73} INFO - Using connection ID 'thespacedevs_dev' for task execution.
[2023-10-03T07:57:15.825+0000] {http.py:122} INFO - Poking: 
[2023-10-03T07:57:15.909+0000] {base.py:73} INFO - Using connection ID 'thespacedevs_dev' for task execution.
[2023-10-03T07:57:21.490+0000] {http.py:122} INFO - Poking: 
[2023-10-03T07:57:21.497+0000] {base.py:73} INFO - Using connection ID 'thespacedevs_dev' for task execution.
[2023-10-03T07:57:26.784+0000] {http.py:122} INFO - Poking: 
[2023-10-03T07:57:26.792+0000] {base.py:73} INFO - Using connection ID 'thespacedevs_dev' for task execution.
[2023-10-03T07:57:32.080+0000] {http.py:122} INFO - Poking: 
[2023-10-03T07:57:32.085+0000] {base.py:73} INFO - Using connection ID 'thespacedevs_dev' for task execution.
[2023-10-03T07:57:37.405+0000] {http.py:122} INFO - Poking: 
[2023-10-03T07:57:37.410+0000] {base.py:73} INFO - Using connection ID 'thespacedevs_dev' for task execution.
[2023-10-03T07:57:42.678+0000] {http.py:122} INFO - Poking: 
[2023-10-03T07:57:42.686+0000] {base.py:73} INFO - Using connection ID 'thespacedevs_dev' for task execution.
[2023-10-03T07:57:47.990+0000] {http.py:122} INFO - Poking: 
[2023-10-03T07:57:48.026+0000] {base.py:73} INFO - Using connection ID 'thespacedevs_dev' for task execution.
[2023-10-03T07:57:53.346+0000] {http.py:122} INFO - Poking: 
[2023-10-03T07:57:53.351+0000] {base.py:73} INFO - Using connection ID 'thespacedevs_dev' for task execution.
[2023-10-03T07:57:58.638+0000] {http.py:122} INFO - Poking: 
[2023-10-03T07:57:58.642+0000] {base.py:73} INFO - Using connection ID 'thespacedevs_dev' for task execution.
[2023-10-03T07:58:03.933+0000] {http.py:122} INFO - Poking: 
[2023-10-03T07:58:03.941+0000] {base.py:73} INFO - Using connection ID 'thespacedevs_dev' for task execution.
[2023-10-03T07:58:09.246+0000] {http.py:122} INFO - Poking: 
[2023-10-03T07:58:09.253+0000] {base.py:73} INFO - Using connection ID 'thespacedevs_dev' for task execution.
[2023-10-03T07:58:14.554+0000] {http.py:122} INFO - Poking: 
[2023-10-03T07:58:14.560+0000] {base.py:73} INFO - Using connection ID 'thespacedevs_dev' for task execution.
[2023-10-03T07:58:19.848+0000] {http.py:122} INFO - Poking: 
[2023-10-03T07:58:19.879+0000] {base.py:73} INFO - Using connection ID 'thespacedevs_dev' for task execution.
[2023-10-03T07:58:25.226+0000] {http.py:122} INFO - Poking: 
[2023-10-03T07:58:25.236+0000] {base.py:73} INFO - Using connection ID 'thespacedevs_dev' for task execution.
[2023-10-03T07:58:30.522+0000] {http.py:122} INFO - Poking: 
[2023-10-03T07:58:30.530+0000] {base.py:73} INFO - Using connection ID 'thespacedevs_dev' for task execution.
[2023-10-03T07:58:35.830+0000] {http.py:122} INFO - Poking: 
[2023-10-03T07:58:35.843+0000] {base.py:73} INFO - Using connection ID 'thespacedevs_dev' for task execution.
[2023-10-03T07:58:41.126+0000] {http.py:122} INFO - Poking: 
[2023-10-03T07:58:41.146+0000] {base.py:73} INFO - Using connection ID 'thespacedevs_dev' for task execution.
[2023-10-03T07:58:46.523+0000] {http.py:122} INFO - Poking: 
[2023-10-03T07:58:46.529+0000] {base.py:73} INFO - Using connection ID 'thespacedevs_dev' for task execution.
[2023-10-03T07:58:51.810+0000] {http.py:122} INFO - Poking: 
[2023-10-03T07:58:51.816+0000] {base.py:73} INFO - Using connection ID 'thespacedevs_dev' for task execution.
[2023-10-03T07:58:57.103+0000] {http.py:122} INFO - Poking: 
[2023-10-03T07:58:57.111+0000] {base.py:73} INFO - Using connection ID 'thespacedevs_dev' for task execution.
[2023-10-03T07:59:02.600+0000] {http.py:122} INFO - Poking: 
[2023-10-03T07:59:02.612+0000] {base.py:73} INFO - Using connection ID 'thespacedevs_dev' for task execution.
[2023-10-03T07:59:07.914+0000] {http.py:122} INFO - Poking: 
[2023-10-03T07:59:07.921+0000] {base.py:73} INFO - Using connection ID 'thespacedevs_dev' for task execution.
[2023-10-03T07:59:13.186+0000] {http.py:122} INFO - Poking: 
[2023-10-03T07:59:13.191+0000] {base.py:73} INFO - Using connection ID 'thespacedevs_dev' for task execution.
[2023-10-03T07:59:18.466+0000] {http.py:122} INFO - Poking: 
[2023-10-03T07:59:18.472+0000] {base.py:73} INFO - Using connection ID 'thespacedevs_dev' for task execution.
[2023-10-03T07:59:23.763+0000] {http.py:122} INFO - Poking: 
[2023-10-03T07:59:23.769+0000] {base.py:73} INFO - Using connection ID 'thespacedevs_dev' for task execution.
[2023-10-03T07:59:29.070+0000] {http.py:122} INFO - Poking: 
[2023-10-03T07:59:29.076+0000] {base.py:73} INFO - Using connection ID 'thespacedevs_dev' for task execution.
[2023-10-03T07:59:34.345+0000] {http.py:122} INFO - Poking: 
[2023-10-03T07:59:34.352+0000] {base.py:73} INFO - Using connection ID 'thespacedevs_dev' for task execution.
[2023-10-03T07:59:39.646+0000] {http.py:122} INFO - Poking: 
[2023-10-03T07:59:39.655+0000] {base.py:73} INFO - Using connection ID 'thespacedevs_dev' for task execution.
[2023-10-03T07:59:44.958+0000] {http.py:122} INFO - Poking: 
[2023-10-03T07:59:44.963+0000] {base.py:73} INFO - Using connection ID 'thespacedevs_dev' for task execution.
[2023-10-03T07:59:50.230+0000] {http.py:122} INFO - Poking: 
[2023-10-03T07:59:50.236+0000] {base.py:73} INFO - Using connection ID 'thespacedevs_dev' for task execution.
[2023-10-03T07:59:55.531+0000] {http.py:122} INFO - Poking: 
[2023-10-03T07:59:55.536+0000] {base.py:73} INFO - Using connection ID 'thespacedevs_dev' for task execution.
[2023-10-03T08:00:00.832+0000] {http.py:122} INFO - Poking: 
[2023-10-03T08:00:00.841+0000] {base.py:73} INFO - Using connection ID 'thespacedevs_dev' for task execution.
[2023-10-03T08:00:06.190+0000] {http.py:122} INFO - Poking: 
[2023-10-03T08:00:06.195+0000] {base.py:73} INFO - Using connection ID 'thespacedevs_dev' for task execution.
[2023-10-03T08:00:11.478+0000] {http.py:122} INFO - Poking: 
[2023-10-03T08:00:11.484+0000] {base.py:73} INFO - Using connection ID 'thespacedevs_dev' for task execution.
[2023-10-03T08:00:16.778+0000] {http.py:122} INFO - Poking: 
[2023-10-03T08:00:16.785+0000] {base.py:73} INFO - Using connection ID 'thespacedevs_dev' for task execution.
[2023-10-03T08:00:22.336+0000] {http.py:122} INFO - Poking: 
[2023-10-03T08:00:22.354+0000] {base.py:73} INFO - Using connection ID 'thespacedevs_dev' for task execution.
[2023-10-03T08:00:27.624+0000] {http.py:122} INFO - Poking: 
[2023-10-03T08:00:27.633+0000] {base.py:73} INFO - Using connection ID 'thespacedevs_dev' for task execution.
[2023-10-03T08:00:32.952+0000] {http.py:122} INFO - Poking: 
[2023-10-03T08:00:32.991+0000] {base.py:73} INFO - Using connection ID 'thespacedevs_dev' for task execution.
[2023-10-03T08:00:38.336+0000] {http.py:122} INFO - Poking: 
[2023-10-03T08:00:38.350+0000] {base.py:73} INFO - Using connection ID 'thespacedevs_dev' for task execution.
[2023-10-03T08:00:43.639+0000] {http.py:122} INFO - Poking: 
[2023-10-03T08:00:43.649+0000] {base.py:73} INFO - Using connection ID 'thespacedevs_dev' for task execution.
[2023-10-03T08:00:48.994+0000] {http.py:122} INFO - Poking: 
[2023-10-03T08:00:48.999+0000] {base.py:73} INFO - Using connection ID 'thespacedevs_dev' for task execution.
[2023-10-03T08:00:54.270+0000] {http.py:122} INFO - Poking: 
[2023-10-03T08:00:54.276+0000] {base.py:73} INFO - Using connection ID 'thespacedevs_dev' for task execution.
[2023-10-03T08:00:59.535+0000] {http.py:122} INFO - Poking: 
[2023-10-03T08:00:59.540+0000] {base.py:73} INFO - Using connection ID 'thespacedevs_dev' for task execution.
[2023-10-03T08:01:04.851+0000] {http.py:122} INFO - Poking: 
[2023-10-03T08:01:04.856+0000] {base.py:73} INFO - Using connection ID 'thespacedevs_dev' for task execution.
[2023-10-03T08:01:10.162+0000] {http.py:122} INFO - Poking: 
[2023-10-03T08:01:10.174+0000] {base.py:73} INFO - Using connection ID 'thespacedevs_dev' for task execution.
[2023-10-03T08:01:15.498+0000] {http.py:122} INFO - Poking: 
[2023-10-03T08:01:15.506+0000] {base.py:73} INFO - Using connection ID 'thespacedevs_dev' for task execution.
[2023-10-03T08:01:20.766+0000] {http.py:122} INFO - Poking: 
[2023-10-03T08:01:20.772+0000] {base.py:73} INFO - Using connection ID 'thespacedevs_dev' for task execution.
[2023-10-03T08:01:27.270+0000] {http.py:122} INFO - Poking: 
[2023-10-03T08:01:27.290+0000] {base.py:73} INFO - Using connection ID 'thespacedevs_dev' for task execution.
[2023-10-03T08:01:32.639+0000] {http.py:122} INFO - Poking: 
[2023-10-03T08:01:32.707+0000] {base.py:73} INFO - Using connection ID 'thespacedevs_dev' for task execution.
[2023-10-03T08:01:38.058+0000] {http.py:122} INFO - Poking: 
[2023-10-03T08:01:38.082+0000] {base.py:73} INFO - Using connection ID 'thespacedevs_dev' for task execution.
[2023-10-03T08:01:43.419+0000] {http.py:122} INFO - Poking: 
[2023-10-03T08:01:43.428+0000] {base.py:73} INFO - Using connection ID 'thespacedevs_dev' for task execution.
[2023-10-03T08:01:48.766+0000] {http.py:122} INFO - Poking: 
[2023-10-03T08:01:48.772+0000] {base.py:73} INFO - Using connection ID 'thespacedevs_dev' for task execution.
[2023-10-03T08:01:54.026+0000] {http.py:122} INFO - Poking: 
[2023-10-03T08:01:54.042+0000] {base.py:73} INFO - Using connection ID 'thespacedevs_dev' for task execution.
[2023-10-03T08:01:59.330+0000] {http.py:122} INFO - Poking: 
[2023-10-03T08:01:59.338+0000] {base.py:73} INFO - Using connection ID 'thespacedevs_dev' for task execution.
[2023-10-03T08:02:04.654+0000] {http.py:122} INFO - Poking: 
[2023-10-03T08:02:04.659+0000] {base.py:73} INFO - Using connection ID 'thespacedevs_dev' for task execution.
[2023-10-03T08:02:09.945+0000] {http.py:122} INFO - Poking: 
[2023-10-03T08:02:09.955+0000] {base.py:73} INFO - Using connection ID 'thespacedevs_dev' for task execution.
[2023-10-03T08:02:15.297+0000] {http.py:122} INFO - Poking: 
[2023-10-03T08:02:15.308+0000] {base.py:73} INFO - Using connection ID 'thespacedevs_dev' for task execution.
[2023-10-03T08:02:20.686+0000] {http.py:122} INFO - Poking: 
[2023-10-03T08:02:20.702+0000] {base.py:73} INFO - Using connection ID 'thespacedevs_dev' for task execution.
[2023-10-03T08:02:26.018+0000] {http.py:122} INFO - Poking: 
[2023-10-03T08:02:26.023+0000] {base.py:73} INFO - Using connection ID 'thespacedevs_dev' for task execution.
[2023-10-03T08:02:32.638+0000] {http.py:122} INFO - Poking: 
[2023-10-03T08:02:32.648+0000] {base.py:73} INFO - Using connection ID 'thespacedevs_dev' for task execution.
[2023-10-03T08:02:37.914+0000] {http.py:122} INFO - Poking: 
[2023-10-03T08:02:37.919+0000] {base.py:73} INFO - Using connection ID 'thespacedevs_dev' for task execution.
[2023-10-03T08:02:43.202+0000] {http.py:122} INFO - Poking: 
[2023-10-03T08:02:43.217+0000] {base.py:73} INFO - Using connection ID 'thespacedevs_dev' for task execution.
[2023-10-03T08:02:48.641+0000] {http.py:122} INFO - Poking: 
[2023-10-03T08:02:48.757+0000] {base.py:73} INFO - Using connection ID 'thespacedevs_dev' for task execution.
[2023-10-03T08:02:54.308+0000] {http.py:122} INFO - Poking: 
[2023-10-03T08:02:54.421+0000] {base.py:73} INFO - Using connection ID 'thespacedevs_dev' for task execution.
[2023-10-03T08:02:59.739+0000] {http.py:122} INFO - Poking: 
[2023-10-03T08:02:59.758+0000] {base.py:73} INFO - Using connection ID 'thespacedevs_dev' for task execution.
[2023-10-03T08:03:05.079+0000] {http.py:122} INFO - Poking: 
[2023-10-03T08:03:05.089+0000] {base.py:73} INFO - Using connection ID 'thespacedevs_dev' for task execution.
[2023-10-03T08:03:10.366+0000] {http.py:122} INFO - Poking: 
[2023-10-03T08:03:10.371+0000] {base.py:73} INFO - Using connection ID 'thespacedevs_dev' for task execution.
[2023-10-03T08:03:15.655+0000] {http.py:122} INFO - Poking: 
[2023-10-03T08:03:15.662+0000] {base.py:73} INFO - Using connection ID 'thespacedevs_dev' for task execution.
[2023-10-03T08:03:20.969+0000] {http.py:122} INFO - Poking: 
[2023-10-03T08:03:20.974+0000] {base.py:73} INFO - Using connection ID 'thespacedevs_dev' for task execution.
[2023-10-03T08:03:26.246+0000] {http.py:122} INFO - Poking: 
[2023-10-03T08:03:26.253+0000] {base.py:73} INFO - Using connection ID 'thespacedevs_dev' for task execution.
[2023-10-03T08:03:31.584+0000] {http.py:122} INFO - Poking: 
[2023-10-03T08:03:31.594+0000] {base.py:73} INFO - Using connection ID 'thespacedevs_dev' for task execution.
[2023-10-03T08:03:37.094+0000] {http.py:122} INFO - Poking: 
[2023-10-03T08:03:37.106+0000] {base.py:73} INFO - Using connection ID 'thespacedevs_dev' for task execution.
[2023-10-03T08:03:42.386+0000] {http.py:122} INFO - Poking: 
[2023-10-03T08:03:42.394+0000] {base.py:73} INFO - Using connection ID 'thespacedevs_dev' for task execution.
[2023-10-03T08:03:47.650+0000] {http.py:122} INFO - Poking: 
[2023-10-03T08:03:47.666+0000] {base.py:73} INFO - Using connection ID 'thespacedevs_dev' for task execution.
[2023-10-03T08:03:52.968+0000] {http.py:122} INFO - Poking: 
[2023-10-03T08:03:53.156+0000] {base.py:73} INFO - Using connection ID 'thespacedevs_dev' for task execution.
[2023-10-03T08:03:58.626+0000] {http.py:122} INFO - Poking: 
[2023-10-03T08:03:58.653+0000] {base.py:73} INFO - Using connection ID 'thespacedevs_dev' for task execution.
[2023-10-03T08:04:04.022+0000] {http.py:122} INFO - Poking: 
[2023-10-03T08:04:04.085+0000] {base.py:73} INFO - Using connection ID 'thespacedevs_dev' for task execution.
[2023-10-03T08:04:09.485+0000] {http.py:122} INFO - Poking: 
[2023-10-03T08:04:09.495+0000] {base.py:73} INFO - Using connection ID 'thespacedevs_dev' for task execution.
[2023-10-03T08:04:14.814+0000] {http.py:122} INFO - Poking: 
[2023-10-03T08:04:14.821+0000] {base.py:73} INFO - Using connection ID 'thespacedevs_dev' for task execution.
[2023-10-03T08:04:20.099+0000] {http.py:122} INFO - Poking: 
[2023-10-03T08:04:20.128+0000] {base.py:73} INFO - Using connection ID 'thespacedevs_dev' for task execution.
[2023-10-03T08:04:25.470+0000] {http.py:122} INFO - Poking: 
[2023-10-03T08:04:25.511+0000] {base.py:73} INFO - Using connection ID 'thespacedevs_dev' for task execution.
[2023-10-03T08:04:30.973+0000] {http.py:122} INFO - Poking: 
[2023-10-03T08:04:30.982+0000] {base.py:73} INFO - Using connection ID 'thespacedevs_dev' for task execution.
[2023-10-03T08:04:37.282+0000] {http.py:122} INFO - Poking: 
[2023-10-03T08:04:37.290+0000] {base.py:73} INFO - Using connection ID 'thespacedevs_dev' for task execution.
[2023-10-03T08:04:42.630+0000] {http.py:122} INFO - Poking: 
[2023-10-03T08:04:42.636+0000] {base.py:73} INFO - Using connection ID 'thespacedevs_dev' for task execution.
[2023-10-03T08:04:47.954+0000] {http.py:122} INFO - Poking: 
[2023-10-03T08:04:47.965+0000] {base.py:73} INFO - Using connection ID 'thespacedevs_dev' for task execution.
[2023-10-03T08:04:53.246+0000] {http.py:122} INFO - Poking: 
[2023-10-03T08:04:53.255+0000] {base.py:73} INFO - Using connection ID 'thespacedevs_dev' for task execution.
[2023-10-03T08:04:58.514+0000] {http.py:122} INFO - Poking: 
[2023-10-03T08:04:58.521+0000] {base.py:73} INFO - Using connection ID 'thespacedevs_dev' for task execution.
[2023-10-03T08:05:03.876+0000] {http.py:122} INFO - Poking: 
[2023-10-03T08:05:03.881+0000] {base.py:73} INFO - Using connection ID 'thespacedevs_dev' for task execution.
[2023-10-03T08:05:09.386+0000] {http.py:122} INFO - Poking: 
[2023-10-03T08:05:09.396+0000] {base.py:73} INFO - Using connection ID 'thespacedevs_dev' for task execution.
[2023-10-03T08:05:14.703+0000] {http.py:122} INFO - Poking: 
[2023-10-03T08:05:14.717+0000] {base.py:73} INFO - Using connection ID 'thespacedevs_dev' for task execution.
[2023-10-03T08:05:20.022+0000] {http.py:122} INFO - Poking: 
[2023-10-03T08:05:20.029+0000] {base.py:73} INFO - Using connection ID 'thespacedevs_dev' for task execution.
[2023-10-03T08:05:25.305+0000] {http.py:122} INFO - Poking: 
[2023-10-03T08:05:25.311+0000] {base.py:73} INFO - Using connection ID 'thespacedevs_dev' for task execution.
[2023-10-03T08:05:30.598+0000] {http.py:122} INFO - Poking: 
[2023-10-03T08:05:30.658+0000] {base.py:73} INFO - Using connection ID 'thespacedevs_dev' for task execution.
[2023-10-03T08:05:36.002+0000] {http.py:122} INFO - Poking: 
[2023-10-03T08:05:36.014+0000] {base.py:73} INFO - Using connection ID 'thespacedevs_dev' for task execution.
[2023-10-03T08:05:41.299+0000] {http.py:122} INFO - Poking: 
[2023-10-03T08:05:41.304+0000] {base.py:73} INFO - Using connection ID 'thespacedevs_dev' for task execution.
[2023-10-03T08:05:46.557+0000] {http.py:122} INFO - Poking: 
[2023-10-03T08:05:46.562+0000] {base.py:73} INFO - Using connection ID 'thespacedevs_dev' for task execution.
[2023-10-03T08:05:51.810+0000] {http.py:122} INFO - Poking: 
[2023-10-03T08:05:51.815+0000] {base.py:73} INFO - Using connection ID 'thespacedevs_dev' for task execution.
[2023-10-03T08:05:57.103+0000] {http.py:122} INFO - Poking: 
[2023-10-03T08:05:57.109+0000] {base.py:73} INFO - Using connection ID 'thespacedevs_dev' for task execution.
[2023-10-03T08:06:02.373+0000] {http.py:122} INFO - Poking: 
[2023-10-03T08:06:02.391+0000] {base.py:73} INFO - Using connection ID 'thespacedevs_dev' for task execution.
[2023-10-03T08:06:07.750+0000] {http.py:122} INFO - Poking: 
[2023-10-03T08:06:07.758+0000] {base.py:73} INFO - Using connection ID 'thespacedevs_dev' for task execution.
[2023-10-03T08:06:13.055+0000] {http.py:122} INFO - Poking: 
[2023-10-03T08:06:13.061+0000] {base.py:73} INFO - Using connection ID 'thespacedevs_dev' for task execution.
[2023-10-03T08:06:18.318+0000] {http.py:122} INFO - Poking: 
[2023-10-03T08:06:18.324+0000] {base.py:73} INFO - Using connection ID 'thespacedevs_dev' for task execution.
[2023-10-03T08:06:23.571+0000] {http.py:122} INFO - Poking: 
[2023-10-03T08:06:23.586+0000] {base.py:73} INFO - Using connection ID 'thespacedevs_dev' for task execution.
[2023-10-03T08:06:28.854+0000] {http.py:122} INFO - Poking: 
[2023-10-03T08:06:28.861+0000] {base.py:73} INFO - Using connection ID 'thespacedevs_dev' for task execution.
[2023-10-03T08:06:34.168+0000] {http.py:122} INFO - Poking: 
[2023-10-03T08:06:34.176+0000] {base.py:73} INFO - Using connection ID 'thespacedevs_dev' for task execution.
[2023-10-03T08:06:39.440+0000] {http.py:122} INFO - Poking: 
[2023-10-03T08:06:39.449+0000] {base.py:73} INFO - Using connection ID 'thespacedevs_dev' for task execution.
[2023-10-03T08:06:44.720+0000] {http.py:122} INFO - Poking: 
[2023-10-03T08:06:44.725+0000] {base.py:73} INFO - Using connection ID 'thespacedevs_dev' for task execution.
[2023-10-03T08:06:50.011+0000] {http.py:122} INFO - Poking: 
[2023-10-03T08:06:50.017+0000] {base.py:73} INFO - Using connection ID 'thespacedevs_dev' for task execution.
[2023-10-03T08:06:55.334+0000] {http.py:122} INFO - Poking: 
[2023-10-03T08:06:55.339+0000] {base.py:73} INFO - Using connection ID 'thespacedevs_dev' for task execution.
[2023-10-03T08:07:00.634+0000] {http.py:122} INFO - Poking: 
[2023-10-03T08:07:00.641+0000] {base.py:73} INFO - Using connection ID 'thespacedevs_dev' for task execution.
[2023-10-03T08:07:05.906+0000] {http.py:122} INFO - Poking: 
[2023-10-03T08:07:05.911+0000] {base.py:73} INFO - Using connection ID 'thespacedevs_dev' for task execution.
[2023-10-03T08:07:11.150+0000] {http.py:122} INFO - Poking: 
[2023-10-03T08:07:11.155+0000] {base.py:73} INFO - Using connection ID 'thespacedevs_dev' for task execution.
[2023-10-03T08:07:16.418+0000] {http.py:122} INFO - Poking: 
[2023-10-03T08:07:16.423+0000] {base.py:73} INFO - Using connection ID 'thespacedevs_dev' for task execution.
[2023-10-03T08:07:21.696+0000] {http.py:122} INFO - Poking: 
[2023-10-03T08:07:21.701+0000] {base.py:73} INFO - Using connection ID 'thespacedevs_dev' for task execution.
[2023-10-03T08:07:26.954+0000] {http.py:122} INFO - Poking: 
[2023-10-03T08:07:26.960+0000] {base.py:73} INFO - Using connection ID 'thespacedevs_dev' for task execution.
[2023-10-03T08:07:32.245+0000] {http.py:122} INFO - Poking: 
[2023-10-03T08:07:32.251+0000] {base.py:73} INFO - Using connection ID 'thespacedevs_dev' for task execution.
[2023-10-03T08:07:37.536+0000] {http.py:122} INFO - Poking: 
[2023-10-03T08:07:37.542+0000] {base.py:73} INFO - Using connection ID 'thespacedevs_dev' for task execution.
[2023-10-03T08:07:39.816+0000] {local_task_job_runner.py:299} WARNING - State of this instance has been externally set to failed. Terminating instance.
[2023-10-03T08:07:39.818+0000] {process_utils.py:135} INFO - Sending Signals.SIGTERM to group 452. PIDs of all processes in the group: [452]
[2023-10-03T08:07:39.818+0000] {process_utils.py:86} INFO - Sending the signal Signals.SIGTERM to group 452
[2023-10-03T08:07:39.819+0000] {taskinstance.py:1540} ERROR - Received SIGTERM. Terminating subprocesses.
[2023-10-03T08:07:39.876+0000] {process_utils.py:79} INFO - Process psutil.Process(pid=452, status='terminated', exitcode=0, started='07:54:00') (452) terminated with exit code 0
