[2023-10-03T07:54:04.804+0000] {taskinstance.py:1125} INFO - Dependencies all met for dep_context=non-requeueable deps ti=<TaskInstance: launches_getter.http_sensor_check scheduled__2023-07-16T00:00:00+00:00 [queued]>
[2023-10-03T07:54:04.867+0000] {taskinstance.py:1125} INFO - Dependencies all met for dep_context=requeueable deps ti=<TaskInstance: launches_getter.http_sensor_check scheduled__2023-07-16T00:00:00+00:00 [queued]>
[2023-10-03T07:54:04.868+0000] {taskinstance.py:1331} INFO - Starting attempt 1 of 1
[2023-10-03T07:54:04.947+0000] {taskinstance.py:1350} INFO - Executing <Task(HttpSensor): http_sensor_check> on 2023-07-16 00:00:00+00:00
[2023-10-03T07:54:04.962+0000] {standard_task_runner.py:57} INFO - Started process 471 to run task
[2023-10-03T07:54:04.983+0000] {standard_task_runner.py:84} INFO - Running: ['***', 'tasks', 'run', 'launches_getter', 'http_sensor_check', 'scheduled__2023-07-16T00:00:00+00:00', '--job-id', '78', '--raw', '--subdir', 'DAGS_FOLDER/launches.py', '--cfg-path', '/tmp/tmpaxlnxlc0']
[2023-10-03T07:54:04.983+0000] {standard_task_runner.py:85} INFO - Job 78: Subtask http_sensor_check
[2023-10-03T07:54:05.270+0000] {task_command.py:410} INFO - Running <TaskInstance: launches_getter.http_sensor_check scheduled__2023-07-16T00:00:00+00:00 [running]> on host f21dc12153d8
[2023-10-03T07:54:05.565+0000] {taskinstance.py:1570} INFO - Exporting env vars: AIRFLOW_CTX_DAG_OWNER='***' AIRFLOW_CTX_DAG_ID='launches_getter' AIRFLOW_CTX_TASK_ID='http_sensor_check' AIRFLOW_CTX_EXECUTION_DATE='2023-07-16T00:00:00+00:00' AIRFLOW_CTX_TRY_NUMBER='1' AIRFLOW_CTX_DAG_RUN_ID='scheduled__2023-07-16T00:00:00+00:00'
[2023-10-03T07:54:05.566+0000] {http.py:122} INFO - Poking: 
[2023-10-03T07:54:05.583+0000] {base.py:73} INFO - Using connection ID 'thespacedevs_dev' for task execution.
[2023-10-03T07:54:10.910+0000] {http.py:122} INFO - Poking: 
[2023-10-03T07:54:10.917+0000] {base.py:73} INFO - Using connection ID 'thespacedevs_dev' for task execution.
[2023-10-03T07:54:16.256+0000] {http.py:122} INFO - Poking: 
[2023-10-03T07:54:16.271+0000] {base.py:73} INFO - Using connection ID 'thespacedevs_dev' for task execution.
[2023-10-03T07:54:21.562+0000] {http.py:122} INFO - Poking: 
[2023-10-03T07:54:21.571+0000] {base.py:73} INFO - Using connection ID 'thespacedevs_dev' for task execution.
[2023-10-03T07:54:26.895+0000] {http.py:122} INFO - Poking: 
[2023-10-03T07:54:26.905+0000] {base.py:73} INFO - Using connection ID 'thespacedevs_dev' for task execution.
[2023-10-03T07:54:32.226+0000] {http.py:122} INFO - Poking: 
[2023-10-03T07:54:32.234+0000] {base.py:73} INFO - Using connection ID 'thespacedevs_dev' for task execution.
[2023-10-03T07:54:37.525+0000] {http.py:122} INFO - Poking: 
[2023-10-03T07:54:37.530+0000] {base.py:73} INFO - Using connection ID 'thespacedevs_dev' for task execution.
[2023-10-03T07:54:42.815+0000] {http.py:122} INFO - Poking: 
[2023-10-03T07:54:42.820+0000] {base.py:73} INFO - Using connection ID 'thespacedevs_dev' for task execution.
[2023-10-03T07:54:48.122+0000] {http.py:122} INFO - Poking: 
[2023-10-03T07:54:48.130+0000] {base.py:73} INFO - Using connection ID 'thespacedevs_dev' for task execution.
[2023-10-03T07:54:53.398+0000] {http.py:122} INFO - Poking: 
[2023-10-03T07:54:53.404+0000] {base.py:73} INFO - Using connection ID 'thespacedevs_dev' for task execution.
[2023-10-03T07:54:58.682+0000] {http.py:122} INFO - Poking: 
[2023-10-03T07:54:58.688+0000] {base.py:73} INFO - Using connection ID 'thespacedevs_dev' for task execution.
[2023-10-03T07:55:03.979+0000] {http.py:122} INFO - Poking: 
[2023-10-03T07:55:03.989+0000] {base.py:73} INFO - Using connection ID 'thespacedevs_dev' for task execution.
[2023-10-03T07:55:09.263+0000] {http.py:122} INFO - Poking: 
[2023-10-03T07:55:09.272+0000] {base.py:73} INFO - Using connection ID 'thespacedevs_dev' for task execution.
[2023-10-03T07:55:14.602+0000] {http.py:122} INFO - Poking: 
[2023-10-03T07:55:14.610+0000] {base.py:73} INFO - Using connection ID 'thespacedevs_dev' for task execution.
[2023-10-03T07:55:19.869+0000] {http.py:122} INFO - Poking: 
[2023-10-03T07:55:19.874+0000] {base.py:73} INFO - Using connection ID 'thespacedevs_dev' for task execution.
[2023-10-03T07:55:25.150+0000] {http.py:122} INFO - Poking: 
[2023-10-03T07:55:25.157+0000] {base.py:73} INFO - Using connection ID 'thespacedevs_dev' for task execution.
[2023-10-03T07:55:30.436+0000] {http.py:122} INFO - Poking: 
[2023-10-03T07:55:30.441+0000] {base.py:73} INFO - Using connection ID 'thespacedevs_dev' for task execution.
[2023-10-03T07:55:35.747+0000] {http.py:122} INFO - Poking: 
[2023-10-03T07:55:35.755+0000] {base.py:73} INFO - Using connection ID 'thespacedevs_dev' for task execution.
[2023-10-03T07:55:41.018+0000] {http.py:122} INFO - Poking: 
[2023-10-03T07:55:41.024+0000] {base.py:73} INFO - Using connection ID 'thespacedevs_dev' for task execution.
[2023-10-03T07:55:46.271+0000] {http.py:122} INFO - Poking: 
[2023-10-03T07:55:46.277+0000] {base.py:73} INFO - Using connection ID 'thespacedevs_dev' for task execution.
[2023-10-03T07:55:51.538+0000] {http.py:122} INFO - Poking: 
[2023-10-03T07:55:51.544+0000] {base.py:73} INFO - Using connection ID 'thespacedevs_dev' for task execution.
[2023-10-03T07:55:56.832+0000] {http.py:122} INFO - Poking: 
[2023-10-03T07:55:56.840+0000] {base.py:73} INFO - Using connection ID 'thespacedevs_dev' for task execution.
[2023-10-03T07:56:02.114+0000] {http.py:122} INFO - Poking: 
[2023-10-03T07:56:02.119+0000] {base.py:73} INFO - Using connection ID 'thespacedevs_dev' for task execution.
[2023-10-03T07:56:07.404+0000] {http.py:122} INFO - Poking: 
[2023-10-03T07:56:07.410+0000] {base.py:73} INFO - Using connection ID 'thespacedevs_dev' for task execution.
[2023-10-03T07:56:12.705+0000] {http.py:122} INFO - Poking: 
[2023-10-03T07:56:12.710+0000] {base.py:73} INFO - Using connection ID 'thespacedevs_dev' for task execution.
[2023-10-03T07:56:17.998+0000] {http.py:122} INFO - Poking: 
[2023-10-03T07:56:18.003+0000] {base.py:73} INFO - Using connection ID 'thespacedevs_dev' for task execution.
[2023-10-03T07:56:23.266+0000] {http.py:122} INFO - Poking: 
[2023-10-03T07:56:23.271+0000] {base.py:73} INFO - Using connection ID 'thespacedevs_dev' for task execution.
[2023-10-03T07:56:28.522+0000] {http.py:122} INFO - Poking: 
[2023-10-03T07:56:28.527+0000] {base.py:73} INFO - Using connection ID 'thespacedevs_dev' for task execution.
[2023-10-03T07:56:33.814+0000] {http.py:122} INFO - Poking: 
[2023-10-03T07:56:33.828+0000] {base.py:73} INFO - Using connection ID 'thespacedevs_dev' for task execution.
[2023-10-03T07:56:39.108+0000] {http.py:122} INFO - Poking: 
[2023-10-03T07:56:39.113+0000] {base.py:73} INFO - Using connection ID 'thespacedevs_dev' for task execution.
[2023-10-03T07:56:44.394+0000] {http.py:122} INFO - Poking: 
[2023-10-03T07:56:44.404+0000] {base.py:73} INFO - Using connection ID 'thespacedevs_dev' for task execution.
[2023-10-03T07:56:49.670+0000] {http.py:122} INFO - Poking: 
[2023-10-03T07:56:49.691+0000] {base.py:73} INFO - Using connection ID 'thespacedevs_dev' for task execution.
[2023-10-03T07:56:54.990+0000] {http.py:122} INFO - Poking: 
[2023-10-03T07:56:54.996+0000] {base.py:73} INFO - Using connection ID 'thespacedevs_dev' for task execution.
[2023-10-03T07:57:00.358+0000] {http.py:122} INFO - Poking: 
[2023-10-03T07:57:00.364+0000] {base.py:73} INFO - Using connection ID 'thespacedevs_dev' for task execution.
[2023-10-03T07:57:05.658+0000] {http.py:122} INFO - Poking: 
[2023-10-03T07:57:05.675+0000] {base.py:73} INFO - Using connection ID 'thespacedevs_dev' for task execution.
[2023-10-03T07:57:10.966+0000] {http.py:122} INFO - Poking: 
[2023-10-03T07:57:10.977+0000] {base.py:73} INFO - Using connection ID 'thespacedevs_dev' for task execution.
[2023-10-03T07:57:16.288+0000] {http.py:122} INFO - Poking: 
[2023-10-03T07:57:16.299+0000] {base.py:73} INFO - Using connection ID 'thespacedevs_dev' for task execution.
[2023-10-03T07:57:21.610+0000] {http.py:122} INFO - Poking: 
[2023-10-03T07:57:21.620+0000] {base.py:73} INFO - Using connection ID 'thespacedevs_dev' for task execution.
[2023-10-03T07:57:26.878+0000] {http.py:122} INFO - Poking: 
[2023-10-03T07:57:26.895+0000] {base.py:73} INFO - Using connection ID 'thespacedevs_dev' for task execution.
[2023-10-03T07:57:32.190+0000] {http.py:122} INFO - Poking: 
[2023-10-03T07:57:32.199+0000] {base.py:73} INFO - Using connection ID 'thespacedevs_dev' for task execution.
[2023-10-03T07:57:37.521+0000] {http.py:122} INFO - Poking: 
[2023-10-03T07:57:37.550+0000] {base.py:73} INFO - Using connection ID 'thespacedevs_dev' for task execution.
[2023-10-03T07:57:42.923+0000] {http.py:122} INFO - Poking: 
[2023-10-03T07:57:42.942+0000] {base.py:73} INFO - Using connection ID 'thespacedevs_dev' for task execution.
[2023-10-03T07:57:48.226+0000] {http.py:122} INFO - Poking: 
[2023-10-03T07:57:48.234+0000] {base.py:73} INFO - Using connection ID 'thespacedevs_dev' for task execution.
[2023-10-03T07:57:53.618+0000] {http.py:122} INFO - Poking: 
[2023-10-03T07:57:53.625+0000] {base.py:73} INFO - Using connection ID 'thespacedevs_dev' for task execution.
[2023-10-03T07:57:58.957+0000] {http.py:122} INFO - Poking: 
[2023-10-03T07:57:59.001+0000] {base.py:73} INFO - Using connection ID 'thespacedevs_dev' for task execution.
[2023-10-03T07:58:04.350+0000] {http.py:122} INFO - Poking: 
[2023-10-03T07:58:04.355+0000] {base.py:73} INFO - Using connection ID 'thespacedevs_dev' for task execution.
[2023-10-03T07:58:09.846+0000] {http.py:122} INFO - Poking: 
[2023-10-03T07:58:09.853+0000] {base.py:73} INFO - Using connection ID 'thespacedevs_dev' for task execution.
[2023-10-03T07:58:15.137+0000] {http.py:122} INFO - Poking: 
[2023-10-03T07:58:15.158+0000] {base.py:73} INFO - Using connection ID 'thespacedevs_dev' for task execution.
[2023-10-03T07:58:20.693+0000] {http.py:122} INFO - Poking: 
[2023-10-03T07:58:20.705+0000] {base.py:73} INFO - Using connection ID 'thespacedevs_dev' for task execution.
[2023-10-03T07:58:26.022+0000] {http.py:122} INFO - Poking: 
[2023-10-03T07:58:26.027+0000] {base.py:73} INFO - Using connection ID 'thespacedevs_dev' for task execution.
[2023-10-03T07:58:31.308+0000] {http.py:122} INFO - Poking: 
[2023-10-03T07:58:31.314+0000] {base.py:73} INFO - Using connection ID 'thespacedevs_dev' for task execution.
[2023-10-03T07:58:36.622+0000] {http.py:122} INFO - Poking: 
[2023-10-03T07:58:36.631+0000] {base.py:73} INFO - Using connection ID 'thespacedevs_dev' for task execution.
[2023-10-03T07:58:41.948+0000] {http.py:122} INFO - Poking: 
[2023-10-03T07:58:41.953+0000] {base.py:73} INFO - Using connection ID 'thespacedevs_dev' for task execution.
[2023-10-03T07:58:47.230+0000] {http.py:122} INFO - Poking: 
[2023-10-03T07:58:47.244+0000] {base.py:73} INFO - Using connection ID 'thespacedevs_dev' for task execution.
[2023-10-03T07:58:52.547+0000] {http.py:122} INFO - Poking: 
[2023-10-03T07:58:52.555+0000] {base.py:73} INFO - Using connection ID 'thespacedevs_dev' for task execution.
[2023-10-03T07:58:57.867+0000] {http.py:122} INFO - Poking: 
[2023-10-03T07:58:57.878+0000] {base.py:73} INFO - Using connection ID 'thespacedevs_dev' for task execution.
[2023-10-03T07:59:03.258+0000] {http.py:122} INFO - Poking: 
[2023-10-03T07:59:03.263+0000] {base.py:73} INFO - Using connection ID 'thespacedevs_dev' for task execution.
[2023-10-03T07:59:08.542+0000] {http.py:122} INFO - Poking: 
[2023-10-03T07:59:08.548+0000] {base.py:73} INFO - Using connection ID 'thespacedevs_dev' for task execution.
[2023-10-03T07:59:13.835+0000] {http.py:122} INFO - Poking: 
[2023-10-03T07:59:13.841+0000] {base.py:73} INFO - Using connection ID 'thespacedevs_dev' for task execution.
[2023-10-03T07:59:20.367+0000] {http.py:122} INFO - Poking: 
[2023-10-03T07:59:20.373+0000] {base.py:73} INFO - Using connection ID 'thespacedevs_dev' for task execution.
[2023-10-03T07:59:25.646+0000] {http.py:122} INFO - Poking: 
[2023-10-03T07:59:25.653+0000] {base.py:73} INFO - Using connection ID 'thespacedevs_dev' for task execution.
[2023-10-03T07:59:30.946+0000] {http.py:122} INFO - Poking: 
[2023-10-03T07:59:30.951+0000] {base.py:73} INFO - Using connection ID 'thespacedevs_dev' for task execution.
[2023-10-03T07:59:36.223+0000] {http.py:122} INFO - Poking: 
[2023-10-03T07:59:36.228+0000] {base.py:73} INFO - Using connection ID 'thespacedevs_dev' for task execution.
[2023-10-03T07:59:41.532+0000] {http.py:122} INFO - Poking: 
[2023-10-03T07:59:41.537+0000] {base.py:73} INFO - Using connection ID 'thespacedevs_dev' for task execution.
[2023-10-03T07:59:46.806+0000] {http.py:122} INFO - Poking: 
[2023-10-03T07:59:46.812+0000] {base.py:73} INFO - Using connection ID 'thespacedevs_dev' for task execution.
[2023-10-03T07:59:52.112+0000] {http.py:122} INFO - Poking: 
[2023-10-03T07:59:52.131+0000] {base.py:73} INFO - Using connection ID 'thespacedevs_dev' for task execution.
[2023-10-03T07:59:57.431+0000] {http.py:122} INFO - Poking: 
[2023-10-03T07:59:57.436+0000] {base.py:73} INFO - Using connection ID 'thespacedevs_dev' for task execution.
[2023-10-03T08:00:02.735+0000] {http.py:122} INFO - Poking: 
[2023-10-03T08:00:02.741+0000] {base.py:73} INFO - Using connection ID 'thespacedevs_dev' for task execution.
[2023-10-03T08:00:08.008+0000] {http.py:122} INFO - Poking: 
[2023-10-03T08:00:08.014+0000] {base.py:73} INFO - Using connection ID 'thespacedevs_dev' for task execution.
[2023-10-03T08:00:13.321+0000] {http.py:122} INFO - Poking: 
[2023-10-03T08:00:13.326+0000] {base.py:73} INFO - Using connection ID 'thespacedevs_dev' for task execution.
[2023-10-03T08:00:18.614+0000] {http.py:122} INFO - Poking: 
[2023-10-03T08:00:18.619+0000] {base.py:73} INFO - Using connection ID 'thespacedevs_dev' for task execution.
[2023-10-03T08:00:23.874+0000] {http.py:122} INFO - Poking: 
[2023-10-03T08:00:23.879+0000] {base.py:73} INFO - Using connection ID 'thespacedevs_dev' for task execution.
[2023-10-03T08:00:29.195+0000] {http.py:122} INFO - Poking: 
[2023-10-03T08:00:29.200+0000] {base.py:73} INFO - Using connection ID 'thespacedevs_dev' for task execution.
[2023-10-03T08:00:34.488+0000] {http.py:122} INFO - Poking: 
[2023-10-03T08:00:34.502+0000] {base.py:73} INFO - Using connection ID 'thespacedevs_dev' for task execution.
[2023-10-03T08:00:39.834+0000] {http.py:122} INFO - Poking: 
[2023-10-03T08:00:39.840+0000] {base.py:73} INFO - Using connection ID 'thespacedevs_dev' for task execution.
[2023-10-03T08:00:45.134+0000] {http.py:122} INFO - Poking: 
[2023-10-03T08:00:45.140+0000] {base.py:73} INFO - Using connection ID 'thespacedevs_dev' for task execution.
[2023-10-03T08:00:50.390+0000] {http.py:122} INFO - Poking: 
[2023-10-03T08:00:50.395+0000] {base.py:73} INFO - Using connection ID 'thespacedevs_dev' for task execution.
[2023-10-03T08:00:55.693+0000] {http.py:122} INFO - Poking: 
[2023-10-03T08:00:55.702+0000] {base.py:73} INFO - Using connection ID 'thespacedevs_dev' for task execution.
[2023-10-03T08:01:00.979+0000] {http.py:122} INFO - Poking: 
[2023-10-03T08:01:00.989+0000] {base.py:73} INFO - Using connection ID 'thespacedevs_dev' for task execution.
[2023-10-03T08:01:06.278+0000] {http.py:122} INFO - Poking: 
[2023-10-03T08:01:06.287+0000] {base.py:73} INFO - Using connection ID 'thespacedevs_dev' for task execution.
[2023-10-03T08:01:11.579+0000] {http.py:122} INFO - Poking: 
[2023-10-03T08:01:11.584+0000] {base.py:73} INFO - Using connection ID 'thespacedevs_dev' for task execution.
[2023-10-03T08:01:16.848+0000] {http.py:122} INFO - Poking: 
[2023-10-03T08:01:16.853+0000] {base.py:73} INFO - Using connection ID 'thespacedevs_dev' for task execution.
[2023-10-03T08:01:22.107+0000] {http.py:122} INFO - Poking: 
[2023-10-03T08:01:22.113+0000] {base.py:73} INFO - Using connection ID 'thespacedevs_dev' for task execution.
[2023-10-03T08:01:27.398+0000] {http.py:122} INFO - Poking: 
[2023-10-03T08:01:27.403+0000] {base.py:73} INFO - Using connection ID 'thespacedevs_dev' for task execution.
[2023-10-03T08:01:32.675+0000] {http.py:122} INFO - Poking: 
[2023-10-03T08:01:32.700+0000] {base.py:73} INFO - Using connection ID 'thespacedevs_dev' for task execution.
[2023-10-03T08:01:38.020+0000] {http.py:122} INFO - Poking: 
[2023-10-03T08:01:38.034+0000] {base.py:73} INFO - Using connection ID 'thespacedevs_dev' for task execution.
[2023-10-03T08:01:43.420+0000] {http.py:122} INFO - Poking: 
[2023-10-03T08:01:43.438+0000] {base.py:73} INFO - Using connection ID 'thespacedevs_dev' for task execution.
[2023-10-03T08:01:48.730+0000] {http.py:122} INFO - Poking: 
[2023-10-03T08:01:48.740+0000] {base.py:73} INFO - Using connection ID 'thespacedevs_dev' for task execution.
[2023-10-03T08:01:54.010+0000] {http.py:122} INFO - Poking: 
[2023-10-03T08:01:54.015+0000] {base.py:73} INFO - Using connection ID 'thespacedevs_dev' for task execution.
[2023-10-03T08:01:59.334+0000] {http.py:122} INFO - Poking: 
[2023-10-03T08:01:59.344+0000] {base.py:73} INFO - Using connection ID 'thespacedevs_dev' for task execution.
[2023-10-03T08:02:04.682+0000] {http.py:122} INFO - Poking: 
[2023-10-03T08:02:04.688+0000] {base.py:73} INFO - Using connection ID 'thespacedevs_dev' for task execution.
[2023-10-03T08:02:09.974+0000] {http.py:122} INFO - Poking: 
[2023-10-03T08:02:09.983+0000] {base.py:73} INFO - Using connection ID 'thespacedevs_dev' for task execution.
[2023-10-03T08:02:15.266+0000] {http.py:122} INFO - Poking: 
[2023-10-03T08:02:15.287+0000] {base.py:73} INFO - Using connection ID 'thespacedevs_dev' for task execution.
[2023-10-03T08:02:20.658+0000] {http.py:122} INFO - Poking: 
[2023-10-03T08:02:20.667+0000] {base.py:73} INFO - Using connection ID 'thespacedevs_dev' for task execution.
[2023-10-03T08:02:25.986+0000] {http.py:122} INFO - Poking: 
[2023-10-03T08:02:25.998+0000] {base.py:73} INFO - Using connection ID 'thespacedevs_dev' for task execution.
[2023-10-03T08:02:32.093+0000] {http.py:122} INFO - Poking: 
[2023-10-03T08:02:32.185+0000] {base.py:73} INFO - Using connection ID 'thespacedevs_dev' for task execution.
[2023-10-03T08:02:37.579+0000] {http.py:122} INFO - Poking: 
[2023-10-03T08:02:37.601+0000] {base.py:73} INFO - Using connection ID 'thespacedevs_dev' for task execution.
[2023-10-03T08:02:42.994+0000] {http.py:122} INFO - Poking: 
[2023-10-03T08:02:43.003+0000] {base.py:73} INFO - Using connection ID 'thespacedevs_dev' for task execution.
[2023-10-03T08:02:48.312+0000] {http.py:122} INFO - Poking: 
[2023-10-03T08:02:48.317+0000] {base.py:73} INFO - Using connection ID 'thespacedevs_dev' for task execution.
[2023-10-03T08:02:53.588+0000] {http.py:122} INFO - Poking: 
[2023-10-03T08:02:53.594+0000] {base.py:73} INFO - Using connection ID 'thespacedevs_dev' for task execution.
[2023-10-03T08:02:58.882+0000] {http.py:122} INFO - Poking: 
[2023-10-03T08:02:58.887+0000] {base.py:73} INFO - Using connection ID 'thespacedevs_dev' for task execution.
[2023-10-03T08:03:04.154+0000] {http.py:122} INFO - Poking: 
[2023-10-03T08:03:04.161+0000] {base.py:73} INFO - Using connection ID 'thespacedevs_dev' for task execution.
[2023-10-03T08:03:09.440+0000] {http.py:122} INFO - Poking: 
[2023-10-03T08:03:09.446+0000] {base.py:73} INFO - Using connection ID 'thespacedevs_dev' for task execution.
[2023-10-03T08:03:14.742+0000] {http.py:122} INFO - Poking: 
[2023-10-03T08:03:14.757+0000] {base.py:73} INFO - Using connection ID 'thespacedevs_dev' for task execution.
[2023-10-03T08:03:20.074+0000] {http.py:122} INFO - Poking: 
[2023-10-03T08:03:20.080+0000] {base.py:73} INFO - Using connection ID 'thespacedevs_dev' for task execution.
[2023-10-03T08:03:25.383+0000] {http.py:122} INFO - Poking: 
[2023-10-03T08:03:25.387+0000] {base.py:73} INFO - Using connection ID 'thespacedevs_dev' for task execution.
[2023-10-03T08:03:30.666+0000] {http.py:122} INFO - Poking: 
[2023-10-03T08:03:30.671+0000] {base.py:73} INFO - Using connection ID 'thespacedevs_dev' for task execution.
[2023-10-03T08:03:35.938+0000] {http.py:122} INFO - Poking: 
[2023-10-03T08:03:35.945+0000] {base.py:73} INFO - Using connection ID 'thespacedevs_dev' for task execution.
[2023-10-03T08:03:41.230+0000] {http.py:122} INFO - Poking: 
[2023-10-03T08:03:41.236+0000] {base.py:73} INFO - Using connection ID 'thespacedevs_dev' for task execution.
[2023-10-03T08:03:46.517+0000] {http.py:122} INFO - Poking: 
[2023-10-03T08:03:46.527+0000] {base.py:73} INFO - Using connection ID 'thespacedevs_dev' for task execution.
[2023-10-03T08:03:52.155+0000] {http.py:122} INFO - Poking: 
[2023-10-03T08:03:52.171+0000] {base.py:73} INFO - Using connection ID 'thespacedevs_dev' for task execution.
[2023-10-03T08:03:57.488+0000] {http.py:122} INFO - Poking: 
[2023-10-03T08:03:57.501+0000] {base.py:73} INFO - Using connection ID 'thespacedevs_dev' for task execution.
[2023-10-03T08:04:02.820+0000] {http.py:122} INFO - Poking: 
[2023-10-03T08:04:02.826+0000] {base.py:73} INFO - Using connection ID 'thespacedevs_dev' for task execution.
[2023-10-03T08:04:08.094+0000] {http.py:122} INFO - Poking: 
[2023-10-03T08:04:08.109+0000] {base.py:73} INFO - Using connection ID 'thespacedevs_dev' for task execution.
[2023-10-03T08:04:13.431+0000] {http.py:122} INFO - Poking: 
[2023-10-03T08:04:13.438+0000] {base.py:73} INFO - Using connection ID 'thespacedevs_dev' for task execution.
[2023-10-03T08:04:18.740+0000] {http.py:122} INFO - Poking: 
[2023-10-03T08:04:18.748+0000] {base.py:73} INFO - Using connection ID 'thespacedevs_dev' for task execution.
[2023-10-03T08:04:24.110+0000] {http.py:122} INFO - Poking: 
[2023-10-03T08:04:24.128+0000] {base.py:73} INFO - Using connection ID 'thespacedevs_dev' for task execution.
[2023-10-03T08:04:29.468+0000] {http.py:122} INFO - Poking: 
[2023-10-03T08:04:29.474+0000] {base.py:73} INFO - Using connection ID 'thespacedevs_dev' for task execution.
[2023-10-03T08:04:34.762+0000] {http.py:122} INFO - Poking: 
[2023-10-03T08:04:34.767+0000] {base.py:73} INFO - Using connection ID 'thespacedevs_dev' for task execution.
[2023-10-03T08:04:40.034+0000] {http.py:122} INFO - Poking: 
[2023-10-03T08:04:40.039+0000] {base.py:73} INFO - Using connection ID 'thespacedevs_dev' for task execution.
[2023-10-03T08:04:45.322+0000] {http.py:122} INFO - Poking: 
[2023-10-03T08:04:45.327+0000] {base.py:73} INFO - Using connection ID 'thespacedevs_dev' for task execution.
[2023-10-03T08:04:50.614+0000] {http.py:122} INFO - Poking: 
[2023-10-03T08:04:50.619+0000] {base.py:73} INFO - Using connection ID 'thespacedevs_dev' for task execution.
[2023-10-03T08:04:55.902+0000] {http.py:122} INFO - Poking: 
[2023-10-03T08:04:55.907+0000] {base.py:73} INFO - Using connection ID 'thespacedevs_dev' for task execution.
[2023-10-03T08:05:01.180+0000] {http.py:122} INFO - Poking: 
[2023-10-03T08:05:01.187+0000] {base.py:73} INFO - Using connection ID 'thespacedevs_dev' for task execution.
[2023-10-03T08:05:06.478+0000] {http.py:122} INFO - Poking: 
[2023-10-03T08:05:06.484+0000] {base.py:73} INFO - Using connection ID 'thespacedevs_dev' for task execution.
[2023-10-03T08:05:11.854+0000] {http.py:122} INFO - Poking: 
[2023-10-03T08:05:11.869+0000] {base.py:73} INFO - Using connection ID 'thespacedevs_dev' for task execution.
[2023-10-03T08:05:17.182+0000] {http.py:122} INFO - Poking: 
[2023-10-03T08:05:17.189+0000] {base.py:73} INFO - Using connection ID 'thespacedevs_dev' for task execution.
[2023-10-03T08:05:22.506+0000] {http.py:122} INFO - Poking: 
[2023-10-03T08:05:22.519+0000] {base.py:73} INFO - Using connection ID 'thespacedevs_dev' for task execution.
[2023-10-03T08:05:27.832+0000] {http.py:122} INFO - Poking: 
[2023-10-03T08:05:27.863+0000] {base.py:73} INFO - Using connection ID 'thespacedevs_dev' for task execution.
[2023-10-03T08:05:33.174+0000] {http.py:122} INFO - Poking: 
[2023-10-03T08:05:33.180+0000] {base.py:73} INFO - Using connection ID 'thespacedevs_dev' for task execution.
[2023-10-03T08:05:39.274+0000] {http.py:122} INFO - Poking: 
[2023-10-03T08:05:39.279+0000] {base.py:73} INFO - Using connection ID 'thespacedevs_dev' for task execution.
[2023-10-03T08:05:44.548+0000] {http.py:122} INFO - Poking: 
[2023-10-03T08:05:44.554+0000] {base.py:73} INFO - Using connection ID 'thespacedevs_dev' for task execution.
[2023-10-03T08:05:49.842+0000] {http.py:122} INFO - Poking: 
[2023-10-03T08:05:49.849+0000] {base.py:73} INFO - Using connection ID 'thespacedevs_dev' for task execution.
[2023-10-03T08:05:55.142+0000] {http.py:122} INFO - Poking: 
[2023-10-03T08:05:55.150+0000] {base.py:73} INFO - Using connection ID 'thespacedevs_dev' for task execution.
[2023-10-03T08:06:00.458+0000] {http.py:122} INFO - Poking: 
[2023-10-03T08:06:00.464+0000] {base.py:73} INFO - Using connection ID 'thespacedevs_dev' for task execution.
[2023-10-03T08:06:05.726+0000] {http.py:122} INFO - Poking: 
[2023-10-03T08:06:05.732+0000] {base.py:73} INFO - Using connection ID 'thespacedevs_dev' for task execution.
[2023-10-03T08:06:11.030+0000] {http.py:122} INFO - Poking: 
[2023-10-03T08:06:11.037+0000] {base.py:73} INFO - Using connection ID 'thespacedevs_dev' for task execution.
[2023-10-03T08:06:16.402+0000] {http.py:122} INFO - Poking: 
[2023-10-03T08:06:16.409+0000] {base.py:73} INFO - Using connection ID 'thespacedevs_dev' for task execution.
[2023-10-03T08:06:21.712+0000] {http.py:122} INFO - Poking: 
[2023-10-03T08:06:21.718+0000] {base.py:73} INFO - Using connection ID 'thespacedevs_dev' for task execution.
[2023-10-03T08:06:27.026+0000] {http.py:122} INFO - Poking: 
[2023-10-03T08:06:27.036+0000] {base.py:73} INFO - Using connection ID 'thespacedevs_dev' for task execution.
[2023-10-03T08:06:32.394+0000] {http.py:122} INFO - Poking: 
[2023-10-03T08:06:32.403+0000] {base.py:73} INFO - Using connection ID 'thespacedevs_dev' for task execution.
[2023-10-03T08:06:37.682+0000] {http.py:122} INFO - Poking: 
[2023-10-03T08:06:37.695+0000] {base.py:73} INFO - Using connection ID 'thespacedevs_dev' for task execution.
[2023-10-03T08:06:44.062+0000] {http.py:122} INFO - Poking: 
[2023-10-03T08:06:44.069+0000] {base.py:73} INFO - Using connection ID 'thespacedevs_dev' for task execution.
[2023-10-03T08:06:49.394+0000] {http.py:122} INFO - Poking: 
[2023-10-03T08:06:49.405+0000] {base.py:73} INFO - Using connection ID 'thespacedevs_dev' for task execution.
[2023-10-03T08:06:54.690+0000] {http.py:122} INFO - Poking: 
[2023-10-03T08:06:54.706+0000] {base.py:73} INFO - Using connection ID 'thespacedevs_dev' for task execution.
[2023-10-03T08:06:59.978+0000] {http.py:122} INFO - Poking: 
[2023-10-03T08:06:59.985+0000] {base.py:73} INFO - Using connection ID 'thespacedevs_dev' for task execution.
[2023-10-03T08:07:05.278+0000] {http.py:122} INFO - Poking: 
[2023-10-03T08:07:05.293+0000] {base.py:73} INFO - Using connection ID 'thespacedevs_dev' for task execution.
[2023-10-03T08:07:10.594+0000] {http.py:122} INFO - Poking: 
[2023-10-03T08:07:10.599+0000] {base.py:73} INFO - Using connection ID 'thespacedevs_dev' for task execution.
[2023-10-03T08:07:15.895+0000] {http.py:122} INFO - Poking: 
[2023-10-03T08:07:15.900+0000] {base.py:73} INFO - Using connection ID 'thespacedevs_dev' for task execution.
[2023-10-03T08:07:21.196+0000] {http.py:122} INFO - Poking: 
[2023-10-03T08:07:21.201+0000] {base.py:73} INFO - Using connection ID 'thespacedevs_dev' for task execution.
[2023-10-03T08:07:26.553+0000] {http.py:122} INFO - Poking: 
[2023-10-03T08:07:26.558+0000] {base.py:73} INFO - Using connection ID 'thespacedevs_dev' for task execution.
[2023-10-03T08:07:31.800+0000] {http.py:122} INFO - Poking: 
[2023-10-03T08:07:31.809+0000] {base.py:73} INFO - Using connection ID 'thespacedevs_dev' for task execution.
[2023-10-03T08:07:37.086+0000] {http.py:122} INFO - Poking: 
[2023-10-03T08:07:37.092+0000] {base.py:73} INFO - Using connection ID 'thespacedevs_dev' for task execution.
[2023-10-03T08:07:42.371+0000] {http.py:122} INFO - Poking: 
[2023-10-03T08:07:42.377+0000] {base.py:73} INFO - Using connection ID 'thespacedevs_dev' for task execution.
[2023-10-03T08:07:49.330+0000] {http.py:122} INFO - Poking: 
[2023-10-03T08:07:49.336+0000] {base.py:73} INFO - Using connection ID 'thespacedevs_dev' for task execution.
[2023-10-03T08:07:54.646+0000] {http.py:122} INFO - Poking: 
[2023-10-03T08:07:54.651+0000] {base.py:73} INFO - Using connection ID 'thespacedevs_dev' for task execution.
[2023-10-03T08:07:59.898+0000] {http.py:122} INFO - Poking: 
[2023-10-03T08:07:59.903+0000] {base.py:73} INFO - Using connection ID 'thespacedevs_dev' for task execution.
[2023-10-03T08:08:05.199+0000] {http.py:122} INFO - Poking: 
[2023-10-03T08:08:05.203+0000] {base.py:73} INFO - Using connection ID 'thespacedevs_dev' for task execution.
[2023-10-03T08:08:10.495+0000] {http.py:122} INFO - Poking: 
[2023-10-03T08:08:10.501+0000] {base.py:73} INFO - Using connection ID 'thespacedevs_dev' for task execution.
[2023-10-03T08:08:15.766+0000] {http.py:122} INFO - Poking: 
[2023-10-03T08:08:15.771+0000] {base.py:73} INFO - Using connection ID 'thespacedevs_dev' for task execution.
[2023-10-03T08:08:21.034+0000] {http.py:122} INFO - Poking: 
[2023-10-03T08:08:21.039+0000] {base.py:73} INFO - Using connection ID 'thespacedevs_dev' for task execution.
[2023-10-03T08:08:26.303+0000] {http.py:122} INFO - Poking: 
[2023-10-03T08:08:26.308+0000] {base.py:73} INFO - Using connection ID 'thespacedevs_dev' for task execution.
[2023-10-03T08:08:31.586+0000] {http.py:122} INFO - Poking: 
[2023-10-03T08:08:31.593+0000] {base.py:73} INFO - Using connection ID 'thespacedevs_dev' for task execution.
[2023-10-03T08:08:36.876+0000] {http.py:122} INFO - Poking: 
[2023-10-03T08:08:36.881+0000] {base.py:73} INFO - Using connection ID 'thespacedevs_dev' for task execution.
[2023-10-03T08:08:42.184+0000] {http.py:122} INFO - Poking: 
[2023-10-03T08:08:42.191+0000] {base.py:73} INFO - Using connection ID 'thespacedevs_dev' for task execution.
[2023-10-03T08:08:47.494+0000] {http.py:122} INFO - Poking: 
[2023-10-03T08:08:47.499+0000] {base.py:73} INFO - Using connection ID 'thespacedevs_dev' for task execution.
[2023-10-03T08:08:52.798+0000] {http.py:122} INFO - Poking: 
[2023-10-03T08:08:52.804+0000] {base.py:73} INFO - Using connection ID 'thespacedevs_dev' for task execution.
[2023-10-03T08:08:53.988+0000] {local_task_job_runner.py:299} WARNING - State of this instance has been externally set to failed. Terminating instance.
[2023-10-03T08:08:53.990+0000] {process_utils.py:135} INFO - Sending Signals.SIGTERM to group 471. PIDs of all processes in the group: [471]
[2023-10-03T08:08:53.990+0000] {process_utils.py:86} INFO - Sending the signal Signals.SIGTERM to group 471
[2023-10-03T08:08:53.990+0000] {taskinstance.py:1540} ERROR - Received SIGTERM. Terminating subprocesses.
[2023-10-03T08:08:54.044+0000] {process_utils.py:79} INFO - Process psutil.Process(pid=471, status='terminated', exitcode=0, started='07:54:04') (471) terminated with exit code 0
