[2023-10-03T10:10:15.607+0000] {taskinstance.py:1125} INFO - Dependencies all met for dep_context=non-requeueable deps ti=<TaskInstance: launches_getter.check_api_status scheduled__2023-10-01T00:00:00+00:00 [queued]>
[2023-10-03T10:10:15.719+0000] {taskinstance.py:1125} INFO - Dependencies all met for dep_context=requeueable deps ti=<TaskInstance: launches_getter.check_api_status scheduled__2023-10-01T00:00:00+00:00 [queued]>
[2023-10-03T10:10:15.722+0000] {taskinstance.py:1331} INFO - Starting attempt 1 of 1
[2023-10-03T10:10:15.873+0000] {taskinstance.py:1350} INFO - Executing <Task(HttpSensor): check_api_status> on 2023-10-01 00:00:00+00:00
[2023-10-03T10:10:15.925+0000] {standard_task_runner.py:57} INFO - Started process 3036 to run task
[2023-10-03T10:10:15.971+0000] {standard_task_runner.py:84} INFO - Running: ['***', 'tasks', 'run', 'launches_getter', 'check_api_status', 'scheduled__2023-10-01T00:00:00+00:00', '--job-id', '163', '--raw', '--subdir', 'DAGS_FOLDER/launches.py', '--cfg-path', '/tmp/tmp8gb19hy_']
[2023-10-03T10:10:15.980+0000] {standard_task_runner.py:85} INFO - Job 163: Subtask check_api_status
[2023-10-03T10:10:16.253+0000] {task_command.py:410} INFO - Running <TaskInstance: launches_getter.check_api_status scheduled__2023-10-01T00:00:00+00:00 [running]> on host f21dc12153d8
[2023-10-03T10:10:17.468+0000] {taskinstance.py:1570} INFO - Exporting env vars: AIRFLOW_CTX_DAG_OWNER='***' AIRFLOW_CTX_DAG_ID='launches_getter' AIRFLOW_CTX_TASK_ID='check_api_status' AIRFLOW_CTX_EXECUTION_DATE='2023-10-01T00:00:00+00:00' AIRFLOW_CTX_TRY_NUMBER='1' AIRFLOW_CTX_DAG_RUN_ID='scheduled__2023-10-01T00:00:00+00:00'
[2023-10-03T10:10:17.471+0000] {http.py:122} INFO - Poking: 
[2023-10-03T10:10:17.652+0000] {base.py:73} INFO - Using connection ID 'thespacedevs_dev' for task execution.
[2023-10-03T10:10:17.997+0000] {base.py:255} INFO - Success criteria met. Exiting.
[2023-10-03T10:10:18.035+0000] {taskinstance.py:1373} INFO - Marking task as SUCCESS. dag_id=launches_getter, task_id=check_api_status, execution_date=20231001T000000, start_date=20231003T101015, end_date=20231003T101018
[2023-10-03T10:10:18.118+0000] {local_task_job_runner.py:232} INFO - Task exited with return code 0
[2023-10-03T10:10:18.294+0000] {taskinstance.py:2674} INFO - 1 downstream tasks scheduled from follow-on schedule check
[2023-10-03T12:31:25.519+0000] {taskinstance.py:1125} INFO - Dependencies all met for dep_context=non-requeueable deps ti=<TaskInstance: launches_getter.check_api_status scheduled__2023-10-01T00:00:00+00:00 [queued]>
[2023-10-03T12:31:25.596+0000] {taskinstance.py:1125} INFO - Dependencies all met for dep_context=requeueable deps ti=<TaskInstance: launches_getter.check_api_status scheduled__2023-10-01T00:00:00+00:00 [queued]>
[2023-10-03T12:31:25.597+0000] {taskinstance.py:1331} INFO - Starting attempt 1 of 1
[2023-10-03T12:31:25.829+0000] {taskinstance.py:1350} INFO - Executing <Task(HttpSensor): check_api_status> on 2023-10-01 00:00:00+00:00
[2023-10-03T12:31:25.839+0000] {standard_task_runner.py:57} INFO - Started process 129 to run task
[2023-10-03T12:31:25.847+0000] {standard_task_runner.py:84} INFO - Running: ['***', 'tasks', 'run', 'launches_getter', 'check_api_status', 'scheduled__2023-10-01T00:00:00+00:00', '--job-id', '259', '--raw', '--subdir', 'DAGS_FOLDER/launches.py', '--cfg-path', '/tmp/tmpnr5kzvvh']
[2023-10-03T12:31:25.849+0000] {standard_task_runner.py:85} INFO - Job 259: Subtask check_api_status
[2023-10-03T12:31:25.973+0000] {task_command.py:410} INFO - Running <TaskInstance: launches_getter.check_api_status scheduled__2023-10-01T00:00:00+00:00 [running]> on host f21dc12153d8
[2023-10-03T12:31:26.151+0000] {taskinstance.py:1570} INFO - Exporting env vars: AIRFLOW_CTX_DAG_OWNER='***' AIRFLOW_CTX_DAG_ID='launches_getter' AIRFLOW_CTX_TASK_ID='check_api_status' AIRFLOW_CTX_EXECUTION_DATE='2023-10-01T00:00:00+00:00' AIRFLOW_CTX_TRY_NUMBER='1' AIRFLOW_CTX_DAG_RUN_ID='scheduled__2023-10-01T00:00:00+00:00'
[2023-10-03T12:31:26.153+0000] {http.py:122} INFO - Poking: 
[2023-10-03T12:31:26.169+0000] {base.py:73} INFO - Using connection ID 'thespacedevs_dev' for task execution.
[2023-10-03T12:31:26.795+0000] {base.py:255} INFO - Success criteria met. Exiting.
[2023-10-03T12:31:26.953+0000] {taskinstance.py:1373} INFO - Marking task as SUCCESS. dag_id=launches_getter, task_id=check_api_status, execution_date=20231001T000000, start_date=20231003T123125, end_date=20231003T123126
[2023-10-03T12:31:27.382+0000] {local_task_job_runner.py:232} INFO - Task exited with return code 0
[2023-10-03T12:31:28.001+0000] {taskinstance.py:2674} INFO - 0 downstream tasks scheduled from follow-on schedule check
