[2023-10-03T07:53:53.503+0000] {taskinstance.py:1125} INFO - Dependencies all met for dep_context=non-requeueable deps ti=<TaskInstance: launches_getter.http_sensor_check scheduled__2023-07-05T00:00:00+00:00 [queued]>
[2023-10-03T07:53:53.578+0000] {taskinstance.py:1125} INFO - Dependencies all met for dep_context=requeueable deps ti=<TaskInstance: launches_getter.http_sensor_check scheduled__2023-07-05T00:00:00+00:00 [queued]>
[2023-10-03T07:53:53.580+0000] {taskinstance.py:1331} INFO - Starting attempt 1 of 1
[2023-10-03T07:53:53.741+0000] {taskinstance.py:1350} INFO - Executing <Task(HttpSensor): http_sensor_check> on 2023-07-05 00:00:00+00:00
[2023-10-03T07:53:53.792+0000] {standard_task_runner.py:57} INFO - Started process 433 to run task
[2023-10-03T07:53:53.821+0000] {standard_task_runner.py:84} INFO - Running: ['***', 'tasks', 'run', 'launches_getter', 'http_sensor_check', 'scheduled__2023-07-05T00:00:00+00:00', '--job-id', '63', '--raw', '--subdir', 'DAGS_FOLDER/launches.py', '--cfg-path', '/tmp/tmphcg6av7k']
[2023-10-03T07:53:53.893+0000] {standard_task_runner.py:85} INFO - Job 63: Subtask http_sensor_check
[2023-10-03T07:53:54.632+0000] {task_command.py:410} INFO - Running <TaskInstance: launches_getter.http_sensor_check scheduled__2023-07-05T00:00:00+00:00 [running]> on host f21dc12153d8
[2023-10-03T07:53:57.364+0000] {taskinstance.py:1570} INFO - Exporting env vars: AIRFLOW_CTX_DAG_OWNER='***' AIRFLOW_CTX_DAG_ID='launches_getter' AIRFLOW_CTX_TASK_ID='http_sensor_check' AIRFLOW_CTX_EXECUTION_DATE='2023-07-05T00:00:00+00:00' AIRFLOW_CTX_TRY_NUMBER='1' AIRFLOW_CTX_DAG_RUN_ID='scheduled__2023-07-05T00:00:00+00:00'
[2023-10-03T07:53:57.366+0000] {http.py:122} INFO - Poking: 
[2023-10-03T07:53:57.540+0000] {base.py:73} INFO - Using connection ID 'thespacedevs_dev' for task execution.
[2023-10-03T07:54:03.790+0000] {http.py:122} INFO - Poking: 
[2023-10-03T07:54:03.798+0000] {base.py:73} INFO - Using connection ID 'thespacedevs_dev' for task execution.
[2023-10-03T07:54:09.431+0000] {http.py:122} INFO - Poking: 
[2023-10-03T07:54:09.438+0000] {base.py:73} INFO - Using connection ID 'thespacedevs_dev' for task execution.
[2023-10-03T07:54:15.022+0000] {http.py:122} INFO - Poking: 
[2023-10-03T07:54:15.028+0000] {base.py:73} INFO - Using connection ID 'thespacedevs_dev' for task execution.
[2023-10-03T07:54:20.306+0000] {http.py:122} INFO - Poking: 
[2023-10-03T07:54:20.311+0000] {base.py:73} INFO - Using connection ID 'thespacedevs_dev' for task execution.
[2023-10-03T07:54:25.595+0000] {http.py:122} INFO - Poking: 
[2023-10-03T07:54:25.602+0000] {base.py:73} INFO - Using connection ID 'thespacedevs_dev' for task execution.
[2023-10-03T07:54:30.895+0000] {http.py:122} INFO - Poking: 
[2023-10-03T07:54:30.907+0000] {base.py:73} INFO - Using connection ID 'thespacedevs_dev' for task execution.
[2023-10-03T07:54:36.146+0000] {http.py:122} INFO - Poking: 
[2023-10-03T07:54:36.151+0000] {base.py:73} INFO - Using connection ID 'thespacedevs_dev' for task execution.
[2023-10-03T07:54:41.434+0000] {http.py:122} INFO - Poking: 
[2023-10-03T07:54:41.440+0000] {base.py:73} INFO - Using connection ID 'thespacedevs_dev' for task execution.
[2023-10-03T07:54:46.736+0000] {http.py:122} INFO - Poking: 
[2023-10-03T07:54:46.744+0000] {base.py:73} INFO - Using connection ID 'thespacedevs_dev' for task execution.
[2023-10-03T07:54:52.053+0000] {http.py:122} INFO - Poking: 
[2023-10-03T07:54:52.059+0000] {base.py:73} INFO - Using connection ID 'thespacedevs_dev' for task execution.
[2023-10-03T07:54:57.346+0000] {http.py:122} INFO - Poking: 
[2023-10-03T07:54:57.355+0000] {base.py:73} INFO - Using connection ID 'thespacedevs_dev' for task execution.
[2023-10-03T07:55:02.664+0000] {http.py:122} INFO - Poking: 
[2023-10-03T07:55:02.672+0000] {base.py:73} INFO - Using connection ID 'thespacedevs_dev' for task execution.
[2023-10-03T07:55:07.972+0000] {http.py:122} INFO - Poking: 
[2023-10-03T07:55:07.977+0000] {base.py:73} INFO - Using connection ID 'thespacedevs_dev' for task execution.
[2023-10-03T07:55:13.238+0000] {http.py:122} INFO - Poking: 
[2023-10-03T07:55:13.248+0000] {base.py:73} INFO - Using connection ID 'thespacedevs_dev' for task execution.
[2023-10-03T07:55:18.614+0000] {http.py:122} INFO - Poking: 
[2023-10-03T07:55:18.622+0000] {base.py:73} INFO - Using connection ID 'thespacedevs_dev' for task execution.
[2023-10-03T07:55:23.959+0000] {http.py:122} INFO - Poking: 
[2023-10-03T07:55:23.965+0000] {base.py:73} INFO - Using connection ID 'thespacedevs_dev' for task execution.
[2023-10-03T07:55:29.218+0000] {http.py:122} INFO - Poking: 
[2023-10-03T07:55:29.223+0000] {base.py:73} INFO - Using connection ID 'thespacedevs_dev' for task execution.
[2023-10-03T07:55:34.528+0000] {http.py:122} INFO - Poking: 
[2023-10-03T07:55:34.534+0000] {base.py:73} INFO - Using connection ID 'thespacedevs_dev' for task execution.
[2023-10-03T07:55:39.829+0000] {http.py:122} INFO - Poking: 
[2023-10-03T07:55:39.835+0000] {base.py:73} INFO - Using connection ID 'thespacedevs_dev' for task execution.
[2023-10-03T07:55:45.126+0000] {http.py:122} INFO - Poking: 
[2023-10-03T07:55:45.134+0000] {base.py:73} INFO - Using connection ID 'thespacedevs_dev' for task execution.
[2023-10-03T07:55:50.418+0000] {http.py:122} INFO - Poking: 
[2023-10-03T07:55:50.423+0000] {base.py:73} INFO - Using connection ID 'thespacedevs_dev' for task execution.
[2023-10-03T07:55:55.682+0000] {http.py:122} INFO - Poking: 
[2023-10-03T07:55:55.695+0000] {base.py:73} INFO - Using connection ID 'thespacedevs_dev' for task execution.
[2023-10-03T07:56:00.978+0000] {http.py:122} INFO - Poking: 
[2023-10-03T07:56:00.984+0000] {base.py:73} INFO - Using connection ID 'thespacedevs_dev' for task execution.
[2023-10-03T07:56:06.250+0000] {http.py:122} INFO - Poking: 
[2023-10-03T07:56:06.263+0000] {base.py:73} INFO - Using connection ID 'thespacedevs_dev' for task execution.
[2023-10-03T07:56:11.574+0000] {http.py:122} INFO - Poking: 
[2023-10-03T07:56:11.593+0000] {base.py:73} INFO - Using connection ID 'thespacedevs_dev' for task execution.
[2023-10-03T07:56:16.858+0000] {http.py:122} INFO - Poking: 
[2023-10-03T07:56:16.870+0000] {base.py:73} INFO - Using connection ID 'thespacedevs_dev' for task execution.
[2023-10-03T07:56:22.166+0000] {http.py:122} INFO - Poking: 
[2023-10-03T07:56:22.171+0000] {base.py:73} INFO - Using connection ID 'thespacedevs_dev' for task execution.
[2023-10-03T07:56:27.454+0000] {http.py:122} INFO - Poking: 
[2023-10-03T07:56:27.459+0000] {base.py:73} INFO - Using connection ID 'thespacedevs_dev' for task execution.
[2023-10-03T07:56:32.722+0000] {http.py:122} INFO - Poking: 
[2023-10-03T07:56:32.727+0000] {base.py:73} INFO - Using connection ID 'thespacedevs_dev' for task execution.
[2023-10-03T07:56:38.026+0000] {http.py:122} INFO - Poking: 
[2023-10-03T07:56:38.035+0000] {base.py:73} INFO - Using connection ID 'thespacedevs_dev' for task execution.
[2023-10-03T07:56:43.347+0000] {http.py:122} INFO - Poking: 
[2023-10-03T07:56:43.354+0000] {base.py:73} INFO - Using connection ID 'thespacedevs_dev' for task execution.
[2023-10-03T07:56:48.619+0000] {http.py:122} INFO - Poking: 
[2023-10-03T07:56:48.663+0000] {base.py:73} INFO - Using connection ID 'thespacedevs_dev' for task execution.
[2023-10-03T07:56:53.994+0000] {http.py:122} INFO - Poking: 
[2023-10-03T07:56:54.005+0000] {base.py:73} INFO - Using connection ID 'thespacedevs_dev' for task execution.
[2023-10-03T07:56:59.275+0000] {http.py:122} INFO - Poking: 
[2023-10-03T07:56:59.285+0000] {base.py:73} INFO - Using connection ID 'thespacedevs_dev' for task execution.
[2023-10-03T07:57:04.566+0000] {http.py:122} INFO - Poking: 
[2023-10-03T07:57:04.571+0000] {base.py:73} INFO - Using connection ID 'thespacedevs_dev' for task execution.
[2023-10-03T07:57:09.850+0000] {http.py:122} INFO - Poking: 
[2023-10-03T07:57:09.855+0000] {base.py:73} INFO - Using connection ID 'thespacedevs_dev' for task execution.
[2023-10-03T07:57:15.955+0000] {http.py:122} INFO - Poking: 
[2023-10-03T07:57:16.055+0000] {base.py:73} INFO - Using connection ID 'thespacedevs_dev' for task execution.
[2023-10-03T07:57:21.517+0000] {http.py:122} INFO - Poking: 
[2023-10-03T07:57:21.526+0000] {base.py:73} INFO - Using connection ID 'thespacedevs_dev' for task execution.
[2023-10-03T07:57:26.876+0000] {http.py:122} INFO - Poking: 
[2023-10-03T07:57:26.893+0000] {base.py:73} INFO - Using connection ID 'thespacedevs_dev' for task execution.
[2023-10-03T07:57:32.191+0000] {http.py:122} INFO - Poking: 
[2023-10-03T07:57:32.201+0000] {base.py:73} INFO - Using connection ID 'thespacedevs_dev' for task execution.
[2023-10-03T07:57:37.498+0000] {http.py:122} INFO - Poking: 
[2023-10-03T07:57:37.539+0000] {base.py:73} INFO - Using connection ID 'thespacedevs_dev' for task execution.
[2023-10-03T07:57:42.859+0000] {http.py:122} INFO - Poking: 
[2023-10-03T07:57:42.864+0000] {base.py:73} INFO - Using connection ID 'thespacedevs_dev' for task execution.
[2023-10-03T07:57:48.142+0000] {http.py:122} INFO - Poking: 
[2023-10-03T07:57:48.154+0000] {base.py:73} INFO - Using connection ID 'thespacedevs_dev' for task execution.
[2023-10-03T07:57:53.457+0000] {http.py:122} INFO - Poking: 
[2023-10-03T07:57:53.463+0000] {base.py:73} INFO - Using connection ID 'thespacedevs_dev' for task execution.
[2023-10-03T07:57:58.757+0000] {http.py:122} INFO - Poking: 
[2023-10-03T07:57:58.793+0000] {base.py:73} INFO - Using connection ID 'thespacedevs_dev' for task execution.
[2023-10-03T07:58:04.159+0000] {http.py:122} INFO - Poking: 
[2023-10-03T07:58:04.165+0000] {base.py:73} INFO - Using connection ID 'thespacedevs_dev' for task execution.
[2023-10-03T07:58:09.455+0000] {http.py:122} INFO - Poking: 
[2023-10-03T07:58:09.461+0000] {base.py:73} INFO - Using connection ID 'thespacedevs_dev' for task execution.
[2023-10-03T07:58:14.742+0000] {http.py:122} INFO - Poking: 
[2023-10-03T07:58:14.747+0000] {base.py:73} INFO - Using connection ID 'thespacedevs_dev' for task execution.
[2023-10-03T07:58:20.046+0000] {http.py:122} INFO - Poking: 
[2023-10-03T07:58:20.060+0000] {base.py:73} INFO - Using connection ID 'thespacedevs_dev' for task execution.
[2023-10-03T07:58:25.355+0000] {http.py:122} INFO - Poking: 
[2023-10-03T07:58:25.360+0000] {base.py:73} INFO - Using connection ID 'thespacedevs_dev' for task execution.
[2023-10-03T07:58:30.624+0000] {http.py:122} INFO - Poking: 
[2023-10-03T07:58:30.629+0000] {base.py:73} INFO - Using connection ID 'thespacedevs_dev' for task execution.
[2023-10-03T07:58:35.910+0000] {http.py:122} INFO - Poking: 
[2023-10-03T07:58:35.915+0000] {base.py:73} INFO - Using connection ID 'thespacedevs_dev' for task execution.
[2023-10-03T07:58:41.167+0000] {http.py:122} INFO - Poking: 
[2023-10-03T07:58:41.178+0000] {base.py:73} INFO - Using connection ID 'thespacedevs_dev' for task execution.
[2023-10-03T07:58:46.486+0000] {http.py:122} INFO - Poking: 
[2023-10-03T07:58:46.493+0000] {base.py:73} INFO - Using connection ID 'thespacedevs_dev' for task execution.
[2023-10-03T07:58:51.758+0000] {http.py:122} INFO - Poking: 
[2023-10-03T07:58:51.763+0000] {base.py:73} INFO - Using connection ID 'thespacedevs_dev' for task execution.
[2023-10-03T07:58:57.066+0000] {http.py:122} INFO - Poking: 
[2023-10-03T07:58:57.074+0000] {base.py:73} INFO - Using connection ID 'thespacedevs_dev' for task execution.
[2023-10-03T07:59:02.354+0000] {http.py:122} INFO - Poking: 
[2023-10-03T07:59:02.359+0000] {base.py:73} INFO - Using connection ID 'thespacedevs_dev' for task execution.
[2023-10-03T07:59:07.634+0000] {http.py:122} INFO - Poking: 
[2023-10-03T07:59:07.642+0000] {base.py:73} INFO - Using connection ID 'thespacedevs_dev' for task execution.
[2023-10-03T07:59:12.973+0000] {http.py:122} INFO - Poking: 
[2023-10-03T07:59:12.978+0000] {base.py:73} INFO - Using connection ID 'thespacedevs_dev' for task execution.
[2023-10-03T07:59:18.295+0000] {http.py:122} INFO - Poking: 
[2023-10-03T07:59:18.311+0000] {base.py:73} INFO - Using connection ID 'thespacedevs_dev' for task execution.
[2023-10-03T07:59:23.598+0000] {http.py:122} INFO - Poking: 
[2023-10-03T07:59:23.604+0000] {base.py:73} INFO - Using connection ID 'thespacedevs_dev' for task execution.
[2023-10-03T07:59:28.971+0000] {http.py:122} INFO - Poking: 
[2023-10-03T07:59:28.981+0000] {base.py:73} INFO - Using connection ID 'thespacedevs_dev' for task execution.
[2023-10-03T07:59:34.343+0000] {http.py:122} INFO - Poking: 
[2023-10-03T07:59:34.352+0000] {base.py:73} INFO - Using connection ID 'thespacedevs_dev' for task execution.
[2023-10-03T07:59:39.642+0000] {http.py:122} INFO - Poking: 
[2023-10-03T07:59:39.656+0000] {base.py:73} INFO - Using connection ID 'thespacedevs_dev' for task execution.
[2023-10-03T07:59:44.994+0000] {http.py:122} INFO - Poking: 
[2023-10-03T07:59:44.999+0000] {base.py:73} INFO - Using connection ID 'thespacedevs_dev' for task execution.
[2023-10-03T07:59:50.270+0000] {http.py:122} INFO - Poking: 
[2023-10-03T07:59:50.289+0000] {base.py:73} INFO - Using connection ID 'thespacedevs_dev' for task execution.
[2023-10-03T07:59:55.732+0000] {http.py:122} INFO - Poking: 
[2023-10-03T07:59:55.752+0000] {base.py:73} INFO - Using connection ID 'thespacedevs_dev' for task execution.
[2023-10-03T08:00:01.010+0000] {http.py:122} INFO - Poking: 
[2023-10-03T08:00:01.056+0000] {base.py:73} INFO - Using connection ID 'thespacedevs_dev' for task execution.
[2023-10-03T08:00:06.358+0000] {http.py:122} INFO - Poking: 
[2023-10-03T08:00:06.364+0000] {base.py:73} INFO - Using connection ID 'thespacedevs_dev' for task execution.
[2023-10-03T08:00:11.694+0000] {http.py:122} INFO - Poking: 
[2023-10-03T08:00:11.700+0000] {base.py:73} INFO - Using connection ID 'thespacedevs_dev' for task execution.
[2023-10-03T08:00:16.994+0000] {http.py:122} INFO - Poking: 
[2023-10-03T08:00:17.004+0000] {base.py:73} INFO - Using connection ID 'thespacedevs_dev' for task execution.
[2023-10-03T08:00:22.318+0000] {http.py:122} INFO - Poking: 
[2023-10-03T08:00:22.348+0000] {base.py:73} INFO - Using connection ID 'thespacedevs_dev' for task execution.
[2023-10-03T08:00:27.630+0000] {http.py:122} INFO - Poking: 
[2023-10-03T08:00:27.637+0000] {base.py:73} INFO - Using connection ID 'thespacedevs_dev' for task execution.
[2023-10-03T08:00:32.930+0000] {http.py:122} INFO - Poking: 
[2023-10-03T08:00:32.970+0000] {base.py:73} INFO - Using connection ID 'thespacedevs_dev' for task execution.
[2023-10-03T08:00:38.270+0000] {http.py:122} INFO - Poking: 
[2023-10-03T08:00:38.276+0000] {base.py:73} INFO - Using connection ID 'thespacedevs_dev' for task execution.
[2023-10-03T08:00:43.562+0000] {http.py:122} INFO - Poking: 
[2023-10-03T08:00:43.570+0000] {base.py:73} INFO - Using connection ID 'thespacedevs_dev' for task execution.
[2023-10-03T08:00:48.892+0000] {http.py:122} INFO - Poking: 
[2023-10-03T08:00:48.899+0000] {base.py:73} INFO - Using connection ID 'thespacedevs_dev' for task execution.
[2023-10-03T08:00:54.214+0000] {http.py:122} INFO - Poking: 
[2023-10-03T08:00:54.220+0000] {base.py:73} INFO - Using connection ID 'thespacedevs_dev' for task execution.
[2023-10-03T08:00:59.507+0000] {http.py:122} INFO - Poking: 
[2023-10-03T08:00:59.517+0000] {base.py:73} INFO - Using connection ID 'thespacedevs_dev' for task execution.
[2023-10-03T08:01:04.804+0000] {http.py:122} INFO - Poking: 
[2023-10-03T08:01:04.811+0000] {base.py:73} INFO - Using connection ID 'thespacedevs_dev' for task execution.
[2023-10-03T08:01:10.105+0000] {http.py:122} INFO - Poking: 
[2023-10-03T08:01:10.112+0000] {base.py:73} INFO - Using connection ID 'thespacedevs_dev' for task execution.
[2023-10-03T08:01:15.406+0000] {http.py:122} INFO - Poking: 
[2023-10-03T08:01:15.414+0000] {base.py:73} INFO - Using connection ID 'thespacedevs_dev' for task execution.
[2023-10-03T08:01:20.660+0000] {http.py:122} INFO - Poking: 
[2023-10-03T08:01:20.668+0000] {base.py:73} INFO - Using connection ID 'thespacedevs_dev' for task execution.
[2023-10-03T08:01:27.156+0000] {http.py:122} INFO - Poking: 
[2023-10-03T08:01:27.162+0000] {base.py:73} INFO - Using connection ID 'thespacedevs_dev' for task execution.
[2023-10-03T08:01:32.462+0000] {http.py:122} INFO - Poking: 
[2023-10-03T08:01:32.468+0000] {base.py:73} INFO - Using connection ID 'thespacedevs_dev' for task execution.
[2023-10-03T08:01:37.786+0000] {http.py:122} INFO - Poking: 
[2023-10-03T08:01:37.795+0000] {base.py:73} INFO - Using connection ID 'thespacedevs_dev' for task execution.
[2023-10-03T08:01:43.121+0000] {http.py:122} INFO - Poking: 
[2023-10-03T08:01:43.126+0000] {base.py:73} INFO - Using connection ID 'thespacedevs_dev' for task execution.
[2023-10-03T08:01:48.455+0000] {http.py:122} INFO - Poking: 
[2023-10-03T08:01:48.461+0000] {base.py:73} INFO - Using connection ID 'thespacedevs_dev' for task execution.
[2023-10-03T08:01:53.769+0000] {http.py:122} INFO - Poking: 
[2023-10-03T08:01:53.773+0000] {base.py:73} INFO - Using connection ID 'thespacedevs_dev' for task execution.
[2023-10-03T08:01:59.026+0000] {http.py:122} INFO - Poking: 
[2023-10-03T08:01:59.033+0000] {base.py:73} INFO - Using connection ID 'thespacedevs_dev' for task execution.
[2023-10-03T08:02:04.342+0000] {http.py:122} INFO - Poking: 
[2023-10-03T08:02:04.355+0000] {base.py:73} INFO - Using connection ID 'thespacedevs_dev' for task execution.
[2023-10-03T08:02:09.630+0000] {http.py:122} INFO - Poking: 
[2023-10-03T08:02:09.637+0000] {base.py:73} INFO - Using connection ID 'thespacedevs_dev' for task execution.
[2023-10-03T08:02:14.938+0000] {http.py:122} INFO - Poking: 
[2023-10-03T08:02:14.947+0000] {base.py:73} INFO - Using connection ID 'thespacedevs_dev' for task execution.
[2023-10-03T08:02:20.226+0000] {http.py:122} INFO - Poking: 
[2023-10-03T08:02:20.232+0000] {base.py:73} INFO - Using connection ID 'thespacedevs_dev' for task execution.
[2023-10-03T08:02:25.523+0000] {http.py:122} INFO - Poking: 
[2023-10-03T08:02:25.528+0000] {base.py:73} INFO - Using connection ID 'thespacedevs_dev' for task execution.
[2023-10-03T08:02:32.066+0000] {http.py:122} INFO - Poking: 
[2023-10-03T08:02:32.101+0000] {base.py:73} INFO - Using connection ID 'thespacedevs_dev' for task execution.
[2023-10-03T08:02:37.647+0000] {http.py:122} INFO - Poking: 
[2023-10-03T08:02:37.703+0000] {base.py:73} INFO - Using connection ID 'thespacedevs_dev' for task execution.
[2023-10-03T08:02:43.082+0000] {http.py:122} INFO - Poking: 
[2023-10-03T08:02:43.110+0000] {base.py:73} INFO - Using connection ID 'thespacedevs_dev' for task execution.
[2023-10-03T08:02:48.620+0000] {http.py:122} INFO - Poking: 
[2023-10-03T08:02:48.740+0000] {base.py:73} INFO - Using connection ID 'thespacedevs_dev' for task execution.
[2023-10-03T08:02:54.183+0000] {http.py:122} INFO - Poking: 
[2023-10-03T08:02:54.207+0000] {base.py:73} INFO - Using connection ID 'thespacedevs_dev' for task execution.
[2023-10-03T08:02:59.658+0000] {http.py:122} INFO - Poking: 
[2023-10-03T08:02:59.664+0000] {base.py:73} INFO - Using connection ID 'thespacedevs_dev' for task execution.
[2023-10-03T08:03:04.945+0000] {http.py:122} INFO - Poking: 
[2023-10-03T08:03:04.956+0000] {base.py:73} INFO - Using connection ID 'thespacedevs_dev' for task execution.
[2023-10-03T08:03:09.615+0000] {local_task_job_runner.py:299} WARNING - State of this instance has been externally set to restarting. Terminating instance.
[2023-10-03T08:03:09.617+0000] {process_utils.py:135} INFO - Sending Signals.SIGTERM to group 433. PIDs of all processes in the group: [433]
[2023-10-03T08:03:09.618+0000] {process_utils.py:86} INFO - Sending the signal Signals.SIGTERM to group 433
[2023-10-03T08:03:09.618+0000] {taskinstance.py:1540} ERROR - Received SIGTERM. Terminating subprocesses.
[2023-10-03T08:03:09.631+0000] {taskinstance.py:1847} ERROR - Task failed with exception
Traceback (most recent call last):
  File "/home/airflow/.local/lib/python3.7/site-packages/airflow/sensors/base.py", line 253, in execute
    time.sleep(self._get_next_poke_interval(started_at, run_duration, try_number))
  File "/home/airflow/.local/lib/python3.7/site-packages/airflow/models/taskinstance.py", line 1542, in signal_handler
    raise AirflowException("Task received SIGTERM signal")
airflow.exceptions.AirflowException: Task received SIGTERM signal
[2023-10-03T08:03:09.666+0000] {taskinstance.py:1373} INFO - Marking task as UP_FOR_RETRY. dag_id=launches_getter, task_id=http_sensor_check, execution_date=20230705T000000, start_date=20231003T075353, end_date=20231003T080309
[2023-10-03T08:03:09.716+0000] {standard_task_runner.py:109} ERROR - Failed to execute job 63 for task http_sensor_check (Task received SIGTERM signal; 433)
[2023-10-03T08:03:09.759+0000] {process_utils.py:79} INFO - Process psutil.Process(pid=433, status='terminated', exitcode=1, started='07:53:53') (433) terminated with exit code 1
