[2023-10-03T10:10:14.381+0000] {taskinstance.py:1125} INFO - Dependencies all met for dep_context=non-requeueable deps ti=<TaskInstance: launches_getter.check_api_status scheduled__2023-09-28T00:00:00+00:00 [queued]>
[2023-10-03T10:10:14.474+0000] {taskinstance.py:1125} INFO - Dependencies all met for dep_context=requeueable deps ti=<TaskInstance: launches_getter.check_api_status scheduled__2023-09-28T00:00:00+00:00 [queued]>
[2023-10-03T10:10:14.475+0000] {taskinstance.py:1331} INFO - Starting attempt 1 of 1
[2023-10-03T10:10:14.577+0000] {taskinstance.py:1350} INFO - Executing <Task(HttpSensor): check_api_status> on 2023-09-28 00:00:00+00:00
[2023-10-03T10:10:14.614+0000] {standard_task_runner.py:57} INFO - Started process 3032 to run task
[2023-10-03T10:10:14.643+0000] {standard_task_runner.py:84} INFO - Running: ['***', 'tasks', 'run', 'launches_getter', 'check_api_status', 'scheduled__2023-09-28T00:00:00+00:00', '--job-id', '160', '--raw', '--subdir', 'DAGS_FOLDER/launches.py', '--cfg-path', '/tmp/tmpnylho_ab']
[2023-10-03T10:10:14.652+0000] {standard_task_runner.py:85} INFO - Job 160: Subtask check_api_status
[2023-10-03T10:10:15.159+0000] {task_command.py:410} INFO - Running <TaskInstance: launches_getter.check_api_status scheduled__2023-09-28T00:00:00+00:00 [running]> on host f21dc12153d8
[2023-10-03T10:10:15.818+0000] {taskinstance.py:1570} INFO - Exporting env vars: AIRFLOW_CTX_DAG_OWNER='***' AIRFLOW_CTX_DAG_ID='launches_getter' AIRFLOW_CTX_TASK_ID='check_api_status' AIRFLOW_CTX_EXECUTION_DATE='2023-09-28T00:00:00+00:00' AIRFLOW_CTX_TRY_NUMBER='1' AIRFLOW_CTX_DAG_RUN_ID='scheduled__2023-09-28T00:00:00+00:00'
[2023-10-03T10:10:15.819+0000] {http.py:122} INFO - Poking: 
[2023-10-03T10:10:15.942+0000] {base.py:73} INFO - Using connection ID 'thespacedevs_dev' for task execution.
[2023-10-03T10:10:16.324+0000] {base.py:255} INFO - Success criteria met. Exiting.
[2023-10-03T10:10:16.425+0000] {taskinstance.py:1373} INFO - Marking task as SUCCESS. dag_id=launches_getter, task_id=check_api_status, execution_date=20230928T000000, start_date=20231003T101014, end_date=20231003T101016
[2023-10-03T10:10:16.689+0000] {local_task_job_runner.py:232} INFO - Task exited with return code 0
[2023-10-03T10:10:17.236+0000] {taskinstance.py:2674} INFO - 0 downstream tasks scheduled from follow-on schedule check
[2023-10-03T12:31:22.237+0000] {taskinstance.py:1125} INFO - Dependencies all met for dep_context=non-requeueable deps ti=<TaskInstance: launches_getter.check_api_status scheduled__2023-09-28T00:00:00+00:00 [queued]>
[2023-10-03T12:31:22.443+0000] {taskinstance.py:1125} INFO - Dependencies all met for dep_context=requeueable deps ti=<TaskInstance: launches_getter.check_api_status scheduled__2023-09-28T00:00:00+00:00 [queued]>
[2023-10-03T12:31:22.444+0000] {taskinstance.py:1331} INFO - Starting attempt 1 of 1
[2023-10-03T12:31:23.224+0000] {taskinstance.py:1350} INFO - Executing <Task(HttpSensor): check_api_status> on 2023-09-28 00:00:00+00:00
[2023-10-03T12:31:23.331+0000] {standard_task_runner.py:57} INFO - Started process 122 to run task
[2023-10-03T12:31:23.434+0000] {standard_task_runner.py:84} INFO - Running: ['***', 'tasks', 'run', 'launches_getter', 'check_api_status', 'scheduled__2023-09-28T00:00:00+00:00', '--job-id', '254', '--raw', '--subdir', 'DAGS_FOLDER/launches.py', '--cfg-path', '/tmp/tmp14z30wfp']
[2023-10-03T12:31:23.470+0000] {standard_task_runner.py:85} INFO - Job 254: Subtask check_api_status
[2023-10-03T12:31:23.983+0000] {task_command.py:410} INFO - Running <TaskInstance: launches_getter.check_api_status scheduled__2023-09-28T00:00:00+00:00 [running]> on host f21dc12153d8
[2023-10-03T12:31:25.303+0000] {taskinstance.py:1570} INFO - Exporting env vars: AIRFLOW_CTX_DAG_OWNER='***' AIRFLOW_CTX_DAG_ID='launches_getter' AIRFLOW_CTX_TASK_ID='check_api_status' AIRFLOW_CTX_EXECUTION_DATE='2023-09-28T00:00:00+00:00' AIRFLOW_CTX_TRY_NUMBER='1' AIRFLOW_CTX_DAG_RUN_ID='scheduled__2023-09-28T00:00:00+00:00'
[2023-10-03T12:31:25.308+0000] {http.py:122} INFO - Poking: 
[2023-10-03T12:31:25.382+0000] {base.py:73} INFO - Using connection ID 'thespacedevs_dev' for task execution.
[2023-10-03T12:31:26.128+0000] {base.py:255} INFO - Success criteria met. Exiting.
[2023-10-03T12:31:26.145+0000] {taskinstance.py:1373} INFO - Marking task as SUCCESS. dag_id=launches_getter, task_id=check_api_status, execution_date=20230928T000000, start_date=20231003T123122, end_date=20231003T123126
[2023-10-03T12:31:26.218+0000] {local_task_job_runner.py:232} INFO - Task exited with return code 0
[2023-10-03T12:31:26.296+0000] {taskinstance.py:2674} INFO - 1 downstream tasks scheduled from follow-on schedule check
