[2023-10-03T10:10:22.629+0000] {taskinstance.py:1125} INFO - Dependencies all met for dep_context=non-requeueable deps ti=<TaskInstance: launches_getter.pull_data_from_api scheduled__2023-10-02T00:00:00+00:00 [queued]>
[2023-10-03T10:10:22.888+0000] {taskinstance.py:1125} INFO - Dependencies all met for dep_context=requeueable deps ti=<TaskInstance: launches_getter.pull_data_from_api scheduled__2023-10-02T00:00:00+00:00 [queued]>
[2023-10-03T10:10:22.901+0000] {taskinstance.py:1331} INFO - Starting attempt 1 of 1
[2023-10-03T10:10:23.093+0000] {taskinstance.py:1350} INFO - Executing <Task(SimpleHttpOperator): pull_data_from_api> on 2023-10-02 00:00:00+00:00
[2023-10-03T10:10:23.211+0000] {standard_task_runner.py:57} INFO - Started process 3061 to run task
[2023-10-03T10:10:23.255+0000] {standard_task_runner.py:84} INFO - Running: ['***', 'tasks', 'run', 'launches_getter', 'pull_data_from_api', 'scheduled__2023-10-02T00:00:00+00:00', '--job-id', '175', '--raw', '--subdir', 'DAGS_FOLDER/launches.py', '--cfg-path', '/tmp/tmpguf92vke']
[2023-10-03T10:10:23.255+0000] {standard_task_runner.py:85} INFO - Job 175: Subtask pull_data_from_api
[2023-10-03T10:10:23.605+0000] {task_command.py:410} INFO - Running <TaskInstance: launches_getter.pull_data_from_api scheduled__2023-10-02T00:00:00+00:00 [running]> on host f21dc12153d8
[2023-10-03T10:10:23.762+0000] {warnings.py:110} WARNING - /home/***/.local/lib/python3.7/site-packages/***/utils/context.py:205: AirflowContextDeprecationWarning: Accessing 'next_ds' from the template is deprecated and will be removed in a future version. Please use '{{ data_interval_end | ds }}' instead.
  warnings.warn(_create_deprecation_warning(key, self._deprecation_replacements[key]))

[2023-10-03T10:10:23.995+0000] {taskinstance.py:1570} INFO - Exporting env vars: AIRFLOW_CTX_DAG_OWNER='***' AIRFLOW_CTX_DAG_ID='launches_getter' AIRFLOW_CTX_TASK_ID='pull_data_from_api' AIRFLOW_CTX_EXECUTION_DATE='2023-10-02T00:00:00+00:00' AIRFLOW_CTX_TRY_NUMBER='1' AIRFLOW_CTX_DAG_RUN_ID='scheduled__2023-10-02T00:00:00+00:00'
[2023-10-03T10:10:23.995+0000] {http.py:123} INFO - Calling HTTP method
[2023-10-03T10:10:24.046+0000] {base.py:73} INFO - Using connection ID 'thespacedevs_dev' for task execution.
[2023-10-03T10:10:24.905+0000] {http.py:127} INFO - {"count":0,"next":null,"previous":null,"results":[]}
[2023-10-03T10:10:25.114+0000] {taskinstance.py:1373} INFO - Marking task as SUCCESS. dag_id=launches_getter, task_id=pull_data_from_api, execution_date=20231002T000000, start_date=20231003T101022, end_date=20231003T101025
[2023-10-03T10:10:25.281+0000] {local_task_job_runner.py:232} INFO - Task exited with return code 0
[2023-10-03T10:10:25.532+0000] {taskinstance.py:2674} INFO - 1 downstream tasks scheduled from follow-on schedule check
[2023-10-03T12:31:37.027+0000] {taskinstance.py:1125} INFO - Dependencies all met for dep_context=non-requeueable deps ti=<TaskInstance: launches_getter.pull_data_from_api scheduled__2023-10-02T00:00:00+00:00 [queued]>
[2023-10-03T12:31:37.121+0000] {taskinstance.py:1125} INFO - Dependencies all met for dep_context=requeueable deps ti=<TaskInstance: launches_getter.pull_data_from_api scheduled__2023-10-02T00:00:00+00:00 [queued]>
[2023-10-03T12:31:37.122+0000] {taskinstance.py:1331} INFO - Starting attempt 1 of 1
[2023-10-03T12:31:37.184+0000] {taskinstance.py:1350} INFO - Executing <Task(SimpleHttpOperator): pull_data_from_api> on 2023-10-02 00:00:00+00:00
[2023-10-03T12:31:37.228+0000] {standard_task_runner.py:57} INFO - Started process 163 to run task
[2023-10-03T12:31:37.243+0000] {standard_task_runner.py:84} INFO - Running: ['***', 'tasks', 'run', 'launches_getter', 'pull_data_from_api', 'scheduled__2023-10-02T00:00:00+00:00', '--job-id', '268', '--raw', '--subdir', 'DAGS_FOLDER/launches.py', '--cfg-path', '/tmp/tmp75f3te7p']
[2023-10-03T12:31:37.257+0000] {standard_task_runner.py:85} INFO - Job 268: Subtask pull_data_from_api
[2023-10-03T12:31:37.499+0000] {task_command.py:410} INFO - Running <TaskInstance: launches_getter.pull_data_from_api scheduled__2023-10-02T00:00:00+00:00 [running]> on host f21dc12153d8
[2023-10-03T12:31:37.975+0000] {warnings.py:110} WARNING - /home/***/.local/lib/python3.7/site-packages/***/utils/context.py:205: AirflowContextDeprecationWarning: Accessing 'next_ds' from the template is deprecated and will be removed in a future version. Please use '{{ data_interval_end | ds }}' instead.
  warnings.warn(_create_deprecation_warning(key, self._deprecation_replacements[key]))

[2023-10-03T12:31:38.300+0000] {taskinstance.py:1570} INFO - Exporting env vars: AIRFLOW_CTX_DAG_OWNER='***' AIRFLOW_CTX_DAG_ID='launches_getter' AIRFLOW_CTX_TASK_ID='pull_data_from_api' AIRFLOW_CTX_EXECUTION_DATE='2023-10-02T00:00:00+00:00' AIRFLOW_CTX_TRY_NUMBER='1' AIRFLOW_CTX_DAG_RUN_ID='scheduled__2023-10-02T00:00:00+00:00'
[2023-10-03T12:31:38.304+0000] {http.py:123} INFO - Calling HTTP method
[2023-10-03T12:31:38.346+0000] {base.py:73} INFO - Using connection ID 'thespacedevs_dev' for task execution.
[2023-10-03T12:31:39.680+0000] {http.py:127} INFO - {"count":0,"next":null,"previous":null,"results":[]}
[2023-10-03T12:31:39.821+0000] {taskinstance.py:1373} INFO - Marking task as SUCCESS. dag_id=launches_getter, task_id=pull_data_from_api, execution_date=20231002T000000, start_date=20231003T123137, end_date=20231003T123139
[2023-10-03T12:31:40.131+0000] {local_task_job_runner.py:232} INFO - Task exited with return code 0
[2023-10-03T12:31:40.416+0000] {taskinstance.py:2674} INFO - 1 downstream tasks scheduled from follow-on schedule check
