[2023-10-03T10:10:14.940+0000] {taskinstance.py:1125} INFO - Dependencies all met for dep_context=non-requeueable deps ti=<TaskInstance: launches_getter.check_api_status scheduled__2023-09-30T00:00:00+00:00 [queued]>
[2023-10-03T10:10:15.172+0000] {taskinstance.py:1125} INFO - Dependencies all met for dep_context=requeueable deps ti=<TaskInstance: launches_getter.check_api_status scheduled__2023-09-30T00:00:00+00:00 [queued]>
[2023-10-03T10:10:15.191+0000] {taskinstance.py:1331} INFO - Starting attempt 1 of 1
[2023-10-03T10:10:15.528+0000] {taskinstance.py:1350} INFO - Executing <Task(HttpSensor): check_api_status> on 2023-09-30 00:00:00+00:00
[2023-10-03T10:10:15.534+0000] {standard_task_runner.py:57} INFO - Started process 3035 to run task
[2023-10-03T10:10:15.549+0000] {standard_task_runner.py:84} INFO - Running: ['***', 'tasks', 'run', 'launches_getter', 'check_api_status', 'scheduled__2023-09-30T00:00:00+00:00', '--job-id', '162', '--raw', '--subdir', 'DAGS_FOLDER/launches.py', '--cfg-path', '/tmp/tmpxaigbn1y']
[2023-10-03T10:10:15.550+0000] {standard_task_runner.py:85} INFO - Job 162: Subtask check_api_status
[2023-10-03T10:10:16.000+0000] {task_command.py:410} INFO - Running <TaskInstance: launches_getter.check_api_status scheduled__2023-09-30T00:00:00+00:00 [running]> on host f21dc12153d8
[2023-10-03T10:10:17.034+0000] {taskinstance.py:1570} INFO - Exporting env vars: AIRFLOW_CTX_DAG_OWNER='***' AIRFLOW_CTX_DAG_ID='launches_getter' AIRFLOW_CTX_TASK_ID='check_api_status' AIRFLOW_CTX_EXECUTION_DATE='2023-09-30T00:00:00+00:00' AIRFLOW_CTX_TRY_NUMBER='1' AIRFLOW_CTX_DAG_RUN_ID='scheduled__2023-09-30T00:00:00+00:00'
[2023-10-03T10:10:17.039+0000] {http.py:122} INFO - Poking: 
[2023-10-03T10:10:17.084+0000] {base.py:73} INFO - Using connection ID 'thespacedevs_dev' for task execution.
[2023-10-03T10:10:17.809+0000] {base.py:255} INFO - Success criteria met. Exiting.
[2023-10-03T10:10:17.855+0000] {taskinstance.py:1373} INFO - Marking task as SUCCESS. dag_id=launches_getter, task_id=check_api_status, execution_date=20230930T000000, start_date=20231003T101014, end_date=20231003T101017
[2023-10-03T10:10:17.957+0000] {local_task_job_runner.py:232} INFO - Task exited with return code 0
[2023-10-03T10:10:18.110+0000] {taskinstance.py:2674} INFO - 1 downstream tasks scheduled from follow-on schedule check
[2023-10-03T12:31:25.123+0000] {taskinstance.py:1125} INFO - Dependencies all met for dep_context=non-requeueable deps ti=<TaskInstance: launches_getter.check_api_status scheduled__2023-09-30T00:00:00+00:00 [queued]>
[2023-10-03T12:31:25.281+0000] {taskinstance.py:1125} INFO - Dependencies all met for dep_context=requeueable deps ti=<TaskInstance: launches_getter.check_api_status scheduled__2023-09-30T00:00:00+00:00 [queued]>
[2023-10-03T12:31:25.291+0000] {taskinstance.py:1331} INFO - Starting attempt 1 of 1
[2023-10-03T12:31:25.486+0000] {taskinstance.py:1350} INFO - Executing <Task(HttpSensor): check_api_status> on 2023-09-30 00:00:00+00:00
[2023-10-03T12:31:25.531+0000] {standard_task_runner.py:57} INFO - Started process 128 to run task
[2023-10-03T12:31:25.591+0000] {standard_task_runner.py:84} INFO - Running: ['***', 'tasks', 'run', 'launches_getter', 'check_api_status', 'scheduled__2023-09-30T00:00:00+00:00', '--job-id', '258', '--raw', '--subdir', 'DAGS_FOLDER/launches.py', '--cfg-path', '/tmp/tmpiysqnnfd']
[2023-10-03T12:31:25.605+0000] {standard_task_runner.py:85} INFO - Job 258: Subtask check_api_status
[2023-10-03T12:31:25.773+0000] {task_command.py:410} INFO - Running <TaskInstance: launches_getter.check_api_status scheduled__2023-09-30T00:00:00+00:00 [running]> on host f21dc12153d8
[2023-10-03T12:31:26.005+0000] {taskinstance.py:1570} INFO - Exporting env vars: AIRFLOW_CTX_DAG_OWNER='***' AIRFLOW_CTX_DAG_ID='launches_getter' AIRFLOW_CTX_TASK_ID='check_api_status' AIRFLOW_CTX_EXECUTION_DATE='2023-09-30T00:00:00+00:00' AIRFLOW_CTX_TRY_NUMBER='1' AIRFLOW_CTX_DAG_RUN_ID='scheduled__2023-09-30T00:00:00+00:00'
[2023-10-03T12:31:26.010+0000] {http.py:122} INFO - Poking: 
[2023-10-03T12:31:26.021+0000] {base.py:73} INFO - Using connection ID 'thespacedevs_dev' for task execution.
[2023-10-03T12:31:26.562+0000] {base.py:255} INFO - Success criteria met. Exiting.
[2023-10-03T12:31:26.578+0000] {taskinstance.py:1373} INFO - Marking task as SUCCESS. dag_id=launches_getter, task_id=check_api_status, execution_date=20230930T000000, start_date=20231003T123125, end_date=20231003T123126
[2023-10-03T12:31:26.763+0000] {local_task_job_runner.py:232} INFO - Task exited with return code 0
[2023-10-03T12:31:27.510+0000] {taskinstance.py:2674} INFO - 1 downstream tasks scheduled from follow-on schedule check
