[2023-10-03T10:10:19.899+0000] {taskinstance.py:1125} INFO - Dependencies all met for dep_context=non-requeueable deps ti=<TaskInstance: launches_getter.pull_data_from_api scheduled__2023-09-28T00:00:00+00:00 [queued]>
[2023-10-03T10:10:20.027+0000] {taskinstance.py:1125} INFO - Dependencies all met for dep_context=requeueable deps ti=<TaskInstance: launches_getter.pull_data_from_api scheduled__2023-09-28T00:00:00+00:00 [queued]>
[2023-10-03T10:10:20.038+0000] {taskinstance.py:1331} INFO - Starting attempt 1 of 1
[2023-10-03T10:10:20.249+0000] {taskinstance.py:1350} INFO - Executing <Task(SimpleHttpOperator): pull_data_from_api> on 2023-09-28 00:00:00+00:00
[2023-10-03T10:10:20.313+0000] {standard_task_runner.py:84} INFO - Running: ['***', 'tasks', 'run', 'launches_getter', 'pull_data_from_api', 'scheduled__2023-09-28T00:00:00+00:00', '--job-id', '168', '--raw', '--subdir', 'DAGS_FOLDER/launches.py', '--cfg-path', '/tmp/tmpldwuzq_8']
[2023-10-03T10:10:20.318+0000] {standard_task_runner.py:85} INFO - Job 168: Subtask pull_data_from_api
[2023-10-03T10:10:20.306+0000] {standard_task_runner.py:57} INFO - Started process 3051 to run task
[2023-10-03T10:10:20.708+0000] {task_command.py:410} INFO - Running <TaskInstance: launches_getter.pull_data_from_api scheduled__2023-09-28T00:00:00+00:00 [running]> on host f21dc12153d8
[2023-10-03T10:10:21.114+0000] {warnings.py:110} WARNING - /home/***/.local/lib/python3.7/site-packages/***/utils/context.py:205: AirflowContextDeprecationWarning: Accessing 'next_ds' from the template is deprecated and will be removed in a future version. Please use '{{ data_interval_end | ds }}' instead.
  warnings.warn(_create_deprecation_warning(key, self._deprecation_replacements[key]))

[2023-10-03T10:10:21.455+0000] {taskinstance.py:1570} INFO - Exporting env vars: AIRFLOW_CTX_DAG_OWNER='***' AIRFLOW_CTX_DAG_ID='launches_getter' AIRFLOW_CTX_TASK_ID='pull_data_from_api' AIRFLOW_CTX_EXECUTION_DATE='2023-09-28T00:00:00+00:00' AIRFLOW_CTX_TRY_NUMBER='1' AIRFLOW_CTX_DAG_RUN_ID='scheduled__2023-09-28T00:00:00+00:00'
[2023-10-03T10:10:21.456+0000] {http.py:123} INFO - Calling HTTP method
[2023-10-03T10:10:21.497+0000] {base.py:73} INFO - Using connection ID 'thespacedevs_dev' for task execution.
[2023-10-03T10:10:22.113+0000] {http.py:127} INFO - {"count":0,"next":null,"previous":null,"results":[]}
[2023-10-03T10:10:22.254+0000] {taskinstance.py:1373} INFO - Marking task as SUCCESS. dag_id=launches_getter, task_id=pull_data_from_api, execution_date=20230928T000000, start_date=20231003T101019, end_date=20231003T101022
[2023-10-03T10:10:22.704+0000] {local_task_job_runner.py:232} INFO - Task exited with return code 0
[2023-10-03T10:10:23.078+0000] {taskinstance.py:2674} INFO - 1 downstream tasks scheduled from follow-on schedule check
[2023-10-03T12:31:36.867+0000] {taskinstance.py:1125} INFO - Dependencies all met for dep_context=non-requeueable deps ti=<TaskInstance: launches_getter.pull_data_from_api scheduled__2023-09-28T00:00:00+00:00 [queued]>
[2023-10-03T12:31:36.933+0000] {taskinstance.py:1125} INFO - Dependencies all met for dep_context=requeueable deps ti=<TaskInstance: launches_getter.pull_data_from_api scheduled__2023-09-28T00:00:00+00:00 [queued]>
[2023-10-03T12:31:36.934+0000] {taskinstance.py:1331} INFO - Starting attempt 1 of 1
[2023-10-03T12:31:37.069+0000] {taskinstance.py:1350} INFO - Executing <Task(SimpleHttpOperator): pull_data_from_api> on 2023-09-28 00:00:00+00:00
[2023-10-03T12:31:37.126+0000] {standard_task_runner.py:57} INFO - Started process 161 to run task
[2023-10-03T12:31:37.149+0000] {standard_task_runner.py:84} INFO - Running: ['***', 'tasks', 'run', 'launches_getter', 'pull_data_from_api', 'scheduled__2023-09-28T00:00:00+00:00', '--job-id', '266', '--raw', '--subdir', 'DAGS_FOLDER/launches.py', '--cfg-path', '/tmp/tmpe2vmrtvo']
[2023-10-03T12:31:37.159+0000] {standard_task_runner.py:85} INFO - Job 266: Subtask pull_data_from_api
[2023-10-03T12:31:37.347+0000] {task_command.py:410} INFO - Running <TaskInstance: launches_getter.pull_data_from_api scheduled__2023-09-28T00:00:00+00:00 [running]> on host f21dc12153d8
[2023-10-03T12:31:37.565+0000] {warnings.py:110} WARNING - /home/***/.local/lib/python3.7/site-packages/***/utils/context.py:205: AirflowContextDeprecationWarning: Accessing 'next_ds' from the template is deprecated and will be removed in a future version. Please use '{{ data_interval_end | ds }}' instead.
  warnings.warn(_create_deprecation_warning(key, self._deprecation_replacements[key]))

[2023-10-03T12:31:37.991+0000] {taskinstance.py:1570} INFO - Exporting env vars: AIRFLOW_CTX_DAG_OWNER='***' AIRFLOW_CTX_DAG_ID='launches_getter' AIRFLOW_CTX_TASK_ID='pull_data_from_api' AIRFLOW_CTX_EXECUTION_DATE='2023-09-28T00:00:00+00:00' AIRFLOW_CTX_TRY_NUMBER='1' AIRFLOW_CTX_DAG_RUN_ID='scheduled__2023-09-28T00:00:00+00:00'
[2023-10-03T12:31:37.992+0000] {http.py:123} INFO - Calling HTTP method
[2023-10-03T12:31:38.019+0000] {base.py:73} INFO - Using connection ID 'thespacedevs_dev' for task execution.
[2023-10-03T12:31:39.341+0000] {http.py:127} INFO - {"count":0,"next":null,"previous":null,"results":[]}
[2023-10-03T12:31:39.438+0000] {taskinstance.py:1373} INFO - Marking task as SUCCESS. dag_id=launches_getter, task_id=pull_data_from_api, execution_date=20230928T000000, start_date=20231003T123136, end_date=20231003T123139
[2023-10-03T12:31:39.510+0000] {local_task_job_runner.py:232} INFO - Task exited with return code 0
[2023-10-03T12:31:39.590+0000] {taskinstance.py:2674} INFO - 1 downstream tasks scheduled from follow-on schedule check
