[2023-10-03T07:54:03.244+0000] {taskinstance.py:1125} INFO - Dependencies all met for dep_context=non-requeueable deps ti=<TaskInstance: launches_getter.http_sensor_check scheduled__2023-07-15T00:00:00+00:00 [queued]>
[2023-10-03T07:54:03.298+0000] {taskinstance.py:1125} INFO - Dependencies all met for dep_context=requeueable deps ti=<TaskInstance: launches_getter.http_sensor_check scheduled__2023-07-15T00:00:00+00:00 [queued]>
[2023-10-03T07:54:03.308+0000] {taskinstance.py:1331} INFO - Starting attempt 1 of 1
[2023-10-03T07:54:03.625+0000] {taskinstance.py:1350} INFO - Executing <Task(HttpSensor): http_sensor_check> on 2023-07-15 00:00:00+00:00
[2023-10-03T07:54:03.649+0000] {standard_task_runner.py:57} INFO - Started process 463 to run task
[2023-10-03T07:54:03.667+0000] {standard_task_runner.py:84} INFO - Running: ['***', 'tasks', 'run', 'launches_getter', 'http_sensor_check', 'scheduled__2023-07-15T00:00:00+00:00', '--job-id', '76', '--raw', '--subdir', 'DAGS_FOLDER/launches.py', '--cfg-path', '/tmp/tmpna61gjx9']
[2023-10-03T07:54:03.669+0000] {standard_task_runner.py:85} INFO - Job 76: Subtask http_sensor_check
[2023-10-03T07:54:03.784+0000] {task_command.py:410} INFO - Running <TaskInstance: launches_getter.http_sensor_check scheduled__2023-07-15T00:00:00+00:00 [running]> on host f21dc12153d8
[2023-10-03T07:54:04.337+0000] {taskinstance.py:1570} INFO - Exporting env vars: AIRFLOW_CTX_DAG_OWNER='***' AIRFLOW_CTX_DAG_ID='launches_getter' AIRFLOW_CTX_TASK_ID='http_sensor_check' AIRFLOW_CTX_EXECUTION_DATE='2023-07-15T00:00:00+00:00' AIRFLOW_CTX_TRY_NUMBER='1' AIRFLOW_CTX_DAG_RUN_ID='scheduled__2023-07-15T00:00:00+00:00'
[2023-10-03T07:54:04.338+0000] {http.py:122} INFO - Poking: 
[2023-10-03T07:54:04.391+0000] {base.py:73} INFO - Using connection ID 'thespacedevs_dev' for task execution.
[2023-10-03T07:54:09.802+0000] {http.py:122} INFO - Poking: 
[2023-10-03T07:54:09.821+0000] {base.py:73} INFO - Using connection ID 'thespacedevs_dev' for task execution.
[2023-10-03T07:54:15.286+0000] {http.py:122} INFO - Poking: 
[2023-10-03T07:54:15.297+0000] {base.py:73} INFO - Using connection ID 'thespacedevs_dev' for task execution.
[2023-10-03T07:54:20.544+0000] {http.py:122} INFO - Poking: 
[2023-10-03T07:54:20.555+0000] {base.py:73} INFO - Using connection ID 'thespacedevs_dev' for task execution.
[2023-10-03T07:54:25.867+0000] {http.py:122} INFO - Poking: 
[2023-10-03T07:54:25.872+0000] {base.py:73} INFO - Using connection ID 'thespacedevs_dev' for task execution.
[2023-10-03T07:54:31.154+0000] {http.py:122} INFO - Poking: 
[2023-10-03T07:54:31.162+0000] {base.py:73} INFO - Using connection ID 'thespacedevs_dev' for task execution.
[2023-10-03T07:54:36.435+0000] {http.py:122} INFO - Poking: 
[2023-10-03T07:54:36.442+0000] {base.py:73} INFO - Using connection ID 'thespacedevs_dev' for task execution.
[2023-10-03T07:54:41.738+0000] {http.py:122} INFO - Poking: 
[2023-10-03T07:54:41.748+0000] {base.py:73} INFO - Using connection ID 'thespacedevs_dev' for task execution.
[2023-10-03T07:54:47.046+0000] {http.py:122} INFO - Poking: 
[2023-10-03T07:54:47.054+0000] {base.py:73} INFO - Using connection ID 'thespacedevs_dev' for task execution.
[2023-10-03T07:54:52.333+0000] {http.py:122} INFO - Poking: 
[2023-10-03T07:54:52.338+0000] {base.py:73} INFO - Using connection ID 'thespacedevs_dev' for task execution.
[2023-10-03T07:54:57.637+0000] {http.py:122} INFO - Poking: 
[2023-10-03T07:54:57.646+0000] {base.py:73} INFO - Using connection ID 'thespacedevs_dev' for task execution.
[2023-10-03T07:55:02.891+0000] {http.py:122} INFO - Poking: 
[2023-10-03T07:55:02.896+0000] {base.py:73} INFO - Using connection ID 'thespacedevs_dev' for task execution.
[2023-10-03T07:55:08.174+0000] {http.py:122} INFO - Poking: 
[2023-10-03T07:55:08.187+0000] {base.py:73} INFO - Using connection ID 'thespacedevs_dev' for task execution.
[2023-10-03T07:55:13.476+0000] {http.py:122} INFO - Poking: 
[2023-10-03T07:55:13.508+0000] {base.py:73} INFO - Using connection ID 'thespacedevs_dev' for task execution.
[2023-10-03T07:55:18.798+0000] {http.py:122} INFO - Poking: 
[2023-10-03T07:55:18.804+0000] {base.py:73} INFO - Using connection ID 'thespacedevs_dev' for task execution.
[2023-10-03T07:55:24.095+0000] {http.py:122} INFO - Poking: 
[2023-10-03T07:55:24.101+0000] {base.py:73} INFO - Using connection ID 'thespacedevs_dev' for task execution.
[2023-10-03T07:55:29.343+0000] {http.py:122} INFO - Poking: 
[2023-10-03T07:55:29.366+0000] {base.py:73} INFO - Using connection ID 'thespacedevs_dev' for task execution.
[2023-10-03T07:55:34.671+0000] {http.py:122} INFO - Poking: 
[2023-10-03T07:55:34.678+0000] {base.py:73} INFO - Using connection ID 'thespacedevs_dev' for task execution.
[2023-10-03T07:55:39.959+0000] {http.py:122} INFO - Poking: 
[2023-10-03T07:55:39.969+0000] {base.py:73} INFO - Using connection ID 'thespacedevs_dev' for task execution.
[2023-10-03T07:55:45.258+0000] {http.py:122} INFO - Poking: 
[2023-10-03T07:55:45.271+0000] {base.py:73} INFO - Using connection ID 'thespacedevs_dev' for task execution.
[2023-10-03T07:55:50.573+0000] {http.py:122} INFO - Poking: 
[2023-10-03T07:55:50.578+0000] {base.py:73} INFO - Using connection ID 'thespacedevs_dev' for task execution.
[2023-10-03T07:55:55.866+0000] {http.py:122} INFO - Poking: 
[2023-10-03T07:55:55.914+0000] {base.py:73} INFO - Using connection ID 'thespacedevs_dev' for task execution.
[2023-10-03T07:56:01.184+0000] {http.py:122} INFO - Poking: 
[2023-10-03T07:56:01.190+0000] {base.py:73} INFO - Using connection ID 'thespacedevs_dev' for task execution.
[2023-10-03T07:56:06.486+0000] {http.py:122} INFO - Poking: 
[2023-10-03T07:56:06.491+0000] {base.py:73} INFO - Using connection ID 'thespacedevs_dev' for task execution.
[2023-10-03T07:56:11.750+0000] {http.py:122} INFO - Poking: 
[2023-10-03T07:56:11.758+0000] {base.py:73} INFO - Using connection ID 'thespacedevs_dev' for task execution.
[2023-10-03T07:56:17.014+0000] {http.py:122} INFO - Poking: 
[2023-10-03T07:56:17.024+0000] {base.py:73} INFO - Using connection ID 'thespacedevs_dev' for task execution.
[2023-10-03T07:56:22.333+0000] {http.py:122} INFO - Poking: 
[2023-10-03T07:56:22.338+0000] {base.py:73} INFO - Using connection ID 'thespacedevs_dev' for task execution.
[2023-10-03T07:56:27.626+0000] {http.py:122} INFO - Poking: 
[2023-10-03T07:56:27.631+0000] {base.py:73} INFO - Using connection ID 'thespacedevs_dev' for task execution.
[2023-10-03T07:56:32.876+0000] {http.py:122} INFO - Poking: 
[2023-10-03T07:56:32.881+0000] {base.py:73} INFO - Using connection ID 'thespacedevs_dev' for task execution.
[2023-10-03T07:56:38.160+0000] {http.py:122} INFO - Poking: 
[2023-10-03T07:56:38.170+0000] {base.py:73} INFO - Using connection ID 'thespacedevs_dev' for task execution.
[2023-10-03T07:56:43.406+0000] {http.py:122} INFO - Poking: 
[2023-10-03T07:56:43.419+0000] {base.py:73} INFO - Using connection ID 'thespacedevs_dev' for task execution.
[2023-10-03T07:56:48.706+0000] {http.py:122} INFO - Poking: 
[2023-10-03T07:56:48.715+0000] {base.py:73} INFO - Using connection ID 'thespacedevs_dev' for task execution.
[2023-10-03T07:56:53.982+0000] {http.py:122} INFO - Poking: 
[2023-10-03T07:56:53.988+0000] {base.py:73} INFO - Using connection ID 'thespacedevs_dev' for task execution.
[2023-10-03T07:56:59.270+0000] {http.py:122} INFO - Poking: 
[2023-10-03T07:56:59.279+0000] {base.py:73} INFO - Using connection ID 'thespacedevs_dev' for task execution.
[2023-10-03T07:57:04.532+0000] {http.py:122} INFO - Poking: 
[2023-10-03T07:57:04.537+0000] {base.py:73} INFO - Using connection ID 'thespacedevs_dev' for task execution.
[2023-10-03T07:57:09.794+0000] {http.py:122} INFO - Poking: 
[2023-10-03T07:57:09.800+0000] {base.py:73} INFO - Using connection ID 'thespacedevs_dev' for task execution.
[2023-10-03T07:57:16.070+0000] {http.py:122} INFO - Poking: 
[2023-10-03T07:57:16.178+0000] {base.py:73} INFO - Using connection ID 'thespacedevs_dev' for task execution.
[2023-10-03T07:57:21.538+0000] {http.py:122} INFO - Poking: 
[2023-10-03T07:57:21.553+0000] {base.py:73} INFO - Using connection ID 'thespacedevs_dev' for task execution.
[2023-10-03T07:57:26.858+0000] {http.py:122} INFO - Poking: 
[2023-10-03T07:57:26.868+0000] {base.py:73} INFO - Using connection ID 'thespacedevs_dev' for task execution.
[2023-10-03T07:57:32.239+0000] {http.py:122} INFO - Poking: 
[2023-10-03T07:57:32.247+0000] {base.py:73} INFO - Using connection ID 'thespacedevs_dev' for task execution.
[2023-10-03T07:57:37.578+0000] {http.py:122} INFO - Poking: 
[2023-10-03T07:57:37.635+0000] {base.py:73} INFO - Using connection ID 'thespacedevs_dev' for task execution.
[2023-10-03T07:57:42.962+0000] {http.py:122} INFO - Poking: 
[2023-10-03T07:57:42.968+0000] {base.py:73} INFO - Using connection ID 'thespacedevs_dev' for task execution.
[2023-10-03T07:57:48.239+0000] {http.py:122} INFO - Poking: 
[2023-10-03T07:57:48.249+0000] {base.py:73} INFO - Using connection ID 'thespacedevs_dev' for task execution.
[2023-10-03T07:57:53.634+0000] {http.py:122} INFO - Poking: 
[2023-10-03T07:57:53.640+0000] {base.py:73} INFO - Using connection ID 'thespacedevs_dev' for task execution.
[2023-10-03T07:57:58.938+0000] {http.py:122} INFO - Poking: 
[2023-10-03T07:57:58.996+0000] {base.py:73} INFO - Using connection ID 'thespacedevs_dev' for task execution.
[2023-10-03T07:58:04.674+0000] {http.py:122} INFO - Poking: 
[2023-10-03T07:58:04.679+0000] {base.py:73} INFO - Using connection ID 'thespacedevs_dev' for task execution.
[2023-10-03T07:58:09.963+0000] {http.py:122} INFO - Poking: 
[2023-10-03T07:58:09.968+0000] {base.py:73} INFO - Using connection ID 'thespacedevs_dev' for task execution.
[2023-10-03T07:58:15.258+0000] {http.py:122} INFO - Poking: 
[2023-10-03T07:58:15.288+0000] {base.py:73} INFO - Using connection ID 'thespacedevs_dev' for task execution.
[2023-10-03T07:58:20.582+0000] {http.py:122} INFO - Poking: 
[2023-10-03T07:58:20.615+0000] {base.py:73} INFO - Using connection ID 'thespacedevs_dev' for task execution.
[2023-10-03T07:58:25.871+0000] {http.py:122} INFO - Poking: 
[2023-10-03T07:58:25.876+0000] {base.py:73} INFO - Using connection ID 'thespacedevs_dev' for task execution.
[2023-10-03T07:58:31.190+0000] {http.py:122} INFO - Poking: 
[2023-10-03T07:58:31.205+0000] {base.py:73} INFO - Using connection ID 'thespacedevs_dev' for task execution.
[2023-10-03T07:58:36.514+0000] {http.py:122} INFO - Poking: 
[2023-10-03T07:58:36.544+0000] {base.py:73} INFO - Using connection ID 'thespacedevs_dev' for task execution.
[2023-10-03T07:58:41.822+0000] {http.py:122} INFO - Poking: 
[2023-10-03T07:58:41.829+0000] {base.py:73} INFO - Using connection ID 'thespacedevs_dev' for task execution.
[2023-10-03T07:58:47.131+0000] {http.py:122} INFO - Poking: 
[2023-10-03T07:58:47.140+0000] {base.py:73} INFO - Using connection ID 'thespacedevs_dev' for task execution.
[2023-10-03T07:58:52.456+0000] {http.py:122} INFO - Poking: 
[2023-10-03T07:58:52.465+0000] {base.py:73} INFO - Using connection ID 'thespacedevs_dev' for task execution.
[2023-10-03T07:58:57.760+0000] {http.py:122} INFO - Poking: 
[2023-10-03T07:58:57.773+0000] {base.py:73} INFO - Using connection ID 'thespacedevs_dev' for task execution.
[2023-10-03T07:59:03.078+0000] {http.py:122} INFO - Poking: 
[2023-10-03T07:59:03.086+0000] {base.py:73} INFO - Using connection ID 'thespacedevs_dev' for task execution.
[2023-10-03T07:59:08.366+0000] {http.py:122} INFO - Poking: 
[2023-10-03T07:59:08.378+0000] {base.py:73} INFO - Using connection ID 'thespacedevs_dev' for task execution.
[2023-10-03T07:59:13.627+0000] {http.py:122} INFO - Poking: 
[2023-10-03T07:59:13.636+0000] {base.py:73} INFO - Using connection ID 'thespacedevs_dev' for task execution.
[2023-10-03T07:59:18.899+0000] {http.py:122} INFO - Poking: 
[2023-10-03T07:59:18.920+0000] {base.py:73} INFO - Using connection ID 'thespacedevs_dev' for task execution.
[2023-10-03T07:59:24.240+0000] {http.py:122} INFO - Poking: 
[2023-10-03T07:59:24.245+0000] {base.py:73} INFO - Using connection ID 'thespacedevs_dev' for task execution.
[2023-10-03T07:59:29.568+0000] {http.py:122} INFO - Poking: 
[2023-10-03T07:59:29.575+0000] {base.py:73} INFO - Using connection ID 'thespacedevs_dev' for task execution.
[2023-10-03T07:59:34.862+0000] {http.py:122} INFO - Poking: 
[2023-10-03T07:59:34.874+0000] {base.py:73} INFO - Using connection ID 'thespacedevs_dev' for task execution.
[2023-10-03T07:59:40.170+0000] {http.py:122} INFO - Poking: 
[2023-10-03T07:59:40.176+0000] {base.py:73} INFO - Using connection ID 'thespacedevs_dev' for task execution.
[2023-10-03T07:59:45.458+0000] {http.py:122} INFO - Poking: 
[2023-10-03T07:59:45.464+0000] {base.py:73} INFO - Using connection ID 'thespacedevs_dev' for task execution.
[2023-10-03T07:59:50.722+0000] {http.py:122} INFO - Poking: 
[2023-10-03T07:59:50.730+0000] {base.py:73} INFO - Using connection ID 'thespacedevs_dev' for task execution.
[2023-10-03T07:59:56.227+0000] {http.py:122} INFO - Poking: 
[2023-10-03T07:59:56.233+0000] {base.py:73} INFO - Using connection ID 'thespacedevs_dev' for task execution.
[2023-10-03T08:00:01.478+0000] {http.py:122} INFO - Poking: 
[2023-10-03T08:00:01.485+0000] {base.py:73} INFO - Using connection ID 'thespacedevs_dev' for task execution.
[2023-10-03T08:00:06.812+0000] {http.py:122} INFO - Poking: 
[2023-10-03T08:00:06.818+0000] {base.py:73} INFO - Using connection ID 'thespacedevs_dev' for task execution.
[2023-10-03T08:00:12.072+0000] {http.py:122} INFO - Poking: 
[2023-10-03T08:00:12.087+0000] {base.py:73} INFO - Using connection ID 'thespacedevs_dev' for task execution.
[2023-10-03T08:00:17.376+0000] {http.py:122} INFO - Poking: 
[2023-10-03T08:00:17.381+0000] {base.py:73} INFO - Using connection ID 'thespacedevs_dev' for task execution.
[2023-10-03T08:00:22.682+0000] {http.py:122} INFO - Poking: 
[2023-10-03T08:00:22.704+0000] {base.py:73} INFO - Using connection ID 'thespacedevs_dev' for task execution.
[2023-10-03T08:00:28.022+0000] {http.py:122} INFO - Poking: 
[2023-10-03T08:00:28.034+0000] {base.py:73} INFO - Using connection ID 'thespacedevs_dev' for task execution.
[2023-10-03T08:00:33.335+0000] {http.py:122} INFO - Poking: 
[2023-10-03T08:00:33.356+0000] {base.py:73} INFO - Using connection ID 'thespacedevs_dev' for task execution.
[2023-10-03T08:00:38.842+0000] {http.py:122} INFO - Poking: 
[2023-10-03T08:00:38.852+0000] {base.py:73} INFO - Using connection ID 'thespacedevs_dev' for task execution.
[2023-10-03T08:00:44.110+0000] {http.py:122} INFO - Poking: 
[2023-10-03T08:00:44.118+0000] {base.py:73} INFO - Using connection ID 'thespacedevs_dev' for task execution.
[2023-10-03T08:00:49.434+0000] {http.py:122} INFO - Poking: 
[2023-10-03T08:00:49.446+0000] {base.py:73} INFO - Using connection ID 'thespacedevs_dev' for task execution.
[2023-10-03T08:00:54.720+0000] {http.py:122} INFO - Poking: 
[2023-10-03T08:00:54.725+0000] {base.py:73} INFO - Using connection ID 'thespacedevs_dev' for task execution.
[2023-10-03T08:01:00.034+0000] {http.py:122} INFO - Poking: 
[2023-10-03T08:01:00.041+0000] {base.py:73} INFO - Using connection ID 'thespacedevs_dev' for task execution.
[2023-10-03T08:01:05.318+0000] {http.py:122} INFO - Poking: 
[2023-10-03T08:01:05.337+0000] {base.py:73} INFO - Using connection ID 'thespacedevs_dev' for task execution.
[2023-10-03T08:01:10.615+0000] {http.py:122} INFO - Poking: 
[2023-10-03T08:01:10.628+0000] {base.py:73} INFO - Using connection ID 'thespacedevs_dev' for task execution.
[2023-10-03T08:01:15.955+0000] {http.py:122} INFO - Poking: 
[2023-10-03T08:01:15.976+0000] {base.py:73} INFO - Using connection ID 'thespacedevs_dev' for task execution.
[2023-10-03T08:01:21.244+0000] {http.py:122} INFO - Poking: 
[2023-10-03T08:01:21.251+0000] {base.py:73} INFO - Using connection ID 'thespacedevs_dev' for task execution.
[2023-10-03T08:01:27.632+0000] {http.py:122} INFO - Poking: 
[2023-10-03T08:01:27.650+0000] {base.py:73} INFO - Using connection ID 'thespacedevs_dev' for task execution.
[2023-10-03T08:01:32.966+0000] {http.py:122} INFO - Poking: 
[2023-10-03T08:01:32.971+0000] {base.py:73} INFO - Using connection ID 'thespacedevs_dev' for task execution.
[2023-10-03T08:01:38.238+0000] {http.py:122} INFO - Poking: 
[2023-10-03T08:01:38.252+0000] {base.py:73} INFO - Using connection ID 'thespacedevs_dev' for task execution.
[2023-10-03T08:01:43.510+0000] {http.py:122} INFO - Poking: 
[2023-10-03T08:01:43.515+0000] {base.py:73} INFO - Using connection ID 'thespacedevs_dev' for task execution.
[2023-10-03T08:01:48.806+0000] {http.py:122} INFO - Poking: 
[2023-10-03T08:01:48.816+0000] {base.py:73} INFO - Using connection ID 'thespacedevs_dev' for task execution.
[2023-10-03T08:01:54.110+0000] {http.py:122} INFO - Poking: 
[2023-10-03T08:01:54.118+0000] {base.py:73} INFO - Using connection ID 'thespacedevs_dev' for task execution.
[2023-10-03T08:01:59.359+0000] {http.py:122} INFO - Poking: 
[2023-10-03T08:01:59.370+0000] {base.py:73} INFO - Using connection ID 'thespacedevs_dev' for task execution.
[2023-10-03T08:02:04.672+0000] {http.py:122} INFO - Poking: 
[2023-10-03T08:02:04.679+0000] {base.py:73} INFO - Using connection ID 'thespacedevs_dev' for task execution.
[2023-10-03T08:02:09.939+0000] {http.py:122} INFO - Poking: 
[2023-10-03T08:02:09.958+0000] {base.py:73} INFO - Using connection ID 'thespacedevs_dev' for task execution.
[2023-10-03T08:02:15.270+0000] {http.py:122} INFO - Poking: 
[2023-10-03T08:02:15.285+0000] {base.py:73} INFO - Using connection ID 'thespacedevs_dev' for task execution.
[2023-10-03T08:02:20.630+0000] {http.py:122} INFO - Poking: 
[2023-10-03T08:02:20.637+0000] {base.py:73} INFO - Using connection ID 'thespacedevs_dev' for task execution.
[2023-10-03T08:02:25.930+0000] {http.py:122} INFO - Poking: 
[2023-10-03T08:02:25.938+0000] {base.py:73} INFO - Using connection ID 'thespacedevs_dev' for task execution.
[2023-10-03T08:02:31.994+0000] {http.py:122} INFO - Poking: 
[2023-10-03T08:02:32.004+0000] {base.py:73} INFO - Using connection ID 'thespacedevs_dev' for task execution.
[2023-10-03T08:02:37.603+0000] {http.py:122} INFO - Poking: 
[2023-10-03T08:02:37.675+0000] {base.py:73} INFO - Using connection ID 'thespacedevs_dev' for task execution.
[2023-10-03T08:02:43.072+0000] {http.py:122} INFO - Poking: 
[2023-10-03T08:02:43.094+0000] {base.py:73} INFO - Using connection ID 'thespacedevs_dev' for task execution.
[2023-10-03T08:02:48.621+0000] {http.py:122} INFO - Poking: 
[2023-10-03T08:02:48.715+0000] {base.py:73} INFO - Using connection ID 'thespacedevs_dev' for task execution.
[2023-10-03T08:02:54.284+0000] {http.py:122} INFO - Poking: 
[2023-10-03T08:02:54.370+0000] {base.py:73} INFO - Using connection ID 'thespacedevs_dev' for task execution.
[2023-10-03T08:02:59.723+0000] {http.py:122} INFO - Poking: 
[2023-10-03T08:02:59.729+0000] {base.py:73} INFO - Using connection ID 'thespacedevs_dev' for task execution.
[2023-10-03T08:03:05.065+0000] {http.py:122} INFO - Poking: 
[2023-10-03T08:03:05.083+0000] {base.py:73} INFO - Using connection ID 'thespacedevs_dev' for task execution.
[2023-10-03T08:03:10.410+0000] {http.py:122} INFO - Poking: 
[2023-10-03T08:03:10.433+0000] {base.py:73} INFO - Using connection ID 'thespacedevs_dev' for task execution.
[2023-10-03T08:03:15.690+0000] {http.py:122} INFO - Poking: 
[2023-10-03T08:03:15.698+0000] {base.py:73} INFO - Using connection ID 'thespacedevs_dev' for task execution.
[2023-10-03T08:03:21.018+0000] {http.py:122} INFO - Poking: 
[2023-10-03T08:03:21.024+0000] {base.py:73} INFO - Using connection ID 'thespacedevs_dev' for task execution.
[2023-10-03T08:03:26.282+0000] {http.py:122} INFO - Poking: 
[2023-10-03T08:03:26.289+0000] {base.py:73} INFO - Using connection ID 'thespacedevs_dev' for task execution.
[2023-10-03T08:03:31.558+0000] {http.py:122} INFO - Poking: 
[2023-10-03T08:03:31.563+0000] {base.py:73} INFO - Using connection ID 'thespacedevs_dev' for task execution.
[2023-10-03T08:03:36.862+0000] {http.py:122} INFO - Poking: 
[2023-10-03T08:03:36.869+0000] {base.py:73} INFO - Using connection ID 'thespacedevs_dev' for task execution.
[2023-10-03T08:03:42.132+0000] {http.py:122} INFO - Poking: 
[2023-10-03T08:03:42.138+0000] {base.py:73} INFO - Using connection ID 'thespacedevs_dev' for task execution.
[2023-10-03T08:03:47.445+0000] {http.py:122} INFO - Poking: 
[2023-10-03T08:03:47.466+0000] {base.py:73} INFO - Using connection ID 'thespacedevs_dev' for task execution.
[2023-10-03T08:03:52.782+0000] {http.py:122} INFO - Poking: 
[2023-10-03T08:03:52.793+0000] {base.py:73} INFO - Using connection ID 'thespacedevs_dev' for task execution.
[2023-10-03T08:03:58.471+0000] {http.py:122} INFO - Poking: 
[2023-10-03T08:03:58.481+0000] {base.py:73} INFO - Using connection ID 'thespacedevs_dev' for task execution.
[2023-10-03T08:04:03.786+0000] {http.py:122} INFO - Poking: 
[2023-10-03T08:04:03.794+0000] {base.py:73} INFO - Using connection ID 'thespacedevs_dev' for task execution.
[2023-10-03T08:04:09.076+0000] {http.py:122} INFO - Poking: 
[2023-10-03T08:04:09.094+0000] {base.py:73} INFO - Using connection ID 'thespacedevs_dev' for task execution.
[2023-10-03T08:04:14.426+0000] {http.py:122} INFO - Poking: 
[2023-10-03T08:04:14.433+0000] {base.py:73} INFO - Using connection ID 'thespacedevs_dev' for task execution.
[2023-10-03T08:04:19.718+0000] {http.py:122} INFO - Poking: 
[2023-10-03T08:04:19.732+0000] {base.py:73} INFO - Using connection ID 'thespacedevs_dev' for task execution.
[2023-10-03T08:04:25.098+0000] {http.py:122} INFO - Poking: 
[2023-10-03T08:04:25.115+0000] {base.py:73} INFO - Using connection ID 'thespacedevs_dev' for task execution.
[2023-10-03T08:04:30.432+0000] {http.py:122} INFO - Poking: 
[2023-10-03T08:04:30.439+0000] {base.py:73} INFO - Using connection ID 'thespacedevs_dev' for task execution.
[2023-10-03T08:04:35.690+0000] {http.py:122} INFO - Poking: 
[2023-10-03T08:04:35.695+0000] {base.py:73} INFO - Using connection ID 'thespacedevs_dev' for task execution.
[2023-10-03T08:04:40.998+0000] {http.py:122} INFO - Poking: 
[2023-10-03T08:04:41.007+0000] {base.py:73} INFO - Using connection ID 'thespacedevs_dev' for task execution.
[2023-10-03T08:04:46.314+0000] {http.py:122} INFO - Poking: 
[2023-10-03T08:04:46.319+0000] {base.py:73} INFO - Using connection ID 'thespacedevs_dev' for task execution.
[2023-10-03T08:04:51.603+0000] {http.py:122} INFO - Poking: 
[2023-10-03T08:04:51.616+0000] {base.py:73} INFO - Using connection ID 'thespacedevs_dev' for task execution.
[2023-10-03T08:04:56.963+0000] {http.py:122} INFO - Poking: 
[2023-10-03T08:04:56.969+0000] {base.py:73} INFO - Using connection ID 'thespacedevs_dev' for task execution.
[2023-10-03T08:05:02.266+0000] {http.py:122} INFO - Poking: 
[2023-10-03T08:05:02.274+0000] {base.py:73} INFO - Using connection ID 'thespacedevs_dev' for task execution.
[2023-10-03T08:05:07.550+0000] {http.py:122} INFO - Poking: 
[2023-10-03T08:05:07.560+0000] {base.py:73} INFO - Using connection ID 'thespacedevs_dev' for task execution.
[2023-10-03T08:05:12.843+0000] {http.py:122} INFO - Poking: 
[2023-10-03T08:05:12.848+0000] {base.py:73} INFO - Using connection ID 'thespacedevs_dev' for task execution.
[2023-10-03T08:05:18.122+0000] {http.py:122} INFO - Poking: 
[2023-10-03T08:05:18.128+0000] {base.py:73} INFO - Using connection ID 'thespacedevs_dev' for task execution.
[2023-10-03T08:05:23.418+0000] {http.py:122} INFO - Poking: 
[2023-10-03T08:05:23.436+0000] {base.py:73} INFO - Using connection ID 'thespacedevs_dev' for task execution.
[2023-10-03T08:05:28.740+0000] {http.py:122} INFO - Poking: 
[2023-10-03T08:05:28.746+0000] {base.py:73} INFO - Using connection ID 'thespacedevs_dev' for task execution.
[2023-10-03T08:05:34.038+0000] {http.py:122} INFO - Poking: 
[2023-10-03T08:05:34.044+0000] {base.py:73} INFO - Using connection ID 'thespacedevs_dev' for task execution.
[2023-10-03T08:05:39.306+0000] {http.py:122} INFO - Poking: 
[2023-10-03T08:05:39.311+0000] {base.py:73} INFO - Using connection ID 'thespacedevs_dev' for task execution.
[2023-10-03T08:05:44.605+0000] {http.py:122} INFO - Poking: 
[2023-10-03T08:05:44.612+0000] {base.py:73} INFO - Using connection ID 'thespacedevs_dev' for task execution.
[2023-10-03T08:05:49.914+0000] {http.py:122} INFO - Poking: 
[2023-10-03T08:05:49.919+0000] {base.py:73} INFO - Using connection ID 'thespacedevs_dev' for task execution.
[2023-10-03T08:05:55.210+0000] {http.py:122} INFO - Poking: 
[2023-10-03T08:05:55.217+0000] {base.py:73} INFO - Using connection ID 'thespacedevs_dev' for task execution.
[2023-10-03T08:06:00.507+0000] {http.py:122} INFO - Poking: 
[2023-10-03T08:06:00.514+0000] {base.py:73} INFO - Using connection ID 'thespacedevs_dev' for task execution.
[2023-10-03T08:06:05.763+0000] {http.py:122} INFO - Poking: 
[2023-10-03T08:06:05.768+0000] {base.py:73} INFO - Using connection ID 'thespacedevs_dev' for task execution.
[2023-10-03T08:06:11.018+0000] {http.py:122} INFO - Poking: 
[2023-10-03T08:06:11.023+0000] {base.py:73} INFO - Using connection ID 'thespacedevs_dev' for task execution.
[2023-10-03T08:06:16.518+0000] {http.py:122} INFO - Poking: 
[2023-10-03T08:06:16.523+0000] {base.py:73} INFO - Using connection ID 'thespacedevs_dev' for task execution.
[2023-10-03T08:06:21.798+0000] {http.py:122} INFO - Poking: 
[2023-10-03T08:06:21.803+0000] {base.py:73} INFO - Using connection ID 'thespacedevs_dev' for task execution.
[2023-10-03T08:06:27.087+0000] {http.py:122} INFO - Poking: 
[2023-10-03T08:06:27.095+0000] {base.py:73} INFO - Using connection ID 'thespacedevs_dev' for task execution.
[2023-10-03T08:06:32.426+0000] {http.py:122} INFO - Poking: 
[2023-10-03T08:06:32.438+0000] {base.py:73} INFO - Using connection ID 'thespacedevs_dev' for task execution.
[2023-10-03T08:06:37.718+0000] {http.py:122} INFO - Poking: 
[2023-10-03T08:06:37.725+0000] {base.py:73} INFO - Using connection ID 'thespacedevs_dev' for task execution.
[2023-10-03T08:06:43.530+0000] {http.py:122} INFO - Poking: 
[2023-10-03T08:06:43.558+0000] {base.py:73} INFO - Using connection ID 'thespacedevs_dev' for task execution.
[2023-10-03T08:06:49.121+0000] {http.py:122} INFO - Poking: 
[2023-10-03T08:06:49.132+0000] {base.py:73} INFO - Using connection ID 'thespacedevs_dev' for task execution.
[2023-10-03T08:06:54.463+0000] {http.py:122} INFO - Poking: 
[2023-10-03T08:06:54.468+0000] {base.py:73} INFO - Using connection ID 'thespacedevs_dev' for task execution.
[2023-10-03T08:06:59.707+0000] {http.py:122} INFO - Poking: 
[2023-10-03T08:06:59.712+0000] {base.py:73} INFO - Using connection ID 'thespacedevs_dev' for task execution.
[2023-10-03T08:07:04.958+0000] {http.py:122} INFO - Poking: 
[2023-10-03T08:07:04.963+0000] {base.py:73} INFO - Using connection ID 'thespacedevs_dev' for task execution.
[2023-10-03T08:07:10.232+0000] {http.py:122} INFO - Poking: 
[2023-10-03T08:07:10.237+0000] {base.py:73} INFO - Using connection ID 'thespacedevs_dev' for task execution.
[2023-10-03T08:07:15.518+0000] {http.py:122} INFO - Poking: 
[2023-10-03T08:07:15.523+0000] {base.py:73} INFO - Using connection ID 'thespacedevs_dev' for task execution.
[2023-10-03T08:07:20.803+0000] {http.py:122} INFO - Poking: 
[2023-10-03T08:07:20.811+0000] {base.py:73} INFO - Using connection ID 'thespacedevs_dev' for task execution.
[2023-10-03T08:07:26.110+0000] {http.py:122} INFO - Poking: 
[2023-10-03T08:07:26.116+0000] {base.py:73} INFO - Using connection ID 'thespacedevs_dev' for task execution.
[2023-10-03T08:07:31.380+0000] {http.py:122} INFO - Poking: 
[2023-10-03T08:07:31.388+0000] {base.py:73} INFO - Using connection ID 'thespacedevs_dev' for task execution.
[2023-10-03T08:07:36.658+0000] {http.py:122} INFO - Poking: 
[2023-10-03T08:07:36.664+0000] {base.py:73} INFO - Using connection ID 'thespacedevs_dev' for task execution.
[2023-10-03T08:07:41.945+0000] {http.py:122} INFO - Poking: 
[2023-10-03T08:07:41.952+0000] {base.py:73} INFO - Using connection ID 'thespacedevs_dev' for task execution.
[2023-10-03T08:07:49.266+0000] {http.py:122} INFO - Poking: 
[2023-10-03T08:07:49.271+0000] {base.py:73} INFO - Using connection ID 'thespacedevs_dev' for task execution.
[2023-10-03T08:07:54.522+0000] {http.py:122} INFO - Poking: 
[2023-10-03T08:07:54.529+0000] {base.py:73} INFO - Using connection ID 'thespacedevs_dev' for task execution.
[2023-10-03T08:07:59.838+0000] {http.py:122} INFO - Poking: 
[2023-10-03T08:07:59.844+0000] {base.py:73} INFO - Using connection ID 'thespacedevs_dev' for task execution.
[2023-10-03T08:08:05.090+0000] {http.py:122} INFO - Poking: 
[2023-10-03T08:08:05.096+0000] {base.py:73} INFO - Using connection ID 'thespacedevs_dev' for task execution.
[2023-10-03T08:08:10.395+0000] {http.py:122} INFO - Poking: 
[2023-10-03T08:08:10.399+0000] {base.py:73} INFO - Using connection ID 'thespacedevs_dev' for task execution.
[2023-10-03T08:08:15.670+0000] {http.py:122} INFO - Poking: 
[2023-10-03T08:08:15.675+0000] {base.py:73} INFO - Using connection ID 'thespacedevs_dev' for task execution.
[2023-10-03T08:08:20.950+0000] {http.py:122} INFO - Poking: 
[2023-10-03T08:08:20.955+0000] {base.py:73} INFO - Using connection ID 'thespacedevs_dev' for task execution.
[2023-10-03T08:08:26.205+0000] {http.py:122} INFO - Poking: 
[2023-10-03T08:08:26.212+0000] {base.py:73} INFO - Using connection ID 'thespacedevs_dev' for task execution.
[2023-10-03T08:08:31.490+0000] {http.py:122} INFO - Poking: 
[2023-10-03T08:08:31.494+0000] {base.py:73} INFO - Using connection ID 'thespacedevs_dev' for task execution.
[2023-10-03T08:08:36.782+0000] {http.py:122} INFO - Poking: 
[2023-10-03T08:08:36.787+0000] {base.py:73} INFO - Using connection ID 'thespacedevs_dev' for task execution.
[2023-10-03T08:08:42.101+0000] {http.py:122} INFO - Poking: 
[2023-10-03T08:08:42.106+0000] {base.py:73} INFO - Using connection ID 'thespacedevs_dev' for task execution.
[2023-10-03T08:08:47.360+0000] {local_task_job_runner.py:299} WARNING - State of this instance has been externally set to failed. Terminating instance.
[2023-10-03T08:08:47.361+0000] {process_utils.py:135} INFO - Sending Signals.SIGTERM to group 463. PIDs of all processes in the group: [463]
[2023-10-03T08:08:47.362+0000] {process_utils.py:86} INFO - Sending the signal Signals.SIGTERM to group 463
[2023-10-03T08:08:47.362+0000] {taskinstance.py:1540} ERROR - Received SIGTERM. Terminating subprocesses.
[2023-10-03T08:08:47.419+0000] {process_utils.py:79} INFO - Process psutil.Process(pid=463, status='terminated', exitcode=0, started='07:54:02') (463) terminated with exit code 0
