[2023-10-03T10:10:25.717+0000] {taskinstance.py:1125} INFO - Dependencies all met for dep_context=non-requeueable deps ti=<TaskInstance: launches_getter.check_data_in_a_day scheduled__2023-09-26T00:00:00+00:00 [queued]>
[2023-10-03T10:10:25.752+0000] {taskinstance.py:1125} INFO - Dependencies all met for dep_context=requeueable deps ti=<TaskInstance: launches_getter.check_data_in_a_day scheduled__2023-09-26T00:00:00+00:00 [queued]>
[2023-10-03T10:10:25.752+0000] {taskinstance.py:1331} INFO - Starting attempt 1 of 1
[2023-10-03T10:10:25.862+0000] {taskinstance.py:1350} INFO - Executing <Task(PythonOperator): check_data_in_a_day> on 2023-09-26 00:00:00+00:00
[2023-10-03T10:10:25.876+0000] {standard_task_runner.py:57} INFO - Started process 3067 to run task
[2023-10-03T10:10:25.896+0000] {standard_task_runner.py:84} INFO - Running: ['***', 'tasks', 'run', 'launches_getter', 'check_data_in_a_day', 'scheduled__2023-09-26T00:00:00+00:00', '--job-id', '177', '--raw', '--subdir', 'DAGS_FOLDER/launches.py', '--cfg-path', '/tmp/tmpzr9k5kfi']
[2023-10-03T10:10:25.897+0000] {standard_task_runner.py:85} INFO - Job 177: Subtask check_data_in_a_day
[2023-10-03T10:10:26.452+0000] {task_command.py:410} INFO - Running <TaskInstance: launches_getter.check_data_in_a_day scheduled__2023-09-26T00:00:00+00:00 [running]> on host f21dc12153d8
[2023-10-03T10:10:26.935+0000] {taskinstance.py:1570} INFO - Exporting env vars: AIRFLOW_CTX_DAG_OWNER='***' AIRFLOW_CTX_DAG_ID='launches_getter' AIRFLOW_CTX_TASK_ID='check_data_in_a_day' AIRFLOW_CTX_EXECUTION_DATE='2023-09-26T00:00:00+00:00' AIRFLOW_CTX_TRY_NUMBER='1' AIRFLOW_CTX_DAG_RUN_ID='scheduled__2023-09-26T00:00:00+00:00'
[2023-10-03T10:10:26.994+0000] {python.py:183} INFO - Done. Returned value was: None
[2023-10-03T10:10:27.032+0000] {taskinstance.py:1373} INFO - Marking task as SUCCESS. dag_id=launches_getter, task_id=check_data_in_a_day, execution_date=20230926T000000, start_date=20231003T101025, end_date=20231003T101027
[2023-10-03T10:10:27.124+0000] {local_task_job_runner.py:232} INFO - Task exited with return code 0
[2023-10-03T10:10:27.360+0000] {taskinstance.py:2674} INFO - 1 downstream tasks scheduled from follow-on schedule check
[2023-10-03T12:31:48.510+0000] {taskinstance.py:1125} INFO - Dependencies all met for dep_context=non-requeueable deps ti=<TaskInstance: launches_getter.check_data_in_a_day scheduled__2023-09-26T00:00:00+00:00 [queued]>
[2023-10-03T12:31:48.595+0000] {taskinstance.py:1125} INFO - Dependencies all met for dep_context=requeueable deps ti=<TaskInstance: launches_getter.check_data_in_a_day scheduled__2023-09-26T00:00:00+00:00 [queued]>
[2023-10-03T12:31:48.600+0000] {taskinstance.py:1331} INFO - Starting attempt 1 of 1
[2023-10-03T12:31:48.777+0000] {taskinstance.py:1350} INFO - Executing <Task(PythonOperator): check_data_in_a_day> on 2023-09-26 00:00:00+00:00
[2023-10-03T12:31:48.831+0000] {standard_task_runner.py:84} INFO - Running: ['***', 'tasks', 'run', 'launches_getter', 'check_data_in_a_day', 'scheduled__2023-09-26T00:00:00+00:00', '--job-id', '277', '--raw', '--subdir', 'DAGS_FOLDER/launches.py', '--cfg-path', '/tmp/tmpc8o7ic9n']
[2023-10-03T12:31:48.834+0000] {standard_task_runner.py:57} INFO - Started process 195 to run task
[2023-10-03T12:31:48.863+0000] {standard_task_runner.py:85} INFO - Job 277: Subtask check_data_in_a_day
[2023-10-03T12:31:49.080+0000] {task_command.py:410} INFO - Running <TaskInstance: launches_getter.check_data_in_a_day scheduled__2023-09-26T00:00:00+00:00 [running]> on host f21dc12153d8
[2023-10-03T12:31:49.539+0000] {taskinstance.py:1570} INFO - Exporting env vars: AIRFLOW_CTX_DAG_OWNER='***' AIRFLOW_CTX_DAG_ID='launches_getter' AIRFLOW_CTX_TASK_ID='check_data_in_a_day' AIRFLOW_CTX_EXECUTION_DATE='2023-09-26T00:00:00+00:00' AIRFLOW_CTX_TRY_NUMBER='1' AIRFLOW_CTX_DAG_RUN_ID='scheduled__2023-09-26T00:00:00+00:00'
[2023-10-03T12:31:49.681+0000] {python.py:183} INFO - Done. Returned value was: None
[2023-10-03T12:31:49.791+0000] {taskinstance.py:1373} INFO - Marking task as SUCCESS. dag_id=launches_getter, task_id=check_data_in_a_day, execution_date=20230926T000000, start_date=20231003T123148, end_date=20231003T123149
[2023-10-03T12:31:49.935+0000] {local_task_job_runner.py:232} INFO - Task exited with return code 0
[2023-10-03T12:31:50.113+0000] {taskinstance.py:2674} INFO - 1 downstream tasks scheduled from follow-on schedule check
