[2023-10-03T10:10:14.707+0000] {taskinstance.py:1125} INFO - Dependencies all met for dep_context=non-requeueable deps ti=<TaskInstance: launches_getter.check_api_status scheduled__2023-09-29T00:00:00+00:00 [queued]>
[2023-10-03T10:10:14.803+0000] {taskinstance.py:1125} INFO - Dependencies all met for dep_context=requeueable deps ti=<TaskInstance: launches_getter.check_api_status scheduled__2023-09-29T00:00:00+00:00 [queued]>
[2023-10-03T10:10:14.803+0000] {taskinstance.py:1331} INFO - Starting attempt 1 of 1
[2023-10-03T10:10:15.032+0000] {taskinstance.py:1350} INFO - Executing <Task(HttpSensor): check_api_status> on 2023-09-29 00:00:00+00:00
[2023-10-03T10:10:15.094+0000] {standard_task_runner.py:57} INFO - Started process 3033 to run task
[2023-10-03T10:10:15.183+0000] {standard_task_runner.py:84} INFO - Running: ['***', 'tasks', 'run', 'launches_getter', 'check_api_status', 'scheduled__2023-09-29T00:00:00+00:00', '--job-id', '161', '--raw', '--subdir', 'DAGS_FOLDER/launches.py', '--cfg-path', '/tmp/tmps457s9fs']
[2023-10-03T10:10:15.215+0000] {standard_task_runner.py:85} INFO - Job 161: Subtask check_api_status
[2023-10-03T10:10:15.836+0000] {task_command.py:410} INFO - Running <TaskInstance: launches_getter.check_api_status scheduled__2023-09-29T00:00:00+00:00 [running]> on host f21dc12153d8
[2023-10-03T10:10:16.468+0000] {taskinstance.py:1570} INFO - Exporting env vars: AIRFLOW_CTX_DAG_OWNER='***' AIRFLOW_CTX_DAG_ID='launches_getter' AIRFLOW_CTX_TASK_ID='check_api_status' AIRFLOW_CTX_EXECUTION_DATE='2023-09-29T00:00:00+00:00' AIRFLOW_CTX_TRY_NUMBER='1' AIRFLOW_CTX_DAG_RUN_ID='scheduled__2023-09-29T00:00:00+00:00'
[2023-10-03T10:10:16.471+0000] {http.py:122} INFO - Poking: 
[2023-10-03T10:10:16.609+0000] {base.py:73} INFO - Using connection ID 'thespacedevs_dev' for task execution.
[2023-10-03T10:10:17.398+0000] {base.py:255} INFO - Success criteria met. Exiting.
[2023-10-03T10:10:17.549+0000] {taskinstance.py:1373} INFO - Marking task as SUCCESS. dag_id=launches_getter, task_id=check_api_status, execution_date=20230929T000000, start_date=20231003T101014, end_date=20231003T101017
[2023-10-03T10:10:17.715+0000] {local_task_job_runner.py:232} INFO - Task exited with return code 0
[2023-10-03T10:10:17.907+0000] {taskinstance.py:2674} INFO - 1 downstream tasks scheduled from follow-on schedule check
[2023-10-03T12:31:23.625+0000] {taskinstance.py:1125} INFO - Dependencies all met for dep_context=non-requeueable deps ti=<TaskInstance: launches_getter.check_api_status scheduled__2023-09-29T00:00:00+00:00 [queued]>
[2023-10-03T12:31:23.788+0000] {taskinstance.py:1125} INFO - Dependencies all met for dep_context=requeueable deps ti=<TaskInstance: launches_getter.check_api_status scheduled__2023-09-29T00:00:00+00:00 [queued]>
[2023-10-03T12:31:23.788+0000] {taskinstance.py:1331} INFO - Starting attempt 1 of 1
[2023-10-03T12:31:24.026+0000] {taskinstance.py:1350} INFO - Executing <Task(HttpSensor): check_api_status> on 2023-09-29 00:00:00+00:00
[2023-10-03T12:31:24.156+0000] {standard_task_runner.py:57} INFO - Started process 124 to run task
[2023-10-03T12:31:24.198+0000] {standard_task_runner.py:84} INFO - Running: ['***', 'tasks', 'run', 'launches_getter', 'check_api_status', 'scheduled__2023-09-29T00:00:00+00:00', '--job-id', '256', '--raw', '--subdir', 'DAGS_FOLDER/launches.py', '--cfg-path', '/tmp/tmpijju54ai']
[2023-10-03T12:31:24.297+0000] {standard_task_runner.py:85} INFO - Job 256: Subtask check_api_status
[2023-10-03T12:31:24.841+0000] {task_command.py:410} INFO - Running <TaskInstance: launches_getter.check_api_status scheduled__2023-09-29T00:00:00+00:00 [running]> on host f21dc12153d8
[2023-10-03T12:31:25.778+0000] {taskinstance.py:1570} INFO - Exporting env vars: AIRFLOW_CTX_DAG_OWNER='***' AIRFLOW_CTX_DAG_ID='launches_getter' AIRFLOW_CTX_TASK_ID='check_api_status' AIRFLOW_CTX_EXECUTION_DATE='2023-09-29T00:00:00+00:00' AIRFLOW_CTX_TRY_NUMBER='1' AIRFLOW_CTX_DAG_RUN_ID='scheduled__2023-09-29T00:00:00+00:00'
[2023-10-03T12:31:25.788+0000] {http.py:122} INFO - Poking: 
[2023-10-03T12:31:25.801+0000] {base.py:73} INFO - Using connection ID 'thespacedevs_dev' for task execution.
[2023-10-03T12:31:26.593+0000] {base.py:255} INFO - Success criteria met. Exiting.
[2023-10-03T12:31:26.614+0000] {taskinstance.py:1373} INFO - Marking task as SUCCESS. dag_id=launches_getter, task_id=check_api_status, execution_date=20230929T000000, start_date=20231003T123123, end_date=20231003T123126
[2023-10-03T12:31:26.762+0000] {local_task_job_runner.py:232} INFO - Task exited with return code 0
[2023-10-03T12:31:27.345+0000] {taskinstance.py:2674} INFO - 1 downstream tasks scheduled from follow-on schedule check
