[2023-10-03T10:10:13.284+0000] {taskinstance.py:1125} INFO - Dependencies all met for dep_context=non-requeueable deps ti=<TaskInstance: launches_getter.check_api_status scheduled__2023-09-25T00:00:00+00:00 [queued]>
[2023-10-03T10:10:13.379+0000] {taskinstance.py:1125} INFO - Dependencies all met for dep_context=requeueable deps ti=<TaskInstance: launches_getter.check_api_status scheduled__2023-09-25T00:00:00+00:00 [queued]>
[2023-10-03T10:10:13.381+0000] {taskinstance.py:1331} INFO - Starting attempt 1 of 1
[2023-10-03T10:10:13.509+0000] {taskinstance.py:1350} INFO - Executing <Task(HttpSensor): check_api_status> on 2023-09-25 00:00:00+00:00
[2023-10-03T10:10:13.544+0000] {standard_task_runner.py:57} INFO - Started process 3029 to run task
[2023-10-03T10:10:13.560+0000] {standard_task_runner.py:84} INFO - Running: ['***', 'tasks', 'run', 'launches_getter', 'check_api_status', 'scheduled__2023-09-25T00:00:00+00:00', '--job-id', '157', '--raw', '--subdir', 'DAGS_FOLDER/launches.py', '--cfg-path', '/tmp/tmpo3rxuzfl']
[2023-10-03T10:10:13.572+0000] {standard_task_runner.py:85} INFO - Job 157: Subtask check_api_status
[2023-10-03T10:10:13.950+0000] {task_command.py:410} INFO - Running <TaskInstance: launches_getter.check_api_status scheduled__2023-09-25T00:00:00+00:00 [running]> on host f21dc12153d8
[2023-10-03T10:10:14.592+0000] {taskinstance.py:1570} INFO - Exporting env vars: AIRFLOW_CTX_DAG_OWNER='***' AIRFLOW_CTX_DAG_ID='launches_getter' AIRFLOW_CTX_TASK_ID='check_api_status' AIRFLOW_CTX_EXECUTION_DATE='2023-09-25T00:00:00+00:00' AIRFLOW_CTX_TRY_NUMBER='1' AIRFLOW_CTX_DAG_RUN_ID='scheduled__2023-09-25T00:00:00+00:00'
[2023-10-03T10:10:14.592+0000] {http.py:122} INFO - Poking: 
[2023-10-03T10:10:14.640+0000] {base.py:73} INFO - Using connection ID 'thespacedevs_dev' for task execution.
[2023-10-03T10:10:15.269+0000] {base.py:255} INFO - Success criteria met. Exiting.
[2023-10-03T10:10:15.320+0000] {taskinstance.py:1373} INFO - Marking task as SUCCESS. dag_id=launches_getter, task_id=check_api_status, execution_date=20230925T000000, start_date=20231003T101013, end_date=20231003T101015
[2023-10-03T10:10:15.495+0000] {local_task_job_runner.py:232} INFO - Task exited with return code 0
[2023-10-03T10:10:15.768+0000] {taskinstance.py:2674} INFO - 1 downstream tasks scheduled from follow-on schedule check
[2023-10-03T12:31:20.083+0000] {taskinstance.py:1125} INFO - Dependencies all met for dep_context=non-requeueable deps ti=<TaskInstance: launches_getter.check_api_status scheduled__2023-09-25T00:00:00+00:00 [queued]>
[2023-10-03T12:31:20.186+0000] {taskinstance.py:1125} INFO - Dependencies all met for dep_context=requeueable deps ti=<TaskInstance: launches_getter.check_api_status scheduled__2023-09-25T00:00:00+00:00 [queued]>
[2023-10-03T12:31:20.212+0000] {taskinstance.py:1331} INFO - Starting attempt 1 of 1
[2023-10-03T12:31:20.474+0000] {taskinstance.py:1350} INFO - Executing <Task(HttpSensor): check_api_status> on 2023-09-25 00:00:00+00:00
[2023-10-03T12:31:20.519+0000] {standard_task_runner.py:57} INFO - Started process 118 to run task
[2023-10-03T12:31:20.546+0000] {standard_task_runner.py:84} INFO - Running: ['***', 'tasks', 'run', 'launches_getter', 'check_api_status', 'scheduled__2023-09-25T00:00:00+00:00', '--job-id', '252', '--raw', '--subdir', 'DAGS_FOLDER/launches.py', '--cfg-path', '/tmp/tmpmj5ptgtj']
[2023-10-03T12:31:20.548+0000] {standard_task_runner.py:85} INFO - Job 252: Subtask check_api_status
[2023-10-03T12:31:20.943+0000] {task_command.py:410} INFO - Running <TaskInstance: launches_getter.check_api_status scheduled__2023-09-25T00:00:00+00:00 [running]> on host f21dc12153d8
[2023-10-03T12:31:22.061+0000] {taskinstance.py:1570} INFO - Exporting env vars: AIRFLOW_CTX_DAG_OWNER='***' AIRFLOW_CTX_DAG_ID='launches_getter' AIRFLOW_CTX_TASK_ID='check_api_status' AIRFLOW_CTX_EXECUTION_DATE='2023-09-25T00:00:00+00:00' AIRFLOW_CTX_TRY_NUMBER='1' AIRFLOW_CTX_DAG_RUN_ID='scheduled__2023-09-25T00:00:00+00:00'
[2023-10-03T12:31:22.077+0000] {http.py:122} INFO - Poking: 
[2023-10-03T12:31:22.323+0000] {base.py:73} INFO - Using connection ID 'thespacedevs_dev' for task execution.
[2023-10-03T12:31:23.692+0000] {base.py:255} INFO - Success criteria met. Exiting.
[2023-10-03T12:31:23.784+0000] {taskinstance.py:1373} INFO - Marking task as SUCCESS. dag_id=launches_getter, task_id=check_api_status, execution_date=20230925T000000, start_date=20231003T123120, end_date=20231003T123123
[2023-10-03T12:31:23.948+0000] {local_task_job_runner.py:232} INFO - Task exited with return code 0
[2023-10-03T12:31:24.524+0000] {taskinstance.py:2674} INFO - 1 downstream tasks scheduled from follow-on schedule check
