[2023-10-03T07:53:54.386+0000] {taskinstance.py:1125} INFO - Dependencies all met for dep_context=non-requeueable deps ti=<TaskInstance: launches_getter.http_sensor_check manual__2023-10-03T07:53:51.456360+00:00 [queued]>
[2023-10-03T07:53:54.489+0000] {taskinstance.py:1125} INFO - Dependencies all met for dep_context=requeueable deps ti=<TaskInstance: launches_getter.http_sensor_check manual__2023-10-03T07:53:51.456360+00:00 [queued]>
[2023-10-03T07:53:54.496+0000] {taskinstance.py:1331} INFO - Starting attempt 1 of 1
[2023-10-03T07:53:54.754+0000] {taskinstance.py:1350} INFO - Executing <Task(HttpSensor): http_sensor_check> on 2023-10-03 07:53:51.456360+00:00
[2023-10-03T07:53:54.824+0000] {standard_task_runner.py:57} INFO - Started process 436 to run task
[2023-10-03T07:53:54.848+0000] {standard_task_runner.py:84} INFO - Running: ['***', 'tasks', 'run', 'launches_getter', 'http_sensor_check', 'manual__2023-10-03T07:53:51.456360+00:00', '--job-id', '64', '--raw', '--subdir', 'DAGS_FOLDER/launches.py', '--cfg-path', '/tmp/tmpdv5tmqfk']
[2023-10-03T07:53:54.899+0000] {standard_task_runner.py:85} INFO - Job 64: Subtask http_sensor_check
[2023-10-03T07:53:55.999+0000] {task_command.py:410} INFO - Running <TaskInstance: launches_getter.http_sensor_check manual__2023-10-03T07:53:51.456360+00:00 [running]> on host f21dc12153d8
[2023-10-03T07:53:58.668+0000] {taskinstance.py:1570} INFO - Exporting env vars: AIRFLOW_CTX_DAG_OWNER='***' AIRFLOW_CTX_DAG_ID='launches_getter' AIRFLOW_CTX_TASK_ID='http_sensor_check' AIRFLOW_CTX_EXECUTION_DATE='2023-10-03T07:53:51.456360+00:00' AIRFLOW_CTX_TRY_NUMBER='1' AIRFLOW_CTX_DAG_RUN_ID='manual__2023-10-03T07:53:51.456360+00:00'
[2023-10-03T07:53:58.676+0000] {http.py:122} INFO - Poking: 
[2023-10-03T07:53:58.790+0000] {base.py:73} INFO - Using connection ID 'thespacedevs_dev' for task execution.
[2023-10-03T07:54:04.527+0000] {http.py:122} INFO - Poking: 
[2023-10-03T07:54:04.538+0000] {base.py:73} INFO - Using connection ID 'thespacedevs_dev' for task execution.
[2023-10-03T07:54:09.914+0000] {http.py:122} INFO - Poking: 
[2023-10-03T07:54:09.923+0000] {base.py:73} INFO - Using connection ID 'thespacedevs_dev' for task execution.
[2023-10-03T07:54:15.253+0000] {http.py:122} INFO - Poking: 
[2023-10-03T07:54:15.261+0000] {base.py:73} INFO - Using connection ID 'thespacedevs_dev' for task execution.
[2023-10-03T07:54:20.534+0000] {http.py:122} INFO - Poking: 
[2023-10-03T07:54:20.543+0000] {base.py:73} INFO - Using connection ID 'thespacedevs_dev' for task execution.
[2023-10-03T07:54:25.832+0000] {http.py:122} INFO - Poking: 
[2023-10-03T07:54:25.838+0000] {base.py:73} INFO - Using connection ID 'thespacedevs_dev' for task execution.
[2023-10-03T07:54:31.254+0000] {http.py:122} INFO - Poking: 
[2023-10-03T07:54:31.267+0000] {base.py:73} INFO - Using connection ID 'thespacedevs_dev' for task execution.
[2023-10-03T07:54:36.566+0000] {http.py:122} INFO - Poking: 
[2023-10-03T07:54:36.572+0000] {base.py:73} INFO - Using connection ID 'thespacedevs_dev' for task execution.
[2023-10-03T07:54:41.874+0000] {http.py:122} INFO - Poking: 
[2023-10-03T07:54:41.881+0000] {base.py:73} INFO - Using connection ID 'thespacedevs_dev' for task execution.
[2023-10-03T07:54:47.166+0000] {http.py:122} INFO - Poking: 
[2023-10-03T07:54:47.171+0000] {base.py:73} INFO - Using connection ID 'thespacedevs_dev' for task execution.
[2023-10-03T07:54:52.474+0000] {http.py:122} INFO - Poking: 
[2023-10-03T07:54:52.487+0000] {base.py:73} INFO - Using connection ID 'thespacedevs_dev' for task execution.
[2023-10-03T07:54:57.803+0000] {http.py:122} INFO - Poking: 
[2023-10-03T07:54:57.820+0000] {base.py:73} INFO - Using connection ID 'thespacedevs_dev' for task execution.
[2023-10-03T07:55:03.122+0000] {http.py:122} INFO - Poking: 
[2023-10-03T07:55:03.130+0000] {base.py:73} INFO - Using connection ID 'thespacedevs_dev' for task execution.
[2023-10-03T07:55:08.434+0000] {http.py:122} INFO - Poking: 
[2023-10-03T07:55:08.441+0000] {base.py:73} INFO - Using connection ID 'thespacedevs_dev' for task execution.
[2023-10-03T07:55:13.794+0000] {http.py:122} INFO - Poking: 
[2023-10-03T07:55:13.805+0000] {base.py:73} INFO - Using connection ID 'thespacedevs_dev' for task execution.
[2023-10-03T07:55:19.139+0000] {http.py:122} INFO - Poking: 
[2023-10-03T07:55:19.150+0000] {base.py:73} INFO - Using connection ID 'thespacedevs_dev' for task execution.
[2023-10-03T07:55:24.426+0000] {http.py:122} INFO - Poking: 
[2023-10-03T07:55:24.432+0000] {base.py:73} INFO - Using connection ID 'thespacedevs_dev' for task execution.
[2023-10-03T07:55:29.696+0000] {http.py:122} INFO - Poking: 
[2023-10-03T07:55:29.702+0000] {base.py:73} INFO - Using connection ID 'thespacedevs_dev' for task execution.
[2023-10-03T07:55:34.971+0000] {http.py:122} INFO - Poking: 
[2023-10-03T07:55:34.977+0000] {base.py:73} INFO - Using connection ID 'thespacedevs_dev' for task execution.
[2023-10-03T07:55:40.244+0000] {http.py:122} INFO - Poking: 
[2023-10-03T07:55:40.249+0000] {base.py:73} INFO - Using connection ID 'thespacedevs_dev' for task execution.
[2023-10-03T07:55:45.538+0000] {http.py:122} INFO - Poking: 
[2023-10-03T07:55:45.551+0000] {base.py:73} INFO - Using connection ID 'thespacedevs_dev' for task execution.
[2023-10-03T07:55:50.870+0000] {http.py:122} INFO - Poking: 
[2023-10-03T07:55:50.876+0000] {base.py:73} INFO - Using connection ID 'thespacedevs_dev' for task execution.
[2023-10-03T07:55:56.210+0000] {http.py:122} INFO - Poking: 
[2023-10-03T07:55:56.216+0000] {base.py:73} INFO - Using connection ID 'thespacedevs_dev' for task execution.
[2023-10-03T07:56:01.470+0000] {http.py:122} INFO - Poking: 
[2023-10-03T07:56:01.475+0000] {base.py:73} INFO - Using connection ID 'thespacedevs_dev' for task execution.
[2023-10-03T07:56:06.768+0000] {http.py:122} INFO - Poking: 
[2023-10-03T07:56:06.774+0000] {base.py:73} INFO - Using connection ID 'thespacedevs_dev' for task execution.
[2023-10-03T07:56:12.050+0000] {http.py:122} INFO - Poking: 
[2023-10-03T07:56:12.057+0000] {base.py:73} INFO - Using connection ID 'thespacedevs_dev' for task execution.
[2023-10-03T07:56:17.335+0000] {http.py:122} INFO - Poking: 
[2023-10-03T07:56:17.344+0000] {base.py:73} INFO - Using connection ID 'thespacedevs_dev' for task execution.
[2023-10-03T07:56:22.628+0000] {http.py:122} INFO - Poking: 
[2023-10-03T07:56:22.640+0000] {base.py:73} INFO - Using connection ID 'thespacedevs_dev' for task execution.
[2023-10-03T07:56:27.953+0000] {http.py:122} INFO - Poking: 
[2023-10-03T07:56:27.959+0000] {base.py:73} INFO - Using connection ID 'thespacedevs_dev' for task execution.
[2023-10-03T07:56:33.228+0000] {http.py:122} INFO - Poking: 
[2023-10-03T07:56:33.233+0000] {base.py:73} INFO - Using connection ID 'thespacedevs_dev' for task execution.
[2023-10-03T07:56:38.481+0000] {http.py:122} INFO - Poking: 
[2023-10-03T07:56:38.501+0000] {base.py:73} INFO - Using connection ID 'thespacedevs_dev' for task execution.
[2023-10-03T07:56:43.746+0000] {http.py:122} INFO - Poking: 
[2023-10-03T07:56:43.754+0000] {base.py:73} INFO - Using connection ID 'thespacedevs_dev' for task execution.
[2023-10-03T07:56:49.040+0000] {http.py:122} INFO - Poking: 
[2023-10-03T07:56:49.050+0000] {base.py:73} INFO - Using connection ID 'thespacedevs_dev' for task execution.
[2023-10-03T07:56:54.324+0000] {http.py:122} INFO - Poking: 
[2023-10-03T07:56:54.334+0000] {base.py:73} INFO - Using connection ID 'thespacedevs_dev' for task execution.
[2023-10-03T07:56:59.618+0000] {http.py:122} INFO - Poking: 
[2023-10-03T07:56:59.625+0000] {base.py:73} INFO - Using connection ID 'thespacedevs_dev' for task execution.
[2023-10-03T07:57:04.867+0000] {http.py:122} INFO - Poking: 
[2023-10-03T07:57:04.873+0000] {base.py:73} INFO - Using connection ID 'thespacedevs_dev' for task execution.
[2023-10-03T07:57:10.133+0000] {http.py:122} INFO - Poking: 
[2023-10-03T07:57:10.139+0000] {base.py:73} INFO - Using connection ID 'thespacedevs_dev' for task execution.
[2023-10-03T07:57:16.046+0000] {http.py:122} INFO - Poking: 
[2023-10-03T07:57:16.168+0000] {base.py:73} INFO - Using connection ID 'thespacedevs_dev' for task execution.
[2023-10-03T07:57:21.510+0000] {http.py:122} INFO - Poking: 
[2023-10-03T07:57:21.515+0000] {base.py:73} INFO - Using connection ID 'thespacedevs_dev' for task execution.
[2023-10-03T07:57:26.862+0000] {http.py:122} INFO - Poking: 
[2023-10-03T07:57:26.873+0000] {base.py:73} INFO - Using connection ID 'thespacedevs_dev' for task execution.
[2023-10-03T07:57:32.142+0000] {http.py:122} INFO - Poking: 
[2023-10-03T07:57:32.147+0000] {base.py:73} INFO - Using connection ID 'thespacedevs_dev' for task execution.
[2023-10-03T07:57:37.430+0000] {http.py:122} INFO - Poking: 
[2023-10-03T07:57:37.438+0000] {base.py:73} INFO - Using connection ID 'thespacedevs_dev' for task execution.
[2023-10-03T07:57:42.776+0000] {http.py:122} INFO - Poking: 
[2023-10-03T07:57:42.781+0000] {base.py:73} INFO - Using connection ID 'thespacedevs_dev' for task execution.
[2023-10-03T07:57:48.043+0000] {http.py:122} INFO - Poking: 
[2023-10-03T07:57:48.054+0000] {base.py:73} INFO - Using connection ID 'thespacedevs_dev' for task execution.
[2023-10-03T07:57:53.498+0000] {http.py:122} INFO - Poking: 
[2023-10-03T07:57:53.503+0000] {base.py:73} INFO - Using connection ID 'thespacedevs_dev' for task execution.
[2023-10-03T07:57:58.823+0000] {http.py:122} INFO - Poking: 
[2023-10-03T07:57:58.894+0000] {base.py:73} INFO - Using connection ID 'thespacedevs_dev' for task execution.
[2023-10-03T07:58:04.202+0000] {http.py:122} INFO - Poking: 
[2023-10-03T07:58:04.211+0000] {base.py:73} INFO - Using connection ID 'thespacedevs_dev' for task execution.
[2023-10-03T07:58:09.534+0000] {http.py:122} INFO - Poking: 
[2023-10-03T07:58:09.544+0000] {base.py:73} INFO - Using connection ID 'thespacedevs_dev' for task execution.
[2023-10-03T07:58:14.867+0000] {http.py:122} INFO - Poking: 
[2023-10-03T07:58:14.872+0000] {base.py:73} INFO - Using connection ID 'thespacedevs_dev' for task execution.
[2023-10-03T07:58:20.179+0000] {http.py:122} INFO - Poking: 
[2023-10-03T07:58:20.193+0000] {base.py:73} INFO - Using connection ID 'thespacedevs_dev' for task execution.
[2023-10-03T07:58:25.494+0000] {http.py:122} INFO - Poking: 
[2023-10-03T07:58:25.500+0000] {base.py:73} INFO - Using connection ID 'thespacedevs_dev' for task execution.
[2023-10-03T07:58:30.784+0000] {http.py:122} INFO - Poking: 
[2023-10-03T07:58:30.790+0000] {base.py:73} INFO - Using connection ID 'thespacedevs_dev' for task execution.
[2023-10-03T07:58:36.082+0000] {http.py:122} INFO - Poking: 
[2023-10-03T07:58:36.088+0000] {base.py:73} INFO - Using connection ID 'thespacedevs_dev' for task execution.
[2023-10-03T07:58:41.357+0000] {http.py:122} INFO - Poking: 
[2023-10-03T07:58:41.363+0000] {base.py:73} INFO - Using connection ID 'thespacedevs_dev' for task execution.
[2023-10-03T07:58:46.606+0000] {http.py:122} INFO - Poking: 
[2023-10-03T07:58:46.611+0000] {base.py:73} INFO - Using connection ID 'thespacedevs_dev' for task execution.
[2023-10-03T07:58:51.883+0000] {http.py:122} INFO - Poking: 
[2023-10-03T07:58:51.890+0000] {base.py:73} INFO - Using connection ID 'thespacedevs_dev' for task execution.
[2023-10-03T07:58:57.190+0000] {http.py:122} INFO - Poking: 
[2023-10-03T07:58:57.197+0000] {base.py:73} INFO - Using connection ID 'thespacedevs_dev' for task execution.
[2023-10-03T07:59:02.510+0000] {http.py:122} INFO - Poking: 
[2023-10-03T07:59:02.515+0000] {base.py:73} INFO - Using connection ID 'thespacedevs_dev' for task execution.
[2023-10-03T07:59:07.798+0000] {http.py:122} INFO - Poking: 
[2023-10-03T07:59:07.805+0000] {base.py:73} INFO - Using connection ID 'thespacedevs_dev' for task execution.
[2023-10-03T07:59:13.117+0000] {http.py:122} INFO - Poking: 
[2023-10-03T07:59:13.123+0000] {base.py:73} INFO - Using connection ID 'thespacedevs_dev' for task execution.
[2023-10-03T07:59:18.436+0000] {http.py:122} INFO - Poking: 
[2023-10-03T07:59:18.442+0000] {base.py:73} INFO - Using connection ID 'thespacedevs_dev' for task execution.
[2023-10-03T07:59:23.714+0000] {http.py:122} INFO - Poking: 
[2023-10-03T07:59:23.720+0000] {base.py:73} INFO - Using connection ID 'thespacedevs_dev' for task execution.
[2023-10-03T07:59:28.975+0000] {http.py:122} INFO - Poking: 
[2023-10-03T07:59:28.984+0000] {base.py:73} INFO - Using connection ID 'thespacedevs_dev' for task execution.
[2023-10-03T07:59:34.326+0000] {http.py:122} INFO - Poking: 
[2023-10-03T07:59:34.331+0000] {base.py:73} INFO - Using connection ID 'thespacedevs_dev' for task execution.
[2023-10-03T07:59:39.634+0000] {http.py:122} INFO - Poking: 
[2023-10-03T07:59:39.638+0000] {base.py:73} INFO - Using connection ID 'thespacedevs_dev' for task execution.
[2023-10-03T07:59:44.900+0000] {http.py:122} INFO - Poking: 
[2023-10-03T07:59:44.905+0000] {base.py:73} INFO - Using connection ID 'thespacedevs_dev' for task execution.
[2023-10-03T07:59:50.161+0000] {http.py:122} INFO - Poking: 
[2023-10-03T07:59:50.168+0000] {base.py:73} INFO - Using connection ID 'thespacedevs_dev' for task execution.
[2023-10-03T07:59:55.430+0000] {http.py:122} INFO - Poking: 
[2023-10-03T07:59:55.435+0000] {base.py:73} INFO - Using connection ID 'thespacedevs_dev' for task execution.
[2023-10-03T08:00:00.730+0000] {http.py:122} INFO - Poking: 
[2023-10-03T08:00:00.748+0000] {base.py:73} INFO - Using connection ID 'thespacedevs_dev' for task execution.
[2023-10-03T08:00:06.220+0000] {http.py:122} INFO - Poking: 
[2023-10-03T08:00:06.229+0000] {base.py:73} INFO - Using connection ID 'thespacedevs_dev' for task execution.
[2023-10-03T08:00:11.510+0000] {http.py:122} INFO - Poking: 
[2023-10-03T08:00:11.515+0000] {base.py:73} INFO - Using connection ID 'thespacedevs_dev' for task execution.
[2023-10-03T08:00:16.786+0000] {http.py:122} INFO - Poking: 
[2023-10-03T08:00:16.798+0000] {base.py:73} INFO - Using connection ID 'thespacedevs_dev' for task execution.
[2023-10-03T08:00:22.270+0000] {http.py:122} INFO - Poking: 
[2023-10-03T08:00:22.276+0000] {base.py:73} INFO - Using connection ID 'thespacedevs_dev' for task execution.
[2023-10-03T08:00:27.586+0000] {http.py:122} INFO - Poking: 
[2023-10-03T08:00:27.599+0000] {base.py:73} INFO - Using connection ID 'thespacedevs_dev' for task execution.
[2023-10-03T08:00:32.926+0000] {http.py:122} INFO - Poking: 
[2023-10-03T08:00:32.962+0000] {base.py:73} INFO - Using connection ID 'thespacedevs_dev' for task execution.
[2023-10-03T08:00:38.334+0000] {http.py:122} INFO - Poking: 
[2023-10-03T08:00:38.346+0000] {base.py:73} INFO - Using connection ID 'thespacedevs_dev' for task execution.
[2023-10-03T08:00:43.608+0000] {http.py:122} INFO - Poking: 
[2023-10-03T08:00:43.631+0000] {base.py:73} INFO - Using connection ID 'thespacedevs_dev' for task execution.
[2023-10-03T08:00:48.931+0000] {http.py:122} INFO - Poking: 
[2023-10-03T08:00:48.936+0000] {base.py:73} INFO - Using connection ID 'thespacedevs_dev' for task execution.
[2023-10-03T08:00:54.524+0000] {http.py:122} INFO - Poking: 
[2023-10-03T08:00:54.546+0000] {base.py:73} INFO - Using connection ID 'thespacedevs_dev' for task execution.
[2023-10-03T08:00:59.803+0000] {http.py:122} INFO - Poking: 
[2023-10-03T08:00:59.811+0000] {base.py:73} INFO - Using connection ID 'thespacedevs_dev' for task execution.
[2023-10-03T08:01:05.090+0000] {http.py:122} INFO - Poking: 
[2023-10-03T08:01:05.147+0000] {base.py:73} INFO - Using connection ID 'thespacedevs_dev' for task execution.
[2023-10-03T08:01:10.474+0000] {http.py:122} INFO - Poking: 
[2023-10-03T08:01:10.497+0000] {base.py:73} INFO - Using connection ID 'thespacedevs_dev' for task execution.
[2023-10-03T08:01:15.808+0000] {http.py:122} INFO - Poking: 
[2023-10-03T08:01:15.814+0000] {base.py:73} INFO - Using connection ID 'thespacedevs_dev' for task execution.
[2023-10-03T08:01:21.118+0000] {http.py:122} INFO - Poking: 
[2023-10-03T08:01:21.123+0000] {base.py:73} INFO - Using connection ID 'thespacedevs_dev' for task execution.
[2023-10-03T08:01:27.338+0000] {http.py:122} INFO - Poking: 
[2023-10-03T08:01:27.346+0000] {base.py:73} INFO - Using connection ID 'thespacedevs_dev' for task execution.
[2023-10-03T08:01:32.647+0000] {http.py:122} INFO - Poking: 
[2023-10-03T08:01:32.712+0000] {base.py:73} INFO - Using connection ID 'thespacedevs_dev' for task execution.
[2023-10-03T08:01:37.994+0000] {http.py:122} INFO - Poking: 
[2023-10-03T08:01:38.001+0000] {base.py:73} INFO - Using connection ID 'thespacedevs_dev' for task execution.
[2023-10-03T08:01:43.315+0000] {http.py:122} INFO - Poking: 
[2023-10-03T08:01:43.320+0000] {base.py:73} INFO - Using connection ID 'thespacedevs_dev' for task execution.
[2023-10-03T08:01:48.560+0000] {http.py:122} INFO - Poking: 
[2023-10-03T08:01:48.567+0000] {base.py:73} INFO - Using connection ID 'thespacedevs_dev' for task execution.
[2023-10-03T08:01:53.861+0000] {http.py:122} INFO - Poking: 
[2023-10-03T08:01:53.867+0000] {base.py:73} INFO - Using connection ID 'thespacedevs_dev' for task execution.
[2023-10-03T08:01:59.151+0000] {http.py:122} INFO - Poking: 
[2023-10-03T08:01:59.157+0000] {base.py:73} INFO - Using connection ID 'thespacedevs_dev' for task execution.
[2023-10-03T08:02:04.442+0000] {http.py:122} INFO - Poking: 
[2023-10-03T08:02:04.447+0000] {base.py:73} INFO - Using connection ID 'thespacedevs_dev' for task execution.
[2023-10-03T08:02:09.715+0000] {http.py:122} INFO - Poking: 
[2023-10-03T08:02:09.728+0000] {base.py:73} INFO - Using connection ID 'thespacedevs_dev' for task execution.
[2023-10-03T08:02:15.022+0000] {http.py:122} INFO - Poking: 
[2023-10-03T08:02:15.027+0000] {base.py:73} INFO - Using connection ID 'thespacedevs_dev' for task execution.
[2023-10-03T08:02:20.303+0000] {http.py:122} INFO - Poking: 
[2023-10-03T08:02:20.309+0000] {base.py:73} INFO - Using connection ID 'thespacedevs_dev' for task execution.
[2023-10-03T08:02:25.605+0000] {http.py:122} INFO - Poking: 
[2023-10-03T08:02:25.613+0000] {base.py:73} INFO - Using connection ID 'thespacedevs_dev' for task execution.
[2023-10-03T08:02:32.530+0000] {http.py:122} INFO - Poking: 
[2023-10-03T08:02:32.559+0000] {base.py:73} INFO - Using connection ID 'thespacedevs_dev' for task execution.
[2023-10-03T08:02:37.875+0000] {http.py:122} INFO - Poking: 
[2023-10-03T08:02:37.882+0000] {base.py:73} INFO - Using connection ID 'thespacedevs_dev' for task execution.
[2023-10-03T08:02:43.131+0000] {http.py:122} INFO - Poking: 
[2023-10-03T08:02:43.183+0000] {base.py:73} INFO - Using connection ID 'thespacedevs_dev' for task execution.
[2023-10-03T08:02:48.566+0000] {http.py:122} INFO - Poking: 
[2023-10-03T08:02:48.579+0000] {base.py:73} INFO - Using connection ID 'thespacedevs_dev' for task execution.
[2023-10-03T08:02:54.026+0000] {http.py:122} INFO - Poking: 
[2023-10-03T08:02:54.037+0000] {base.py:73} INFO - Using connection ID 'thespacedevs_dev' for task execution.
[2023-10-03T08:02:59.330+0000] {http.py:122} INFO - Poking: 
[2023-10-03T08:02:59.338+0000] {base.py:73} INFO - Using connection ID 'thespacedevs_dev' for task execution.
[2023-10-03T08:03:04.659+0000] {http.py:122} INFO - Poking: 
[2023-10-03T08:03:04.664+0000] {base.py:73} INFO - Using connection ID 'thespacedevs_dev' for task execution.
[2023-10-03T08:03:09.964+0000] {http.py:122} INFO - Poking: 
[2023-10-03T08:03:09.969+0000] {base.py:73} INFO - Using connection ID 'thespacedevs_dev' for task execution.
[2023-10-03T08:03:15.258+0000] {http.py:122} INFO - Poking: 
[2023-10-03T08:03:15.265+0000] {base.py:73} INFO - Using connection ID 'thespacedevs_dev' for task execution.
[2023-10-03T08:03:20.558+0000] {http.py:122} INFO - Poking: 
[2023-10-03T08:03:20.569+0000] {base.py:73} INFO - Using connection ID 'thespacedevs_dev' for task execution.
[2023-10-03T08:03:25.879+0000] {http.py:122} INFO - Poking: 
[2023-10-03T08:03:25.884+0000] {base.py:73} INFO - Using connection ID 'thespacedevs_dev' for task execution.
[2023-10-03T08:03:31.155+0000] {http.py:122} INFO - Poking: 
[2023-10-03T08:03:31.161+0000] {base.py:73} INFO - Using connection ID 'thespacedevs_dev' for task execution.
[2023-10-03T08:03:36.449+0000] {http.py:122} INFO - Poking: 
[2023-10-03T08:03:36.454+0000] {base.py:73} INFO - Using connection ID 'thespacedevs_dev' for task execution.
[2023-10-03T08:03:41.734+0000] {http.py:122} INFO - Poking: 
[2023-10-03T08:03:41.739+0000] {base.py:73} INFO - Using connection ID 'thespacedevs_dev' for task execution.
[2023-10-03T08:03:47.030+0000] {http.py:122} INFO - Poking: 
[2023-10-03T08:03:47.041+0000] {base.py:73} INFO - Using connection ID 'thespacedevs_dev' for task execution.
[2023-10-03T08:03:52.314+0000] {http.py:122} INFO - Poking: 
[2023-10-03T08:03:52.322+0000] {base.py:73} INFO - Using connection ID 'thespacedevs_dev' for task execution.
[2023-10-03T08:03:57.630+0000] {http.py:122} INFO - Poking: 
[2023-10-03T08:03:57.656+0000] {base.py:73} INFO - Using connection ID 'thespacedevs_dev' for task execution.
[2023-10-03T08:04:02.946+0000] {http.py:122} INFO - Poking: 
[2023-10-03T08:04:02.951+0000] {base.py:73} INFO - Using connection ID 'thespacedevs_dev' for task execution.
[2023-10-03T08:04:08.234+0000] {http.py:122} INFO - Poking: 
[2023-10-03T08:04:08.255+0000] {base.py:73} INFO - Using connection ID 'thespacedevs_dev' for task execution.
[2023-10-03T08:04:13.582+0000] {http.py:122} INFO - Poking: 
[2023-10-03T08:04:13.587+0000] {base.py:73} INFO - Using connection ID 'thespacedevs_dev' for task execution.
[2023-10-03T08:04:18.887+0000] {http.py:122} INFO - Poking: 
[2023-10-03T08:04:18.902+0000] {base.py:73} INFO - Using connection ID 'thespacedevs_dev' for task execution.
[2023-10-03T08:04:24.232+0000] {http.py:122} INFO - Poking: 
[2023-10-03T08:04:24.284+0000] {base.py:73} INFO - Using connection ID 'thespacedevs_dev' for task execution.
[2023-10-03T08:04:29.562+0000] {http.py:122} INFO - Poking: 
[2023-10-03T08:04:29.567+0000] {base.py:73} INFO - Using connection ID 'thespacedevs_dev' for task execution.
[2023-10-03T08:04:34.866+0000] {http.py:122} INFO - Poking: 
[2023-10-03T08:04:34.872+0000] {base.py:73} INFO - Using connection ID 'thespacedevs_dev' for task execution.
[2023-10-03T08:04:40.162+0000] {http.py:122} INFO - Poking: 
[2023-10-03T08:04:40.168+0000] {base.py:73} INFO - Using connection ID 'thespacedevs_dev' for task execution.
[2023-10-03T08:04:45.422+0000] {http.py:122} INFO - Poking: 
[2023-10-03T08:04:45.428+0000] {base.py:73} INFO - Using connection ID 'thespacedevs_dev' for task execution.
[2023-10-03T08:04:50.689+0000] {http.py:122} INFO - Poking: 
[2023-10-03T08:04:50.694+0000] {base.py:73} INFO - Using connection ID 'thespacedevs_dev' for task execution.
[2023-10-03T08:04:55.982+0000] {http.py:122} INFO - Poking: 
[2023-10-03T08:04:55.988+0000] {base.py:73} INFO - Using connection ID 'thespacedevs_dev' for task execution.
[2023-10-03T08:05:01.282+0000] {http.py:122} INFO - Poking: 
[2023-10-03T08:05:01.287+0000] {base.py:73} INFO - Using connection ID 'thespacedevs_dev' for task execution.
[2023-10-03T08:05:06.594+0000] {http.py:122} INFO - Poking: 
[2023-10-03T08:05:06.599+0000] {base.py:73} INFO - Using connection ID 'thespacedevs_dev' for task execution.
[2023-10-03T08:05:11.862+0000] {http.py:122} INFO - Poking: 
[2023-10-03T08:05:11.878+0000] {base.py:73} INFO - Using connection ID 'thespacedevs_dev' for task execution.
[2023-10-03T08:05:17.190+0000] {http.py:122} INFO - Poking: 
[2023-10-03T08:05:17.196+0000] {base.py:73} INFO - Using connection ID 'thespacedevs_dev' for task execution.
[2023-10-03T08:05:22.502+0000] {http.py:122} INFO - Poking: 
[2023-10-03T08:05:22.514+0000] {base.py:73} INFO - Using connection ID 'thespacedevs_dev' for task execution.
[2023-10-03T08:05:27.782+0000] {http.py:122} INFO - Poking: 
[2023-10-03T08:05:27.791+0000] {base.py:73} INFO - Using connection ID 'thespacedevs_dev' for task execution.
[2023-10-03T08:05:33.094+0000] {http.py:122} INFO - Poking: 
[2023-10-03T08:05:33.102+0000] {base.py:73} INFO - Using connection ID 'thespacedevs_dev' for task execution.
[2023-10-03T08:05:39.436+0000] {http.py:122} INFO - Poking: 
[2023-10-03T08:05:39.454+0000] {base.py:73} INFO - Using connection ID 'thespacedevs_dev' for task execution.
[2023-10-03T08:05:44.734+0000] {http.py:122} INFO - Poking: 
[2023-10-03T08:05:44.748+0000] {base.py:73} INFO - Using connection ID 'thespacedevs_dev' for task execution.
[2023-10-03T08:05:50.062+0000] {http.py:122} INFO - Poking: 
[2023-10-03T08:05:50.069+0000] {base.py:73} INFO - Using connection ID 'thespacedevs_dev' for task execution.
[2023-10-03T08:05:55.382+0000] {http.py:122} INFO - Poking: 
[2023-10-03T08:05:55.395+0000] {base.py:73} INFO - Using connection ID 'thespacedevs_dev' for task execution.
[2023-10-03T08:06:00.754+0000] {http.py:122} INFO - Poking: 
[2023-10-03T08:06:00.760+0000] {base.py:73} INFO - Using connection ID 'thespacedevs_dev' for task execution.
[2023-10-03T08:06:06.094+0000] {http.py:122} INFO - Poking: 
[2023-10-03T08:06:06.099+0000] {base.py:73} INFO - Using connection ID 'thespacedevs_dev' for task execution.
[2023-10-03T08:06:11.411+0000] {http.py:122} INFO - Poking: 
[2023-10-03T08:06:11.421+0000] {base.py:73} INFO - Using connection ID 'thespacedevs_dev' for task execution.
[2023-10-03T08:06:16.682+0000] {http.py:122} INFO - Poking: 
[2023-10-03T08:06:16.690+0000] {base.py:73} INFO - Using connection ID 'thespacedevs_dev' for task execution.
[2023-10-03T08:06:22.144+0000] {http.py:122} INFO - Poking: 
[2023-10-03T08:06:22.150+0000] {base.py:73} INFO - Using connection ID 'thespacedevs_dev' for task execution.
[2023-10-03T08:06:27.402+0000] {http.py:122} INFO - Poking: 
[2023-10-03T08:06:27.417+0000] {base.py:73} INFO - Using connection ID 'thespacedevs_dev' for task execution.
[2023-10-03T08:06:32.736+0000] {http.py:122} INFO - Poking: 
[2023-10-03T08:06:32.744+0000] {base.py:73} INFO - Using connection ID 'thespacedevs_dev' for task execution.
[2023-10-03T08:06:38.038+0000] {http.py:122} INFO - Poking: 
[2023-10-03T08:06:38.046+0000] {base.py:73} INFO - Using connection ID 'thespacedevs_dev' for task execution.
[2023-10-03T08:06:44.082+0000] {http.py:122} INFO - Poking: 
[2023-10-03T08:06:44.088+0000] {base.py:73} INFO - Using connection ID 'thespacedevs_dev' for task execution.
[2023-10-03T08:06:49.395+0000] {http.py:122} INFO - Poking: 
[2023-10-03T08:06:49.407+0000] {base.py:73} INFO - Using connection ID 'thespacedevs_dev' for task execution.
[2023-10-03T08:06:54.667+0000] {http.py:122} INFO - Poking: 
[2023-10-03T08:06:54.677+0000] {base.py:73} INFO - Using connection ID 'thespacedevs_dev' for task execution.
[2023-10-03T08:06:59.975+0000] {http.py:122} INFO - Poking: 
[2023-10-03T08:06:59.984+0000] {base.py:73} INFO - Using connection ID 'thespacedevs_dev' for task execution.
[2023-10-03T08:07:05.280+0000] {http.py:122} INFO - Poking: 
[2023-10-03T08:07:05.291+0000] {base.py:73} INFO - Using connection ID 'thespacedevs_dev' for task execution.
[2023-10-03T08:07:07.935+0000] {local_task_job_runner.py:299} WARNING - State of this instance has been externally set to failed. Terminating instance.
[2023-10-03T08:07:07.937+0000] {process_utils.py:135} INFO - Sending Signals.SIGTERM to group 436. PIDs of all processes in the group: [436]
[2023-10-03T08:07:07.938+0000] {process_utils.py:86} INFO - Sending the signal Signals.SIGTERM to group 436
[2023-10-03T08:07:07.938+0000] {taskinstance.py:1540} ERROR - Received SIGTERM. Terminating subprocesses.
[2023-10-03T08:07:08.006+0000] {process_utils.py:79} INFO - Process psutil.Process(pid=436, status='terminated', exitcode=0, started='07:53:54') (436) terminated with exit code 0
