[2023-10-03T10:10:24.297+0000] {taskinstance.py:1125} INFO - Dependencies all met for dep_context=non-requeueable deps ti=<TaskInstance: launches_getter.check_data_in_a_day scheduled__2023-09-23T00:00:00+00:00 [queued]>
[2023-10-03T10:10:24.309+0000] {taskinstance.py:1125} INFO - Dependencies all met for dep_context=requeueable deps ti=<TaskInstance: launches_getter.check_data_in_a_day scheduled__2023-09-23T00:00:00+00:00 [queued]>
[2023-10-03T10:10:24.309+0000] {taskinstance.py:1331} INFO - Starting attempt 1 of 1
[2023-10-03T10:10:24.350+0000] {taskinstance.py:1350} INFO - Executing <Task(PythonOperator): check_data_in_a_day> on 2023-09-23 00:00:00+00:00
[2023-10-03T10:10:24.408+0000] {standard_task_runner.py:57} INFO - Started process 3064 to run task
[2023-10-03T10:10:24.457+0000] {standard_task_runner.py:84} INFO - Running: ['***', 'tasks', 'run', 'launches_getter', 'check_data_in_a_day', 'scheduled__2023-09-23T00:00:00+00:00', '--job-id', '176', '--raw', '--subdir', 'DAGS_FOLDER/launches.py', '--cfg-path', '/tmp/tmpzthi95il']
[2023-10-03T10:10:24.487+0000] {standard_task_runner.py:85} INFO - Job 176: Subtask check_data_in_a_day
[2023-10-03T10:10:25.033+0000] {task_command.py:410} INFO - Running <TaskInstance: launches_getter.check_data_in_a_day scheduled__2023-09-23T00:00:00+00:00 [running]> on host f21dc12153d8
[2023-10-03T10:10:25.835+0000] {taskinstance.py:1570} INFO - Exporting env vars: AIRFLOW_CTX_DAG_OWNER='***' AIRFLOW_CTX_DAG_ID='launches_getter' AIRFLOW_CTX_TASK_ID='check_data_in_a_day' AIRFLOW_CTX_EXECUTION_DATE='2023-09-23T00:00:00+00:00' AIRFLOW_CTX_TRY_NUMBER='1' AIRFLOW_CTX_DAG_RUN_ID='scheduled__2023-09-23T00:00:00+00:00'
[2023-10-03T10:10:26.015+0000] {taskinstance.py:1454} INFO - No data found on date 2023-09-23
[2023-10-03T10:10:26.052+0000] {taskinstance.py:1373} INFO - Marking task as SKIPPED. dag_id=launches_getter, task_id=check_data_in_a_day, execution_date=20230923T000000, start_date=20231003T101024, end_date=20231003T101026
[2023-10-03T10:10:26.239+0000] {local_task_job_runner.py:232} INFO - Task exited with return code 0
[2023-10-03T10:10:26.463+0000] {taskinstance.py:2674} INFO - 0 downstream tasks scheduled from follow-on schedule check
[2023-10-03T12:31:48.496+0000] {taskinstance.py:1125} INFO - Dependencies all met for dep_context=non-requeueable deps ti=<TaskInstance: launches_getter.check_data_in_a_day scheduled__2023-09-23T00:00:00+00:00 [queued]>
[2023-10-03T12:31:48.596+0000] {taskinstance.py:1125} INFO - Dependencies all met for dep_context=requeueable deps ti=<TaskInstance: launches_getter.check_data_in_a_day scheduled__2023-09-23T00:00:00+00:00 [queued]>
[2023-10-03T12:31:48.601+0000] {taskinstance.py:1331} INFO - Starting attempt 1 of 1
[2023-10-03T12:31:48.783+0000] {taskinstance.py:1350} INFO - Executing <Task(PythonOperator): check_data_in_a_day> on 2023-09-23 00:00:00+00:00
[2023-10-03T12:31:48.834+0000] {standard_task_runner.py:57} INFO - Started process 196 to run task
[2023-10-03T12:31:48.876+0000] {standard_task_runner.py:84} INFO - Running: ['***', 'tasks', 'run', 'launches_getter', 'check_data_in_a_day', 'scheduled__2023-09-23T00:00:00+00:00', '--job-id', '276', '--raw', '--subdir', 'DAGS_FOLDER/launches.py', '--cfg-path', '/tmp/tmpv2udwy0d']
[2023-10-03T12:31:48.892+0000] {standard_task_runner.py:85} INFO - Job 276: Subtask check_data_in_a_day
[2023-10-03T12:31:49.330+0000] {task_command.py:410} INFO - Running <TaskInstance: launches_getter.check_data_in_a_day scheduled__2023-09-23T00:00:00+00:00 [running]> on host f21dc12153d8
[2023-10-03T12:31:50.099+0000] {taskinstance.py:1570} INFO - Exporting env vars: AIRFLOW_CTX_DAG_OWNER='***' AIRFLOW_CTX_DAG_ID='launches_getter' AIRFLOW_CTX_TASK_ID='check_data_in_a_day' AIRFLOW_CTX_EXECUTION_DATE='2023-09-23T00:00:00+00:00' AIRFLOW_CTX_TRY_NUMBER='1' AIRFLOW_CTX_DAG_RUN_ID='scheduled__2023-09-23T00:00:00+00:00'
[2023-10-03T12:31:50.152+0000] {taskinstance.py:1454} INFO - No data found on date 2023-09-23
[2023-10-03T12:31:50.189+0000] {taskinstance.py:1373} INFO - Marking task as SKIPPED. dag_id=launches_getter, task_id=check_data_in_a_day, execution_date=20230923T000000, start_date=20231003T123148, end_date=20231003T123150
[2023-10-03T12:31:50.356+0000] {local_task_job_runner.py:232} INFO - Task exited with return code 0
[2023-10-03T12:31:50.442+0000] {taskinstance.py:2674} INFO - 0 downstream tasks scheduled from follow-on schedule check
