[2023-10-03T07:54:01.577+0000] {taskinstance.py:1125} INFO - Dependencies all met for dep_context=non-requeueable deps ti=<TaskInstance: launches_getter.http_sensor_check scheduled__2023-07-11T00:00:00+00:00 [queued]>
[2023-10-03T07:54:01.686+0000] {taskinstance.py:1125} INFO - Dependencies all met for dep_context=requeueable deps ti=<TaskInstance: launches_getter.http_sensor_check scheduled__2023-07-11T00:00:00+00:00 [queued]>
[2023-10-03T07:54:01.686+0000] {taskinstance.py:1331} INFO - Starting attempt 1 of 1
[2023-10-03T07:54:01.902+0000] {taskinstance.py:1350} INFO - Executing <Task(HttpSensor): http_sensor_check> on 2023-07-11 00:00:00+00:00
[2023-10-03T07:54:01.976+0000] {standard_task_runner.py:57} INFO - Started process 455 to run task
[2023-10-03T07:54:02.039+0000] {standard_task_runner.py:84} INFO - Running: ['***', 'tasks', 'run', 'launches_getter', 'http_sensor_check', 'scheduled__2023-07-11T00:00:00+00:00', '--job-id', '70', '--raw', '--subdir', 'DAGS_FOLDER/launches.py', '--cfg-path', '/tmp/tmpn9gchb20']
[2023-10-03T07:54:02.056+0000] {standard_task_runner.py:85} INFO - Job 70: Subtask http_sensor_check
[2023-10-03T07:54:02.545+0000] {task_command.py:410} INFO - Running <TaskInstance: launches_getter.http_sensor_check scheduled__2023-07-11T00:00:00+00:00 [running]> on host f21dc12153d8
[2023-10-03T07:54:03.548+0000] {taskinstance.py:1570} INFO - Exporting env vars: AIRFLOW_CTX_DAG_OWNER='***' AIRFLOW_CTX_DAG_ID='launches_getter' AIRFLOW_CTX_TASK_ID='http_sensor_check' AIRFLOW_CTX_EXECUTION_DATE='2023-07-11T00:00:00+00:00' AIRFLOW_CTX_TRY_NUMBER='1' AIRFLOW_CTX_DAG_RUN_ID='scheduled__2023-07-11T00:00:00+00:00'
[2023-10-03T07:54:03.549+0000] {http.py:122} INFO - Poking: 
[2023-10-03T07:54:03.622+0000] {base.py:73} INFO - Using connection ID 'thespacedevs_dev' for task execution.
[2023-10-03T07:54:09.372+0000] {http.py:122} INFO - Poking: 
[2023-10-03T07:54:09.377+0000] {base.py:73} INFO - Using connection ID 'thespacedevs_dev' for task execution.
[2023-10-03T07:54:14.690+0000] {http.py:122} INFO - Poking: 
[2023-10-03T07:54:14.695+0000] {base.py:73} INFO - Using connection ID 'thespacedevs_dev' for task execution.
[2023-10-03T07:54:19.986+0000] {http.py:122} INFO - Poking: 
[2023-10-03T07:54:19.992+0000] {base.py:73} INFO - Using connection ID 'thespacedevs_dev' for task execution.
[2023-10-03T07:54:25.284+0000] {http.py:122} INFO - Poking: 
[2023-10-03T07:54:25.289+0000] {base.py:73} INFO - Using connection ID 'thespacedevs_dev' for task execution.
[2023-10-03T07:54:30.583+0000] {http.py:122} INFO - Poking: 
[2023-10-03T07:54:30.589+0000] {base.py:73} INFO - Using connection ID 'thespacedevs_dev' for task execution.
[2023-10-03T07:54:35.894+0000] {http.py:122} INFO - Poking: 
[2023-10-03T07:54:35.905+0000] {base.py:73} INFO - Using connection ID 'thespacedevs_dev' for task execution.
[2023-10-03T07:54:41.182+0000] {http.py:122} INFO - Poking: 
[2023-10-03T07:54:41.188+0000] {base.py:73} INFO - Using connection ID 'thespacedevs_dev' for task execution.
[2023-10-03T07:54:46.478+0000] {http.py:122} INFO - Poking: 
[2023-10-03T07:54:46.483+0000] {base.py:73} INFO - Using connection ID 'thespacedevs_dev' for task execution.
[2023-10-03T07:54:51.801+0000] {http.py:122} INFO - Poking: 
[2023-10-03T07:54:51.807+0000] {base.py:73} INFO - Using connection ID 'thespacedevs_dev' for task execution.
[2023-10-03T07:54:57.088+0000] {http.py:122} INFO - Poking: 
[2023-10-03T07:54:57.094+0000] {base.py:73} INFO - Using connection ID 'thespacedevs_dev' for task execution.
[2023-10-03T07:55:02.367+0000] {http.py:122} INFO - Poking: 
[2023-10-03T07:55:02.372+0000] {base.py:73} INFO - Using connection ID 'thespacedevs_dev' for task execution.
[2023-10-03T07:55:07.644+0000] {http.py:122} INFO - Poking: 
[2023-10-03T07:55:07.657+0000] {base.py:73} INFO - Using connection ID 'thespacedevs_dev' for task execution.
[2023-10-03T07:55:12.958+0000] {http.py:122} INFO - Poking: 
[2023-10-03T07:55:12.967+0000] {base.py:73} INFO - Using connection ID 'thespacedevs_dev' for task execution.
[2023-10-03T07:55:18.286+0000] {http.py:122} INFO - Poking: 
[2023-10-03T07:55:18.298+0000] {base.py:73} INFO - Using connection ID 'thespacedevs_dev' for task execution.
[2023-10-03T07:55:23.593+0000] {http.py:122} INFO - Poking: 
[2023-10-03T07:55:23.599+0000] {base.py:73} INFO - Using connection ID 'thespacedevs_dev' for task execution.
[2023-10-03T07:55:28.879+0000] {http.py:122} INFO - Poking: 
[2023-10-03T07:55:28.886+0000] {base.py:73} INFO - Using connection ID 'thespacedevs_dev' for task execution.
[2023-10-03T07:55:34.186+0000] {http.py:122} INFO - Poking: 
[2023-10-03T07:55:34.191+0000] {base.py:73} INFO - Using connection ID 'thespacedevs_dev' for task execution.
[2023-10-03T07:55:39.450+0000] {http.py:122} INFO - Poking: 
[2023-10-03T07:55:39.459+0000] {base.py:73} INFO - Using connection ID 'thespacedevs_dev' for task execution.
[2023-10-03T07:55:44.794+0000] {http.py:122} INFO - Poking: 
[2023-10-03T07:55:44.802+0000] {base.py:73} INFO - Using connection ID 'thespacedevs_dev' for task execution.
[2023-10-03T07:55:50.115+0000] {http.py:122} INFO - Poking: 
[2023-10-03T07:55:50.121+0000] {base.py:73} INFO - Using connection ID 'thespacedevs_dev' for task execution.
[2023-10-03T07:55:55.370+0000] {http.py:122} INFO - Poking: 
[2023-10-03T07:55:55.375+0000] {base.py:73} INFO - Using connection ID 'thespacedevs_dev' for task execution.
[2023-10-03T07:56:00.656+0000] {http.py:122} INFO - Poking: 
[2023-10-03T07:56:00.663+0000] {base.py:73} INFO - Using connection ID 'thespacedevs_dev' for task execution.
[2023-10-03T07:56:05.964+0000] {http.py:122} INFO - Poking: 
[2023-10-03T07:56:05.969+0000] {base.py:73} INFO - Using connection ID 'thespacedevs_dev' for task execution.
[2023-10-03T07:56:11.214+0000] {http.py:122} INFO - Poking: 
[2023-10-03T07:56:11.221+0000] {base.py:73} INFO - Using connection ID 'thespacedevs_dev' for task execution.
[2023-10-03T07:56:16.503+0000] {http.py:122} INFO - Poking: 
[2023-10-03T07:56:16.565+0000] {base.py:73} INFO - Using connection ID 'thespacedevs_dev' for task execution.
[2023-10-03T07:56:21.874+0000] {http.py:122} INFO - Poking: 
[2023-10-03T07:56:21.880+0000] {base.py:73} INFO - Using connection ID 'thespacedevs_dev' for task execution.
[2023-10-03T07:56:27.178+0000] {http.py:122} INFO - Poking: 
[2023-10-03T07:56:27.184+0000] {base.py:73} INFO - Using connection ID 'thespacedevs_dev' for task execution.
[2023-10-03T07:56:32.442+0000] {http.py:122} INFO - Poking: 
[2023-10-03T07:56:32.448+0000] {base.py:73} INFO - Using connection ID 'thespacedevs_dev' for task execution.
[2023-10-03T07:56:37.709+0000] {http.py:122} INFO - Poking: 
[2023-10-03T07:56:37.716+0000] {base.py:73} INFO - Using connection ID 'thespacedevs_dev' for task execution.
[2023-10-03T07:56:42.958+0000] {http.py:122} INFO - Poking: 
[2023-10-03T07:56:42.968+0000] {base.py:73} INFO - Using connection ID 'thespacedevs_dev' for task execution.
[2023-10-03T07:56:48.246+0000] {http.py:122} INFO - Poking: 
[2023-10-03T07:56:48.255+0000] {base.py:73} INFO - Using connection ID 'thespacedevs_dev' for task execution.
[2023-10-03T07:56:53.561+0000] {http.py:122} INFO - Poking: 
[2023-10-03T07:56:53.567+0000] {base.py:73} INFO - Using connection ID 'thespacedevs_dev' for task execution.
[2023-10-03T07:56:58.811+0000] {http.py:122} INFO - Poking: 
[2023-10-03T07:56:58.821+0000] {base.py:73} INFO - Using connection ID 'thespacedevs_dev' for task execution.
[2023-10-03T07:57:04.106+0000] {http.py:122} INFO - Poking: 
[2023-10-03T07:57:04.113+0000] {base.py:73} INFO - Using connection ID 'thespacedevs_dev' for task execution.
[2023-10-03T07:57:09.406+0000] {http.py:122} INFO - Poking: 
[2023-10-03T07:57:09.418+0000] {base.py:73} INFO - Using connection ID 'thespacedevs_dev' for task execution.
[2023-10-03T07:57:15.980+0000] {http.py:122} INFO - Poking: 
[2023-10-03T07:57:16.102+0000] {base.py:73} INFO - Using connection ID 'thespacedevs_dev' for task execution.
[2023-10-03T07:57:21.541+0000] {http.py:122} INFO - Poking: 
[2023-10-03T07:57:21.565+0000] {base.py:73} INFO - Using connection ID 'thespacedevs_dev' for task execution.
[2023-10-03T07:57:26.834+0000] {http.py:122} INFO - Poking: 
[2023-10-03T07:57:26.842+0000] {base.py:73} INFO - Using connection ID 'thespacedevs_dev' for task execution.
[2023-10-03T07:57:32.174+0000] {http.py:122} INFO - Poking: 
[2023-10-03T07:57:32.179+0000] {base.py:73} INFO - Using connection ID 'thespacedevs_dev' for task execution.
[2023-10-03T07:57:37.475+0000] {http.py:122} INFO - Poking: 
[2023-10-03T07:57:37.487+0000] {base.py:73} INFO - Using connection ID 'thespacedevs_dev' for task execution.
[2023-10-03T07:57:42.770+0000] {http.py:122} INFO - Poking: 
[2023-10-03T07:57:42.775+0000] {base.py:73} INFO - Using connection ID 'thespacedevs_dev' for task execution.
[2023-10-03T07:57:48.077+0000] {http.py:122} INFO - Poking: 
[2023-10-03T07:57:48.098+0000] {base.py:73} INFO - Using connection ID 'thespacedevs_dev' for task execution.
[2023-10-03T07:57:53.402+0000] {http.py:122} INFO - Poking: 
[2023-10-03T07:57:53.408+0000] {base.py:73} INFO - Using connection ID 'thespacedevs_dev' for task execution.
[2023-10-03T07:57:58.686+0000] {http.py:122} INFO - Poking: 
[2023-10-03T07:57:58.692+0000] {base.py:73} INFO - Using connection ID 'thespacedevs_dev' for task execution.
[2023-10-03T07:58:03.994+0000] {http.py:122} INFO - Poking: 
[2023-10-03T07:58:04.000+0000] {base.py:73} INFO - Using connection ID 'thespacedevs_dev' for task execution.
[2023-10-03T07:58:09.258+0000] {http.py:122} INFO - Poking: 
[2023-10-03T07:58:09.264+0000] {base.py:73} INFO - Using connection ID 'thespacedevs_dev' for task execution.
[2023-10-03T07:58:14.518+0000] {http.py:122} INFO - Poking: 
[2023-10-03T07:58:14.525+0000] {base.py:73} INFO - Using connection ID 'thespacedevs_dev' for task execution.
[2023-10-03T07:58:19.792+0000] {http.py:122} INFO - Poking: 
[2023-10-03T07:58:19.801+0000] {base.py:73} INFO - Using connection ID 'thespacedevs_dev' for task execution.
[2023-10-03T07:58:25.146+0000] {http.py:122} INFO - Poking: 
[2023-10-03T07:58:25.152+0000] {base.py:73} INFO - Using connection ID 'thespacedevs_dev' for task execution.
[2023-10-03T07:58:30.454+0000] {http.py:122} INFO - Poking: 
[2023-10-03T07:58:30.460+0000] {base.py:73} INFO - Using connection ID 'thespacedevs_dev' for task execution.
[2023-10-03T07:58:35.714+0000] {http.py:122} INFO - Poking: 
[2023-10-03T07:58:35.719+0000] {base.py:73} INFO - Using connection ID 'thespacedevs_dev' for task execution.
[2023-10-03T07:58:40.967+0000] {http.py:122} INFO - Poking: 
[2023-10-03T07:58:40.972+0000] {base.py:73} INFO - Using connection ID 'thespacedevs_dev' for task execution.
[2023-10-03T07:58:46.226+0000] {http.py:122} INFO - Poking: 
[2023-10-03T07:58:46.231+0000] {base.py:73} INFO - Using connection ID 'thespacedevs_dev' for task execution.
[2023-10-03T07:58:51.464+0000] {http.py:122} INFO - Poking: 
[2023-10-03T07:58:51.470+0000] {base.py:73} INFO - Using connection ID 'thespacedevs_dev' for task execution.
[2023-10-03T07:58:56.750+0000] {http.py:122} INFO - Poking: 
[2023-10-03T07:58:56.756+0000] {base.py:73} INFO - Using connection ID 'thespacedevs_dev' for task execution.
[2023-10-03T07:59:02.042+0000] {http.py:122} INFO - Poking: 
[2023-10-03T07:59:02.048+0000] {base.py:73} INFO - Using connection ID 'thespacedevs_dev' for task execution.
[2023-10-03T07:59:07.347+0000] {http.py:122} INFO - Poking: 
[2023-10-03T07:59:07.363+0000] {base.py:73} INFO - Using connection ID 'thespacedevs_dev' for task execution.
[2023-10-03T07:59:12.646+0000] {http.py:122} INFO - Poking: 
[2023-10-03T07:59:12.660+0000] {base.py:73} INFO - Using connection ID 'thespacedevs_dev' for task execution.
[2023-10-03T07:59:17.987+0000] {http.py:122} INFO - Poking: 
[2023-10-03T07:59:17.992+0000] {base.py:73} INFO - Using connection ID 'thespacedevs_dev' for task execution.
[2023-10-03T07:59:23.256+0000] {http.py:122} INFO - Poking: 
[2023-10-03T07:59:23.261+0000] {base.py:73} INFO - Using connection ID 'thespacedevs_dev' for task execution.
[2023-10-03T07:59:28.547+0000] {http.py:122} INFO - Poking: 
[2023-10-03T07:59:28.563+0000] {base.py:73} INFO - Using connection ID 'thespacedevs_dev' for task execution.
[2023-10-03T07:59:33.874+0000] {http.py:122} INFO - Poking: 
[2023-10-03T07:59:33.883+0000] {base.py:73} INFO - Using connection ID 'thespacedevs_dev' for task execution.
[2023-10-03T07:59:39.162+0000] {http.py:122} INFO - Poking: 
[2023-10-03T07:59:39.170+0000] {base.py:73} INFO - Using connection ID 'thespacedevs_dev' for task execution.
[2023-10-03T07:59:44.476+0000] {http.py:122} INFO - Poking: 
[2023-10-03T07:59:44.482+0000] {base.py:73} INFO - Using connection ID 'thespacedevs_dev' for task execution.
[2023-10-03T07:59:49.781+0000] {http.py:122} INFO - Poking: 
[2023-10-03T07:59:49.787+0000] {base.py:73} INFO - Using connection ID 'thespacedevs_dev' for task execution.
[2023-10-03T07:59:55.110+0000] {http.py:122} INFO - Poking: 
[2023-10-03T07:59:55.118+0000] {base.py:73} INFO - Using connection ID 'thespacedevs_dev' for task execution.
[2023-10-03T08:00:00.409+0000] {http.py:122} INFO - Poking: 
[2023-10-03T08:00:00.431+0000] {base.py:73} INFO - Using connection ID 'thespacedevs_dev' for task execution.
[2023-10-03T08:00:05.742+0000] {http.py:122} INFO - Poking: 
[2023-10-03T08:00:05.747+0000] {base.py:73} INFO - Using connection ID 'thespacedevs_dev' for task execution.
[2023-10-03T08:00:11.038+0000] {http.py:122} INFO - Poking: 
[2023-10-03T08:00:11.046+0000] {base.py:73} INFO - Using connection ID 'thespacedevs_dev' for task execution.
[2023-10-03T08:00:16.341+0000] {http.py:122} INFO - Poking: 
[2023-10-03T08:00:16.346+0000] {base.py:73} INFO - Using connection ID 'thespacedevs_dev' for task execution.
[2023-10-03T08:00:22.566+0000] {http.py:122} INFO - Poking: 
[2023-10-03T08:00:22.577+0000] {base.py:73} INFO - Using connection ID 'thespacedevs_dev' for task execution.
[2023-10-03T08:00:27.874+0000] {http.py:122} INFO - Poking: 
[2023-10-03T08:00:27.885+0000] {base.py:73} INFO - Using connection ID 'thespacedevs_dev' for task execution.
[2023-10-03T08:00:33.150+0000] {http.py:122} INFO - Poking: 
[2023-10-03T08:00:33.198+0000] {base.py:73} INFO - Using connection ID 'thespacedevs_dev' for task execution.
[2023-10-03T08:00:38.562+0000] {http.py:122} INFO - Poking: 
[2023-10-03T08:00:38.569+0000] {base.py:73} INFO - Using connection ID 'thespacedevs_dev' for task execution.
[2023-10-03T08:00:43.824+0000] {http.py:122} INFO - Poking: 
[2023-10-03T08:00:43.829+0000] {base.py:73} INFO - Using connection ID 'thespacedevs_dev' for task execution.
[2023-10-03T08:00:49.082+0000] {http.py:122} INFO - Poking: 
[2023-10-03T08:00:49.087+0000] {base.py:73} INFO - Using connection ID 'thespacedevs_dev' for task execution.
[2023-10-03T08:00:54.390+0000] {http.py:122} INFO - Poking: 
[2023-10-03T08:00:54.398+0000] {base.py:73} INFO - Using connection ID 'thespacedevs_dev' for task execution.
[2023-10-03T08:00:59.682+0000] {http.py:122} INFO - Poking: 
[2023-10-03T08:00:59.690+0000] {base.py:73} INFO - Using connection ID 'thespacedevs_dev' for task execution.
[2023-10-03T08:01:04.975+0000] {http.py:122} INFO - Poking: 
[2023-10-03T08:01:04.996+0000] {base.py:73} INFO - Using connection ID 'thespacedevs_dev' for task execution.
[2023-10-03T08:01:10.299+0000] {http.py:122} INFO - Poking: 
[2023-10-03T08:01:10.305+0000] {base.py:73} INFO - Using connection ID 'thespacedevs_dev' for task execution.
[2023-10-03T08:01:15.574+0000] {http.py:122} INFO - Poking: 
[2023-10-03T08:01:15.580+0000] {base.py:73} INFO - Using connection ID 'thespacedevs_dev' for task execution.
[2023-10-03T08:01:20.842+0000] {http.py:122} INFO - Poking: 
[2023-10-03T08:01:20.847+0000] {base.py:73} INFO - Using connection ID 'thespacedevs_dev' for task execution.
[2023-10-03T08:01:27.242+0000] {http.py:122} INFO - Poking: 
[2023-10-03T08:01:27.279+0000] {base.py:73} INFO - Using connection ID 'thespacedevs_dev' for task execution.
[2023-10-03T08:01:32.913+0000] {http.py:122} INFO - Poking: 
[2023-10-03T08:01:32.918+0000] {base.py:73} INFO - Using connection ID 'thespacedevs_dev' for task execution.
[2023-10-03T08:01:38.287+0000] {http.py:122} INFO - Poking: 
[2023-10-03T08:01:38.296+0000] {base.py:73} INFO - Using connection ID 'thespacedevs_dev' for task execution.
[2023-10-03T08:01:43.590+0000] {http.py:122} INFO - Poking: 
[2023-10-03T08:01:43.598+0000] {base.py:73} INFO - Using connection ID 'thespacedevs_dev' for task execution.
[2023-10-03T08:01:48.896+0000] {http.py:122} INFO - Poking: 
[2023-10-03T08:01:48.901+0000] {base.py:73} INFO - Using connection ID 'thespacedevs_dev' for task execution.
[2023-10-03T08:01:54.154+0000] {http.py:122} INFO - Poking: 
[2023-10-03T08:01:54.159+0000] {base.py:73} INFO - Using connection ID 'thespacedevs_dev' for task execution.
[2023-10-03T08:01:59.469+0000] {http.py:122} INFO - Poking: 
[2023-10-03T08:01:59.475+0000] {base.py:73} INFO - Using connection ID 'thespacedevs_dev' for task execution.
[2023-10-03T08:02:04.746+0000] {http.py:122} INFO - Poking: 
[2023-10-03T08:02:04.753+0000] {base.py:73} INFO - Using connection ID 'thespacedevs_dev' for task execution.
[2023-10-03T08:02:10.054+0000] {http.py:122} INFO - Poking: 
[2023-10-03T08:02:10.071+0000] {base.py:73} INFO - Using connection ID 'thespacedevs_dev' for task execution.
[2023-10-03T08:02:15.738+0000] {http.py:122} INFO - Poking: 
[2023-10-03T08:02:15.760+0000] {base.py:73} INFO - Using connection ID 'thespacedevs_dev' for task execution.
[2023-10-03T08:02:21.060+0000] {http.py:122} INFO - Poking: 
[2023-10-03T08:02:21.066+0000] {base.py:73} INFO - Using connection ID 'thespacedevs_dev' for task execution.
[2023-10-03T08:02:26.334+0000] {http.py:122} INFO - Poking: 
[2023-10-03T08:02:26.340+0000] {base.py:73} INFO - Using connection ID 'thespacedevs_dev' for task execution.
[2023-10-03T08:02:32.088+0000] {http.py:122} INFO - Poking: 
[2023-10-03T08:02:32.208+0000] {base.py:73} INFO - Using connection ID 'thespacedevs_dev' for task execution.
[2023-10-03T08:02:37.615+0000] {http.py:122} INFO - Poking: 
[2023-10-03T08:02:37.685+0000] {base.py:73} INFO - Using connection ID 'thespacedevs_dev' for task execution.
[2023-10-03T08:02:43.142+0000] {http.py:122} INFO - Poking: 
[2023-10-03T08:02:43.165+0000] {base.py:73} INFO - Using connection ID 'thespacedevs_dev' for task execution.
[2023-10-03T08:02:48.631+0000] {http.py:122} INFO - Poking: 
[2023-10-03T08:02:48.752+0000] {base.py:73} INFO - Using connection ID 'thespacedevs_dev' for task execution.
[2023-10-03T08:02:54.304+0000] {http.py:122} INFO - Poking: 
[2023-10-03T08:02:54.391+0000] {base.py:73} INFO - Using connection ID 'thespacedevs_dev' for task execution.
[2023-10-03T08:02:59.730+0000] {http.py:122} INFO - Poking: 
[2023-10-03T08:02:59.745+0000] {base.py:73} INFO - Using connection ID 'thespacedevs_dev' for task execution.
[2023-10-03T08:03:05.018+0000] {http.py:122} INFO - Poking: 
[2023-10-03T08:03:05.025+0000] {base.py:73} INFO - Using connection ID 'thespacedevs_dev' for task execution.
[2023-10-03T08:03:10.318+0000] {http.py:122} INFO - Poking: 
[2023-10-03T08:03:10.326+0000] {base.py:73} INFO - Using connection ID 'thespacedevs_dev' for task execution.
[2023-10-03T08:03:15.618+0000] {http.py:122} INFO - Poking: 
[2023-10-03T08:03:15.627+0000] {base.py:73} INFO - Using connection ID 'thespacedevs_dev' for task execution.
[2023-10-03T08:03:20.906+0000] {http.py:122} INFO - Poking: 
[2023-10-03T08:03:20.911+0000] {base.py:73} INFO - Using connection ID 'thespacedevs_dev' for task execution.
[2023-10-03T08:03:26.174+0000] {http.py:122} INFO - Poking: 
[2023-10-03T08:03:26.179+0000] {base.py:73} INFO - Using connection ID 'thespacedevs_dev' for task execution.
[2023-10-03T08:03:31.466+0000] {http.py:122} INFO - Poking: 
[2023-10-03T08:03:31.475+0000] {base.py:73} INFO - Using connection ID 'thespacedevs_dev' for task execution.
[2023-10-03T08:03:37.094+0000] {http.py:122} INFO - Poking: 
[2023-10-03T08:03:37.102+0000] {base.py:73} INFO - Using connection ID 'thespacedevs_dev' for task execution.
[2023-10-03T08:03:42.446+0000] {http.py:122} INFO - Poking: 
[2023-10-03T08:03:42.451+0000] {base.py:73} INFO - Using connection ID 'thespacedevs_dev' for task execution.
[2023-10-03T08:03:47.710+0000] {http.py:122} INFO - Poking: 
[2023-10-03T08:03:47.719+0000] {base.py:73} INFO - Using connection ID 'thespacedevs_dev' for task execution.
[2023-10-03T08:03:53.057+0000] {http.py:122} INFO - Poking: 
[2023-10-03T08:03:53.130+0000] {base.py:73} INFO - Using connection ID 'thespacedevs_dev' for task execution.
[2023-10-03T08:03:58.622+0000] {http.py:122} INFO - Poking: 
[2023-10-03T08:03:58.706+0000] {base.py:73} INFO - Using connection ID 'thespacedevs_dev' for task execution.
[2023-10-03T08:04:04.022+0000] {http.py:122} INFO - Poking: 
[2023-10-03T08:04:04.084+0000] {base.py:73} INFO - Using connection ID 'thespacedevs_dev' for task execution.
[2023-10-03T08:04:09.412+0000] {http.py:122} INFO - Poking: 
[2023-10-03T08:04:09.421+0000] {base.py:73} INFO - Using connection ID 'thespacedevs_dev' for task execution.
[2023-10-03T08:04:14.782+0000] {http.py:122} INFO - Poking: 
[2023-10-03T08:04:14.787+0000] {base.py:73} INFO - Using connection ID 'thespacedevs_dev' for task execution.
[2023-10-03T08:04:20.085+0000] {http.py:122} INFO - Poking: 
[2023-10-03T08:04:20.127+0000] {base.py:73} INFO - Using connection ID 'thespacedevs_dev' for task execution.
[2023-10-03T08:04:25.522+0000] {http.py:122} INFO - Poking: 
[2023-10-03T08:04:25.566+0000] {base.py:73} INFO - Using connection ID 'thespacedevs_dev' for task execution.
[2023-10-03T08:04:30.918+0000] {http.py:122} INFO - Poking: 
[2023-10-03T08:04:30.933+0000] {base.py:73} INFO - Using connection ID 'thespacedevs_dev' for task execution.
[2023-10-03T08:04:37.264+0000] {http.py:122} INFO - Poking: 
[2023-10-03T08:04:37.271+0000] {base.py:73} INFO - Using connection ID 'thespacedevs_dev' for task execution.
[2023-10-03T08:04:42.539+0000] {http.py:122} INFO - Poking: 
[2023-10-03T08:04:42.545+0000] {base.py:73} INFO - Using connection ID 'thespacedevs_dev' for task execution.
[2023-10-03T08:04:47.842+0000] {http.py:122} INFO - Poking: 
[2023-10-03T08:04:47.850+0000] {base.py:73} INFO - Using connection ID 'thespacedevs_dev' for task execution.
[2023-10-03T08:04:53.122+0000] {http.py:122} INFO - Poking: 
[2023-10-03T08:04:53.137+0000] {base.py:73} INFO - Using connection ID 'thespacedevs_dev' for task execution.
[2023-10-03T08:04:58.454+0000] {http.py:122} INFO - Poking: 
[2023-10-03T08:04:58.462+0000] {base.py:73} INFO - Using connection ID 'thespacedevs_dev' for task execution.
[2023-10-03T08:05:03.770+0000] {http.py:122} INFO - Poking: 
[2023-10-03T08:05:03.775+0000] {base.py:73} INFO - Using connection ID 'thespacedevs_dev' for task execution.
[2023-10-03T08:05:09.082+0000] {http.py:122} INFO - Poking: 
[2023-10-03T08:05:09.087+0000] {base.py:73} INFO - Using connection ID 'thespacedevs_dev' for task execution.
[2023-10-03T08:05:14.348+0000] {http.py:122} INFO - Poking: 
[2023-10-03T08:05:14.353+0000] {base.py:73} INFO - Using connection ID 'thespacedevs_dev' for task execution.
[2023-10-03T08:05:19.642+0000] {http.py:122} INFO - Poking: 
[2023-10-03T08:05:19.648+0000] {base.py:73} INFO - Using connection ID 'thespacedevs_dev' for task execution.
[2023-10-03T08:05:24.938+0000] {http.py:122} INFO - Poking: 
[2023-10-03T08:05:24.943+0000] {base.py:73} INFO - Using connection ID 'thespacedevs_dev' for task execution.
[2023-10-03T08:05:30.218+0000] {http.py:122} INFO - Poking: 
[2023-10-03T08:05:30.225+0000] {base.py:73} INFO - Using connection ID 'thespacedevs_dev' for task execution.
[2023-10-03T08:05:35.490+0000] {http.py:122} INFO - Poking: 
[2023-10-03T08:05:35.497+0000] {base.py:73} INFO - Using connection ID 'thespacedevs_dev' for task execution.
[2023-10-03T08:05:40.790+0000] {http.py:122} INFO - Poking: 
[2023-10-03T08:05:40.796+0000] {base.py:73} INFO - Using connection ID 'thespacedevs_dev' for task execution.
[2023-10-03T08:05:46.075+0000] {http.py:122} INFO - Poking: 
[2023-10-03T08:05:46.080+0000] {base.py:73} INFO - Using connection ID 'thespacedevs_dev' for task execution.
[2023-10-03T08:05:51.356+0000] {http.py:122} INFO - Poking: 
[2023-10-03T08:05:51.366+0000] {base.py:73} INFO - Using connection ID 'thespacedevs_dev' for task execution.
[2023-10-03T08:05:56.678+0000] {http.py:122} INFO - Poking: 
[2023-10-03T08:05:56.685+0000] {base.py:73} INFO - Using connection ID 'thespacedevs_dev' for task execution.
[2023-10-03T08:06:01.990+0000] {http.py:122} INFO - Poking: 
[2023-10-03T08:06:01.995+0000] {base.py:73} INFO - Using connection ID 'thespacedevs_dev' for task execution.
[2023-10-03T08:06:07.290+0000] {http.py:122} INFO - Poking: 
[2023-10-03T08:06:07.296+0000] {base.py:73} INFO - Using connection ID 'thespacedevs_dev' for task execution.
[2023-10-03T08:06:12.586+0000] {http.py:122} INFO - Poking: 
[2023-10-03T08:06:12.599+0000] {base.py:73} INFO - Using connection ID 'thespacedevs_dev' for task execution.
[2023-10-03T08:06:17.862+0000] {http.py:122} INFO - Poking: 
[2023-10-03T08:06:17.868+0000] {base.py:73} INFO - Using connection ID 'thespacedevs_dev' for task execution.
[2023-10-03T08:06:23.122+0000] {http.py:122} INFO - Poking: 
[2023-10-03T08:06:23.128+0000] {base.py:73} INFO - Using connection ID 'thespacedevs_dev' for task execution.
[2023-10-03T08:06:28.431+0000] {http.py:122} INFO - Poking: 
[2023-10-03T08:06:28.437+0000] {base.py:73} INFO - Using connection ID 'thespacedevs_dev' for task execution.
[2023-10-03T08:06:33.688+0000] {http.py:122} INFO - Poking: 
[2023-10-03T08:06:33.694+0000] {base.py:73} INFO - Using connection ID 'thespacedevs_dev' for task execution.
[2023-10-03T08:06:38.946+0000] {http.py:122} INFO - Poking: 
[2023-10-03T08:06:38.954+0000] {base.py:73} INFO - Using connection ID 'thespacedevs_dev' for task execution.
[2023-10-03T08:06:44.243+0000] {http.py:122} INFO - Poking: 
[2023-10-03T08:06:44.256+0000] {base.py:73} INFO - Using connection ID 'thespacedevs_dev' for task execution.
[2023-10-03T08:06:49.568+0000] {http.py:122} INFO - Poking: 
[2023-10-03T08:06:49.582+0000] {base.py:73} INFO - Using connection ID 'thespacedevs_dev' for task execution.
[2023-10-03T08:06:54.854+0000] {http.py:122} INFO - Poking: 
[2023-10-03T08:06:54.862+0000] {base.py:73} INFO - Using connection ID 'thespacedevs_dev' for task execution.
[2023-10-03T08:07:00.164+0000] {http.py:122} INFO - Poking: 
[2023-10-03T08:07:00.177+0000] {base.py:73} INFO - Using connection ID 'thespacedevs_dev' for task execution.
[2023-10-03T08:07:05.546+0000] {http.py:122} INFO - Poking: 
[2023-10-03T08:07:05.552+0000] {base.py:73} INFO - Using connection ID 'thespacedevs_dev' for task execution.
[2023-10-03T08:07:10.846+0000] {http.py:122} INFO - Poking: 
[2023-10-03T08:07:10.853+0000] {base.py:73} INFO - Using connection ID 'thespacedevs_dev' for task execution.
[2023-10-03T08:07:16.166+0000] {http.py:122} INFO - Poking: 
[2023-10-03T08:07:16.174+0000] {base.py:73} INFO - Using connection ID 'thespacedevs_dev' for task execution.
[2023-10-03T08:07:21.498+0000] {http.py:122} INFO - Poking: 
[2023-10-03T08:07:21.508+0000] {base.py:73} INFO - Using connection ID 'thespacedevs_dev' for task execution.
[2023-10-03T08:07:26.822+0000] {http.py:122} INFO - Poking: 
[2023-10-03T08:07:26.839+0000] {base.py:73} INFO - Using connection ID 'thespacedevs_dev' for task execution.
[2023-10-03T08:07:32.120+0000] {http.py:122} INFO - Poking: 
[2023-10-03T08:07:32.130+0000] {base.py:73} INFO - Using connection ID 'thespacedevs_dev' for task execution.
[2023-10-03T08:07:37.426+0000] {http.py:122} INFO - Poking: 
[2023-10-03T08:07:37.436+0000] {base.py:73} INFO - Using connection ID 'thespacedevs_dev' for task execution.
[2023-10-03T08:07:42.732+0000] {http.py:122} INFO - Poking: 
[2023-10-03T08:07:42.738+0000] {base.py:73} INFO - Using connection ID 'thespacedevs_dev' for task execution.
[2023-10-03T08:07:48.036+0000] {http.py:122} INFO - Poking: 
[2023-10-03T08:07:48.047+0000] {base.py:73} INFO - Using connection ID 'thespacedevs_dev' for task execution.
[2023-10-03T08:07:50.610+0000] {local_task_job_runner.py:299} WARNING - State of this instance has been externally set to failed. Terminating instance.
[2023-10-03T08:07:50.612+0000] {process_utils.py:135} INFO - Sending Signals.SIGTERM to group 455. PIDs of all processes in the group: [455]
[2023-10-03T08:07:50.612+0000] {process_utils.py:86} INFO - Sending the signal Signals.SIGTERM to group 455
[2023-10-03T08:07:50.612+0000] {taskinstance.py:1540} ERROR - Received SIGTERM. Terminating subprocesses.
[2023-10-03T08:07:50.680+0000] {process_utils.py:79} INFO - Process psutil.Process(pid=455, status='terminated', exitcode=0, started='07:54:01') (455) terminated with exit code 0
