[2023-10-03T07:54:01.703+0000] {taskinstance.py:1125} INFO - Dependencies all met for dep_context=non-requeueable deps ti=<TaskInstance: launches_getter.http_sensor_check scheduled__2023-07-12T00:00:00+00:00 [queued]>
[2023-10-03T07:54:01.849+0000] {taskinstance.py:1125} INFO - Dependencies all met for dep_context=requeueable deps ti=<TaskInstance: launches_getter.http_sensor_check scheduled__2023-07-12T00:00:00+00:00 [queued]>
[2023-10-03T07:54:01.855+0000] {taskinstance.py:1331} INFO - Starting attempt 1 of 1
[2023-10-03T07:54:02.303+0000] {taskinstance.py:1350} INFO - Executing <Task(HttpSensor): http_sensor_check> on 2023-07-12 00:00:00+00:00
[2023-10-03T07:54:02.373+0000] {standard_task_runner.py:57} INFO - Started process 457 to run task
[2023-10-03T07:54:02.407+0000] {standard_task_runner.py:84} INFO - Running: ['***', 'tasks', 'run', 'launches_getter', 'http_sensor_check', 'scheduled__2023-07-12T00:00:00+00:00', '--job-id', '71', '--raw', '--subdir', 'DAGS_FOLDER/launches.py', '--cfg-path', '/tmp/tmpv952agm9']
[2023-10-03T07:54:02.408+0000] {standard_task_runner.py:85} INFO - Job 71: Subtask http_sensor_check
[2023-10-03T07:54:03.053+0000] {task_command.py:410} INFO - Running <TaskInstance: launches_getter.http_sensor_check scheduled__2023-07-12T00:00:00+00:00 [running]> on host f21dc12153d8
[2023-10-03T07:54:03.774+0000] {taskinstance.py:1570} INFO - Exporting env vars: AIRFLOW_CTX_DAG_OWNER='***' AIRFLOW_CTX_DAG_ID='launches_getter' AIRFLOW_CTX_TASK_ID='http_sensor_check' AIRFLOW_CTX_EXECUTION_DATE='2023-07-12T00:00:00+00:00' AIRFLOW_CTX_TRY_NUMBER='1' AIRFLOW_CTX_DAG_RUN_ID='scheduled__2023-07-12T00:00:00+00:00'
[2023-10-03T07:54:03.781+0000] {http.py:122} INFO - Poking: 
[2023-10-03T07:54:03.830+0000] {base.py:73} INFO - Using connection ID 'thespacedevs_dev' for task execution.
[2023-10-03T07:54:09.534+0000] {http.py:122} INFO - Poking: 
[2023-10-03T07:54:09.540+0000] {base.py:73} INFO - Using connection ID 'thespacedevs_dev' for task execution.
[2023-10-03T07:54:14.874+0000] {http.py:122} INFO - Poking: 
[2023-10-03T07:54:14.880+0000] {base.py:73} INFO - Using connection ID 'thespacedevs_dev' for task execution.
[2023-10-03T07:54:20.174+0000] {http.py:122} INFO - Poking: 
[2023-10-03T07:54:20.180+0000] {base.py:73} INFO - Using connection ID 'thespacedevs_dev' for task execution.
[2023-10-03T07:54:25.486+0000] {http.py:122} INFO - Poking: 
[2023-10-03T07:54:25.496+0000] {base.py:73} INFO - Using connection ID 'thespacedevs_dev' for task execution.
[2023-10-03T07:54:30.782+0000] {http.py:122} INFO - Poking: 
[2023-10-03T07:54:30.788+0000] {base.py:73} INFO - Using connection ID 'thespacedevs_dev' for task execution.
[2023-10-03T07:54:36.078+0000] {http.py:122} INFO - Poking: 
[2023-10-03T07:54:36.086+0000] {base.py:73} INFO - Using connection ID 'thespacedevs_dev' for task execution.
[2023-10-03T07:54:41.446+0000] {http.py:122} INFO - Poking: 
[2023-10-03T07:54:41.453+0000] {base.py:73} INFO - Using connection ID 'thespacedevs_dev' for task execution.
[2023-10-03T07:54:46.746+0000] {http.py:122} INFO - Poking: 
[2023-10-03T07:54:46.766+0000] {base.py:73} INFO - Using connection ID 'thespacedevs_dev' for task execution.
[2023-10-03T07:54:52.078+0000] {http.py:122} INFO - Poking: 
[2023-10-03T07:54:52.084+0000] {base.py:73} INFO - Using connection ID 'thespacedevs_dev' for task execution.
[2023-10-03T07:54:57.347+0000] {http.py:122} INFO - Poking: 
[2023-10-03T07:54:57.363+0000] {base.py:73} INFO - Using connection ID 'thespacedevs_dev' for task execution.
[2023-10-03T07:55:02.655+0000] {http.py:122} INFO - Poking: 
[2023-10-03T07:55:02.666+0000] {base.py:73} INFO - Using connection ID 'thespacedevs_dev' for task execution.
[2023-10-03T07:55:07.954+0000] {http.py:122} INFO - Poking: 
[2023-10-03T07:55:07.960+0000] {base.py:73} INFO - Using connection ID 'thespacedevs_dev' for task execution.
[2023-10-03T07:55:13.255+0000] {http.py:122} INFO - Poking: 
[2023-10-03T07:55:13.263+0000] {base.py:73} INFO - Using connection ID 'thespacedevs_dev' for task execution.
[2023-10-03T07:55:18.590+0000] {http.py:122} INFO - Poking: 
[2023-10-03T07:55:18.596+0000] {base.py:73} INFO - Using connection ID 'thespacedevs_dev' for task execution.
[2023-10-03T07:55:23.866+0000] {http.py:122} INFO - Poking: 
[2023-10-03T07:55:23.872+0000] {base.py:73} INFO - Using connection ID 'thespacedevs_dev' for task execution.
[2023-10-03T07:55:29.124+0000] {http.py:122} INFO - Poking: 
[2023-10-03T07:55:29.129+0000] {base.py:73} INFO - Using connection ID 'thespacedevs_dev' for task execution.
[2023-10-03T07:55:34.422+0000] {http.py:122} INFO - Poking: 
[2023-10-03T07:55:34.428+0000] {base.py:73} INFO - Using connection ID 'thespacedevs_dev' for task execution.
[2023-10-03T07:55:39.734+0000] {http.py:122} INFO - Poking: 
[2023-10-03T07:55:39.741+0000] {base.py:73} INFO - Using connection ID 'thespacedevs_dev' for task execution.
[2023-10-03T07:55:45.038+0000] {http.py:122} INFO - Poking: 
[2023-10-03T07:55:45.048+0000] {base.py:73} INFO - Using connection ID 'thespacedevs_dev' for task execution.
[2023-10-03T07:55:50.332+0000] {http.py:122} INFO - Poking: 
[2023-10-03T07:55:50.338+0000] {base.py:73} INFO - Using connection ID 'thespacedevs_dev' for task execution.
[2023-10-03T07:55:55.588+0000] {http.py:122} INFO - Poking: 
[2023-10-03T07:55:55.595+0000] {base.py:73} INFO - Using connection ID 'thespacedevs_dev' for task execution.
[2023-10-03T07:56:00.900+0000] {http.py:122} INFO - Poking: 
[2023-10-03T07:56:00.906+0000] {base.py:73} INFO - Using connection ID 'thespacedevs_dev' for task execution.
[2023-10-03T07:56:06.226+0000] {http.py:122} INFO - Poking: 
[2023-10-03T07:56:06.232+0000] {base.py:73} INFO - Using connection ID 'thespacedevs_dev' for task execution.
[2023-10-03T07:56:11.486+0000] {http.py:122} INFO - Poking: 
[2023-10-03T07:56:11.501+0000] {base.py:73} INFO - Using connection ID 'thespacedevs_dev' for task execution.
[2023-10-03T07:56:16.766+0000] {http.py:122} INFO - Poking: 
[2023-10-03T07:56:16.775+0000] {base.py:73} INFO - Using connection ID 'thespacedevs_dev' for task execution.
[2023-10-03T07:56:22.054+0000] {http.py:122} INFO - Poking: 
[2023-10-03T07:56:22.060+0000] {base.py:73} INFO - Using connection ID 'thespacedevs_dev' for task execution.
[2023-10-03T07:56:27.366+0000] {http.py:122} INFO - Poking: 
[2023-10-03T07:56:27.370+0000] {base.py:73} INFO - Using connection ID 'thespacedevs_dev' for task execution.
[2023-10-03T07:56:32.654+0000] {http.py:122} INFO - Poking: 
[2023-10-03T07:56:32.662+0000] {base.py:73} INFO - Using connection ID 'thespacedevs_dev' for task execution.
[2023-10-03T07:56:37.945+0000] {http.py:122} INFO - Poking: 
[2023-10-03T07:56:37.951+0000] {base.py:73} INFO - Using connection ID 'thespacedevs_dev' for task execution.
[2023-10-03T07:56:43.214+0000] {http.py:122} INFO - Poking: 
[2023-10-03T07:56:43.229+0000] {base.py:73} INFO - Using connection ID 'thespacedevs_dev' for task execution.
[2023-10-03T07:56:48.494+0000] {http.py:122} INFO - Poking: 
[2023-10-03T07:56:48.504+0000] {base.py:73} INFO - Using connection ID 'thespacedevs_dev' for task execution.
[2023-10-03T07:56:53.834+0000] {http.py:122} INFO - Poking: 
[2023-10-03T07:56:53.840+0000] {base.py:73} INFO - Using connection ID 'thespacedevs_dev' for task execution.
[2023-10-03T07:56:59.130+0000] {http.py:122} INFO - Poking: 
[2023-10-03T07:56:59.136+0000] {base.py:73} INFO - Using connection ID 'thespacedevs_dev' for task execution.
[2023-10-03T07:57:04.430+0000] {http.py:122} INFO - Poking: 
[2023-10-03T07:57:04.436+0000] {base.py:73} INFO - Using connection ID 'thespacedevs_dev' for task execution.
[2023-10-03T07:57:09.664+0000] {http.py:122} INFO - Poking: 
[2023-10-03T07:57:09.671+0000] {base.py:73} INFO - Using connection ID 'thespacedevs_dev' for task execution.
[2023-10-03T07:57:16.068+0000] {http.py:122} INFO - Poking: 
[2023-10-03T07:57:16.151+0000] {base.py:73} INFO - Using connection ID 'thespacedevs_dev' for task execution.
[2023-10-03T07:57:21.527+0000] {http.py:122} INFO - Poking: 
[2023-10-03T07:57:21.537+0000] {base.py:73} INFO - Using connection ID 'thespacedevs_dev' for task execution.
[2023-10-03T07:57:26.898+0000] {http.py:122} INFO - Poking: 
[2023-10-03T07:57:26.910+0000] {base.py:73} INFO - Using connection ID 'thespacedevs_dev' for task execution.
[2023-10-03T07:57:32.238+0000] {http.py:122} INFO - Poking: 
[2023-10-03T07:57:32.254+0000] {base.py:73} INFO - Using connection ID 'thespacedevs_dev' for task execution.
[2023-10-03T07:57:37.542+0000] {http.py:122} INFO - Poking: 
[2023-10-03T07:57:37.603+0000] {base.py:73} INFO - Using connection ID 'thespacedevs_dev' for task execution.
[2023-10-03T07:57:42.970+0000] {http.py:122} INFO - Poking: 
[2023-10-03T07:57:42.977+0000] {base.py:73} INFO - Using connection ID 'thespacedevs_dev' for task execution.
[2023-10-03T07:57:48.290+0000] {http.py:122} INFO - Poking: 
[2023-10-03T07:57:48.316+0000] {base.py:73} INFO - Using connection ID 'thespacedevs_dev' for task execution.
[2023-10-03T07:57:53.638+0000] {http.py:122} INFO - Poking: 
[2023-10-03T07:57:53.663+0000] {base.py:73} INFO - Using connection ID 'thespacedevs_dev' for task execution.
[2023-10-03T07:57:58.974+0000] {http.py:122} INFO - Poking: 
[2023-10-03T07:57:59.051+0000] {base.py:73} INFO - Using connection ID 'thespacedevs_dev' for task execution.
[2023-10-03T07:58:04.375+0000] {http.py:122} INFO - Poking: 
[2023-10-03T07:58:04.381+0000] {base.py:73} INFO - Using connection ID 'thespacedevs_dev' for task execution.
[2023-10-03T07:58:09.694+0000] {http.py:122} INFO - Poking: 
[2023-10-03T07:58:09.719+0000] {base.py:73} INFO - Using connection ID 'thespacedevs_dev' for task execution.
[2023-10-03T07:58:15.035+0000] {http.py:122} INFO - Poking: 
[2023-10-03T07:58:15.059+0000] {base.py:73} INFO - Using connection ID 'thespacedevs_dev' for task execution.
[2023-10-03T07:58:20.426+0000] {http.py:122} INFO - Poking: 
[2023-10-03T07:58:20.451+0000] {base.py:73} INFO - Using connection ID 'thespacedevs_dev' for task execution.
[2023-10-03T07:58:25.750+0000] {http.py:122} INFO - Poking: 
[2023-10-03T07:58:25.756+0000] {base.py:73} INFO - Using connection ID 'thespacedevs_dev' for task execution.
[2023-10-03T07:58:31.042+0000] {http.py:122} INFO - Poking: 
[2023-10-03T07:58:31.048+0000] {base.py:73} INFO - Using connection ID 'thespacedevs_dev' for task execution.
[2023-10-03T07:58:36.298+0000] {http.py:122} INFO - Poking: 
[2023-10-03T07:58:36.303+0000] {base.py:73} INFO - Using connection ID 'thespacedevs_dev' for task execution.
[2023-10-03T07:58:41.620+0000] {http.py:122} INFO - Poking: 
[2023-10-03T07:58:41.625+0000] {base.py:73} INFO - Using connection ID 'thespacedevs_dev' for task execution.
[2023-10-03T07:58:46.912+0000] {http.py:122} INFO - Poking: 
[2023-10-03T07:58:46.917+0000] {base.py:73} INFO - Using connection ID 'thespacedevs_dev' for task execution.
[2023-10-03T07:58:52.164+0000] {http.py:122} INFO - Poking: 
[2023-10-03T07:58:52.169+0000] {base.py:73} INFO - Using connection ID 'thespacedevs_dev' for task execution.
[2023-10-03T07:58:57.464+0000] {http.py:122} INFO - Poking: 
[2023-10-03T07:58:57.470+0000] {base.py:73} INFO - Using connection ID 'thespacedevs_dev' for task execution.
[2023-10-03T07:59:02.772+0000] {http.py:122} INFO - Poking: 
[2023-10-03T07:59:02.778+0000] {base.py:73} INFO - Using connection ID 'thespacedevs_dev' for task execution.
[2023-10-03T07:59:08.070+0000] {http.py:122} INFO - Poking: 
[2023-10-03T07:59:08.077+0000] {base.py:73} INFO - Using connection ID 'thespacedevs_dev' for task execution.
[2023-10-03T07:59:13.356+0000] {http.py:122} INFO - Poking: 
[2023-10-03T07:59:13.360+0000] {base.py:73} INFO - Using connection ID 'thespacedevs_dev' for task execution.
[2023-10-03T07:59:18.634+0000] {http.py:122} INFO - Poking: 
[2023-10-03T07:59:18.639+0000] {base.py:73} INFO - Using connection ID 'thespacedevs_dev' for task execution.
[2023-10-03T07:59:23.966+0000] {http.py:122} INFO - Poking: 
[2023-10-03T07:59:23.979+0000] {base.py:73} INFO - Using connection ID 'thespacedevs_dev' for task execution.
[2023-10-03T07:59:29.422+0000] {http.py:122} INFO - Poking: 
[2023-10-03T07:59:29.429+0000] {base.py:73} INFO - Using connection ID 'thespacedevs_dev' for task execution.
[2023-10-03T07:59:34.710+0000] {http.py:122} INFO - Poking: 
[2023-10-03T07:59:34.718+0000] {base.py:73} INFO - Using connection ID 'thespacedevs_dev' for task execution.
[2023-10-03T07:59:40.006+0000] {http.py:122} INFO - Poking: 
[2023-10-03T07:59:40.013+0000] {base.py:73} INFO - Using connection ID 'thespacedevs_dev' for task execution.
[2023-10-03T07:59:45.262+0000] {http.py:122} INFO - Poking: 
[2023-10-03T07:59:45.269+0000] {base.py:73} INFO - Using connection ID 'thespacedevs_dev' for task execution.
[2023-10-03T07:59:50.565+0000] {http.py:122} INFO - Poking: 
[2023-10-03T07:59:50.572+0000] {base.py:73} INFO - Using connection ID 'thespacedevs_dev' for task execution.
[2023-10-03T07:59:55.838+0000] {http.py:122} INFO - Poking: 
[2023-10-03T07:59:55.843+0000] {base.py:73} INFO - Using connection ID 'thespacedevs_dev' for task execution.
[2023-10-03T08:00:01.126+0000] {http.py:122} INFO - Poking: 
[2023-10-03T08:00:01.146+0000] {base.py:73} INFO - Using connection ID 'thespacedevs_dev' for task execution.
[2023-10-03T08:00:06.543+0000] {http.py:122} INFO - Poking: 
[2023-10-03T08:00:06.548+0000] {base.py:73} INFO - Using connection ID 'thespacedevs_dev' for task execution.
[2023-10-03T08:00:11.842+0000] {http.py:122} INFO - Poking: 
[2023-10-03T08:00:11.848+0000] {base.py:73} INFO - Using connection ID 'thespacedevs_dev' for task execution.
[2023-10-03T08:00:17.110+0000] {http.py:122} INFO - Poking: 
[2023-10-03T08:00:17.116+0000] {base.py:73} INFO - Using connection ID 'thespacedevs_dev' for task execution.
[2023-10-03T08:00:22.396+0000] {http.py:122} INFO - Poking: 
[2023-10-03T08:00:22.402+0000] {base.py:73} INFO - Using connection ID 'thespacedevs_dev' for task execution.
[2023-10-03T08:00:27.690+0000] {http.py:122} INFO - Poking: 
[2023-10-03T08:00:27.695+0000] {base.py:73} INFO - Using connection ID 'thespacedevs_dev' for task execution.
[2023-10-03T08:00:32.990+0000] {http.py:122} INFO - Poking: 
[2023-10-03T08:00:33.005+0000] {base.py:73} INFO - Using connection ID 'thespacedevs_dev' for task execution.
[2023-10-03T08:00:38.334+0000] {http.py:122} INFO - Poking: 
[2023-10-03T08:00:38.342+0000] {base.py:73} INFO - Using connection ID 'thespacedevs_dev' for task execution.
[2023-10-03T08:00:43.670+0000] {http.py:122} INFO - Poking: 
[2023-10-03T08:00:43.698+0000] {base.py:73} INFO - Using connection ID 'thespacedevs_dev' for task execution.
[2023-10-03T08:00:49.027+0000] {http.py:122} INFO - Poking: 
[2023-10-03T08:00:49.033+0000] {base.py:73} INFO - Using connection ID 'thespacedevs_dev' for task execution.
[2023-10-03T08:00:54.326+0000] {http.py:122} INFO - Poking: 
[2023-10-03T08:00:54.331+0000] {base.py:73} INFO - Using connection ID 'thespacedevs_dev' for task execution.
[2023-10-03T08:00:59.608+0000] {http.py:122} INFO - Poking: 
[2023-10-03T08:00:59.613+0000] {base.py:73} INFO - Using connection ID 'thespacedevs_dev' for task execution.
[2023-10-03T08:01:04.870+0000] {http.py:122} INFO - Poking: 
[2023-10-03T08:01:04.876+0000] {base.py:73} INFO - Using connection ID 'thespacedevs_dev' for task execution.
[2023-10-03T08:01:10.166+0000] {http.py:122} INFO - Poking: 
[2023-10-03T08:01:10.177+0000] {base.py:73} INFO - Using connection ID 'thespacedevs_dev' for task execution.
[2023-10-03T08:01:15.774+0000] {http.py:122} INFO - Poking: 
[2023-10-03T08:01:15.779+0000] {base.py:73} INFO - Using connection ID 'thespacedevs_dev' for task execution.
[2023-10-03T08:01:21.070+0000] {http.py:122} INFO - Poking: 
[2023-10-03T08:01:21.075+0000] {base.py:73} INFO - Using connection ID 'thespacedevs_dev' for task execution.
[2023-10-03T08:01:27.165+0000] {http.py:122} INFO - Poking: 
[2023-10-03T08:01:27.172+0000] {base.py:73} INFO - Using connection ID 'thespacedevs_dev' for task execution.
[2023-10-03T08:01:32.479+0000] {http.py:122} INFO - Poking: 
[2023-10-03T08:01:32.489+0000] {base.py:73} INFO - Using connection ID 'thespacedevs_dev' for task execution.
[2023-10-03T08:01:37.806+0000] {http.py:122} INFO - Poking: 
[2023-10-03T08:01:37.815+0000] {base.py:73} INFO - Using connection ID 'thespacedevs_dev' for task execution.
[2023-10-03T08:01:43.129+0000] {http.py:122} INFO - Poking: 
[2023-10-03T08:01:43.134+0000] {base.py:73} INFO - Using connection ID 'thespacedevs_dev' for task execution.
[2023-10-03T08:01:48.443+0000] {http.py:122} INFO - Poking: 
[2023-10-03T08:01:48.448+0000] {base.py:73} INFO - Using connection ID 'thespacedevs_dev' for task execution.
[2023-10-03T08:01:53.738+0000] {http.py:122} INFO - Poking: 
[2023-10-03T08:01:53.743+0000] {base.py:73} INFO - Using connection ID 'thespacedevs_dev' for task execution.
[2023-10-03T08:01:59.022+0000] {http.py:122} INFO - Poking: 
[2023-10-03T08:01:59.028+0000] {base.py:73} INFO - Using connection ID 'thespacedevs_dev' for task execution.
[2023-10-03T08:02:04.326+0000] {http.py:122} INFO - Poking: 
[2023-10-03T08:02:04.333+0000] {base.py:73} INFO - Using connection ID 'thespacedevs_dev' for task execution.
[2023-10-03T08:02:09.623+0000] {http.py:122} INFO - Poking: 
[2023-10-03T08:02:09.631+0000] {base.py:73} INFO - Using connection ID 'thespacedevs_dev' for task execution.
[2023-10-03T08:02:14.914+0000] {http.py:122} INFO - Poking: 
[2023-10-03T08:02:14.919+0000] {base.py:73} INFO - Using connection ID 'thespacedevs_dev' for task execution.
[2023-10-03T08:02:20.247+0000] {http.py:122} INFO - Poking: 
[2023-10-03T08:02:20.253+0000] {base.py:73} INFO - Using connection ID 'thespacedevs_dev' for task execution.
[2023-10-03T08:02:25.514+0000] {http.py:122} INFO - Poking: 
[2023-10-03T08:02:25.519+0000] {base.py:73} INFO - Using connection ID 'thespacedevs_dev' for task execution.
[2023-10-03T08:02:31.963+0000] {http.py:122} INFO - Poking: 
[2023-10-03T08:02:31.976+0000] {base.py:73} INFO - Using connection ID 'thespacedevs_dev' for task execution.
[2023-10-03T08:02:37.315+0000] {http.py:122} INFO - Poking: 
[2023-10-03T08:02:37.321+0000] {base.py:73} INFO - Using connection ID 'thespacedevs_dev' for task execution.
[2023-10-03T08:02:42.590+0000] {http.py:122} INFO - Poking: 
[2023-10-03T08:02:42.598+0000] {base.py:73} INFO - Using connection ID 'thespacedevs_dev' for task execution.
[2023-10-03T08:02:47.914+0000] {http.py:122} INFO - Poking: 
[2023-10-03T08:02:47.921+0000] {base.py:73} INFO - Using connection ID 'thespacedevs_dev' for task execution.
[2023-10-03T08:02:53.222+0000] {http.py:122} INFO - Poking: 
[2023-10-03T08:02:53.227+0000] {base.py:73} INFO - Using connection ID 'thespacedevs_dev' for task execution.
[2023-10-03T08:02:58.510+0000] {http.py:122} INFO - Poking: 
[2023-10-03T08:02:58.515+0000] {base.py:73} INFO - Using connection ID 'thespacedevs_dev' for task execution.
[2023-10-03T08:03:03.789+0000] {http.py:122} INFO - Poking: 
[2023-10-03T08:03:03.794+0000] {base.py:73} INFO - Using connection ID 'thespacedevs_dev' for task execution.
[2023-10-03T08:03:09.075+0000] {http.py:122} INFO - Poking: 
[2023-10-03T08:03:09.083+0000] {base.py:73} INFO - Using connection ID 'thespacedevs_dev' for task execution.
[2023-10-03T08:03:14.361+0000] {http.py:122} INFO - Poking: 
[2023-10-03T08:03:14.370+0000] {base.py:73} INFO - Using connection ID 'thespacedevs_dev' for task execution.
[2023-10-03T08:03:19.670+0000] {http.py:122} INFO - Poking: 
[2023-10-03T08:03:19.678+0000] {base.py:73} INFO - Using connection ID 'thespacedevs_dev' for task execution.
[2023-10-03T08:03:24.984+0000] {http.py:122} INFO - Poking: 
[2023-10-03T08:03:24.992+0000] {base.py:73} INFO - Using connection ID 'thespacedevs_dev' for task execution.
[2023-10-03T08:03:30.282+0000] {http.py:122} INFO - Poking: 
[2023-10-03T08:03:30.290+0000] {base.py:73} INFO - Using connection ID 'thespacedevs_dev' for task execution.
[2023-10-03T08:03:35.614+0000] {http.py:122} INFO - Poking: 
[2023-10-03T08:03:35.622+0000] {base.py:73} INFO - Using connection ID 'thespacedevs_dev' for task execution.
[2023-10-03T08:03:40.906+0000] {http.py:122} INFO - Poking: 
[2023-10-03T08:03:40.912+0000] {base.py:73} INFO - Using connection ID 'thespacedevs_dev' for task execution.
[2023-10-03T08:03:46.206+0000] {http.py:122} INFO - Poking: 
[2023-10-03T08:03:46.218+0000] {base.py:73} INFO - Using connection ID 'thespacedevs_dev' for task execution.
[2023-10-03T08:03:51.568+0000] {http.py:122} INFO - Poking: 
[2023-10-03T08:03:51.597+0000] {base.py:73} INFO - Using connection ID 'thespacedevs_dev' for task execution.
[2023-10-03T08:03:56.938+0000] {http.py:122} INFO - Poking: 
[2023-10-03T08:03:56.943+0000] {base.py:73} INFO - Using connection ID 'thespacedevs_dev' for task execution.
[2023-10-03T08:04:02.230+0000] {http.py:122} INFO - Poking: 
[2023-10-03T08:04:02.238+0000] {base.py:73} INFO - Using connection ID 'thespacedevs_dev' for task execution.
[2023-10-03T08:04:07.538+0000] {http.py:122} INFO - Poking: 
[2023-10-03T08:04:07.544+0000] {base.py:73} INFO - Using connection ID 'thespacedevs_dev' for task execution.
[2023-10-03T08:04:12.842+0000] {http.py:122} INFO - Poking: 
[2023-10-03T08:04:12.848+0000] {base.py:73} INFO - Using connection ID 'thespacedevs_dev' for task execution.
[2023-10-03T08:04:18.135+0000] {http.py:122} INFO - Poking: 
[2023-10-03T08:04:18.147+0000] {base.py:73} INFO - Using connection ID 'thespacedevs_dev' for task execution.
[2023-10-03T08:04:23.418+0000] {http.py:122} INFO - Poking: 
[2023-10-03T08:04:23.431+0000] {base.py:73} INFO - Using connection ID 'thespacedevs_dev' for task execution.
[2023-10-03T08:04:28.806+0000] {http.py:122} INFO - Poking: 
[2023-10-03T08:04:28.812+0000] {base.py:73} INFO - Using connection ID 'thespacedevs_dev' for task execution.
[2023-10-03T08:04:34.107+0000] {http.py:122} INFO - Poking: 
[2023-10-03T08:04:34.113+0000] {base.py:73} INFO - Using connection ID 'thespacedevs_dev' for task execution.
[2023-10-03T08:04:39.395+0000] {http.py:122} INFO - Poking: 
[2023-10-03T08:04:39.401+0000] {base.py:73} INFO - Using connection ID 'thespacedevs_dev' for task execution.
[2023-10-03T08:04:44.696+0000] {http.py:122} INFO - Poking: 
[2023-10-03T08:04:44.702+0000] {base.py:73} INFO - Using connection ID 'thespacedevs_dev' for task execution.
[2023-10-03T08:04:49.975+0000] {http.py:122} INFO - Poking: 
[2023-10-03T08:04:49.981+0000] {base.py:73} INFO - Using connection ID 'thespacedevs_dev' for task execution.
[2023-10-03T08:04:55.244+0000] {http.py:122} INFO - Poking: 
[2023-10-03T08:04:55.249+0000] {base.py:73} INFO - Using connection ID 'thespacedevs_dev' for task execution.
[2023-10-03T08:05:00.503+0000] {http.py:122} INFO - Poking: 
[2023-10-03T08:05:00.509+0000] {base.py:73} INFO - Using connection ID 'thespacedevs_dev' for task execution.
[2023-10-03T08:05:05.803+0000] {http.py:122} INFO - Poking: 
[2023-10-03T08:05:05.810+0000] {base.py:73} INFO - Using connection ID 'thespacedevs_dev' for task execution.
[2023-10-03T08:05:11.076+0000] {http.py:122} INFO - Poking: 
[2023-10-03T08:05:11.081+0000] {base.py:73} INFO - Using connection ID 'thespacedevs_dev' for task execution.
[2023-10-03T08:05:16.380+0000] {http.py:122} INFO - Poking: 
[2023-10-03T08:05:16.386+0000] {base.py:73} INFO - Using connection ID 'thespacedevs_dev' for task execution.
[2023-10-03T08:05:21.662+0000] {http.py:122} INFO - Poking: 
[2023-10-03T08:05:21.669+0000] {base.py:73} INFO - Using connection ID 'thespacedevs_dev' for task execution.
[2023-10-03T08:05:26.931+0000] {http.py:122} INFO - Poking: 
[2023-10-03T08:05:26.937+0000] {base.py:73} INFO - Using connection ID 'thespacedevs_dev' for task execution.
[2023-10-03T08:05:32.202+0000] {http.py:122} INFO - Poking: 
[2023-10-03T08:05:32.209+0000] {base.py:73} INFO - Using connection ID 'thespacedevs_dev' for task execution.
[2023-10-03T08:05:37.465+0000] {http.py:122} INFO - Poking: 
[2023-10-03T08:05:37.471+0000] {base.py:73} INFO - Using connection ID 'thespacedevs_dev' for task execution.
[2023-10-03T08:05:42.749+0000] {http.py:122} INFO - Poking: 
[2023-10-03T08:05:42.755+0000] {base.py:73} INFO - Using connection ID 'thespacedevs_dev' for task execution.
[2023-10-03T08:05:48.036+0000] {http.py:122} INFO - Poking: 
[2023-10-03T08:05:48.043+0000] {base.py:73} INFO - Using connection ID 'thespacedevs_dev' for task execution.
[2023-10-03T08:05:53.304+0000] {http.py:122} INFO - Poking: 
[2023-10-03T08:05:53.309+0000] {base.py:73} INFO - Using connection ID 'thespacedevs_dev' for task execution.
[2023-10-03T08:05:58.615+0000] {http.py:122} INFO - Poking: 
[2023-10-03T08:05:58.621+0000] {base.py:73} INFO - Using connection ID 'thespacedevs_dev' for task execution.
[2023-10-03T08:06:03.878+0000] {http.py:122} INFO - Poking: 
[2023-10-03T08:06:03.885+0000] {base.py:73} INFO - Using connection ID 'thespacedevs_dev' for task execution.
[2023-10-03T08:06:09.194+0000] {http.py:122} INFO - Poking: 
[2023-10-03T08:06:09.209+0000] {base.py:73} INFO - Using connection ID 'thespacedevs_dev' for task execution.
[2023-10-03T08:06:14.521+0000] {http.py:122} INFO - Poking: 
[2023-10-03T08:06:14.527+0000] {base.py:73} INFO - Using connection ID 'thespacedevs_dev' for task execution.
[2023-10-03T08:06:19.870+0000] {http.py:122} INFO - Poking: 
[2023-10-03T08:06:19.883+0000] {base.py:73} INFO - Using connection ID 'thespacedevs_dev' for task execution.
[2023-10-03T08:06:25.199+0000] {http.py:122} INFO - Poking: 
[2023-10-03T08:06:25.209+0000] {base.py:73} INFO - Using connection ID 'thespacedevs_dev' for task execution.
[2023-10-03T08:06:30.476+0000] {http.py:122} INFO - Poking: 
[2023-10-03T08:06:30.482+0000] {base.py:73} INFO - Using connection ID 'thespacedevs_dev' for task execution.
[2023-10-03T08:06:35.761+0000] {http.py:122} INFO - Poking: 
[2023-10-03T08:06:35.770+0000] {base.py:73} INFO - Using connection ID 'thespacedevs_dev' for task execution.
[2023-10-03T08:06:43.477+0000] {http.py:122} INFO - Poking: 
[2023-10-03T08:06:43.483+0000] {base.py:73} INFO - Using connection ID 'thespacedevs_dev' for task execution.
[2023-10-03T08:06:48.745+0000] {http.py:122} INFO - Poking: 
[2023-10-03T08:06:48.753+0000] {base.py:73} INFO - Using connection ID 'thespacedevs_dev' for task execution.
[2023-10-03T08:06:54.077+0000] {http.py:122} INFO - Poking: 
[2023-10-03T08:06:54.085+0000] {base.py:73} INFO - Using connection ID 'thespacedevs_dev' for task execution.
[2023-10-03T08:06:59.378+0000] {http.py:122} INFO - Poking: 
[2023-10-03T08:06:59.384+0000] {base.py:73} INFO - Using connection ID 'thespacedevs_dev' for task execution.
[2023-10-03T08:07:04.646+0000] {http.py:122} INFO - Poking: 
[2023-10-03T08:07:04.653+0000] {base.py:73} INFO - Using connection ID 'thespacedevs_dev' for task execution.
[2023-10-03T08:07:09.936+0000] {http.py:122} INFO - Poking: 
[2023-10-03T08:07:09.947+0000] {base.py:73} INFO - Using connection ID 'thespacedevs_dev' for task execution.
[2023-10-03T08:07:15.214+0000] {http.py:122} INFO - Poking: 
[2023-10-03T08:07:15.221+0000] {base.py:73} INFO - Using connection ID 'thespacedevs_dev' for task execution.
[2023-10-03T08:07:20.523+0000] {http.py:122} INFO - Poking: 
[2023-10-03T08:07:20.531+0000] {base.py:73} INFO - Using connection ID 'thespacedevs_dev' for task execution.
[2023-10-03T08:07:26.006+0000] {http.py:122} INFO - Poking: 
[2023-10-03T08:07:26.014+0000] {base.py:73} INFO - Using connection ID 'thespacedevs_dev' for task execution.
[2023-10-03T08:07:31.318+0000] {http.py:122} INFO - Poking: 
[2023-10-03T08:07:31.323+0000] {base.py:73} INFO - Using connection ID 'thespacedevs_dev' for task execution.
[2023-10-03T08:07:36.614+0000] {http.py:122} INFO - Poking: 
[2023-10-03T08:07:36.620+0000] {base.py:73} INFO - Using connection ID 'thespacedevs_dev' for task execution.
[2023-10-03T08:07:41.907+0000] {http.py:122} INFO - Poking: 
[2023-10-03T08:07:41.912+0000] {base.py:73} INFO - Using connection ID 'thespacedevs_dev' for task execution.
[2023-10-03T08:07:49.238+0000] {http.py:122} INFO - Poking: 
[2023-10-03T08:07:49.243+0000] {base.py:73} INFO - Using connection ID 'thespacedevs_dev' for task execution.
[2023-10-03T08:07:54.506+0000] {http.py:122} INFO - Poking: 
[2023-10-03T08:07:54.514+0000] {base.py:73} INFO - Using connection ID 'thespacedevs_dev' for task execution.
[2023-10-03T08:07:59.785+0000] {http.py:122} INFO - Poking: 
[2023-10-03T08:07:59.790+0000] {base.py:73} INFO - Using connection ID 'thespacedevs_dev' for task execution.
[2023-10-03T08:08:05.065+0000] {http.py:122} INFO - Poking: 
[2023-10-03T08:08:05.071+0000] {base.py:73} INFO - Using connection ID 'thespacedevs_dev' for task execution.
[2023-10-03T08:08:10.370+0000] {http.py:122} INFO - Poking: 
[2023-10-03T08:08:10.376+0000] {base.py:73} INFO - Using connection ID 'thespacedevs_dev' for task execution.
[2023-10-03T08:08:15.618+0000] {http.py:122} INFO - Poking: 
[2023-10-03T08:08:15.623+0000] {base.py:73} INFO - Using connection ID 'thespacedevs_dev' for task execution.
[2023-10-03T08:08:20.920+0000] {http.py:122} INFO - Poking: 
[2023-10-03T08:08:20.925+0000] {base.py:73} INFO - Using connection ID 'thespacedevs_dev' for task execution.
[2023-10-03T08:08:21.184+0000] {local_task_job_runner.py:299} WARNING - State of this instance has been externally set to failed. Terminating instance.
[2023-10-03T08:08:21.186+0000] {process_utils.py:135} INFO - Sending Signals.SIGTERM to group 457. PIDs of all processes in the group: [457]
[2023-10-03T08:08:21.186+0000] {process_utils.py:86} INFO - Sending the signal Signals.SIGTERM to group 457
[2023-10-03T08:08:21.187+0000] {taskinstance.py:1540} ERROR - Received SIGTERM. Terminating subprocesses.
[2023-10-03T08:08:21.240+0000] {process_utils.py:79} INFO - Process psutil.Process(pid=457, status='terminated', exitcode=0, started='07:54:01') (457) terminated with exit code 0
