[2023-10-03T07:54:00.668+0000] {taskinstance.py:1125} INFO - Dependencies all met for dep_context=non-requeueable deps ti=<TaskInstance: launches_getter.http_sensor_check scheduled__2023-07-08T00:00:00+00:00 [queued]>
[2023-10-03T07:54:00.823+0000] {taskinstance.py:1125} INFO - Dependencies all met for dep_context=requeueable deps ti=<TaskInstance: launches_getter.http_sensor_check scheduled__2023-07-08T00:00:00+00:00 [queued]>
[2023-10-03T07:54:00.825+0000] {taskinstance.py:1331} INFO - Starting attempt 1 of 1
[2023-10-03T07:54:01.132+0000] {taskinstance.py:1350} INFO - Executing <Task(HttpSensor): http_sensor_check> on 2023-07-08 00:00:00+00:00
[2023-10-03T07:54:01.214+0000] {standard_task_runner.py:57} INFO - Started process 454 to run task
[2023-10-03T07:54:01.221+0000] {standard_task_runner.py:84} INFO - Running: ['***', 'tasks', 'run', 'launches_getter', 'http_sensor_check', 'scheduled__2023-07-08T00:00:00+00:00', '--job-id', '67', '--raw', '--subdir', 'DAGS_FOLDER/launches.py', '--cfg-path', '/tmp/tmpfqn0gi52']
[2023-10-03T07:54:01.221+0000] {standard_task_runner.py:85} INFO - Job 67: Subtask http_sensor_check
[2023-10-03T07:54:01.778+0000] {task_command.py:410} INFO - Running <TaskInstance: launches_getter.http_sensor_check scheduled__2023-07-08T00:00:00+00:00 [running]> on host f21dc12153d8
[2023-10-03T07:54:02.866+0000] {taskinstance.py:1570} INFO - Exporting env vars: AIRFLOW_CTX_DAG_OWNER='***' AIRFLOW_CTX_DAG_ID='launches_getter' AIRFLOW_CTX_TASK_ID='http_sensor_check' AIRFLOW_CTX_EXECUTION_DATE='2023-07-08T00:00:00+00:00' AIRFLOW_CTX_TRY_NUMBER='1' AIRFLOW_CTX_DAG_RUN_ID='scheduled__2023-07-08T00:00:00+00:00'
[2023-10-03T07:54:02.867+0000] {http.py:122} INFO - Poking: 
[2023-10-03T07:54:02.918+0000] {base.py:73} INFO - Using connection ID 'thespacedevs_dev' for task execution.
[2023-10-03T07:54:08.870+0000] {http.py:122} INFO - Poking: 
[2023-10-03T07:54:08.876+0000] {base.py:73} INFO - Using connection ID 'thespacedevs_dev' for task execution.
[2023-10-03T07:54:14.138+0000] {http.py:122} INFO - Poking: 
[2023-10-03T07:54:14.145+0000] {base.py:73} INFO - Using connection ID 'thespacedevs_dev' for task execution.
[2023-10-03T07:54:19.467+0000] {http.py:122} INFO - Poking: 
[2023-10-03T07:54:19.474+0000] {base.py:73} INFO - Using connection ID 'thespacedevs_dev' for task execution.
[2023-10-03T07:54:24.746+0000] {http.py:122} INFO - Poking: 
[2023-10-03T07:54:24.753+0000] {base.py:73} INFO - Using connection ID 'thespacedevs_dev' for task execution.
[2023-10-03T07:54:30.106+0000] {http.py:122} INFO - Poking: 
[2023-10-03T07:54:30.113+0000] {base.py:73} INFO - Using connection ID 'thespacedevs_dev' for task execution.
[2023-10-03T07:54:35.401+0000] {http.py:122} INFO - Poking: 
[2023-10-03T07:54:35.406+0000] {base.py:73} INFO - Using connection ID 'thespacedevs_dev' for task execution.
[2023-10-03T07:54:40.680+0000] {http.py:122} INFO - Poking: 
[2023-10-03T07:54:40.689+0000] {base.py:73} INFO - Using connection ID 'thespacedevs_dev' for task execution.
[2023-10-03T07:54:46.002+0000] {http.py:122} INFO - Poking: 
[2023-10-03T07:54:46.009+0000] {base.py:73} INFO - Using connection ID 'thespacedevs_dev' for task execution.
[2023-10-03T07:54:51.279+0000] {http.py:122} INFO - Poking: 
[2023-10-03T07:54:51.296+0000] {base.py:73} INFO - Using connection ID 'thespacedevs_dev' for task execution.
[2023-10-03T07:54:56.602+0000] {http.py:122} INFO - Poking: 
[2023-10-03T07:54:56.611+0000] {base.py:73} INFO - Using connection ID 'thespacedevs_dev' for task execution.
[2023-10-03T07:55:01.900+0000] {http.py:122} INFO - Poking: 
[2023-10-03T07:55:01.907+0000] {base.py:73} INFO - Using connection ID 'thespacedevs_dev' for task execution.
[2023-10-03T07:55:07.182+0000] {http.py:122} INFO - Poking: 
[2023-10-03T07:55:07.189+0000] {base.py:73} INFO - Using connection ID 'thespacedevs_dev' for task execution.
[2023-10-03T07:55:12.496+0000] {http.py:122} INFO - Poking: 
[2023-10-03T07:55:12.508+0000] {base.py:73} INFO - Using connection ID 'thespacedevs_dev' for task execution.
[2023-10-03T07:55:17.814+0000] {http.py:122} INFO - Poking: 
[2023-10-03T07:55:17.821+0000] {base.py:73} INFO - Using connection ID 'thespacedevs_dev' for task execution.
[2023-10-03T07:55:23.086+0000] {http.py:122} INFO - Poking: 
[2023-10-03T07:55:23.094+0000] {base.py:73} INFO - Using connection ID 'thespacedevs_dev' for task execution.
[2023-10-03T07:55:28.388+0000] {http.py:122} INFO - Poking: 
[2023-10-03T07:55:28.396+0000] {base.py:73} INFO - Using connection ID 'thespacedevs_dev' for task execution.
[2023-10-03T07:55:33.679+0000] {http.py:122} INFO - Poking: 
[2023-10-03T07:55:33.684+0000] {base.py:73} INFO - Using connection ID 'thespacedevs_dev' for task execution.
[2023-10-03T07:55:38.990+0000] {http.py:122} INFO - Poking: 
[2023-10-03T07:55:38.998+0000] {base.py:73} INFO - Using connection ID 'thespacedevs_dev' for task execution.
[2023-10-03T07:55:44.638+0000] {http.py:122} INFO - Poking: 
[2023-10-03T07:55:44.652+0000] {base.py:73} INFO - Using connection ID 'thespacedevs_dev' for task execution.
[2023-10-03T07:55:49.968+0000] {http.py:122} INFO - Poking: 
[2023-10-03T07:55:49.973+0000] {base.py:73} INFO - Using connection ID 'thespacedevs_dev' for task execution.
[2023-10-03T07:55:55.234+0000] {http.py:122} INFO - Poking: 
[2023-10-03T07:55:55.240+0000] {base.py:73} INFO - Using connection ID 'thespacedevs_dev' for task execution.
[2023-10-03T07:56:00.512+0000] {http.py:122} INFO - Poking: 
[2023-10-03T07:56:00.519+0000] {base.py:73} INFO - Using connection ID 'thespacedevs_dev' for task execution.
[2023-10-03T07:56:05.824+0000] {http.py:122} INFO - Poking: 
[2023-10-03T07:56:05.830+0000] {base.py:73} INFO - Using connection ID 'thespacedevs_dev' for task execution.
[2023-10-03T07:56:11.110+0000] {http.py:122} INFO - Poking: 
[2023-10-03T07:56:11.124+0000] {base.py:73} INFO - Using connection ID 'thespacedevs_dev' for task execution.
[2023-10-03T07:56:16.466+0000] {http.py:122} INFO - Poking: 
[2023-10-03T07:56:16.563+0000] {base.py:73} INFO - Using connection ID 'thespacedevs_dev' for task execution.
[2023-10-03T07:56:21.947+0000] {http.py:122} INFO - Poking: 
[2023-10-03T07:56:21.952+0000] {base.py:73} INFO - Using connection ID 'thespacedevs_dev' for task execution.
[2023-10-03T07:56:27.258+0000] {http.py:122} INFO - Poking: 
[2023-10-03T07:56:27.266+0000] {base.py:73} INFO - Using connection ID 'thespacedevs_dev' for task execution.
[2023-10-03T07:56:32.570+0000] {http.py:122} INFO - Poking: 
[2023-10-03T07:56:32.584+0000] {base.py:73} INFO - Using connection ID 'thespacedevs_dev' for task execution.
[2023-10-03T07:56:37.826+0000] {http.py:122} INFO - Poking: 
[2023-10-03T07:56:37.831+0000] {base.py:73} INFO - Using connection ID 'thespacedevs_dev' for task execution.
[2023-10-03T07:56:43.084+0000] {http.py:122} INFO - Poking: 
[2023-10-03T07:56:43.100+0000] {base.py:73} INFO - Using connection ID 'thespacedevs_dev' for task execution.
[2023-10-03T07:56:48.419+0000] {http.py:122} INFO - Poking: 
[2023-10-03T07:56:48.430+0000] {base.py:73} INFO - Using connection ID 'thespacedevs_dev' for task execution.
[2023-10-03T07:56:53.698+0000] {http.py:122} INFO - Poking: 
[2023-10-03T07:56:53.709+0000] {base.py:73} INFO - Using connection ID 'thespacedevs_dev' for task execution.
[2023-10-03T07:56:58.961+0000] {http.py:122} INFO - Poking: 
[2023-10-03T07:56:58.971+0000] {base.py:73} INFO - Using connection ID 'thespacedevs_dev' for task execution.
[2023-10-03T07:57:04.270+0000] {http.py:122} INFO - Poking: 
[2023-10-03T07:57:04.278+0000] {base.py:73} INFO - Using connection ID 'thespacedevs_dev' for task execution.
[2023-10-03T07:57:09.603+0000] {http.py:122} INFO - Poking: 
[2023-10-03T07:57:09.610+0000] {base.py:73} INFO - Using connection ID 'thespacedevs_dev' for task execution.
[2023-10-03T07:57:15.874+0000] {http.py:122} INFO - Poking: 
[2023-10-03T07:57:15.929+0000] {base.py:73} INFO - Using connection ID 'thespacedevs_dev' for task execution.
[2023-10-03T07:57:21.478+0000] {http.py:122} INFO - Poking: 
[2023-10-03T07:57:21.483+0000] {base.py:73} INFO - Using connection ID 'thespacedevs_dev' for task execution.
[2023-10-03T07:57:26.786+0000] {http.py:122} INFO - Poking: 
[2023-10-03T07:57:26.798+0000] {base.py:73} INFO - Using connection ID 'thespacedevs_dev' for task execution.
[2023-10-03T07:57:32.089+0000] {http.py:122} INFO - Poking: 
[2023-10-03T07:57:32.094+0000] {base.py:73} INFO - Using connection ID 'thespacedevs_dev' for task execution.
[2023-10-03T07:57:37.339+0000] {http.py:122} INFO - Poking: 
[2023-10-03T07:57:37.348+0000] {base.py:73} INFO - Using connection ID 'thespacedevs_dev' for task execution.
[2023-10-03T07:57:42.646+0000] {http.py:122} INFO - Poking: 
[2023-10-03T07:57:42.651+0000] {base.py:73} INFO - Using connection ID 'thespacedevs_dev' for task execution.
[2023-10-03T07:57:47.970+0000] {http.py:122} INFO - Poking: 
[2023-10-03T07:57:47.990+0000] {base.py:73} INFO - Using connection ID 'thespacedevs_dev' for task execution.
[2023-10-03T07:57:53.298+0000] {http.py:122} INFO - Poking: 
[2023-10-03T07:57:53.303+0000] {base.py:73} INFO - Using connection ID 'thespacedevs_dev' for task execution.
[2023-10-03T07:57:58.558+0000] {http.py:122} INFO - Poking: 
[2023-10-03T07:57:58.564+0000] {base.py:73} INFO - Using connection ID 'thespacedevs_dev' for task execution.
[2023-10-03T07:58:03.843+0000] {http.py:122} INFO - Poking: 
[2023-10-03T07:58:03.850+0000] {base.py:73} INFO - Using connection ID 'thespacedevs_dev' for task execution.
[2023-10-03T07:58:09.122+0000] {http.py:122} INFO - Poking: 
[2023-10-03T07:58:09.130+0000] {base.py:73} INFO - Using connection ID 'thespacedevs_dev' for task execution.
[2023-10-03T07:58:14.414+0000] {http.py:122} INFO - Poking: 
[2023-10-03T07:58:14.419+0000] {base.py:73} INFO - Using connection ID 'thespacedevs_dev' for task execution.
[2023-10-03T07:58:19.723+0000] {http.py:122} INFO - Poking: 
[2023-10-03T07:58:19.728+0000] {base.py:73} INFO - Using connection ID 'thespacedevs_dev' for task execution.
[2023-10-03T07:58:25.032+0000] {http.py:122} INFO - Poking: 
[2023-10-03T07:58:25.037+0000] {base.py:73} INFO - Using connection ID 'thespacedevs_dev' for task execution.
[2023-10-03T07:58:30.290+0000] {http.py:122} INFO - Poking: 
[2023-10-03T07:58:30.324+0000] {base.py:73} INFO - Using connection ID 'thespacedevs_dev' for task execution.
[2023-10-03T07:58:35.583+0000] {http.py:122} INFO - Poking: 
[2023-10-03T07:58:35.588+0000] {base.py:73} INFO - Using connection ID 'thespacedevs_dev' for task execution.
[2023-10-03T07:58:40.862+0000] {http.py:122} INFO - Poking: 
[2023-10-03T07:58:40.868+0000] {base.py:73} INFO - Using connection ID 'thespacedevs_dev' for task execution.
[2023-10-03T07:58:46.174+0000] {http.py:122} INFO - Poking: 
[2023-10-03T07:58:46.179+0000] {base.py:73} INFO - Using connection ID 'thespacedevs_dev' for task execution.
[2023-10-03T07:58:51.470+0000] {http.py:122} INFO - Poking: 
[2023-10-03T07:58:51.476+0000] {base.py:73} INFO - Using connection ID 'thespacedevs_dev' for task execution.
[2023-10-03T07:58:56.744+0000] {http.py:122} INFO - Poking: 
[2023-10-03T07:58:56.750+0000] {base.py:73} INFO - Using connection ID 'thespacedevs_dev' for task execution.
[2023-10-03T07:59:02.031+0000] {http.py:122} INFO - Poking: 
[2023-10-03T07:59:02.036+0000] {base.py:73} INFO - Using connection ID 'thespacedevs_dev' for task execution.
[2023-10-03T07:59:07.314+0000] {http.py:122} INFO - Poking: 
[2023-10-03T07:59:07.322+0000] {base.py:73} INFO - Using connection ID 'thespacedevs_dev' for task execution.
[2023-10-03T07:59:12.634+0000] {http.py:122} INFO - Poking: 
[2023-10-03T07:59:12.641+0000] {base.py:73} INFO - Using connection ID 'thespacedevs_dev' for task execution.
[2023-10-03T07:59:17.925+0000] {http.py:122} INFO - Poking: 
[2023-10-03T07:59:17.931+0000] {base.py:73} INFO - Using connection ID 'thespacedevs_dev' for task execution.
[2023-10-03T07:59:23.218+0000] {http.py:122} INFO - Poking: 
[2023-10-03T07:59:23.224+0000] {base.py:73} INFO - Using connection ID 'thespacedevs_dev' for task execution.
[2023-10-03T07:59:28.498+0000] {http.py:122} INFO - Poking: 
[2023-10-03T07:59:28.507+0000] {base.py:73} INFO - Using connection ID 'thespacedevs_dev' for task execution.
[2023-10-03T07:59:33.806+0000] {http.py:122} INFO - Poking: 
[2023-10-03T07:59:33.816+0000] {base.py:73} INFO - Using connection ID 'thespacedevs_dev' for task execution.
[2023-10-03T07:59:39.098+0000] {http.py:122} INFO - Poking: 
[2023-10-03T07:59:39.104+0000] {base.py:73} INFO - Using connection ID 'thespacedevs_dev' for task execution.
[2023-10-03T07:59:44.686+0000] {http.py:122} INFO - Poking: 
[2023-10-03T07:59:44.691+0000] {base.py:73} INFO - Using connection ID 'thespacedevs_dev' for task execution.
[2023-10-03T07:59:49.979+0000] {http.py:122} INFO - Poking: 
[2023-10-03T07:59:49.984+0000] {base.py:73} INFO - Using connection ID 'thespacedevs_dev' for task execution.
[2023-10-03T07:59:55.252+0000] {http.py:122} INFO - Poking: 
[2023-10-03T07:59:55.257+0000] {base.py:73} INFO - Using connection ID 'thespacedevs_dev' for task execution.
[2023-10-03T08:00:00.554+0000] {http.py:122} INFO - Poking: 
[2023-10-03T08:00:00.562+0000] {base.py:73} INFO - Using connection ID 'thespacedevs_dev' for task execution.
[2023-10-03T08:00:05.918+0000] {http.py:122} INFO - Poking: 
[2023-10-03T08:00:05.923+0000] {base.py:73} INFO - Using connection ID 'thespacedevs_dev' for task execution.
[2023-10-03T08:00:11.239+0000] {http.py:122} INFO - Poking: 
[2023-10-03T08:00:11.244+0000] {base.py:73} INFO - Using connection ID 'thespacedevs_dev' for task execution.
[2023-10-03T08:00:16.513+0000] {http.py:122} INFO - Poking: 
[2023-10-03T08:00:16.519+0000] {base.py:73} INFO - Using connection ID 'thespacedevs_dev' for task execution.
[2023-10-03T08:00:22.774+0000] {http.py:122} INFO - Poking: 
[2023-10-03T08:00:22.785+0000] {base.py:73} INFO - Using connection ID 'thespacedevs_dev' for task execution.
[2023-10-03T08:00:28.098+0000] {http.py:122} INFO - Poking: 
[2023-10-03T08:00:28.105+0000] {base.py:73} INFO - Using connection ID 'thespacedevs_dev' for task execution.
[2023-10-03T08:00:33.389+0000] {http.py:122} INFO - Poking: 
[2023-10-03T08:00:33.428+0000] {base.py:73} INFO - Using connection ID 'thespacedevs_dev' for task execution.
[2023-10-03T08:00:38.791+0000] {http.py:122} INFO - Poking: 
[2023-10-03T08:00:38.798+0000] {base.py:73} INFO - Using connection ID 'thespacedevs_dev' for task execution.
[2023-10-03T08:00:44.126+0000] {http.py:122} INFO - Poking: 
[2023-10-03T08:00:44.134+0000] {base.py:73} INFO - Using connection ID 'thespacedevs_dev' for task execution.
[2023-10-03T08:00:49.402+0000] {http.py:122} INFO - Poking: 
[2023-10-03T08:00:49.415+0000] {base.py:73} INFO - Using connection ID 'thespacedevs_dev' for task execution.
[2023-10-03T08:00:54.742+0000] {http.py:122} INFO - Poking: 
[2023-10-03T08:00:54.748+0000] {base.py:73} INFO - Using connection ID 'thespacedevs_dev' for task execution.
[2023-10-03T08:01:00.056+0000] {http.py:122} INFO - Poking: 
[2023-10-03T08:01:00.064+0000] {base.py:73} INFO - Using connection ID 'thespacedevs_dev' for task execution.
[2023-10-03T08:01:05.398+0000] {http.py:122} INFO - Poking: 
[2023-10-03T08:01:05.416+0000] {base.py:73} INFO - Using connection ID 'thespacedevs_dev' for task execution.
[2023-10-03T08:01:10.743+0000] {http.py:122} INFO - Poking: 
[2023-10-03T08:01:10.750+0000] {base.py:73} INFO - Using connection ID 'thespacedevs_dev' for task execution.
[2023-10-03T08:01:16.023+0000] {http.py:122} INFO - Poking: 
[2023-10-03T08:01:16.029+0000] {base.py:73} INFO - Using connection ID 'thespacedevs_dev' for task execution.
[2023-10-03T08:01:21.310+0000] {http.py:122} INFO - Poking: 
[2023-10-03T08:01:21.315+0000] {base.py:73} INFO - Using connection ID 'thespacedevs_dev' for task execution.
[2023-10-03T08:01:27.272+0000] {http.py:122} INFO - Poking: 
[2023-10-03T08:01:27.300+0000] {base.py:73} INFO - Using connection ID 'thespacedevs_dev' for task execution.
[2023-10-03T08:01:32.647+0000] {http.py:122} INFO - Poking: 
[2023-10-03T08:01:32.713+0000] {base.py:73} INFO - Using connection ID 'thespacedevs_dev' for task execution.
[2023-10-03T08:01:38.066+0000] {http.py:122} INFO - Poking: 
[2023-10-03T08:01:38.082+0000] {base.py:73} INFO - Using connection ID 'thespacedevs_dev' for task execution.
[2023-10-03T08:01:43.410+0000] {http.py:122} INFO - Poking: 
[2023-10-03T08:01:43.417+0000] {base.py:73} INFO - Using connection ID 'thespacedevs_dev' for task execution.
[2023-10-03T08:01:48.690+0000] {http.py:122} INFO - Poking: 
[2023-10-03T08:01:48.697+0000] {base.py:73} INFO - Using connection ID 'thespacedevs_dev' for task execution.
[2023-10-03T08:01:53.976+0000] {http.py:122} INFO - Poking: 
[2023-10-03T08:01:53.981+0000] {base.py:73} INFO - Using connection ID 'thespacedevs_dev' for task execution.
[2023-10-03T08:01:59.282+0000] {http.py:122} INFO - Poking: 
[2023-10-03T08:01:59.287+0000] {base.py:73} INFO - Using connection ID 'thespacedevs_dev' for task execution.
[2023-10-03T08:02:04.596+0000] {http.py:122} INFO - Poking: 
[2023-10-03T08:02:04.602+0000] {base.py:73} INFO - Using connection ID 'thespacedevs_dev' for task execution.
[2023-10-03T08:02:09.890+0000] {http.py:122} INFO - Poking: 
[2023-10-03T08:02:09.898+0000] {base.py:73} INFO - Using connection ID 'thespacedevs_dev' for task execution.
[2023-10-03T08:02:15.329+0000] {http.py:122} INFO - Poking: 
[2023-10-03T08:02:15.367+0000] {base.py:73} INFO - Using connection ID 'thespacedevs_dev' for task execution.
[2023-10-03T08:02:20.774+0000] {http.py:122} INFO - Poking: 
[2023-10-03T08:02:20.781+0000] {base.py:73} INFO - Using connection ID 'thespacedevs_dev' for task execution.
[2023-10-03T08:02:26.066+0000] {http.py:122} INFO - Poking: 
[2023-10-03T08:02:26.075+0000] {base.py:73} INFO - Using connection ID 'thespacedevs_dev' for task execution.
[2023-10-03T08:02:32.634+0000] {http.py:122} INFO - Poking: 
[2023-10-03T08:02:32.646+0000] {base.py:73} INFO - Using connection ID 'thespacedevs_dev' for task execution.
[2023-10-03T08:02:37.942+0000] {http.py:122} INFO - Poking: 
[2023-10-03T08:02:37.952+0000] {base.py:73} INFO - Using connection ID 'thespacedevs_dev' for task execution.
[2023-10-03T08:02:43.267+0000] {http.py:122} INFO - Poking: 
[2023-10-03T08:02:43.307+0000] {base.py:73} INFO - Using connection ID 'thespacedevs_dev' for task execution.
[2023-10-03T08:02:48.626+0000] {http.py:122} INFO - Poking: 
[2023-10-03T08:02:48.764+0000] {base.py:73} INFO - Using connection ID 'thespacedevs_dev' for task execution.
[2023-10-03T08:02:54.212+0000] {http.py:122} INFO - Poking: 
[2023-10-03T08:02:54.294+0000] {base.py:73} INFO - Using connection ID 'thespacedevs_dev' for task execution.
[2023-10-03T08:02:59.714+0000] {http.py:122} INFO - Poking: 
[2023-10-03T08:02:59.721+0000] {base.py:73} INFO - Using connection ID 'thespacedevs_dev' for task execution.
[2023-10-03T08:03:05.007+0000] {http.py:122} INFO - Poking: 
[2023-10-03T08:03:05.015+0000] {base.py:73} INFO - Using connection ID 'thespacedevs_dev' for task execution.
[2023-10-03T08:03:10.286+0000] {http.py:122} INFO - Poking: 
[2023-10-03T08:03:10.291+0000] {base.py:73} INFO - Using connection ID 'thespacedevs_dev' for task execution.
[2023-10-03T08:03:15.536+0000] {http.py:122} INFO - Poking: 
[2023-10-03T08:03:15.551+0000] {base.py:73} INFO - Using connection ID 'thespacedevs_dev' for task execution.
[2023-10-03T08:03:21.054+0000] {http.py:122} INFO - Poking: 
[2023-10-03T08:03:21.061+0000] {base.py:73} INFO - Using connection ID 'thespacedevs_dev' for task execution.
[2023-10-03T08:03:26.358+0000] {http.py:122} INFO - Poking: 
[2023-10-03T08:03:26.364+0000] {base.py:73} INFO - Using connection ID 'thespacedevs_dev' for task execution.
[2023-10-03T08:03:31.686+0000] {http.py:122} INFO - Poking: 
[2023-10-03T08:03:31.693+0000] {base.py:73} INFO - Using connection ID 'thespacedevs_dev' for task execution.
[2023-10-03T08:03:36.970+0000] {http.py:122} INFO - Poking: 
[2023-10-03T08:03:36.980+0000] {base.py:73} INFO - Using connection ID 'thespacedevs_dev' for task execution.
[2023-10-03T08:03:42.282+0000] {http.py:122} INFO - Poking: 
[2023-10-03T08:03:42.287+0000] {base.py:73} INFO - Using connection ID 'thespacedevs_dev' for task execution.
[2023-10-03T08:03:47.589+0000] {http.py:122} INFO - Poking: 
[2023-10-03T08:03:47.596+0000] {base.py:73} INFO - Using connection ID 'thespacedevs_dev' for task execution.
[2023-10-03T08:03:52.886+0000] {http.py:122} INFO - Poking: 
[2023-10-03T08:03:53.069+0000] {base.py:73} INFO - Using connection ID 'thespacedevs_dev' for task execution.
[2023-10-03T08:03:58.616+0000] {http.py:122} INFO - Poking: 
[2023-10-03T08:03:58.677+0000] {base.py:73} INFO - Using connection ID 'thespacedevs_dev' for task execution.
[2023-10-03T08:04:04.037+0000] {http.py:122} INFO - Poking: 
[2023-10-03T08:04:04.101+0000] {base.py:73} INFO - Using connection ID 'thespacedevs_dev' for task execution.
[2023-10-03T08:04:09.466+0000] {http.py:122} INFO - Poking: 
[2023-10-03T08:04:09.481+0000] {base.py:73} INFO - Using connection ID 'thespacedevs_dev' for task execution.
[2023-10-03T08:04:14.798+0000] {http.py:122} INFO - Poking: 
[2023-10-03T08:04:14.806+0000] {base.py:73} INFO - Using connection ID 'thespacedevs_dev' for task execution.
[2023-10-03T08:04:20.118+0000] {http.py:122} INFO - Poking: 
[2023-10-03T08:04:20.177+0000] {base.py:73} INFO - Using connection ID 'thespacedevs_dev' for task execution.
[2023-10-03T08:04:25.492+0000] {http.py:122} INFO - Poking: 
[2023-10-03T08:04:25.552+0000] {base.py:73} INFO - Using connection ID 'thespacedevs_dev' for task execution.
[2023-10-03T08:04:30.990+0000] {http.py:122} INFO - Poking: 
[2023-10-03T08:04:31.007+0000] {base.py:73} INFO - Using connection ID 'thespacedevs_dev' for task execution.
[2023-10-03T08:04:37.350+0000] {http.py:122} INFO - Poking: 
[2023-10-03T08:04:37.358+0000] {base.py:73} INFO - Using connection ID 'thespacedevs_dev' for task execution.
[2023-10-03T08:04:42.619+0000] {http.py:122} INFO - Poking: 
[2023-10-03T08:04:42.625+0000] {base.py:73} INFO - Using connection ID 'thespacedevs_dev' for task execution.
[2023-10-03T08:04:47.934+0000] {http.py:122} INFO - Poking: 
[2023-10-03T08:04:47.940+0000] {base.py:73} INFO - Using connection ID 'thespacedevs_dev' for task execution.
[2023-10-03T08:04:53.230+0000] {http.py:122} INFO - Poking: 
[2023-10-03T08:04:53.235+0000] {base.py:73} INFO - Using connection ID 'thespacedevs_dev' for task execution.
[2023-10-03T08:04:58.542+0000] {http.py:122} INFO - Poking: 
[2023-10-03T08:04:58.553+0000] {base.py:73} INFO - Using connection ID 'thespacedevs_dev' for task execution.
[2023-10-03T08:05:03.890+0000] {http.py:122} INFO - Poking: 
[2023-10-03T08:05:03.898+0000] {base.py:73} INFO - Using connection ID 'thespacedevs_dev' for task execution.
[2023-10-03T08:05:09.202+0000] {http.py:122} INFO - Poking: 
[2023-10-03T08:05:09.211+0000] {base.py:73} INFO - Using connection ID 'thespacedevs_dev' for task execution.
[2023-10-03T08:05:14.457+0000] {http.py:122} INFO - Poking: 
[2023-10-03T08:05:14.462+0000] {base.py:73} INFO - Using connection ID 'thespacedevs_dev' for task execution.
[2023-10-03T08:05:19.742+0000] {http.py:122} INFO - Poking: 
[2023-10-03T08:05:19.748+0000] {base.py:73} INFO - Using connection ID 'thespacedevs_dev' for task execution.
[2023-10-03T08:05:25.006+0000] {http.py:122} INFO - Poking: 
[2023-10-03T08:05:25.014+0000] {base.py:73} INFO - Using connection ID 'thespacedevs_dev' for task execution.
[2023-10-03T08:05:30.318+0000] {http.py:122} INFO - Poking: 
[2023-10-03T08:05:30.325+0000] {base.py:73} INFO - Using connection ID 'thespacedevs_dev' for task execution.
[2023-10-03T08:05:35.630+0000] {http.py:122} INFO - Poking: 
[2023-10-03T08:05:35.637+0000] {base.py:73} INFO - Using connection ID 'thespacedevs_dev' for task execution.
[2023-10-03T08:05:40.954+0000] {http.py:122} INFO - Poking: 
[2023-10-03T08:05:40.975+0000] {base.py:73} INFO - Using connection ID 'thespacedevs_dev' for task execution.
[2023-10-03T08:05:46.285+0000] {http.py:122} INFO - Poking: 
[2023-10-03T08:05:46.293+0000] {base.py:73} INFO - Using connection ID 'thespacedevs_dev' for task execution.
[2023-10-03T08:05:51.582+0000] {http.py:122} INFO - Poking: 
[2023-10-03T08:05:51.594+0000] {base.py:73} INFO - Using connection ID 'thespacedevs_dev' for task execution.
[2023-10-03T08:05:56.870+0000] {http.py:122} INFO - Poking: 
[2023-10-03T08:05:56.875+0000] {base.py:73} INFO - Using connection ID 'thespacedevs_dev' for task execution.
[2023-10-03T08:06:02.131+0000] {http.py:122} INFO - Poking: 
[2023-10-03T08:06:02.138+0000] {base.py:73} INFO - Using connection ID 'thespacedevs_dev' for task execution.
[2023-10-03T08:06:07.440+0000] {http.py:122} INFO - Poking: 
[2023-10-03T08:06:07.445+0000] {base.py:73} INFO - Using connection ID 'thespacedevs_dev' for task execution.
[2023-10-03T08:06:12.725+0000] {http.py:122} INFO - Poking: 
[2023-10-03T08:06:12.730+0000] {base.py:73} INFO - Using connection ID 'thespacedevs_dev' for task execution.
[2023-10-03T08:06:18.014+0000] {http.py:122} INFO - Poking: 
[2023-10-03T08:06:18.020+0000] {base.py:73} INFO - Using connection ID 'thespacedevs_dev' for task execution.
[2023-10-03T08:06:23.286+0000] {http.py:122} INFO - Poking: 
[2023-10-03T08:06:23.293+0000] {base.py:73} INFO - Using connection ID 'thespacedevs_dev' for task execution.
[2023-10-03T08:06:28.587+0000] {http.py:122} INFO - Poking: 
[2023-10-03T08:06:28.592+0000] {base.py:73} INFO - Using connection ID 'thespacedevs_dev' for task execution.
[2023-10-03T08:06:33.886+0000] {http.py:122} INFO - Poking: 
[2023-10-03T08:06:33.891+0000] {base.py:73} INFO - Using connection ID 'thespacedevs_dev' for task execution.
[2023-10-03T08:06:39.180+0000] {http.py:122} INFO - Poking: 
[2023-10-03T08:06:39.189+0000] {base.py:73} INFO - Using connection ID 'thespacedevs_dev' for task execution.
[2023-10-03T08:06:44.522+0000] {http.py:122} INFO - Poking: 
[2023-10-03T08:06:44.531+0000] {base.py:73} INFO - Using connection ID 'thespacedevs_dev' for task execution.
[2023-10-03T08:06:49.778+0000] {http.py:122} INFO - Poking: 
[2023-10-03T08:06:49.784+0000] {base.py:73} INFO - Using connection ID 'thespacedevs_dev' for task execution.
[2023-10-03T08:06:55.034+0000] {http.py:122} INFO - Poking: 
[2023-10-03T08:06:55.042+0000] {base.py:73} INFO - Using connection ID 'thespacedevs_dev' for task execution.
[2023-10-03T08:07:00.316+0000] {http.py:122} INFO - Poking: 
[2023-10-03T08:07:00.321+0000] {base.py:73} INFO - Using connection ID 'thespacedevs_dev' for task execution.
[2023-10-03T08:07:05.562+0000] {http.py:122} INFO - Poking: 
[2023-10-03T08:07:05.567+0000] {base.py:73} INFO - Using connection ID 'thespacedevs_dev' for task execution.
[2023-10-03T08:07:10.858+0000] {http.py:122} INFO - Poking: 
[2023-10-03T08:07:10.867+0000] {base.py:73} INFO - Using connection ID 'thespacedevs_dev' for task execution.
[2023-10-03T08:07:16.130+0000] {http.py:122} INFO - Poking: 
[2023-10-03T08:07:16.138+0000] {base.py:73} INFO - Using connection ID 'thespacedevs_dev' for task execution.
[2023-10-03T08:07:21.446+0000] {http.py:122} INFO - Poking: 
[2023-10-03T08:07:21.455+0000] {base.py:73} INFO - Using connection ID 'thespacedevs_dev' for task execution.
[2023-10-03T08:07:26.742+0000] {http.py:122} INFO - Poking: 
[2023-10-03T08:07:26.757+0000] {base.py:73} INFO - Using connection ID 'thespacedevs_dev' for task execution.
[2023-10-03T08:07:32.014+0000] {http.py:122} INFO - Poking: 
[2023-10-03T08:07:32.019+0000] {base.py:73} INFO - Using connection ID 'thespacedevs_dev' for task execution.
[2023-10-03T08:07:34.741+0000] {local_task_job_runner.py:299} WARNING - State of this instance has been externally set to failed. Terminating instance.
[2023-10-03T08:07:34.743+0000] {process_utils.py:135} INFO - Sending Signals.SIGTERM to group 454. PIDs of all processes in the group: [454]
[2023-10-03T08:07:34.744+0000] {process_utils.py:86} INFO - Sending the signal Signals.SIGTERM to group 454
[2023-10-03T08:07:34.745+0000] {taskinstance.py:1540} ERROR - Received SIGTERM. Terminating subprocesses.
[2023-10-03T08:07:34.847+0000] {process_utils.py:79} INFO - Process psutil.Process(pid=454, status='terminated', exitcode=0, started='07:54:00') (454) terminated with exit code 0
