[2023-10-03T10:10:12.935+0000] {taskinstance.py:1125} INFO - Dependencies all met for dep_context=non-requeueable deps ti=<TaskInstance: launches_getter.check_api_status scheduled__2023-09-24T00:00:00+00:00 [queued]>
[2023-10-03T10:10:13.079+0000] {taskinstance.py:1125} INFO - Dependencies all met for dep_context=requeueable deps ti=<TaskInstance: launches_getter.check_api_status scheduled__2023-09-24T00:00:00+00:00 [queued]>
[2023-10-03T10:10:13.096+0000] {taskinstance.py:1331} INFO - Starting attempt 1 of 1
[2023-10-03T10:10:13.216+0000] {taskinstance.py:1350} INFO - Executing <Task(HttpSensor): check_api_status> on 2023-09-24 00:00:00+00:00
[2023-10-03T10:10:13.256+0000] {standard_task_runner.py:84} INFO - Running: ['***', 'tasks', 'run', 'launches_getter', 'check_api_status', 'scheduled__2023-09-24T00:00:00+00:00', '--job-id', '156', '--raw', '--subdir', 'DAGS_FOLDER/launches.py', '--cfg-path', '/tmp/tmpqhqt41ze']
[2023-10-03T10:10:13.233+0000] {standard_task_runner.py:57} INFO - Started process 3028 to run task
[2023-10-03T10:10:13.278+0000] {standard_task_runner.py:85} INFO - Job 156: Subtask check_api_status
[2023-10-03T10:10:13.567+0000] {task_command.py:410} INFO - Running <TaskInstance: launches_getter.check_api_status scheduled__2023-09-24T00:00:00+00:00 [running]> on host f21dc12153d8
[2023-10-03T10:10:14.216+0000] {taskinstance.py:1570} INFO - Exporting env vars: AIRFLOW_CTX_DAG_OWNER='***' AIRFLOW_CTX_DAG_ID='launches_getter' AIRFLOW_CTX_TASK_ID='check_api_status' AIRFLOW_CTX_EXECUTION_DATE='2023-09-24T00:00:00+00:00' AIRFLOW_CTX_TRY_NUMBER='1' AIRFLOW_CTX_DAG_RUN_ID='scheduled__2023-09-24T00:00:00+00:00'
[2023-10-03T10:10:14.217+0000] {http.py:122} INFO - Poking: 
[2023-10-03T10:10:14.283+0000] {base.py:73} INFO - Using connection ID 'thespacedevs_dev' for task execution.
[2023-10-03T10:10:15.096+0000] {base.py:255} INFO - Success criteria met. Exiting.
[2023-10-03T10:10:15.159+0000] {taskinstance.py:1373} INFO - Marking task as SUCCESS. dag_id=launches_getter, task_id=check_api_status, execution_date=20230924T000000, start_date=20231003T101012, end_date=20231003T101015
[2023-10-03T10:10:15.334+0000] {local_task_job_runner.py:232} INFO - Task exited with return code 0
[2023-10-03T10:10:15.670+0000] {taskinstance.py:2674} INFO - 1 downstream tasks scheduled from follow-on schedule check
[2023-10-03T12:31:17.924+0000] {taskinstance.py:1125} INFO - Dependencies all met for dep_context=non-requeueable deps ti=<TaskInstance: launches_getter.check_api_status scheduled__2023-09-24T00:00:00+00:00 [queued]>
[2023-10-03T12:31:18.145+0000] {taskinstance.py:1125} INFO - Dependencies all met for dep_context=requeueable deps ti=<TaskInstance: launches_getter.check_api_status scheduled__2023-09-24T00:00:00+00:00 [queued]>
[2023-10-03T12:31:18.149+0000] {taskinstance.py:1331} INFO - Starting attempt 1 of 1
[2023-10-03T12:31:18.490+0000] {taskinstance.py:1350} INFO - Executing <Task(HttpSensor): check_api_status> on 2023-09-24 00:00:00+00:00
[2023-10-03T12:31:18.724+0000] {standard_task_runner.py:57} INFO - Started process 117 to run task
[2023-10-03T12:31:18.960+0000] {standard_task_runner.py:84} INFO - Running: ['***', 'tasks', 'run', 'launches_getter', 'check_api_status', 'scheduled__2023-09-24T00:00:00+00:00', '--job-id', '251', '--raw', '--subdir', 'DAGS_FOLDER/launches.py', '--cfg-path', '/tmp/tmp15sitqjz']
[2023-10-03T12:31:19.044+0000] {standard_task_runner.py:85} INFO - Job 251: Subtask check_api_status
[2023-10-03T12:31:19.707+0000] {task_command.py:410} INFO - Running <TaskInstance: launches_getter.check_api_status scheduled__2023-09-24T00:00:00+00:00 [running]> on host f21dc12153d8
[2023-10-03T12:31:20.710+0000] {taskinstance.py:1570} INFO - Exporting env vars: AIRFLOW_CTX_DAG_OWNER='***' AIRFLOW_CTX_DAG_ID='launches_getter' AIRFLOW_CTX_TASK_ID='check_api_status' AIRFLOW_CTX_EXECUTION_DATE='2023-09-24T00:00:00+00:00' AIRFLOW_CTX_TRY_NUMBER='1' AIRFLOW_CTX_DAG_RUN_ID='scheduled__2023-09-24T00:00:00+00:00'
[2023-10-03T12:31:20.716+0000] {http.py:122} INFO - Poking: 
[2023-10-03T12:31:20.921+0000] {base.py:73} INFO - Using connection ID 'thespacedevs_dev' for task execution.
[2023-10-03T12:31:21.484+0000] {base.py:255} INFO - Success criteria met. Exiting.
[2023-10-03T12:31:21.585+0000] {taskinstance.py:1373} INFO - Marking task as SUCCESS. dag_id=launches_getter, task_id=check_api_status, execution_date=20230924T000000, start_date=20231003T123117, end_date=20231003T123121
[2023-10-03T12:31:22.018+0000] {local_task_job_runner.py:232} INFO - Task exited with return code 0
[2023-10-03T12:31:22.742+0000] {taskinstance.py:2674} INFO - 1 downstream tasks scheduled from follow-on schedule check
