[2023-10-03T07:54:03.096+0000] {taskinstance.py:1125} INFO - Dependencies all met for dep_context=non-requeueable deps ti=<TaskInstance: launches_getter.http_sensor_check scheduled__2023-07-13T00:00:00+00:00 [queued]>
[2023-10-03T07:54:03.109+0000] {taskinstance.py:1125} INFO - Dependencies all met for dep_context=requeueable deps ti=<TaskInstance: launches_getter.http_sensor_check scheduled__2023-07-13T00:00:00+00:00 [queued]>
[2023-10-03T07:54:03.109+0000] {taskinstance.py:1331} INFO - Starting attempt 1 of 1
[2023-10-03T07:54:03.224+0000] {taskinstance.py:1350} INFO - Executing <Task(HttpSensor): http_sensor_check> on 2023-07-13 00:00:00+00:00
[2023-10-03T07:54:03.235+0000] {standard_task_runner.py:57} INFO - Started process 461 to run task
[2023-10-03T07:54:03.300+0000] {standard_task_runner.py:84} INFO - Running: ['***', 'tasks', 'run', 'launches_getter', 'http_sensor_check', 'scheduled__2023-07-13T00:00:00+00:00', '--job-id', '77', '--raw', '--subdir', 'DAGS_FOLDER/launches.py', '--cfg-path', '/tmp/tmprx0vu35g']
[2023-10-03T07:54:03.319+0000] {standard_task_runner.py:85} INFO - Job 77: Subtask http_sensor_check
[2023-10-03T07:54:03.679+0000] {task_command.py:410} INFO - Running <TaskInstance: launches_getter.http_sensor_check scheduled__2023-07-13T00:00:00+00:00 [running]> on host f21dc12153d8
[2023-10-03T07:54:04.292+0000] {taskinstance.py:1570} INFO - Exporting env vars: AIRFLOW_CTX_DAG_OWNER='***' AIRFLOW_CTX_DAG_ID='launches_getter' AIRFLOW_CTX_TASK_ID='http_sensor_check' AIRFLOW_CTX_EXECUTION_DATE='2023-07-13T00:00:00+00:00' AIRFLOW_CTX_TRY_NUMBER='1' AIRFLOW_CTX_DAG_RUN_ID='scheduled__2023-07-13T00:00:00+00:00'
[2023-10-03T07:54:04.293+0000] {http.py:122} INFO - Poking: 
[2023-10-03T07:54:04.344+0000] {base.py:73} INFO - Using connection ID 'thespacedevs_dev' for task execution.
[2023-10-03T07:54:09.782+0000] {http.py:122} INFO - Poking: 
[2023-10-03T07:54:09.789+0000] {base.py:73} INFO - Using connection ID 'thespacedevs_dev' for task execution.
[2023-10-03T07:54:15.126+0000] {http.py:122} INFO - Poking: 
[2023-10-03T07:54:15.132+0000] {base.py:73} INFO - Using connection ID 'thespacedevs_dev' for task execution.
[2023-10-03T07:54:20.418+0000] {http.py:122} INFO - Poking: 
[2023-10-03T07:54:20.428+0000] {base.py:73} INFO - Using connection ID 'thespacedevs_dev' for task execution.
[2023-10-03T07:54:25.957+0000] {http.py:122} INFO - Poking: 
[2023-10-03T07:54:25.963+0000] {base.py:73} INFO - Using connection ID 'thespacedevs_dev' for task execution.
[2023-10-03T07:54:31.242+0000] {http.py:122} INFO - Poking: 
[2023-10-03T07:54:31.250+0000] {base.py:73} INFO - Using connection ID 'thespacedevs_dev' for task execution.
[2023-10-03T07:54:36.557+0000] {http.py:122} INFO - Poking: 
[2023-10-03T07:54:36.563+0000] {base.py:73} INFO - Using connection ID 'thespacedevs_dev' for task execution.
[2023-10-03T07:54:41.858+0000] {http.py:122} INFO - Poking: 
[2023-10-03T07:54:41.863+0000] {base.py:73} INFO - Using connection ID 'thespacedevs_dev' for task execution.
[2023-10-03T07:54:47.139+0000] {http.py:122} INFO - Poking: 
[2023-10-03T07:54:47.145+0000] {base.py:73} INFO - Using connection ID 'thespacedevs_dev' for task execution.
[2023-10-03T07:54:52.456+0000] {http.py:122} INFO - Poking: 
[2023-10-03T07:54:52.463+0000] {base.py:73} INFO - Using connection ID 'thespacedevs_dev' for task execution.
[2023-10-03T07:54:57.802+0000] {http.py:122} INFO - Poking: 
[2023-10-03T07:54:57.823+0000] {base.py:73} INFO - Using connection ID 'thespacedevs_dev' for task execution.
[2023-10-03T07:55:03.114+0000] {http.py:122} INFO - Poking: 
[2023-10-03T07:55:03.121+0000] {base.py:73} INFO - Using connection ID 'thespacedevs_dev' for task execution.
[2023-10-03T07:55:08.446+0000] {http.py:122} INFO - Poking: 
[2023-10-03T07:55:08.463+0000] {base.py:73} INFO - Using connection ID 'thespacedevs_dev' for task execution.
[2023-10-03T07:55:13.746+0000] {http.py:122} INFO - Poking: 
[2023-10-03T07:55:13.756+0000] {base.py:73} INFO - Using connection ID 'thespacedevs_dev' for task execution.
[2023-10-03T07:55:19.046+0000] {http.py:122} INFO - Poking: 
[2023-10-03T07:55:19.051+0000] {base.py:73} INFO - Using connection ID 'thespacedevs_dev' for task execution.
[2023-10-03T07:55:24.334+0000] {http.py:122} INFO - Poking: 
[2023-10-03T07:55:24.339+0000] {base.py:73} INFO - Using connection ID 'thespacedevs_dev' for task execution.
[2023-10-03T07:55:29.598+0000] {http.py:122} INFO - Poking: 
[2023-10-03T07:55:29.605+0000] {base.py:73} INFO - Using connection ID 'thespacedevs_dev' for task execution.
[2023-10-03T07:55:34.888+0000] {http.py:122} INFO - Poking: 
[2023-10-03T07:55:34.893+0000] {base.py:73} INFO - Using connection ID 'thespacedevs_dev' for task execution.
[2023-10-03T07:55:40.150+0000] {http.py:122} INFO - Poking: 
[2023-10-03T07:55:40.157+0000] {base.py:73} INFO - Using connection ID 'thespacedevs_dev' for task execution.
[2023-10-03T07:55:45.598+0000] {http.py:122} INFO - Poking: 
[2023-10-03T07:55:45.627+0000] {base.py:73} INFO - Using connection ID 'thespacedevs_dev' for task execution.
[2023-10-03T07:55:51.031+0000] {http.py:122} INFO - Poking: 
[2023-10-03T07:55:51.037+0000] {base.py:73} INFO - Using connection ID 'thespacedevs_dev' for task execution.
[2023-10-03T07:55:56.274+0000] {http.py:122} INFO - Poking: 
[2023-10-03T07:55:56.283+0000] {base.py:73} INFO - Using connection ID 'thespacedevs_dev' for task execution.
[2023-10-03T07:56:01.529+0000] {http.py:122} INFO - Poking: 
[2023-10-03T07:56:01.535+0000] {base.py:73} INFO - Using connection ID 'thespacedevs_dev' for task execution.
[2023-10-03T07:56:06.843+0000] {http.py:122} INFO - Poking: 
[2023-10-03T07:56:06.848+0000] {base.py:73} INFO - Using connection ID 'thespacedevs_dev' for task execution.
[2023-10-03T07:56:12.110+0000] {http.py:122} INFO - Poking: 
[2023-10-03T07:56:12.133+0000] {base.py:73} INFO - Using connection ID 'thespacedevs_dev' for task execution.
[2023-10-03T07:56:17.458+0000] {http.py:122} INFO - Poking: 
[2023-10-03T07:56:17.467+0000] {base.py:73} INFO - Using connection ID 'thespacedevs_dev' for task execution.
[2023-10-03T07:56:22.734+0000] {http.py:122} INFO - Poking: 
[2023-10-03T07:56:22.741+0000] {base.py:73} INFO - Using connection ID 'thespacedevs_dev' for task execution.
[2023-10-03T07:56:28.002+0000] {http.py:122} INFO - Poking: 
[2023-10-03T07:56:28.009+0000] {base.py:73} INFO - Using connection ID 'thespacedevs_dev' for task execution.
[2023-10-03T07:56:33.246+0000] {http.py:122} INFO - Poking: 
[2023-10-03T07:56:33.251+0000] {base.py:73} INFO - Using connection ID 'thespacedevs_dev' for task execution.
[2023-10-03T07:56:38.544+0000] {http.py:122} INFO - Poking: 
[2023-10-03T07:56:38.556+0000] {base.py:73} INFO - Using connection ID 'thespacedevs_dev' for task execution.
[2023-10-03T07:56:43.851+0000] {http.py:122} INFO - Poking: 
[2023-10-03T07:56:43.859+0000] {base.py:73} INFO - Using connection ID 'thespacedevs_dev' for task execution.
[2023-10-03T07:56:49.120+0000] {http.py:122} INFO - Poking: 
[2023-10-03T07:56:49.139+0000] {base.py:73} INFO - Using connection ID 'thespacedevs_dev' for task execution.
[2023-10-03T07:56:54.434+0000] {http.py:122} INFO - Poking: 
[2023-10-03T07:56:54.440+0000] {base.py:73} INFO - Using connection ID 'thespacedevs_dev' for task execution.
[2023-10-03T07:56:59.732+0000] {http.py:122} INFO - Poking: 
[2023-10-03T07:56:59.739+0000] {base.py:73} INFO - Using connection ID 'thespacedevs_dev' for task execution.
[2023-10-03T07:57:04.994+0000] {http.py:122} INFO - Poking: 
[2023-10-03T07:57:05.004+0000] {base.py:73} INFO - Using connection ID 'thespacedevs_dev' for task execution.
[2023-10-03T07:57:10.252+0000] {http.py:122} INFO - Poking: 
[2023-10-03T07:57:10.262+0000] {base.py:73} INFO - Using connection ID 'thespacedevs_dev' for task execution.
[2023-10-03T07:57:16.162+0000] {http.py:122} INFO - Poking: 
[2023-10-03T07:57:16.182+0000] {base.py:73} INFO - Using connection ID 'thespacedevs_dev' for task execution.
[2023-10-03T07:57:21.542+0000] {http.py:122} INFO - Poking: 
[2023-10-03T07:57:21.558+0000] {base.py:73} INFO - Using connection ID 'thespacedevs_dev' for task execution.
[2023-10-03T07:57:26.864+0000] {http.py:122} INFO - Poking: 
[2023-10-03T07:57:26.895+0000] {base.py:73} INFO - Using connection ID 'thespacedevs_dev' for task execution.
[2023-10-03T07:57:32.282+0000] {http.py:122} INFO - Poking: 
[2023-10-03T07:57:32.287+0000] {base.py:73} INFO - Using connection ID 'thespacedevs_dev' for task execution.
[2023-10-03T07:57:37.527+0000] {http.py:122} INFO - Poking: 
[2023-10-03T07:57:37.584+0000] {base.py:73} INFO - Using connection ID 'thespacedevs_dev' for task execution.
[2023-10-03T07:57:42.986+0000] {http.py:122} INFO - Poking: 
[2023-10-03T07:57:42.994+0000] {base.py:73} INFO - Using connection ID 'thespacedevs_dev' for task execution.
[2023-10-03T07:57:48.270+0000] {http.py:122} INFO - Poking: 
[2023-10-03T07:57:48.277+0000] {base.py:73} INFO - Using connection ID 'thespacedevs_dev' for task execution.
[2023-10-03T07:57:53.646+0000] {http.py:122} INFO - Poking: 
[2023-10-03T07:57:53.661+0000] {base.py:73} INFO - Using connection ID 'thespacedevs_dev' for task execution.
[2023-10-03T07:57:58.983+0000] {http.py:122} INFO - Poking: 
[2023-10-03T07:57:59.045+0000] {base.py:73} INFO - Using connection ID 'thespacedevs_dev' for task execution.
[2023-10-03T07:58:04.449+0000] {http.py:122} INFO - Poking: 
[2023-10-03T07:58:04.454+0000] {base.py:73} INFO - Using connection ID 'thespacedevs_dev' for task execution.
[2023-10-03T07:58:09.757+0000] {http.py:122} INFO - Poking: 
[2023-10-03T07:58:09.784+0000] {base.py:73} INFO - Using connection ID 'thespacedevs_dev' for task execution.
[2023-10-03T07:58:15.044+0000] {http.py:122} INFO - Poking: 
[2023-10-03T07:58:15.058+0000] {base.py:73} INFO - Using connection ID 'thespacedevs_dev' for task execution.
[2023-10-03T07:58:20.423+0000] {http.py:122} INFO - Poking: 
[2023-10-03T07:58:20.442+0000] {base.py:73} INFO - Using connection ID 'thespacedevs_dev' for task execution.
[2023-10-03T07:58:25.804+0000] {http.py:122} INFO - Poking: 
[2023-10-03T07:58:25.810+0000] {base.py:73} INFO - Using connection ID 'thespacedevs_dev' for task execution.
[2023-10-03T07:58:31.095+0000] {http.py:122} INFO - Poking: 
[2023-10-03T07:58:31.103+0000] {base.py:73} INFO - Using connection ID 'thespacedevs_dev' for task execution.
[2023-10-03T07:58:36.370+0000] {http.py:122} INFO - Poking: 
[2023-10-03T07:58:36.379+0000] {base.py:73} INFO - Using connection ID 'thespacedevs_dev' for task execution.
[2023-10-03T07:58:41.642+0000] {http.py:122} INFO - Poking: 
[2023-10-03T07:58:41.648+0000] {base.py:73} INFO - Using connection ID 'thespacedevs_dev' for task execution.
[2023-10-03T07:58:46.904+0000] {http.py:122} INFO - Poking: 
[2023-10-03T07:58:46.908+0000] {base.py:73} INFO - Using connection ID 'thespacedevs_dev' for task execution.
[2023-10-03T07:58:52.186+0000] {http.py:122} INFO - Poking: 
[2023-10-03T07:58:52.192+0000] {base.py:73} INFO - Using connection ID 'thespacedevs_dev' for task execution.
[2023-10-03T07:58:57.442+0000] {http.py:122} INFO - Poking: 
[2023-10-03T07:58:57.449+0000] {base.py:73} INFO - Using connection ID 'thespacedevs_dev' for task execution.
[2023-10-03T07:59:02.747+0000] {http.py:122} INFO - Poking: 
[2023-10-03T07:59:02.754+0000] {base.py:73} INFO - Using connection ID 'thespacedevs_dev' for task execution.
[2023-10-03T07:59:08.027+0000] {http.py:122} INFO - Poking: 
[2023-10-03T07:59:08.032+0000] {base.py:73} INFO - Using connection ID 'thespacedevs_dev' for task execution.
[2023-10-03T07:59:13.318+0000] {http.py:122} INFO - Poking: 
[2023-10-03T07:59:13.323+0000] {base.py:73} INFO - Using connection ID 'thespacedevs_dev' for task execution.
[2023-10-03T07:59:18.596+0000] {http.py:122} INFO - Poking: 
[2023-10-03T07:59:18.604+0000] {base.py:73} INFO - Using connection ID 'thespacedevs_dev' for task execution.
[2023-10-03T07:59:23.872+0000] {http.py:122} INFO - Poking: 
[2023-10-03T07:59:23.881+0000] {base.py:73} INFO - Using connection ID 'thespacedevs_dev' for task execution.
[2023-10-03T07:59:29.214+0000] {http.py:122} INFO - Poking: 
[2023-10-03T07:59:29.220+0000] {base.py:73} INFO - Using connection ID 'thespacedevs_dev' for task execution.
[2023-10-03T07:59:34.494+0000] {http.py:122} INFO - Poking: 
[2023-10-03T07:59:34.501+0000] {base.py:73} INFO - Using connection ID 'thespacedevs_dev' for task execution.
[2023-10-03T07:59:39.791+0000] {http.py:122} INFO - Poking: 
[2023-10-03T07:59:39.798+0000] {base.py:73} INFO - Using connection ID 'thespacedevs_dev' for task execution.
[2023-10-03T07:59:45.058+0000] {http.py:122} INFO - Poking: 
[2023-10-03T07:59:45.065+0000] {base.py:73} INFO - Using connection ID 'thespacedevs_dev' for task execution.
[2023-10-03T07:59:50.314+0000] {http.py:122} INFO - Poking: 
[2023-10-03T07:59:50.322+0000] {base.py:73} INFO - Using connection ID 'thespacedevs_dev' for task execution.
[2023-10-03T07:59:55.854+0000] {http.py:122} INFO - Poking: 
[2023-10-03T07:59:55.862+0000] {base.py:73} INFO - Using connection ID 'thespacedevs_dev' for task execution.
[2023-10-03T08:00:01.134+0000] {http.py:122} INFO - Poking: 
[2023-10-03T08:00:01.143+0000] {base.py:73} INFO - Using connection ID 'thespacedevs_dev' for task execution.
[2023-10-03T08:00:06.614+0000] {http.py:122} INFO - Poking: 
[2023-10-03T08:00:06.621+0000] {base.py:73} INFO - Using connection ID 'thespacedevs_dev' for task execution.
[2023-10-03T08:00:11.898+0000] {http.py:122} INFO - Poking: 
[2023-10-03T08:00:11.905+0000] {base.py:73} INFO - Using connection ID 'thespacedevs_dev' for task execution.
[2023-10-03T08:00:17.239+0000] {http.py:122} INFO - Poking: 
[2023-10-03T08:00:17.244+0000] {base.py:73} INFO - Using connection ID 'thespacedevs_dev' for task execution.
[2023-10-03T08:00:22.566+0000] {http.py:122} INFO - Poking: 
[2023-10-03T08:00:22.573+0000] {base.py:73} INFO - Using connection ID 'thespacedevs_dev' for task execution.
[2023-10-03T08:00:27.876+0000] {http.py:122} INFO - Poking: 
[2023-10-03T08:00:27.884+0000] {base.py:73} INFO - Using connection ID 'thespacedevs_dev' for task execution.
[2023-10-03T08:00:33.190+0000] {http.py:122} INFO - Poking: 
[2023-10-03T08:00:33.218+0000] {base.py:73} INFO - Using connection ID 'thespacedevs_dev' for task execution.
[2023-10-03T08:00:38.510+0000] {http.py:122} INFO - Poking: 
[2023-10-03T08:00:38.515+0000] {base.py:73} INFO - Using connection ID 'thespacedevs_dev' for task execution.
[2023-10-03T08:00:43.794+0000] {http.py:122} INFO - Poking: 
[2023-10-03T08:00:43.799+0000] {base.py:73} INFO - Using connection ID 'thespacedevs_dev' for task execution.
[2023-10-03T08:00:49.098+0000] {http.py:122} INFO - Poking: 
[2023-10-03T08:00:49.103+0000] {base.py:73} INFO - Using connection ID 'thespacedevs_dev' for task execution.
[2023-10-03T08:00:54.386+0000] {http.py:122} INFO - Poking: 
[2023-10-03T08:00:54.392+0000] {base.py:73} INFO - Using connection ID 'thespacedevs_dev' for task execution.
[2023-10-03T08:00:59.675+0000] {http.py:122} INFO - Poking: 
[2023-10-03T08:00:59.681+0000] {base.py:73} INFO - Using connection ID 'thespacedevs_dev' for task execution.
[2023-10-03T08:01:05.003+0000] {http.py:122} INFO - Poking: 
[2023-10-03T08:01:05.041+0000] {base.py:73} INFO - Using connection ID 'thespacedevs_dev' for task execution.
[2023-10-03T08:01:10.418+0000] {http.py:122} INFO - Poking: 
[2023-10-03T08:01:10.426+0000] {base.py:73} INFO - Using connection ID 'thespacedevs_dev' for task execution.
[2023-10-03T08:01:15.755+0000] {http.py:122} INFO - Poking: 
[2023-10-03T08:01:15.760+0000] {base.py:73} INFO - Using connection ID 'thespacedevs_dev' for task execution.
[2023-10-03T08:01:21.046+0000] {http.py:122} INFO - Poking: 
[2023-10-03T08:01:21.052+0000] {base.py:73} INFO - Using connection ID 'thespacedevs_dev' for task execution.
[2023-10-03T08:01:27.246+0000] {http.py:122} INFO - Poking: 
[2023-10-03T08:01:27.263+0000] {base.py:73} INFO - Using connection ID 'thespacedevs_dev' for task execution.
[2023-10-03T08:01:32.584+0000] {http.py:122} INFO - Poking: 
[2023-10-03T08:01:32.593+0000] {base.py:73} INFO - Using connection ID 'thespacedevs_dev' for task execution.
[2023-10-03T08:01:37.914+0000] {http.py:122} INFO - Poking: 
[2023-10-03T08:01:37.927+0000] {base.py:73} INFO - Using connection ID 'thespacedevs_dev' for task execution.
[2023-10-03T08:01:43.254+0000] {http.py:122} INFO - Poking: 
[2023-10-03T08:01:43.259+0000] {base.py:73} INFO - Using connection ID 'thespacedevs_dev' for task execution.
[2023-10-03T08:01:48.560+0000] {http.py:122} INFO - Poking: 
[2023-10-03T08:01:48.567+0000] {base.py:73} INFO - Using connection ID 'thespacedevs_dev' for task execution.
[2023-10-03T08:01:53.870+0000] {http.py:122} INFO - Poking: 
[2023-10-03T08:01:53.875+0000] {base.py:73} INFO - Using connection ID 'thespacedevs_dev' for task execution.
[2023-10-03T08:01:59.218+0000] {http.py:122} INFO - Poking: 
[2023-10-03T08:01:59.223+0000] {base.py:73} INFO - Using connection ID 'thespacedevs_dev' for task execution.
[2023-10-03T08:02:04.521+0000] {http.py:122} INFO - Poking: 
[2023-10-03T08:02:04.542+0000] {base.py:73} INFO - Using connection ID 'thespacedevs_dev' for task execution.
[2023-10-03T08:02:09.826+0000] {http.py:122} INFO - Poking: 
[2023-10-03T08:02:09.837+0000] {base.py:73} INFO - Using connection ID 'thespacedevs_dev' for task execution.
[2023-10-03T08:02:15.194+0000] {http.py:122} INFO - Poking: 
[2023-10-03T08:02:15.200+0000] {base.py:73} INFO - Using connection ID 'thespacedevs_dev' for task execution.
[2023-10-03T08:02:20.470+0000] {http.py:122} INFO - Poking: 
[2023-10-03T08:02:20.481+0000] {base.py:73} INFO - Using connection ID 'thespacedevs_dev' for task execution.
[2023-10-03T08:02:25.746+0000] {http.py:122} INFO - Poking: 
[2023-10-03T08:02:25.754+0000] {base.py:73} INFO - Using connection ID 'thespacedevs_dev' for task execution.
[2023-10-03T08:02:32.538+0000] {http.py:122} INFO - Poking: 
[2023-10-03T08:02:32.562+0000] {base.py:73} INFO - Using connection ID 'thespacedevs_dev' for task execution.
[2023-10-03T08:02:37.837+0000] {http.py:122} INFO - Poking: 
[2023-10-03T08:02:37.846+0000] {base.py:73} INFO - Using connection ID 'thespacedevs_dev' for task execution.
[2023-10-03T08:02:43.106+0000] {http.py:122} INFO - Poking: 
[2023-10-03T08:02:43.132+0000] {base.py:73} INFO - Using connection ID 'thespacedevs_dev' for task execution.
[2023-10-03T08:02:48.628+0000] {http.py:122} INFO - Poking: 
[2023-10-03T08:02:48.731+0000] {base.py:73} INFO - Using connection ID 'thespacedevs_dev' for task execution.
[2023-10-03T08:02:54.165+0000] {http.py:122} INFO - Poking: 
[2023-10-03T08:02:54.178+0000] {base.py:73} INFO - Using connection ID 'thespacedevs_dev' for task execution.
[2023-10-03T08:02:59.554+0000] {http.py:122} INFO - Poking: 
[2023-10-03T08:02:59.559+0000] {base.py:73} INFO - Using connection ID 'thespacedevs_dev' for task execution.
[2023-10-03T08:03:04.839+0000] {http.py:122} INFO - Poking: 
[2023-10-03T08:03:04.844+0000] {base.py:73} INFO - Using connection ID 'thespacedevs_dev' for task execution.
[2023-10-03T08:03:10.124+0000] {http.py:122} INFO - Poking: 
[2023-10-03T08:03:10.130+0000] {base.py:73} INFO - Using connection ID 'thespacedevs_dev' for task execution.
[2023-10-03T08:03:15.426+0000] {http.py:122} INFO - Poking: 
[2023-10-03T08:03:15.433+0000] {base.py:73} INFO - Using connection ID 'thespacedevs_dev' for task execution.
[2023-10-03T08:03:20.730+0000] {http.py:122} INFO - Poking: 
[2023-10-03T08:03:20.735+0000] {base.py:73} INFO - Using connection ID 'thespacedevs_dev' for task execution.
[2023-10-03T08:03:25.994+0000] {http.py:122} INFO - Poking: 
[2023-10-03T08:03:25.999+0000] {base.py:73} INFO - Using connection ID 'thespacedevs_dev' for task execution.
[2023-10-03T08:03:31.244+0000] {http.py:122} INFO - Poking: 
[2023-10-03T08:03:31.249+0000] {base.py:73} INFO - Using connection ID 'thespacedevs_dev' for task execution.
[2023-10-03T08:03:36.548+0000] {http.py:122} INFO - Poking: 
[2023-10-03T08:03:36.553+0000] {base.py:73} INFO - Using connection ID 'thespacedevs_dev' for task execution.
[2023-10-03T08:03:41.845+0000] {http.py:122} INFO - Poking: 
[2023-10-03T08:03:41.850+0000] {base.py:73} INFO - Using connection ID 'thespacedevs_dev' for task execution.
[2023-10-03T08:03:47.126+0000] {http.py:122} INFO - Poking: 
[2023-10-03T08:03:47.139+0000] {base.py:73} INFO - Using connection ID 'thespacedevs_dev' for task execution.
[2023-10-03T08:03:52.462+0000] {http.py:122} INFO - Poking: 
[2023-10-03T08:03:52.483+0000] {base.py:73} INFO - Using connection ID 'thespacedevs_dev' for task execution.
[2023-10-03T08:03:57.824+0000] {http.py:122} INFO - Poking: 
[2023-10-03T08:03:57.833+0000] {base.py:73} INFO - Using connection ID 'thespacedevs_dev' for task execution.
[2023-10-03T08:04:03.158+0000] {http.py:122} INFO - Poking: 
[2023-10-03T08:04:03.174+0000] {base.py:73} INFO - Using connection ID 'thespacedevs_dev' for task execution.
[2023-10-03T08:04:08.458+0000] {http.py:122} INFO - Poking: 
[2023-10-03T08:04:08.484+0000] {base.py:73} INFO - Using connection ID 'thespacedevs_dev' for task execution.
[2023-10-03T08:04:13.794+0000] {http.py:122} INFO - Poking: 
[2023-10-03T08:04:13.801+0000] {base.py:73} INFO - Using connection ID 'thespacedevs_dev' for task execution.
[2023-10-03T08:04:19.058+0000] {http.py:122} INFO - Poking: 
[2023-10-03T08:04:19.117+0000] {base.py:73} INFO - Using connection ID 'thespacedevs_dev' for task execution.
[2023-10-03T08:04:24.462+0000] {http.py:122} INFO - Poking: 
[2023-10-03T08:04:24.475+0000] {base.py:73} INFO - Using connection ID 'thespacedevs_dev' for task execution.
[2023-10-03T08:04:29.770+0000] {http.py:122} INFO - Poking: 
[2023-10-03T08:04:29.780+0000] {base.py:73} INFO - Using connection ID 'thespacedevs_dev' for task execution.
[2023-10-03T08:04:35.038+0000] {http.py:122} INFO - Poking: 
[2023-10-03T08:04:35.043+0000] {base.py:73} INFO - Using connection ID 'thespacedevs_dev' for task execution.
[2023-10-03T08:04:40.286+0000] {http.py:122} INFO - Poking: 
[2023-10-03T08:04:40.291+0000] {base.py:73} INFO - Using connection ID 'thespacedevs_dev' for task execution.
[2023-10-03T08:04:45.578+0000] {http.py:122} INFO - Poking: 
[2023-10-03T08:04:45.584+0000] {base.py:73} INFO - Using connection ID 'thespacedevs_dev' for task execution.
[2023-10-03T08:04:50.842+0000] {http.py:122} INFO - Poking: 
[2023-10-03T08:04:50.851+0000] {base.py:73} INFO - Using connection ID 'thespacedevs_dev' for task execution.
[2023-10-03T08:04:56.148+0000] {http.py:122} INFO - Poking: 
[2023-10-03T08:04:56.158+0000] {base.py:73} INFO - Using connection ID 'thespacedevs_dev' for task execution.
[2023-10-03T08:05:01.402+0000] {http.py:122} INFO - Poking: 
[2023-10-03T08:05:01.414+0000] {base.py:73} INFO - Using connection ID 'thespacedevs_dev' for task execution.
[2023-10-03T08:05:06.762+0000] {http.py:122} INFO - Poking: 
[2023-10-03T08:05:06.784+0000] {base.py:73} INFO - Using connection ID 'thespacedevs_dev' for task execution.
[2023-10-03T08:05:12.108+0000] {http.py:122} INFO - Poking: 
[2023-10-03T08:05:12.116+0000] {base.py:73} INFO - Using connection ID 'thespacedevs_dev' for task execution.
[2023-10-03T08:05:17.418+0000] {http.py:122} INFO - Poking: 
[2023-10-03T08:05:17.423+0000] {base.py:73} INFO - Using connection ID 'thespacedevs_dev' for task execution.
[2023-10-03T08:05:22.666+0000] {http.py:122} INFO - Poking: 
[2023-10-03T08:05:22.674+0000] {base.py:73} INFO - Using connection ID 'thespacedevs_dev' for task execution.
[2023-10-03T08:05:27.950+0000] {http.py:122} INFO - Poking: 
[2023-10-03T08:05:27.959+0000] {base.py:73} INFO - Using connection ID 'thespacedevs_dev' for task execution.
[2023-10-03T08:05:33.291+0000] {http.py:122} INFO - Poking: 
[2023-10-03T08:05:33.299+0000] {base.py:73} INFO - Using connection ID 'thespacedevs_dev' for task execution.
[2023-10-03T08:05:39.762+0000] {http.py:122} INFO - Poking: 
[2023-10-03T08:05:39.771+0000] {base.py:73} INFO - Using connection ID 'thespacedevs_dev' for task execution.
[2023-10-03T08:05:45.020+0000] {http.py:122} INFO - Poking: 
[2023-10-03T08:05:45.030+0000] {base.py:73} INFO - Using connection ID 'thespacedevs_dev' for task execution.
[2023-10-03T08:05:50.298+0000] {http.py:122} INFO - Poking: 
[2023-10-03T08:05:50.304+0000] {base.py:73} INFO - Using connection ID 'thespacedevs_dev' for task execution.
[2023-10-03T08:05:55.578+0000] {http.py:122} INFO - Poking: 
[2023-10-03T08:05:55.614+0000] {base.py:73} INFO - Using connection ID 'thespacedevs_dev' for task execution.
[2023-10-03T08:06:00.885+0000] {http.py:122} INFO - Poking: 
[2023-10-03T08:06:00.890+0000] {base.py:73} INFO - Using connection ID 'thespacedevs_dev' for task execution.
[2023-10-03T08:06:06.206+0000] {http.py:122} INFO - Poking: 
[2023-10-03T08:06:06.230+0000] {base.py:73} INFO - Using connection ID 'thespacedevs_dev' for task execution.
[2023-10-03T08:06:11.506+0000] {http.py:122} INFO - Poking: 
[2023-10-03T08:06:11.536+0000] {base.py:73} INFO - Using connection ID 'thespacedevs_dev' for task execution.
[2023-10-03T08:06:16.814+0000] {http.py:122} INFO - Poking: 
[2023-10-03T08:06:16.821+0000] {base.py:73} INFO - Using connection ID 'thespacedevs_dev' for task execution.
[2023-10-03T08:06:22.131+0000] {http.py:122} INFO - Poking: 
[2023-10-03T08:06:22.141+0000] {base.py:73} INFO - Using connection ID 'thespacedevs_dev' for task execution.
[2023-10-03T08:06:27.410+0000] {http.py:122} INFO - Poking: 
[2023-10-03T08:06:27.422+0000] {base.py:73} INFO - Using connection ID 'thespacedevs_dev' for task execution.
[2023-10-03T08:06:32.738+0000] {http.py:122} INFO - Poking: 
[2023-10-03T08:06:32.745+0000] {base.py:73} INFO - Using connection ID 'thespacedevs_dev' for task execution.
[2023-10-03T08:06:38.082+0000] {http.py:122} INFO - Poking: 
[2023-10-03T08:06:38.088+0000] {base.py:73} INFO - Using connection ID 'thespacedevs_dev' for task execution.
[2023-10-03T08:06:43.527+0000] {http.py:122} INFO - Poking: 
[2023-10-03T08:06:43.557+0000] {base.py:73} INFO - Using connection ID 'thespacedevs_dev' for task execution.
[2023-10-03T08:06:48.876+0000] {http.py:122} INFO - Poking: 
[2023-10-03T08:06:48.902+0000] {base.py:73} INFO - Using connection ID 'thespacedevs_dev' for task execution.
[2023-10-03T08:06:54.223+0000] {http.py:122} INFO - Poking: 
[2023-10-03T08:06:54.228+0000] {base.py:73} INFO - Using connection ID 'thespacedevs_dev' for task execution.
[2023-10-03T08:06:59.486+0000] {http.py:122} INFO - Poking: 
[2023-10-03T08:06:59.495+0000] {base.py:73} INFO - Using connection ID 'thespacedevs_dev' for task execution.
[2023-10-03T08:07:04.774+0000] {http.py:122} INFO - Poking: 
[2023-10-03T08:07:04.779+0000] {base.py:73} INFO - Using connection ID 'thespacedevs_dev' for task execution.
[2023-10-03T08:07:10.027+0000] {http.py:122} INFO - Poking: 
[2023-10-03T08:07:10.032+0000] {base.py:73} INFO - Using connection ID 'thespacedevs_dev' for task execution.
[2023-10-03T08:07:15.310+0000] {http.py:122} INFO - Poking: 
[2023-10-03T08:07:15.316+0000] {base.py:73} INFO - Using connection ID 'thespacedevs_dev' for task execution.
[2023-10-03T08:07:20.554+0000] {http.py:122} INFO - Poking: 
[2023-10-03T08:07:20.561+0000] {base.py:73} INFO - Using connection ID 'thespacedevs_dev' for task execution.
[2023-10-03T08:07:25.818+0000] {http.py:122} INFO - Poking: 
[2023-10-03T08:07:25.825+0000] {base.py:73} INFO - Using connection ID 'thespacedevs_dev' for task execution.
[2023-10-03T08:07:31.090+0000] {http.py:122} INFO - Poking: 
[2023-10-03T08:07:31.097+0000] {base.py:73} INFO - Using connection ID 'thespacedevs_dev' for task execution.
[2023-10-03T08:07:36.350+0000] {http.py:122} INFO - Poking: 
[2023-10-03T08:07:36.362+0000] {base.py:73} INFO - Using connection ID 'thespacedevs_dev' for task execution.
[2023-10-03T08:07:41.616+0000] {http.py:122} INFO - Poking: 
[2023-10-03T08:07:41.637+0000] {base.py:73} INFO - Using connection ID 'thespacedevs_dev' for task execution.
[2023-10-03T08:07:47.866+0000] {http.py:122} INFO - Poking: 
[2023-10-03T08:07:47.873+0000] {base.py:73} INFO - Using connection ID 'thespacedevs_dev' for task execution.
[2023-10-03T08:07:53.150+0000] {http.py:122} INFO - Poking: 
[2023-10-03T08:07:53.156+0000] {base.py:73} INFO - Using connection ID 'thespacedevs_dev' for task execution.
[2023-10-03T08:07:58.502+0000] {http.py:122} INFO - Poking: 
[2023-10-03T08:07:58.509+0000] {base.py:73} INFO - Using connection ID 'thespacedevs_dev' for task execution.
[2023-10-03T08:08:03.755+0000] {http.py:122} INFO - Poking: 
[2023-10-03T08:08:03.760+0000] {base.py:73} INFO - Using connection ID 'thespacedevs_dev' for task execution.
[2023-10-03T08:08:09.022+0000] {http.py:122} INFO - Poking: 
[2023-10-03T08:08:09.030+0000] {base.py:73} INFO - Using connection ID 'thespacedevs_dev' for task execution.
[2023-10-03T08:08:11.667+0000] {local_task_job_runner.py:299} WARNING - State of this instance has been externally set to failed. Terminating instance.
[2023-10-03T08:08:11.669+0000] {process_utils.py:135} INFO - Sending Signals.SIGTERM to group 461. PIDs of all processes in the group: [461]
[2023-10-03T08:08:11.669+0000] {process_utils.py:86} INFO - Sending the signal Signals.SIGTERM to group 461
[2023-10-03T08:08:11.670+0000] {taskinstance.py:1540} ERROR - Received SIGTERM. Terminating subprocesses.
[2023-10-03T08:08:11.772+0000] {process_utils.py:79} INFO - Process psutil.Process(pid=461, status='terminated', exitcode=0, started='07:54:02') (461) terminated with exit code 0
