[2023-10-03T10:10:15.623+0000] {taskinstance.py:1125} INFO - Dependencies all met for dep_context=non-requeueable deps ti=<TaskInstance: launches_getter.check_api_status scheduled__2023-10-02T00:00:00+00:00 [queued]>
[2023-10-03T10:10:15.814+0000] {taskinstance.py:1125} INFO - Dependencies all met for dep_context=requeueable deps ti=<TaskInstance: launches_getter.check_api_status scheduled__2023-10-02T00:00:00+00:00 [queued]>
[2023-10-03T10:10:15.828+0000] {taskinstance.py:1331} INFO - Starting attempt 1 of 1
[2023-10-03T10:10:16.014+0000] {taskinstance.py:1350} INFO - Executing <Task(HttpSensor): check_api_status> on 2023-10-02 00:00:00+00:00
[2023-10-03T10:10:16.023+0000] {standard_task_runner.py:57} INFO - Started process 3037 to run task
[2023-10-03T10:10:16.053+0000] {standard_task_runner.py:84} INFO - Running: ['***', 'tasks', 'run', 'launches_getter', 'check_api_status', 'scheduled__2023-10-02T00:00:00+00:00', '--job-id', '164', '--raw', '--subdir', 'DAGS_FOLDER/launches.py', '--cfg-path', '/tmp/tmpl1m9cpac']
[2023-10-03T10:10:16.053+0000] {standard_task_runner.py:85} INFO - Job 164: Subtask check_api_status
[2023-10-03T10:10:16.444+0000] {task_command.py:410} INFO - Running <TaskInstance: launches_getter.check_api_status scheduled__2023-10-02T00:00:00+00:00 [running]> on host f21dc12153d8
[2023-10-03T10:10:17.734+0000] {taskinstance.py:1570} INFO - Exporting env vars: AIRFLOW_CTX_DAG_OWNER='***' AIRFLOW_CTX_DAG_ID='launches_getter' AIRFLOW_CTX_TASK_ID='check_api_status' AIRFLOW_CTX_EXECUTION_DATE='2023-10-02T00:00:00+00:00' AIRFLOW_CTX_TRY_NUMBER='1' AIRFLOW_CTX_DAG_RUN_ID='scheduled__2023-10-02T00:00:00+00:00'
[2023-10-03T10:10:17.735+0000] {http.py:122} INFO - Poking: 
[2023-10-03T10:10:17.772+0000] {base.py:73} INFO - Using connection ID 'thespacedevs_dev' for task execution.
[2023-10-03T10:10:18.571+0000] {base.py:255} INFO - Success criteria met. Exiting.
[2023-10-03T10:10:18.605+0000] {taskinstance.py:1373} INFO - Marking task as SUCCESS. dag_id=launches_getter, task_id=check_api_status, execution_date=20231002T000000, start_date=20231003T101015, end_date=20231003T101018
[2023-10-03T10:10:18.801+0000] {local_task_job_runner.py:232} INFO - Task exited with return code 0
[2023-10-03T10:10:19.154+0000] {taskinstance.py:2674} INFO - 0 downstream tasks scheduled from follow-on schedule check
[2023-10-03T12:31:24.151+0000] {taskinstance.py:1125} INFO - Dependencies all met for dep_context=non-requeueable deps ti=<TaskInstance: launches_getter.check_api_status scheduled__2023-10-02T00:00:00+00:00 [queued]>
[2023-10-03T12:31:24.359+0000] {taskinstance.py:1125} INFO - Dependencies all met for dep_context=requeueable deps ti=<TaskInstance: launches_getter.check_api_status scheduled__2023-10-02T00:00:00+00:00 [queued]>
[2023-10-03T12:31:24.369+0000] {taskinstance.py:1331} INFO - Starting attempt 1 of 1
[2023-10-03T12:31:24.689+0000] {taskinstance.py:1350} INFO - Executing <Task(HttpSensor): check_api_status> on 2023-10-02 00:00:00+00:00
[2023-10-03T12:31:24.761+0000] {standard_task_runner.py:57} INFO - Started process 126 to run task
[2023-10-03T12:31:24.793+0000] {standard_task_runner.py:84} INFO - Running: ['***', 'tasks', 'run', 'launches_getter', 'check_api_status', 'scheduled__2023-10-02T00:00:00+00:00', '--job-id', '257', '--raw', '--subdir', 'DAGS_FOLDER/launches.py', '--cfg-path', '/tmp/tmpdx3jlqfq']
[2023-10-03T12:31:24.800+0000] {standard_task_runner.py:85} INFO - Job 257: Subtask check_api_status
[2023-10-03T12:31:25.272+0000] {task_command.py:410} INFO - Running <TaskInstance: launches_getter.check_api_status scheduled__2023-10-02T00:00:00+00:00 [running]> on host f21dc12153d8
[2023-10-03T12:31:25.868+0000] {taskinstance.py:1570} INFO - Exporting env vars: AIRFLOW_CTX_DAG_OWNER='***' AIRFLOW_CTX_DAG_ID='launches_getter' AIRFLOW_CTX_TASK_ID='check_api_status' AIRFLOW_CTX_EXECUTION_DATE='2023-10-02T00:00:00+00:00' AIRFLOW_CTX_TRY_NUMBER='1' AIRFLOW_CTX_DAG_RUN_ID='scheduled__2023-10-02T00:00:00+00:00'
[2023-10-03T12:31:25.870+0000] {http.py:122} INFO - Poking: 
[2023-10-03T12:31:25.882+0000] {base.py:73} INFO - Using connection ID 'thespacedevs_dev' for task execution.
[2023-10-03T12:31:26.405+0000] {base.py:255} INFO - Success criteria met. Exiting.
[2023-10-03T12:31:26.454+0000] {taskinstance.py:1373} INFO - Marking task as SUCCESS. dag_id=launches_getter, task_id=check_api_status, execution_date=20231002T000000, start_date=20231003T123124, end_date=20231003T123126
[2023-10-03T12:31:26.548+0000] {local_task_job_runner.py:232} INFO - Task exited with return code 0
[2023-10-03T12:31:26.622+0000] {taskinstance.py:2674} INFO - 1 downstream tasks scheduled from follow-on schedule check
