[2023-10-03T10:10:22.161+0000] {taskinstance.py:1125} INFO - Dependencies all met for dep_context=non-requeueable deps ti=<TaskInstance: launches_getter.pull_data_from_api scheduled__2023-10-01T00:00:00+00:00 [queued]>
[2023-10-03T10:10:22.470+0000] {taskinstance.py:1125} INFO - Dependencies all met for dep_context=requeueable deps ti=<TaskInstance: launches_getter.pull_data_from_api scheduled__2023-10-01T00:00:00+00:00 [queued]>
[2023-10-03T10:10:22.480+0000] {taskinstance.py:1331} INFO - Starting attempt 1 of 1
[2023-10-03T10:10:22.890+0000] {taskinstance.py:1350} INFO - Executing <Task(SimpleHttpOperator): pull_data_from_api> on 2023-10-01 00:00:00+00:00
[2023-10-03T10:10:22.956+0000] {standard_task_runner.py:57} INFO - Started process 3058 to run task
[2023-10-03T10:10:22.969+0000] {standard_task_runner.py:84} INFO - Running: ['***', 'tasks', 'run', 'launches_getter', 'pull_data_from_api', 'scheduled__2023-10-01T00:00:00+00:00', '--job-id', '173', '--raw', '--subdir', 'DAGS_FOLDER/launches.py', '--cfg-path', '/tmp/tmpv3ydkyvt']
[2023-10-03T10:10:23.025+0000] {standard_task_runner.py:85} INFO - Job 173: Subtask pull_data_from_api
[2023-10-03T10:10:23.467+0000] {task_command.py:410} INFO - Running <TaskInstance: launches_getter.pull_data_from_api scheduled__2023-10-01T00:00:00+00:00 [running]> on host f21dc12153d8
[2023-10-03T10:10:23.738+0000] {warnings.py:110} WARNING - /home/***/.local/lib/python3.7/site-packages/***/utils/context.py:205: AirflowContextDeprecationWarning: Accessing 'next_ds' from the template is deprecated and will be removed in a future version. Please use '{{ data_interval_end | ds }}' instead.
  warnings.warn(_create_deprecation_warning(key, self._deprecation_replacements[key]))

[2023-10-03T10:10:23.989+0000] {taskinstance.py:1570} INFO - Exporting env vars: AIRFLOW_CTX_DAG_OWNER='***' AIRFLOW_CTX_DAG_ID='launches_getter' AIRFLOW_CTX_TASK_ID='pull_data_from_api' AIRFLOW_CTX_EXECUTION_DATE='2023-10-01T00:00:00+00:00' AIRFLOW_CTX_TRY_NUMBER='1' AIRFLOW_CTX_DAG_RUN_ID='scheduled__2023-10-01T00:00:00+00:00'
[2023-10-03T10:10:23.990+0000] {http.py:123} INFO - Calling HTTP method
[2023-10-03T10:10:24.121+0000] {base.py:73} INFO - Using connection ID 'thespacedevs_dev' for task execution.
[2023-10-03T10:10:25.212+0000] {http.py:127} INFO - {"count":0,"next":null,"previous":null,"results":[]}
[2023-10-03T10:10:25.324+0000] {taskinstance.py:1373} INFO - Marking task as SUCCESS. dag_id=launches_getter, task_id=pull_data_from_api, execution_date=20231001T000000, start_date=20231003T101022, end_date=20231003T101025
[2023-10-03T10:10:25.488+0000] {local_task_job_runner.py:232} INFO - Task exited with return code 0
[2023-10-03T10:10:25.627+0000] {taskinstance.py:2674} INFO - 1 downstream tasks scheduled from follow-on schedule check
[2023-10-03T12:31:37.386+0000] {taskinstance.py:1125} INFO - Dependencies all met for dep_context=non-requeueable deps ti=<TaskInstance: launches_getter.pull_data_from_api scheduled__2023-10-01T00:00:00+00:00 [queued]>
[2023-10-03T12:31:37.467+0000] {taskinstance.py:1125} INFO - Dependencies all met for dep_context=requeueable deps ti=<TaskInstance: launches_getter.pull_data_from_api scheduled__2023-10-01T00:00:00+00:00 [queued]>
[2023-10-03T12:31:37.467+0000] {taskinstance.py:1331} INFO - Starting attempt 1 of 1
[2023-10-03T12:31:37.599+0000] {taskinstance.py:1350} INFO - Executing <Task(SimpleHttpOperator): pull_data_from_api> on 2023-10-01 00:00:00+00:00
[2023-10-03T12:31:37.617+0000] {standard_task_runner.py:57} INFO - Started process 167 to run task
[2023-10-03T12:31:37.677+0000] {standard_task_runner.py:84} INFO - Running: ['***', 'tasks', 'run', 'launches_getter', 'pull_data_from_api', 'scheduled__2023-10-01T00:00:00+00:00', '--job-id', '270', '--raw', '--subdir', 'DAGS_FOLDER/launches.py', '--cfg-path', '/tmp/tmpc4jiyexb']
[2023-10-03T12:31:37.708+0000] {standard_task_runner.py:85} INFO - Job 270: Subtask pull_data_from_api
[2023-10-03T12:31:38.134+0000] {task_command.py:410} INFO - Running <TaskInstance: launches_getter.pull_data_from_api scheduled__2023-10-01T00:00:00+00:00 [running]> on host f21dc12153d8
[2023-10-03T12:31:38.381+0000] {warnings.py:110} WARNING - /home/***/.local/lib/python3.7/site-packages/***/utils/context.py:205: AirflowContextDeprecationWarning: Accessing 'next_ds' from the template is deprecated and will be removed in a future version. Please use '{{ data_interval_end | ds }}' instead.
  warnings.warn(_create_deprecation_warning(key, self._deprecation_replacements[key]))

[2023-10-03T12:31:38.508+0000] {taskinstance.py:1570} INFO - Exporting env vars: AIRFLOW_CTX_DAG_OWNER='***' AIRFLOW_CTX_DAG_ID='launches_getter' AIRFLOW_CTX_TASK_ID='pull_data_from_api' AIRFLOW_CTX_EXECUTION_DATE='2023-10-01T00:00:00+00:00' AIRFLOW_CTX_TRY_NUMBER='1' AIRFLOW_CTX_DAG_RUN_ID='scheduled__2023-10-01T00:00:00+00:00'
[2023-10-03T12:31:38.509+0000] {http.py:123} INFO - Calling HTTP method
[2023-10-03T12:31:38.537+0000] {base.py:73} INFO - Using connection ID 'thespacedevs_dev' for task execution.
[2023-10-03T12:31:39.595+0000] {http.py:127} INFO - {"count":0,"next":null,"previous":null,"results":[]}
[2023-10-03T12:31:39.865+0000] {taskinstance.py:1373} INFO - Marking task as SUCCESS. dag_id=launches_getter, task_id=pull_data_from_api, execution_date=20231001T000000, start_date=20231003T123137, end_date=20231003T123139
[2023-10-03T12:31:40.090+0000] {local_task_job_runner.py:232} INFO - Task exited with return code 0
[2023-10-03T12:31:40.311+0000] {taskinstance.py:2674} INFO - 1 downstream tasks scheduled from follow-on schedule check
