[2023-10-03T07:54:06.715+0000] {taskinstance.py:1125} INFO - Dependencies all met for dep_context=non-requeueable deps ti=<TaskInstance: launches_getter.http_sensor_check scheduled__2023-07-19T00:00:00+00:00 [queued]>
[2023-10-03T07:54:06.723+0000] {taskinstance.py:1125} INFO - Dependencies all met for dep_context=requeueable deps ti=<TaskInstance: launches_getter.http_sensor_check scheduled__2023-07-19T00:00:00+00:00 [queued]>
[2023-10-03T07:54:06.723+0000] {taskinstance.py:1331} INFO - Starting attempt 1 of 1
[2023-10-03T07:54:06.746+0000] {taskinstance.py:1350} INFO - Executing <Task(HttpSensor): http_sensor_check> on 2023-07-19 00:00:00+00:00
[2023-10-03T07:54:06.750+0000] {standard_task_runner.py:57} INFO - Started process 475 to run task
[2023-10-03T07:54:06.752+0000] {standard_task_runner.py:84} INFO - Running: ['***', 'tasks', 'run', 'launches_getter', 'http_sensor_check', 'scheduled__2023-07-19T00:00:00+00:00', '--job-id', '81', '--raw', '--subdir', 'DAGS_FOLDER/launches.py', '--cfg-path', '/tmp/tmpg971gftd']
[2023-10-03T07:54:06.753+0000] {standard_task_runner.py:85} INFO - Job 81: Subtask http_sensor_check
[2023-10-03T07:54:06.833+0000] {task_command.py:410} INFO - Running <TaskInstance: launches_getter.http_sensor_check scheduled__2023-07-19T00:00:00+00:00 [running]> on host f21dc12153d8
[2023-10-03T07:54:06.938+0000] {taskinstance.py:1570} INFO - Exporting env vars: AIRFLOW_CTX_DAG_OWNER='***' AIRFLOW_CTX_DAG_ID='launches_getter' AIRFLOW_CTX_TASK_ID='http_sensor_check' AIRFLOW_CTX_EXECUTION_DATE='2023-07-19T00:00:00+00:00' AIRFLOW_CTX_TRY_NUMBER='1' AIRFLOW_CTX_DAG_RUN_ID='scheduled__2023-07-19T00:00:00+00:00'
[2023-10-03T07:54:06.939+0000] {http.py:122} INFO - Poking: 
[2023-10-03T07:54:06.946+0000] {base.py:73} INFO - Using connection ID 'thespacedevs_dev' for task execution.
[2023-10-03T07:54:12.300+0000] {http.py:122} INFO - Poking: 
[2023-10-03T07:54:12.307+0000] {base.py:73} INFO - Using connection ID 'thespacedevs_dev' for task execution.
[2023-10-03T07:54:17.602+0000] {http.py:122} INFO - Poking: 
[2023-10-03T07:54:17.609+0000] {base.py:73} INFO - Using connection ID 'thespacedevs_dev' for task execution.
[2023-10-03T07:54:22.914+0000] {http.py:122} INFO - Poking: 
[2023-10-03T07:54:22.922+0000] {base.py:73} INFO - Using connection ID 'thespacedevs_dev' for task execution.
[2023-10-03T07:54:28.214+0000] {http.py:122} INFO - Poking: 
[2023-10-03T07:54:28.225+0000] {base.py:73} INFO - Using connection ID 'thespacedevs_dev' for task execution.
[2023-10-03T07:54:33.526+0000] {http.py:122} INFO - Poking: 
[2023-10-03T07:54:33.534+0000] {base.py:73} INFO - Using connection ID 'thespacedevs_dev' for task execution.
[2023-10-03T07:54:38.839+0000] {http.py:122} INFO - Poking: 
[2023-10-03T07:54:38.847+0000] {base.py:73} INFO - Using connection ID 'thespacedevs_dev' for task execution.
[2023-10-03T07:54:44.102+0000] {http.py:122} INFO - Poking: 
[2023-10-03T07:54:44.113+0000] {base.py:73} INFO - Using connection ID 'thespacedevs_dev' for task execution.
[2023-10-03T07:54:49.375+0000] {http.py:122} INFO - Poking: 
[2023-10-03T07:54:49.385+0000] {base.py:73} INFO - Using connection ID 'thespacedevs_dev' for task execution.
[2023-10-03T07:54:54.670+0000] {http.py:122} INFO - Poking: 
[2023-10-03T07:54:54.695+0000] {base.py:73} INFO - Using connection ID 'thespacedevs_dev' for task execution.
[2023-10-03T07:54:59.984+0000] {http.py:122} INFO - Poking: 
[2023-10-03T07:55:00.005+0000] {base.py:73} INFO - Using connection ID 'thespacedevs_dev' for task execution.
[2023-10-03T07:55:07.178+0000] {http.py:122} INFO - Poking: 
[2023-10-03T07:55:07.185+0000] {base.py:73} INFO - Using connection ID 'thespacedevs_dev' for task execution.
[2023-10-03T07:55:12.478+0000] {http.py:122} INFO - Poking: 
[2023-10-03T07:55:12.487+0000] {base.py:73} INFO - Using connection ID 'thespacedevs_dev' for task execution.
[2023-10-03T07:55:17.838+0000] {http.py:122} INFO - Poking: 
[2023-10-03T07:55:17.843+0000] {base.py:73} INFO - Using connection ID 'thespacedevs_dev' for task execution.
[2023-10-03T07:55:23.146+0000] {http.py:122} INFO - Poking: 
[2023-10-03T07:55:23.153+0000] {base.py:73} INFO - Using connection ID 'thespacedevs_dev' for task execution.
[2023-10-03T07:55:28.478+0000] {http.py:122} INFO - Poking: 
[2023-10-03T07:55:28.484+0000] {base.py:73} INFO - Using connection ID 'thespacedevs_dev' for task execution.
[2023-10-03T07:55:33.776+0000] {http.py:122} INFO - Poking: 
[2023-10-03T07:55:33.781+0000] {base.py:73} INFO - Using connection ID 'thespacedevs_dev' for task execution.
[2023-10-03T07:55:39.102+0000] {http.py:122} INFO - Poking: 
[2023-10-03T07:55:39.121+0000] {base.py:73} INFO - Using connection ID 'thespacedevs_dev' for task execution.
[2023-10-03T07:55:44.478+0000] {http.py:122} INFO - Poking: 
[2023-10-03T07:55:44.507+0000] {base.py:73} INFO - Using connection ID 'thespacedevs_dev' for task execution.
[2023-10-03T07:55:49.842+0000] {http.py:122} INFO - Poking: 
[2023-10-03T07:55:49.847+0000] {base.py:73} INFO - Using connection ID 'thespacedevs_dev' for task execution.
[2023-10-03T07:55:55.102+0000] {http.py:122} INFO - Poking: 
[2023-10-03T07:55:55.107+0000] {base.py:73} INFO - Using connection ID 'thespacedevs_dev' for task execution.
[2023-10-03T07:56:00.390+0000] {http.py:122} INFO - Poking: 
[2023-10-03T07:56:00.396+0000] {base.py:73} INFO - Using connection ID 'thespacedevs_dev' for task execution.
[2023-10-03T07:56:05.668+0000] {http.py:122} INFO - Poking: 
[2023-10-03T07:56:05.672+0000] {base.py:73} INFO - Using connection ID 'thespacedevs_dev' for task execution.
[2023-10-03T07:56:10.954+0000] {http.py:122} INFO - Poking: 
[2023-10-03T07:56:10.965+0000] {base.py:73} INFO - Using connection ID 'thespacedevs_dev' for task execution.
[2023-10-03T07:56:16.293+0000] {http.py:122} INFO - Poking: 
[2023-10-03T07:56:16.300+0000] {base.py:73} INFO - Using connection ID 'thespacedevs_dev' for task execution.
[2023-10-03T07:56:21.614+0000] {http.py:122} INFO - Poking: 
[2023-10-03T07:56:21.619+0000] {base.py:73} INFO - Using connection ID 'thespacedevs_dev' for task execution.
[2023-10-03T07:56:26.879+0000] {http.py:122} INFO - Poking: 
[2023-10-03T07:56:26.888+0000] {base.py:73} INFO - Using connection ID 'thespacedevs_dev' for task execution.
[2023-10-03T07:56:32.146+0000] {http.py:122} INFO - Poking: 
[2023-10-03T07:56:32.152+0000] {base.py:73} INFO - Using connection ID 'thespacedevs_dev' for task execution.
[2023-10-03T07:56:37.419+0000] {http.py:122} INFO - Poking: 
[2023-10-03T07:56:37.433+0000] {base.py:73} INFO - Using connection ID 'thespacedevs_dev' for task execution.
[2023-10-03T07:56:42.727+0000] {http.py:122} INFO - Poking: 
[2023-10-03T07:56:42.758+0000] {base.py:73} INFO - Using connection ID 'thespacedevs_dev' for task execution.
[2023-10-03T07:56:48.062+0000] {http.py:122} INFO - Poking: 
[2023-10-03T07:56:48.069+0000] {base.py:73} INFO - Using connection ID 'thespacedevs_dev' for task execution.
[2023-10-03T07:56:53.379+0000] {http.py:122} INFO - Poking: 
[2023-10-03T07:56:53.386+0000] {base.py:73} INFO - Using connection ID 'thespacedevs_dev' for task execution.
[2023-10-03T07:56:58.678+0000] {http.py:122} INFO - Poking: 
[2023-10-03T07:56:58.694+0000] {base.py:73} INFO - Using connection ID 'thespacedevs_dev' for task execution.
[2023-10-03T07:57:04.074+0000] {http.py:122} INFO - Poking: 
[2023-10-03T07:57:04.081+0000] {base.py:73} INFO - Using connection ID 'thespacedevs_dev' for task execution.
[2023-10-03T07:57:09.410+0000] {http.py:122} INFO - Poking: 
[2023-10-03T07:57:09.419+0000] {base.py:73} INFO - Using connection ID 'thespacedevs_dev' for task execution.
[2023-10-03T07:57:15.840+0000] {http.py:122} INFO - Poking: 
[2023-10-03T07:57:15.966+0000] {base.py:73} INFO - Using connection ID 'thespacedevs_dev' for task execution.
[2023-10-03T07:57:21.463+0000] {http.py:122} INFO - Poking: 
[2023-10-03T07:57:21.468+0000] {base.py:73} INFO - Using connection ID 'thespacedevs_dev' for task execution.
[2023-10-03T07:57:26.742+0000] {http.py:122} INFO - Poking: 
[2023-10-03T07:57:26.747+0000] {base.py:73} INFO - Using connection ID 'thespacedevs_dev' for task execution.
[2023-10-03T07:57:32.054+0000] {http.py:122} INFO - Poking: 
[2023-10-03T07:57:32.060+0000] {base.py:73} INFO - Using connection ID 'thespacedevs_dev' for task execution.
[2023-10-03T07:57:37.357+0000] {http.py:122} INFO - Poking: 
[2023-10-03T07:57:37.367+0000] {base.py:73} INFO - Using connection ID 'thespacedevs_dev' for task execution.
[2023-10-03T07:57:42.668+0000] {http.py:122} INFO - Poking: 
[2023-10-03T07:57:42.674+0000] {base.py:73} INFO - Using connection ID 'thespacedevs_dev' for task execution.
[2023-10-03T07:57:47.935+0000] {http.py:122} INFO - Poking: 
[2023-10-03T07:57:47.943+0000] {base.py:73} INFO - Using connection ID 'thespacedevs_dev' for task execution.
[2023-10-03T07:57:53.249+0000] {http.py:122} INFO - Poking: 
[2023-10-03T07:57:53.255+0000] {base.py:73} INFO - Using connection ID 'thespacedevs_dev' for task execution.
[2023-10-03T07:57:58.538+0000] {http.py:122} INFO - Poking: 
[2023-10-03T07:57:58.544+0000] {base.py:73} INFO - Using connection ID 'thespacedevs_dev' for task execution.
[2023-10-03T07:58:03.791+0000] {http.py:122} INFO - Poking: 
[2023-10-03T07:58:03.797+0000] {base.py:73} INFO - Using connection ID 'thespacedevs_dev' for task execution.
[2023-10-03T07:58:09.058+0000] {http.py:122} INFO - Poking: 
[2023-10-03T07:58:09.063+0000] {base.py:73} INFO - Using connection ID 'thespacedevs_dev' for task execution.
[2023-10-03T07:58:14.360+0000] {http.py:122} INFO - Poking: 
[2023-10-03T07:58:14.365+0000] {base.py:73} INFO - Using connection ID 'thespacedevs_dev' for task execution.
[2023-10-03T07:58:19.646+0000] {http.py:122} INFO - Poking: 
[2023-10-03T07:58:19.651+0000] {base.py:73} INFO - Using connection ID 'thespacedevs_dev' for task execution.
[2023-10-03T07:58:24.933+0000] {http.py:122} INFO - Poking: 
[2023-10-03T07:58:24.938+0000] {base.py:73} INFO - Using connection ID 'thespacedevs_dev' for task execution.
[2023-10-03T07:58:30.218+0000] {http.py:122} INFO - Poking: 
[2023-10-03T07:58:30.228+0000] {base.py:73} INFO - Using connection ID 'thespacedevs_dev' for task execution.
[2023-10-03T07:58:35.508+0000] {http.py:122} INFO - Poking: 
[2023-10-03T07:58:35.513+0000] {base.py:73} INFO - Using connection ID 'thespacedevs_dev' for task execution.
[2023-10-03T07:58:40.810+0000] {http.py:122} INFO - Poking: 
[2023-10-03T07:58:40.815+0000] {base.py:73} INFO - Using connection ID 'thespacedevs_dev' for task execution.
[2023-10-03T07:58:46.088+0000] {http.py:122} INFO - Poking: 
[2023-10-03T07:58:46.095+0000] {base.py:73} INFO - Using connection ID 'thespacedevs_dev' for task execution.
[2023-10-03T07:58:51.574+0000] {http.py:122} INFO - Poking: 
[2023-10-03T07:58:51.579+0000] {base.py:73} INFO - Using connection ID 'thespacedevs_dev' for task execution.
[2023-10-03T07:58:56.832+0000] {http.py:122} INFO - Poking: 
[2023-10-03T07:58:56.836+0000] {base.py:73} INFO - Using connection ID 'thespacedevs_dev' for task execution.
[2023-10-03T07:59:02.130+0000] {http.py:122} INFO - Poking: 
[2023-10-03T07:59:02.135+0000] {base.py:73} INFO - Using connection ID 'thespacedevs_dev' for task execution.
[2023-10-03T07:59:07.433+0000] {http.py:122} INFO - Poking: 
[2023-10-03T07:59:07.438+0000] {base.py:73} INFO - Using connection ID 'thespacedevs_dev' for task execution.
[2023-10-03T07:59:12.722+0000] {http.py:122} INFO - Poking: 
[2023-10-03T07:59:12.728+0000] {base.py:73} INFO - Using connection ID 'thespacedevs_dev' for task execution.
[2023-10-03T07:59:18.023+0000] {http.py:122} INFO - Poking: 
[2023-10-03T07:59:18.029+0000] {base.py:73} INFO - Using connection ID 'thespacedevs_dev' for task execution.
[2023-10-03T07:59:23.342+0000] {http.py:122} INFO - Poking: 
[2023-10-03T07:59:23.352+0000] {base.py:73} INFO - Using connection ID 'thespacedevs_dev' for task execution.
[2023-10-03T07:59:28.636+0000] {http.py:122} INFO - Poking: 
[2023-10-03T07:59:28.646+0000] {base.py:73} INFO - Using connection ID 'thespacedevs_dev' for task execution.
[2023-10-03T07:59:33.925+0000] {http.py:122} INFO - Poking: 
[2023-10-03T07:59:33.930+0000] {base.py:73} INFO - Using connection ID 'thespacedevs_dev' for task execution.
[2023-10-03T07:59:39.162+0000] {http.py:122} INFO - Poking: 
[2023-10-03T07:59:39.175+0000] {base.py:73} INFO - Using connection ID 'thespacedevs_dev' for task execution.
[2023-10-03T07:59:44.474+0000] {http.py:122} INFO - Poking: 
[2023-10-03T07:59:44.482+0000] {base.py:73} INFO - Using connection ID 'thespacedevs_dev' for task execution.
[2023-10-03T07:59:49.786+0000] {http.py:122} INFO - Poking: 
[2023-10-03T07:59:49.792+0000] {base.py:73} INFO - Using connection ID 'thespacedevs_dev' for task execution.
[2023-10-03T07:59:55.055+0000] {http.py:122} INFO - Poking: 
[2023-10-03T07:59:55.061+0000] {base.py:73} INFO - Using connection ID 'thespacedevs_dev' for task execution.
[2023-10-03T08:00:00.334+0000] {http.py:122} INFO - Poking: 
[2023-10-03T08:00:00.342+0000] {base.py:73} INFO - Using connection ID 'thespacedevs_dev' for task execution.
[2023-10-03T08:00:05.625+0000] {http.py:122} INFO - Poking: 
[2023-10-03T08:00:05.630+0000] {base.py:73} INFO - Using connection ID 'thespacedevs_dev' for task execution.
[2023-10-03T08:00:10.913+0000] {http.py:122} INFO - Poking: 
[2023-10-03T08:00:10.919+0000] {base.py:73} INFO - Using connection ID 'thespacedevs_dev' for task execution.
[2023-10-03T08:00:16.226+0000] {http.py:122} INFO - Poking: 
[2023-10-03T08:00:16.231+0000] {base.py:73} INFO - Using connection ID 'thespacedevs_dev' for task execution.
[2023-10-03T08:00:22.252+0000] {http.py:122} INFO - Poking: 
[2023-10-03T08:00:22.259+0000] {base.py:73} INFO - Using connection ID 'thespacedevs_dev' for task execution.
[2023-10-03T08:00:27.553+0000] {http.py:122} INFO - Poking: 
[2023-10-03T08:00:27.561+0000] {base.py:73} INFO - Using connection ID 'thespacedevs_dev' for task execution.
[2023-10-03T08:00:32.855+0000] {http.py:122} INFO - Poking: 
[2023-10-03T08:00:32.879+0000] {base.py:73} INFO - Using connection ID 'thespacedevs_dev' for task execution.
[2023-10-03T08:00:38.298+0000] {http.py:122} INFO - Poking: 
[2023-10-03T08:00:38.303+0000] {base.py:73} INFO - Using connection ID 'thespacedevs_dev' for task execution.
[2023-10-03T08:00:43.590+0000] {http.py:122} INFO - Poking: 
[2023-10-03T08:00:43.613+0000] {base.py:73} INFO - Using connection ID 'thespacedevs_dev' for task execution.
[2023-10-03T08:00:48.907+0000] {http.py:122} INFO - Poking: 
[2023-10-03T08:00:48.913+0000] {base.py:73} INFO - Using connection ID 'thespacedevs_dev' for task execution.
[2023-10-03T08:00:54.206+0000] {http.py:122} INFO - Poking: 
[2023-10-03T08:00:54.212+0000] {base.py:73} INFO - Using connection ID 'thespacedevs_dev' for task execution.
[2023-10-03T08:00:59.511+0000] {http.py:122} INFO - Poking: 
[2023-10-03T08:00:59.521+0000] {base.py:73} INFO - Using connection ID 'thespacedevs_dev' for task execution.
[2023-10-03T08:01:04.814+0000] {http.py:122} INFO - Poking: 
[2023-10-03T08:01:04.820+0000] {base.py:73} INFO - Using connection ID 'thespacedevs_dev' for task execution.
[2023-10-03T08:01:10.162+0000] {http.py:122} INFO - Poking: 
[2023-10-03T08:01:10.170+0000] {base.py:73} INFO - Using connection ID 'thespacedevs_dev' for task execution.
[2023-10-03T08:01:15.592+0000] {http.py:122} INFO - Poking: 
[2023-10-03T08:01:15.597+0000] {base.py:73} INFO - Using connection ID 'thespacedevs_dev' for task execution.
[2023-10-03T08:01:20.894+0000] {http.py:122} INFO - Poking: 
[2023-10-03T08:01:20.899+0000] {base.py:73} INFO - Using connection ID 'thespacedevs_dev' for task execution.
[2023-10-03T08:01:27.162+0000] {http.py:122} INFO - Poking: 
[2023-10-03T08:01:27.169+0000] {base.py:73} INFO - Using connection ID 'thespacedevs_dev' for task execution.
[2023-10-03T08:01:32.470+0000] {http.py:122} INFO - Poking: 
[2023-10-03T08:01:32.475+0000] {base.py:73} INFO - Using connection ID 'thespacedevs_dev' for task execution.
[2023-10-03T08:01:37.826+0000] {http.py:122} INFO - Poking: 
[2023-10-03T08:01:37.842+0000] {base.py:73} INFO - Using connection ID 'thespacedevs_dev' for task execution.
[2023-10-03T08:01:43.139+0000] {http.py:122} INFO - Poking: 
[2023-10-03T08:01:43.148+0000] {base.py:73} INFO - Using connection ID 'thespacedevs_dev' for task execution.
[2023-10-03T08:01:48.419+0000] {http.py:122} INFO - Poking: 
[2023-10-03T08:01:48.424+0000] {base.py:73} INFO - Using connection ID 'thespacedevs_dev' for task execution.
[2023-10-03T08:01:53.702+0000] {http.py:122} INFO - Poking: 
[2023-10-03T08:01:53.709+0000] {base.py:73} INFO - Using connection ID 'thespacedevs_dev' for task execution.
[2023-10-03T08:01:58.975+0000] {http.py:122} INFO - Poking: 
[2023-10-03T08:01:58.981+0000] {base.py:73} INFO - Using connection ID 'thespacedevs_dev' for task execution.
[2023-10-03T08:02:04.282+0000] {http.py:122} INFO - Poking: 
[2023-10-03T08:02:04.288+0000] {base.py:73} INFO - Using connection ID 'thespacedevs_dev' for task execution.
[2023-10-03T08:02:09.535+0000] {http.py:122} INFO - Poking: 
[2023-10-03T08:02:09.541+0000] {base.py:73} INFO - Using connection ID 'thespacedevs_dev' for task execution.
[2023-10-03T08:02:14.881+0000] {http.py:122} INFO - Poking: 
[2023-10-03T08:02:14.887+0000] {base.py:73} INFO - Using connection ID 'thespacedevs_dev' for task execution.
[2023-10-03T08:02:20.182+0000] {http.py:122} INFO - Poking: 
[2023-10-03T08:02:20.188+0000] {base.py:73} INFO - Using connection ID 'thespacedevs_dev' for task execution.
[2023-10-03T08:02:25.481+0000] {http.py:122} INFO - Poking: 
[2023-10-03T08:02:25.489+0000] {base.py:73} INFO - Using connection ID 'thespacedevs_dev' for task execution.
[2023-10-03T08:02:32.447+0000] {http.py:122} INFO - Poking: 
[2023-10-03T08:02:32.477+0000] {base.py:73} INFO - Using connection ID 'thespacedevs_dev' for task execution.
[2023-10-03T08:02:37.787+0000] {http.py:122} INFO - Poking: 
[2023-10-03T08:02:37.803+0000] {base.py:73} INFO - Using connection ID 'thespacedevs_dev' for task execution.
[2023-10-03T08:02:43.122+0000] {http.py:122} INFO - Poking: 
[2023-10-03T08:02:43.173+0000] {base.py:73} INFO - Using connection ID 'thespacedevs_dev' for task execution.
[2023-10-03T08:02:48.664+0000] {http.py:122} INFO - Poking: 
[2023-10-03T08:02:48.678+0000] {base.py:73} INFO - Using connection ID 'thespacedevs_dev' for task execution.
[2023-10-03T08:02:54.301+0000] {http.py:122} INFO - Poking: 
[2023-10-03T08:02:54.369+0000] {base.py:73} INFO - Using connection ID 'thespacedevs_dev' for task execution.
[2023-10-03T08:02:59.732+0000] {http.py:122} INFO - Poking: 
[2023-10-03T08:02:59.748+0000] {base.py:73} INFO - Using connection ID 'thespacedevs_dev' for task execution.
[2023-10-03T08:03:05.058+0000] {http.py:122} INFO - Poking: 
[2023-10-03T08:03:05.065+0000] {base.py:73} INFO - Using connection ID 'thespacedevs_dev' for task execution.
[2023-10-03T08:03:10.408+0000] {http.py:122} INFO - Poking: 
[2023-10-03T08:03:10.423+0000] {base.py:73} INFO - Using connection ID 'thespacedevs_dev' for task execution.
[2023-10-03T08:03:15.734+0000] {http.py:122} INFO - Poking: 
[2023-10-03T08:03:15.745+0000] {base.py:73} INFO - Using connection ID 'thespacedevs_dev' for task execution.
[2023-10-03T08:03:21.002+0000] {http.py:122} INFO - Poking: 
[2023-10-03T08:03:21.009+0000] {base.py:73} INFO - Using connection ID 'thespacedevs_dev' for task execution.
[2023-10-03T08:03:26.254+0000] {http.py:122} INFO - Poking: 
[2023-10-03T08:03:26.272+0000] {base.py:73} INFO - Using connection ID 'thespacedevs_dev' for task execution.
[2023-10-03T08:03:31.602+0000] {http.py:122} INFO - Poking: 
[2023-10-03T08:03:31.610+0000] {base.py:73} INFO - Using connection ID 'thespacedevs_dev' for task execution.
[2023-10-03T08:03:36.914+0000] {http.py:122} INFO - Poking: 
[2023-10-03T08:03:36.919+0000] {base.py:73} INFO - Using connection ID 'thespacedevs_dev' for task execution.
[2023-10-03T08:03:42.219+0000] {http.py:122} INFO - Poking: 
[2023-10-03T08:03:42.224+0000] {base.py:73} INFO - Using connection ID 'thespacedevs_dev' for task execution.
[2023-10-03T08:03:47.518+0000] {http.py:122} INFO - Poking: 
[2023-10-03T08:03:47.539+0000] {base.py:73} INFO - Using connection ID 'thespacedevs_dev' for task execution.
[2023-10-03T08:03:52.830+0000] {http.py:122} INFO - Poking: 
[2023-10-03T08:03:52.943+0000] {base.py:73} INFO - Using connection ID 'thespacedevs_dev' for task execution.
[2023-10-03T08:03:58.607+0000] {http.py:122} INFO - Poking: 
[2023-10-03T08:03:58.620+0000] {base.py:73} INFO - Using connection ID 'thespacedevs_dev' for task execution.
[2023-10-03T08:04:04.045+0000] {http.py:122} INFO - Poking: 
[2023-10-03T08:04:04.066+0000] {base.py:73} INFO - Using connection ID 'thespacedevs_dev' for task execution.
[2023-10-03T08:04:09.442+0000] {http.py:122} INFO - Poking: 
[2023-10-03T08:04:09.457+0000] {base.py:73} INFO - Using connection ID 'thespacedevs_dev' for task execution.
[2023-10-03T08:04:14.826+0000] {http.py:122} INFO - Poking: 
[2023-10-03T08:04:14.834+0000] {base.py:73} INFO - Using connection ID 'thespacedevs_dev' for task execution.
[2023-10-03T08:04:20.410+0000] {http.py:122} INFO - Poking: 
[2023-10-03T08:04:20.430+0000] {base.py:73} INFO - Using connection ID 'thespacedevs_dev' for task execution.
[2023-10-03T08:04:25.770+0000] {http.py:122} INFO - Poking: 
[2023-10-03T08:04:25.802+0000] {base.py:73} INFO - Using connection ID 'thespacedevs_dev' for task execution.
[2023-10-03T08:04:31.103+0000] {http.py:122} INFO - Poking: 
[2023-10-03T08:04:31.109+0000] {base.py:73} INFO - Using connection ID 'thespacedevs_dev' for task execution.
[2023-10-03T08:04:37.262+0000] {http.py:122} INFO - Poking: 
[2023-10-03T08:04:37.270+0000] {base.py:73} INFO - Using connection ID 'thespacedevs_dev' for task execution.
[2023-10-03T08:04:42.555+0000] {http.py:122} INFO - Poking: 
[2023-10-03T08:04:42.565+0000] {base.py:73} INFO - Using connection ID 'thespacedevs_dev' for task execution.
[2023-10-03T08:04:47.866+0000] {http.py:122} INFO - Poking: 
[2023-10-03T08:04:47.874+0000] {base.py:73} INFO - Using connection ID 'thespacedevs_dev' for task execution.
[2023-10-03T08:04:53.130+0000] {http.py:122} INFO - Poking: 
[2023-10-03T08:04:53.157+0000] {base.py:73} INFO - Using connection ID 'thespacedevs_dev' for task execution.
[2023-10-03T08:04:58.426+0000] {http.py:122} INFO - Poking: 
[2023-10-03T08:04:58.433+0000] {base.py:73} INFO - Using connection ID 'thespacedevs_dev' for task execution.
[2023-10-03T08:05:03.724+0000] {http.py:122} INFO - Poking: 
[2023-10-03T08:05:03.730+0000] {base.py:73} INFO - Using connection ID 'thespacedevs_dev' for task execution.
[2023-10-03T08:05:09.026+0000] {http.py:122} INFO - Poking: 
[2023-10-03T08:05:09.031+0000] {base.py:73} INFO - Using connection ID 'thespacedevs_dev' for task execution.
[2023-10-03T08:05:14.288+0000] {http.py:122} INFO - Poking: 
[2023-10-03T08:05:14.294+0000] {base.py:73} INFO - Using connection ID 'thespacedevs_dev' for task execution.
[2023-10-03T08:05:18.280+0000] {local_task_job_runner.py:299} WARNING - State of this instance has been externally set to failed. Terminating instance.
[2023-10-03T08:05:18.282+0000] {process_utils.py:135} INFO - Sending Signals.SIGTERM to group 475. PIDs of all processes in the group: [475]
[2023-10-03T08:05:18.282+0000] {process_utils.py:86} INFO - Sending the signal Signals.SIGTERM to group 475
[2023-10-03T08:05:18.283+0000] {taskinstance.py:1540} ERROR - Received SIGTERM. Terminating subprocesses.
[2023-10-03T08:05:18.336+0000] {process_utils.py:79} INFO - Process psutil.Process(pid=475, status='terminated', exitcode=0, started='07:54:05') (475) terminated with exit code 0
