[2023-10-03T07:53:59.502+0000] {taskinstance.py:1125} INFO - Dependencies all met for dep_context=non-requeueable deps ti=<TaskInstance: launches_getter.http_sensor_check scheduled__2023-07-07T00:00:00+00:00 [queued]>
[2023-10-03T07:53:59.523+0000] {taskinstance.py:1125} INFO - Dependencies all met for dep_context=requeueable deps ti=<TaskInstance: launches_getter.http_sensor_check scheduled__2023-07-07T00:00:00+00:00 [queued]>
[2023-10-03T07:53:59.524+0000] {taskinstance.py:1331} INFO - Starting attempt 1 of 1
[2023-10-03T07:53:59.585+0000] {taskinstance.py:1350} INFO - Executing <Task(HttpSensor): http_sensor_check> on 2023-07-07 00:00:00+00:00
[2023-10-03T07:53:59.629+0000] {standard_task_runner.py:57} INFO - Started process 451 to run task
[2023-10-03T07:53:59.653+0000] {standard_task_runner.py:84} INFO - Running: ['***', 'tasks', 'run', 'launches_getter', 'http_sensor_check', 'scheduled__2023-07-07T00:00:00+00:00', '--job-id', '66', '--raw', '--subdir', 'DAGS_FOLDER/launches.py', '--cfg-path', '/tmp/tmpypurquim']
[2023-10-03T07:53:59.662+0000] {standard_task_runner.py:85} INFO - Job 66: Subtask http_sensor_check
[2023-10-03T07:53:59.889+0000] {task_command.py:410} INFO - Running <TaskInstance: launches_getter.http_sensor_check scheduled__2023-07-07T00:00:00+00:00 [running]> on host f21dc12153d8
[2023-10-03T07:54:00.990+0000] {taskinstance.py:1570} INFO - Exporting env vars: AIRFLOW_CTX_DAG_OWNER='***' AIRFLOW_CTX_DAG_ID='launches_getter' AIRFLOW_CTX_TASK_ID='http_sensor_check' AIRFLOW_CTX_EXECUTION_DATE='2023-07-07T00:00:00+00:00' AIRFLOW_CTX_TRY_NUMBER='1' AIRFLOW_CTX_DAG_RUN_ID='scheduled__2023-07-07T00:00:00+00:00'
[2023-10-03T07:54:00.990+0000] {http.py:122} INFO - Poking: 
[2023-10-03T07:54:01.090+0000] {base.py:73} INFO - Using connection ID 'thespacedevs_dev' for task execution.
[2023-10-03T07:54:06.634+0000] {http.py:122} INFO - Poking: 
[2023-10-03T07:54:06.651+0000] {base.py:73} INFO - Using connection ID 'thespacedevs_dev' for task execution.
[2023-10-03T07:54:11.964+0000] {http.py:122} INFO - Poking: 
[2023-10-03T07:54:11.975+0000] {base.py:73} INFO - Using connection ID 'thespacedevs_dev' for task execution.
[2023-10-03T07:54:17.275+0000] {http.py:122} INFO - Poking: 
[2023-10-03T07:54:17.280+0000] {base.py:73} INFO - Using connection ID 'thespacedevs_dev' for task execution.
[2023-10-03T07:54:22.746+0000] {http.py:122} INFO - Poking: 
[2023-10-03T07:54:22.767+0000] {base.py:73} INFO - Using connection ID 'thespacedevs_dev' for task execution.
[2023-10-03T07:54:28.080+0000] {http.py:122} INFO - Poking: 
[2023-10-03T07:54:28.086+0000] {base.py:73} INFO - Using connection ID 'thespacedevs_dev' for task execution.
[2023-10-03T07:54:33.398+0000] {http.py:122} INFO - Poking: 
[2023-10-03T07:54:33.409+0000] {base.py:73} INFO - Using connection ID 'thespacedevs_dev' for task execution.
[2023-10-03T07:54:38.695+0000] {http.py:122} INFO - Poking: 
[2023-10-03T07:54:38.701+0000] {base.py:73} INFO - Using connection ID 'thespacedevs_dev' for task execution.
[2023-10-03T07:54:43.948+0000] {http.py:122} INFO - Poking: 
[2023-10-03T07:54:43.953+0000] {base.py:73} INFO - Using connection ID 'thespacedevs_dev' for task execution.
[2023-10-03T07:54:49.254+0000] {http.py:122} INFO - Poking: 
[2023-10-03T07:54:49.269+0000] {base.py:73} INFO - Using connection ID 'thespacedevs_dev' for task execution.
[2023-10-03T07:54:54.636+0000] {http.py:122} INFO - Poking: 
[2023-10-03T07:54:54.645+0000] {base.py:73} INFO - Using connection ID 'thespacedevs_dev' for task execution.
[2023-10-03T07:54:59.911+0000] {http.py:122} INFO - Poking: 
[2023-10-03T07:54:59.926+0000] {base.py:73} INFO - Using connection ID 'thespacedevs_dev' for task execution.
[2023-10-03T07:55:07.078+0000] {http.py:122} INFO - Poking: 
[2023-10-03T07:55:07.083+0000] {base.py:73} INFO - Using connection ID 'thespacedevs_dev' for task execution.
[2023-10-03T07:55:12.341+0000] {http.py:122} INFO - Poking: 
[2023-10-03T07:55:12.351+0000] {base.py:73} INFO - Using connection ID 'thespacedevs_dev' for task execution.
[2023-10-03T07:55:17.664+0000] {http.py:122} INFO - Poking: 
[2023-10-03T07:55:17.670+0000] {base.py:73} INFO - Using connection ID 'thespacedevs_dev' for task execution.
[2023-10-03T07:55:22.977+0000] {http.py:122} INFO - Poking: 
[2023-10-03T07:55:22.983+0000] {base.py:73} INFO - Using connection ID 'thespacedevs_dev' for task execution.
[2023-10-03T07:55:28.278+0000] {http.py:122} INFO - Poking: 
[2023-10-03T07:55:28.284+0000] {base.py:73} INFO - Using connection ID 'thespacedevs_dev' for task execution.
[2023-10-03T07:55:33.578+0000] {http.py:122} INFO - Poking: 
[2023-10-03T07:55:33.587+0000] {base.py:73} INFO - Using connection ID 'thespacedevs_dev' for task execution.
[2023-10-03T07:55:38.863+0000] {http.py:122} INFO - Poking: 
[2023-10-03T07:55:38.870+0000] {base.py:73} INFO - Using connection ID 'thespacedevs_dev' for task execution.
[2023-10-03T07:55:44.170+0000] {http.py:122} INFO - Poking: 
[2023-10-03T07:55:44.177+0000] {base.py:73} INFO - Using connection ID 'thespacedevs_dev' for task execution.
[2023-10-03T07:55:49.430+0000] {http.py:122} INFO - Poking: 
[2023-10-03T07:55:49.435+0000] {base.py:73} INFO - Using connection ID 'thespacedevs_dev' for task execution.
[2023-10-03T07:55:54.722+0000] {http.py:122} INFO - Poking: 
[2023-10-03T07:55:54.727+0000] {base.py:73} INFO - Using connection ID 'thespacedevs_dev' for task execution.
[2023-10-03T07:56:00.014+0000] {http.py:122} INFO - Poking: 
[2023-10-03T07:56:00.020+0000] {base.py:73} INFO - Using connection ID 'thespacedevs_dev' for task execution.
[2023-10-03T07:56:05.263+0000] {http.py:122} INFO - Poking: 
[2023-10-03T07:56:05.268+0000] {base.py:73} INFO - Using connection ID 'thespacedevs_dev' for task execution.
[2023-10-03T07:56:10.662+0000] {http.py:122} INFO - Poking: 
[2023-10-03T07:56:10.670+0000] {base.py:73} INFO - Using connection ID 'thespacedevs_dev' for task execution.
[2023-10-03T07:56:15.985+0000] {http.py:122} INFO - Poking: 
[2023-10-03T07:56:16.008+0000] {base.py:73} INFO - Using connection ID 'thespacedevs_dev' for task execution.
[2023-10-03T07:56:21.426+0000] {http.py:122} INFO - Poking: 
[2023-10-03T07:56:21.437+0000] {base.py:73} INFO - Using connection ID 'thespacedevs_dev' for task execution.
[2023-10-03T07:56:26.754+0000] {http.py:122} INFO - Poking: 
[2023-10-03T07:56:26.789+0000] {base.py:73} INFO - Using connection ID 'thespacedevs_dev' for task execution.
[2023-10-03T07:56:32.111+0000] {http.py:122} INFO - Poking: 
[2023-10-03T07:56:32.120+0000] {base.py:73} INFO - Using connection ID 'thespacedevs_dev' for task execution.
[2023-10-03T07:56:37.409+0000] {http.py:122} INFO - Poking: 
[2023-10-03T07:56:37.422+0000] {base.py:73} INFO - Using connection ID 'thespacedevs_dev' for task execution.
[2023-10-03T07:56:42.682+0000] {http.py:122} INFO - Poking: 
[2023-10-03T07:56:42.798+0000] {base.py:73} INFO - Using connection ID 'thespacedevs_dev' for task execution.
[2023-10-03T07:56:48.126+0000] {http.py:122} INFO - Poking: 
[2023-10-03T07:56:48.148+0000] {base.py:73} INFO - Using connection ID 'thespacedevs_dev' for task execution.
[2023-10-03T07:56:53.417+0000] {http.py:122} INFO - Poking: 
[2023-10-03T07:56:53.422+0000] {base.py:73} INFO - Using connection ID 'thespacedevs_dev' for task execution.
[2023-10-03T07:56:58.674+0000] {http.py:122} INFO - Poking: 
[2023-10-03T07:56:58.694+0000] {base.py:73} INFO - Using connection ID 'thespacedevs_dev' for task execution.
[2023-10-03T07:57:03.967+0000] {http.py:122} INFO - Poking: 
[2023-10-03T07:57:03.975+0000] {base.py:73} INFO - Using connection ID 'thespacedevs_dev' for task execution.
[2023-10-03T07:57:09.270+0000] {http.py:122} INFO - Poking: 
[2023-10-03T07:57:09.275+0000] {base.py:73} INFO - Using connection ID 'thespacedevs_dev' for task execution.
[2023-10-03T07:57:15.758+0000] {http.py:122} INFO - Poking: 
[2023-10-03T07:57:15.766+0000] {base.py:73} INFO - Using connection ID 'thespacedevs_dev' for task execution.
[2023-10-03T07:57:21.098+0000] {http.py:122} INFO - Poking: 
[2023-10-03T07:57:21.112+0000] {base.py:73} INFO - Using connection ID 'thespacedevs_dev' for task execution.
[2023-10-03T07:57:26.414+0000] {http.py:122} INFO - Poking: 
[2023-10-03T07:57:26.469+0000] {base.py:73} INFO - Using connection ID 'thespacedevs_dev' for task execution.
[2023-10-03T07:57:31.780+0000] {http.py:122} INFO - Poking: 
[2023-10-03T07:57:31.786+0000] {base.py:73} INFO - Using connection ID 'thespacedevs_dev' for task execution.
[2023-10-03T07:57:37.059+0000] {http.py:122} INFO - Poking: 
[2023-10-03T07:57:37.065+0000] {base.py:73} INFO - Using connection ID 'thespacedevs_dev' for task execution.
[2023-10-03T07:57:42.338+0000] {http.py:122} INFO - Poking: 
[2023-10-03T07:57:42.343+0000] {base.py:73} INFO - Using connection ID 'thespacedevs_dev' for task execution.
[2023-10-03T07:57:47.670+0000] {http.py:122} INFO - Poking: 
[2023-10-03T07:57:47.702+0000] {base.py:73} INFO - Using connection ID 'thespacedevs_dev' for task execution.
[2023-10-03T07:57:53.014+0000] {http.py:122} INFO - Poking: 
[2023-10-03T07:57:53.019+0000] {base.py:73} INFO - Using connection ID 'thespacedevs_dev' for task execution.
[2023-10-03T07:57:58.262+0000] {http.py:122} INFO - Poking: 
[2023-10-03T07:57:58.270+0000] {base.py:73} INFO - Using connection ID 'thespacedevs_dev' for task execution.
[2023-10-03T07:58:03.974+0000] {http.py:122} INFO - Poking: 
[2023-10-03T07:58:03.979+0000] {base.py:73} INFO - Using connection ID 'thespacedevs_dev' for task execution.
[2023-10-03T07:58:09.240+0000] {http.py:122} INFO - Poking: 
[2023-10-03T07:58:09.248+0000] {base.py:73} INFO - Using connection ID 'thespacedevs_dev' for task execution.
[2023-10-03T07:58:14.543+0000] {http.py:122} INFO - Poking: 
[2023-10-03T07:58:14.549+0000] {base.py:73} INFO - Using connection ID 'thespacedevs_dev' for task execution.
[2023-10-03T07:58:19.844+0000] {http.py:122} INFO - Poking: 
[2023-10-03T07:58:19.872+0000] {base.py:73} INFO - Using connection ID 'thespacedevs_dev' for task execution.
[2023-10-03T07:58:25.206+0000] {http.py:122} INFO - Poking: 
[2023-10-03T07:58:25.213+0000] {base.py:73} INFO - Using connection ID 'thespacedevs_dev' for task execution.
[2023-10-03T07:58:30.504+0000] {http.py:122} INFO - Poking: 
[2023-10-03T07:58:30.509+0000] {base.py:73} INFO - Using connection ID 'thespacedevs_dev' for task execution.
[2023-10-03T07:58:35.807+0000] {http.py:122} INFO - Poking: 
[2023-10-03T07:58:35.813+0000] {base.py:73} INFO - Using connection ID 'thespacedevs_dev' for task execution.
[2023-10-03T07:58:41.099+0000] {http.py:122} INFO - Poking: 
[2023-10-03T07:58:41.115+0000] {base.py:73} INFO - Using connection ID 'thespacedevs_dev' for task execution.
[2023-10-03T07:58:46.482+0000] {http.py:122} INFO - Poking: 
[2023-10-03T07:58:46.489+0000] {base.py:73} INFO - Using connection ID 'thespacedevs_dev' for task execution.
[2023-10-03T07:58:51.778+0000] {http.py:122} INFO - Poking: 
[2023-10-03T07:58:51.789+0000] {base.py:73} INFO - Using connection ID 'thespacedevs_dev' for task execution.
[2023-10-03T07:58:57.023+0000] {http.py:122} INFO - Poking: 
[2023-10-03T07:58:57.028+0000] {base.py:73} INFO - Using connection ID 'thespacedevs_dev' for task execution.
[2023-10-03T07:59:02.306+0000] {http.py:122} INFO - Poking: 
[2023-10-03T07:59:02.311+0000] {base.py:73} INFO - Using connection ID 'thespacedevs_dev' for task execution.
[2023-10-03T07:59:07.646+0000] {http.py:122} INFO - Poking: 
[2023-10-03T07:59:07.653+0000] {base.py:73} INFO - Using connection ID 'thespacedevs_dev' for task execution.
[2023-10-03T07:59:12.955+0000] {http.py:122} INFO - Poking: 
[2023-10-03T07:59:12.960+0000] {base.py:73} INFO - Using connection ID 'thespacedevs_dev' for task execution.
[2023-10-03T07:59:18.254+0000] {http.py:122} INFO - Poking: 
[2023-10-03T07:59:18.259+0000] {base.py:73} INFO - Using connection ID 'thespacedevs_dev' for task execution.
[2023-10-03T07:59:23.573+0000] {http.py:122} INFO - Poking: 
[2023-10-03T07:59:23.587+0000] {base.py:73} INFO - Using connection ID 'thespacedevs_dev' for task execution.
[2023-10-03T07:59:28.858+0000] {http.py:122} INFO - Poking: 
[2023-10-03T07:59:28.867+0000] {base.py:73} INFO - Using connection ID 'thespacedevs_dev' for task execution.
[2023-10-03T07:59:34.146+0000] {http.py:122} INFO - Poking: 
[2023-10-03T07:59:34.152+0000] {base.py:73} INFO - Using connection ID 'thespacedevs_dev' for task execution.
[2023-10-03T07:59:39.434+0000] {http.py:122} INFO - Poking: 
[2023-10-03T07:59:39.441+0000] {base.py:73} INFO - Using connection ID 'thespacedevs_dev' for task execution.
[2023-10-03T07:59:44.734+0000] {http.py:122} INFO - Poking: 
[2023-10-03T07:59:44.741+0000] {base.py:73} INFO - Using connection ID 'thespacedevs_dev' for task execution.
[2023-10-03T07:59:50.023+0000] {http.py:122} INFO - Poking: 
[2023-10-03T07:59:50.028+0000] {base.py:73} INFO - Using connection ID 'thespacedevs_dev' for task execution.
[2023-10-03T07:59:55.328+0000] {http.py:122} INFO - Poking: 
[2023-10-03T07:59:55.339+0000] {base.py:73} INFO - Using connection ID 'thespacedevs_dev' for task execution.
[2023-10-03T08:00:00.610+0000] {http.py:122} INFO - Poking: 
[2023-10-03T08:00:00.630+0000] {base.py:73} INFO - Using connection ID 'thespacedevs_dev' for task execution.
[2023-10-03T08:00:06.026+0000] {http.py:122} INFO - Poking: 
[2023-10-03T08:00:06.035+0000] {base.py:73} INFO - Using connection ID 'thespacedevs_dev' for task execution.
[2023-10-03T08:00:11.333+0000] {http.py:122} INFO - Poking: 
[2023-10-03T08:00:11.339+0000] {base.py:73} INFO - Using connection ID 'thespacedevs_dev' for task execution.
[2023-10-03T08:00:16.638+0000] {http.py:122} INFO - Poking: 
[2023-10-03T08:00:16.644+0000] {base.py:73} INFO - Using connection ID 'thespacedevs_dev' for task execution.
[2023-10-03T08:00:22.671+0000] {http.py:122} INFO - Poking: 
[2023-10-03T08:00:22.680+0000] {base.py:73} INFO - Using connection ID 'thespacedevs_dev' for task execution.
[2023-10-03T08:00:28.014+0000] {http.py:122} INFO - Poking: 
[2023-10-03T08:00:28.019+0000] {base.py:73} INFO - Using connection ID 'thespacedevs_dev' for task execution.
[2023-10-03T08:00:33.322+0000] {http.py:122} INFO - Poking: 
[2023-10-03T08:00:33.346+0000] {base.py:73} INFO - Using connection ID 'thespacedevs_dev' for task execution.
[2023-10-03T08:00:38.787+0000] {http.py:122} INFO - Poking: 
[2023-10-03T08:00:38.795+0000] {base.py:73} INFO - Using connection ID 'thespacedevs_dev' for task execution.
[2023-10-03T08:00:44.088+0000] {http.py:122} INFO - Poking: 
[2023-10-03T08:00:44.092+0000] {base.py:73} INFO - Using connection ID 'thespacedevs_dev' for task execution.
[2023-10-03T08:00:49.391+0000] {http.py:122} INFO - Poking: 
[2023-10-03T08:00:49.396+0000] {base.py:73} INFO - Using connection ID 'thespacedevs_dev' for task execution.
[2023-10-03T08:00:54.734+0000] {http.py:122} INFO - Poking: 
[2023-10-03T08:00:54.741+0000] {base.py:73} INFO - Using connection ID 'thespacedevs_dev' for task execution.
[2023-10-03T08:01:00.031+0000] {http.py:122} INFO - Poking: 
[2023-10-03T08:01:00.039+0000] {base.py:73} INFO - Using connection ID 'thespacedevs_dev' for task execution.
[2023-10-03T08:01:05.316+0000] {http.py:122} INFO - Poking: 
[2023-10-03T08:01:05.335+0000] {base.py:73} INFO - Using connection ID 'thespacedevs_dev' for task execution.
[2023-10-03T08:01:10.650+0000] {http.py:122} INFO - Poking: 
[2023-10-03T08:01:10.669+0000] {base.py:73} INFO - Using connection ID 'thespacedevs_dev' for task execution.
[2023-10-03T08:01:15.957+0000] {http.py:122} INFO - Poking: 
[2023-10-03T08:01:15.973+0000] {base.py:73} INFO - Using connection ID 'thespacedevs_dev' for task execution.
[2023-10-03T08:01:21.244+0000] {http.py:122} INFO - Poking: 
[2023-10-03T08:01:21.251+0000] {base.py:73} INFO - Using connection ID 'thespacedevs_dev' for task execution.
[2023-10-03T08:01:27.270+0000] {http.py:122} INFO - Poking: 
[2023-10-03T08:01:27.301+0000] {base.py:73} INFO - Using connection ID 'thespacedevs_dev' for task execution.
[2023-10-03T08:01:32.814+0000] {http.py:122} INFO - Poking: 
[2023-10-03T08:01:32.821+0000] {base.py:73} INFO - Using connection ID 'thespacedevs_dev' for task execution.
[2023-10-03T08:01:38.059+0000] {http.py:122} INFO - Poking: 
[2023-10-03T08:01:38.079+0000] {base.py:73} INFO - Using connection ID 'thespacedevs_dev' for task execution.
[2023-10-03T08:01:43.422+0000] {http.py:122} INFO - Poking: 
[2023-10-03T08:01:43.432+0000] {base.py:73} INFO - Using connection ID 'thespacedevs_dev' for task execution.
[2023-10-03T08:01:48.724+0000] {http.py:122} INFO - Poking: 
[2023-10-03T08:01:48.731+0000] {base.py:73} INFO - Using connection ID 'thespacedevs_dev' for task execution.
[2023-10-03T08:01:54.027+0000] {http.py:122} INFO - Poking: 
[2023-10-03T08:01:54.042+0000] {base.py:73} INFO - Using connection ID 'thespacedevs_dev' for task execution.
[2023-10-03T08:01:59.290+0000] {http.py:122} INFO - Poking: 
[2023-10-03T08:01:59.295+0000] {base.py:73} INFO - Using connection ID 'thespacedevs_dev' for task execution.
[2023-10-03T08:02:04.582+0000] {http.py:122} INFO - Poking: 
[2023-10-03T08:02:04.592+0000] {base.py:73} INFO - Using connection ID 'thespacedevs_dev' for task execution.
[2023-10-03T08:02:09.836+0000] {http.py:122} INFO - Poking: 
[2023-10-03T08:02:09.847+0000] {base.py:73} INFO - Using connection ID 'thespacedevs_dev' for task execution.
[2023-10-03T08:02:15.130+0000] {http.py:122} INFO - Poking: 
[2023-10-03T08:02:15.138+0000] {base.py:73} INFO - Using connection ID 'thespacedevs_dev' for task execution.
[2023-10-03T08:02:20.384+0000] {http.py:122} INFO - Poking: 
[2023-10-03T08:02:20.394+0000] {base.py:73} INFO - Using connection ID 'thespacedevs_dev' for task execution.
[2023-10-03T08:02:25.702+0000] {http.py:122} INFO - Poking: 
[2023-10-03T08:02:25.712+0000] {base.py:73} INFO - Using connection ID 'thespacedevs_dev' for task execution.
[2023-10-03T08:02:31.975+0000] {http.py:122} INFO - Poking: 
[2023-10-03T08:02:31.997+0000] {base.py:73} INFO - Using connection ID 'thespacedevs_dev' for task execution.
[2023-10-03T08:02:37.623+0000] {http.py:122} INFO - Poking: 
[2023-10-03T08:02:37.662+0000] {base.py:73} INFO - Using connection ID 'thespacedevs_dev' for task execution.
[2023-10-03T08:02:43.054+0000] {http.py:122} INFO - Poking: 
[2023-10-03T08:02:43.081+0000] {base.py:73} INFO - Using connection ID 'thespacedevs_dev' for task execution.
[2023-10-03T08:02:48.614+0000] {http.py:122} INFO - Poking: 
[2023-10-03T08:02:48.660+0000] {base.py:73} INFO - Using connection ID 'thespacedevs_dev' for task execution.
[2023-10-03T08:02:54.574+0000] {http.py:122} INFO - Poking: 
[2023-10-03T08:02:54.581+0000] {base.py:73} INFO - Using connection ID 'thespacedevs_dev' for task execution.
[2023-10-03T08:02:59.860+0000] {http.py:122} INFO - Poking: 
[2023-10-03T08:02:59.865+0000] {base.py:73} INFO - Using connection ID 'thespacedevs_dev' for task execution.
[2023-10-03T08:03:05.145+0000] {http.py:122} INFO - Poking: 
[2023-10-03T08:03:05.150+0000] {base.py:73} INFO - Using connection ID 'thespacedevs_dev' for task execution.
[2023-10-03T08:03:10.450+0000] {http.py:122} INFO - Poking: 
[2023-10-03T08:03:10.456+0000] {base.py:73} INFO - Using connection ID 'thespacedevs_dev' for task execution.
[2023-10-03T08:03:15.787+0000] {http.py:122} INFO - Poking: 
[2023-10-03T08:03:15.794+0000] {base.py:73} INFO - Using connection ID 'thespacedevs_dev' for task execution.
[2023-10-03T08:03:21.064+0000] {http.py:122} INFO - Poking: 
[2023-10-03T08:03:21.073+0000] {base.py:73} INFO - Using connection ID 'thespacedevs_dev' for task execution.
[2023-10-03T08:03:26.366+0000] {http.py:122} INFO - Poking: 
[2023-10-03T08:03:26.374+0000] {base.py:73} INFO - Using connection ID 'thespacedevs_dev' for task execution.
[2023-10-03T08:03:31.708+0000] {http.py:122} INFO - Poking: 
[2023-10-03T08:03:31.715+0000] {base.py:73} INFO - Using connection ID 'thespacedevs_dev' for task execution.
[2023-10-03T08:03:37.039+0000] {http.py:122} INFO - Poking: 
[2023-10-03T08:03:37.048+0000] {base.py:73} INFO - Using connection ID 'thespacedevs_dev' for task execution.
[2023-10-03T08:03:42.370+0000] {http.py:122} INFO - Poking: 
[2023-10-03T08:03:42.377+0000] {base.py:73} INFO - Using connection ID 'thespacedevs_dev' for task execution.
[2023-10-03T08:03:47.666+0000] {http.py:122} INFO - Poking: 
[2023-10-03T08:03:47.674+0000] {base.py:73} INFO - Using connection ID 'thespacedevs_dev' for task execution.
[2023-10-03T08:03:52.933+0000] {http.py:122} INFO - Poking: 
[2023-10-03T08:03:52.963+0000] {base.py:73} INFO - Using connection ID 'thespacedevs_dev' for task execution.
[2023-10-03T08:03:58.693+0000] {http.py:122} INFO - Poking: 
[2023-10-03T08:03:58.706+0000] {base.py:73} INFO - Using connection ID 'thespacedevs_dev' for task execution.
[2023-10-03T08:04:04.078+0000] {http.py:122} INFO - Poking: 
[2023-10-03T08:04:04.120+0000] {base.py:73} INFO - Using connection ID 'thespacedevs_dev' for task execution.
[2023-10-03T08:04:09.707+0000] {http.py:122} INFO - Poking: 
[2023-10-03T08:04:09.713+0000] {base.py:73} INFO - Using connection ID 'thespacedevs_dev' for task execution.
[2023-10-03T08:04:14.975+0000] {http.py:122} INFO - Poking: 
[2023-10-03T08:04:14.981+0000] {base.py:73} INFO - Using connection ID 'thespacedevs_dev' for task execution.
[2023-10-03T08:04:20.278+0000] {http.py:122} INFO - Poking: 
[2023-10-03T08:04:20.286+0000] {base.py:73} INFO - Using connection ID 'thespacedevs_dev' for task execution.
[2023-10-03T08:04:25.598+0000] {http.py:122} INFO - Poking: 
[2023-10-03T08:04:25.605+0000] {base.py:73} INFO - Using connection ID 'thespacedevs_dev' for task execution.
[2023-10-03T08:04:30.951+0000] {http.py:122} INFO - Poking: 
[2023-10-03T08:04:30.958+0000] {base.py:73} INFO - Using connection ID 'thespacedevs_dev' for task execution.
[2023-10-03T08:04:37.338+0000] {http.py:122} INFO - Poking: 
[2023-10-03T08:04:37.343+0000] {base.py:73} INFO - Using connection ID 'thespacedevs_dev' for task execution.
[2023-10-03T08:04:42.639+0000] {http.py:122} INFO - Poking: 
[2023-10-03T08:04:42.647+0000] {base.py:73} INFO - Using connection ID 'thespacedevs_dev' for task execution.
[2023-10-03T08:04:47.942+0000] {http.py:122} INFO - Poking: 
[2023-10-03T08:04:47.948+0000] {base.py:73} INFO - Using connection ID 'thespacedevs_dev' for task execution.
[2023-10-03T08:04:53.242+0000] {http.py:122} INFO - Poking: 
[2023-10-03T08:04:53.252+0000] {base.py:73} INFO - Using connection ID 'thespacedevs_dev' for task execution.
[2023-10-03T08:04:58.568+0000] {http.py:122} INFO - Poking: 
[2023-10-03T08:04:58.577+0000] {base.py:73} INFO - Using connection ID 'thespacedevs_dev' for task execution.
[2023-10-03T08:05:03.899+0000] {http.py:122} INFO - Poking: 
[2023-10-03T08:05:03.912+0000] {base.py:73} INFO - Using connection ID 'thespacedevs_dev' for task execution.
[2023-10-03T08:05:09.186+0000] {http.py:122} INFO - Poking: 
[2023-10-03T08:05:09.193+0000] {base.py:73} INFO - Using connection ID 'thespacedevs_dev' for task execution.
[2023-10-03T08:05:14.499+0000] {http.py:122} INFO - Poking: 
[2023-10-03T08:05:14.506+0000] {base.py:73} INFO - Using connection ID 'thespacedevs_dev' for task execution.
[2023-10-03T08:05:19.833+0000] {http.py:122} INFO - Poking: 
[2023-10-03T08:05:19.848+0000] {base.py:73} INFO - Using connection ID 'thespacedevs_dev' for task execution.
[2023-10-03T08:05:25.151+0000] {http.py:122} INFO - Poking: 
[2023-10-03T08:05:25.176+0000] {base.py:73} INFO - Using connection ID 'thespacedevs_dev' for task execution.
[2023-10-03T08:05:30.478+0000] {http.py:122} INFO - Poking: 
[2023-10-03T08:05:30.498+0000] {base.py:73} INFO - Using connection ID 'thespacedevs_dev' for task execution.
[2023-10-03T08:05:35.814+0000] {http.py:122} INFO - Poking: 
[2023-10-03T08:05:35.822+0000] {base.py:73} INFO - Using connection ID 'thespacedevs_dev' for task execution.
[2023-10-03T08:05:41.092+0000] {http.py:122} INFO - Poking: 
[2023-10-03T08:05:41.101+0000] {base.py:73} INFO - Using connection ID 'thespacedevs_dev' for task execution.
[2023-10-03T08:05:46.370+0000] {http.py:122} INFO - Poking: 
[2023-10-03T08:05:46.379+0000] {base.py:73} INFO - Using connection ID 'thespacedevs_dev' for task execution.
[2023-10-03T08:05:51.626+0000] {http.py:122} INFO - Poking: 
[2023-10-03T08:05:51.633+0000] {base.py:73} INFO - Using connection ID 'thespacedevs_dev' for task execution.
[2023-10-03T08:05:56.890+0000] {http.py:122} INFO - Poking: 
[2023-10-03T08:05:56.896+0000] {base.py:73} INFO - Using connection ID 'thespacedevs_dev' for task execution.
[2023-10-03T08:06:02.166+0000] {http.py:122} INFO - Poking: 
[2023-10-03T08:06:02.174+0000] {base.py:73} INFO - Using connection ID 'thespacedevs_dev' for task execution.
[2023-10-03T08:06:07.454+0000] {http.py:122} INFO - Poking: 
[2023-10-03T08:06:07.460+0000] {base.py:73} INFO - Using connection ID 'thespacedevs_dev' for task execution.
[2023-10-03T08:06:12.699+0000] {http.py:122} INFO - Poking: 
[2023-10-03T08:06:12.705+0000] {base.py:73} INFO - Using connection ID 'thespacedevs_dev' for task execution.
[2023-10-03T08:06:17.992+0000] {http.py:122} INFO - Poking: 
[2023-10-03T08:06:17.997+0000] {base.py:73} INFO - Using connection ID 'thespacedevs_dev' for task execution.
[2023-10-03T08:06:23.286+0000] {http.py:122} INFO - Poking: 
[2023-10-03T08:06:23.293+0000] {base.py:73} INFO - Using connection ID 'thespacedevs_dev' for task execution.
[2023-10-03T08:06:28.541+0000] {http.py:122} INFO - Poking: 
[2023-10-03T08:06:28.549+0000] {base.py:73} INFO - Using connection ID 'thespacedevs_dev' for task execution.
[2023-10-03T08:06:33.848+0000] {http.py:122} INFO - Poking: 
[2023-10-03T08:06:33.854+0000] {base.py:73} INFO - Using connection ID 'thespacedevs_dev' for task execution.
[2023-10-03T08:06:39.094+0000] {http.py:122} INFO - Poking: 
[2023-10-03T08:06:39.105+0000] {base.py:73} INFO - Using connection ID 'thespacedevs_dev' for task execution.
[2023-10-03T08:06:44.390+0000] {http.py:122} INFO - Poking: 
[2023-10-03T08:06:44.396+0000] {base.py:73} INFO - Using connection ID 'thespacedevs_dev' for task execution.
[2023-10-03T08:06:49.896+0000] {http.py:122} INFO - Poking: 
[2023-10-03T08:06:49.902+0000] {base.py:73} INFO - Using connection ID 'thespacedevs_dev' for task execution.
[2023-10-03T08:06:55.182+0000] {http.py:122} INFO - Poking: 
[2023-10-03T08:06:55.187+0000] {base.py:73} INFO - Using connection ID 'thespacedevs_dev' for task execution.
[2023-10-03T08:07:00.482+0000] {http.py:122} INFO - Poking: 
[2023-10-03T08:07:00.487+0000] {base.py:73} INFO - Using connection ID 'thespacedevs_dev' for task execution.
[2023-10-03T08:07:05.733+0000] {http.py:122} INFO - Poking: 
[2023-10-03T08:07:05.738+0000] {base.py:73} INFO - Using connection ID 'thespacedevs_dev' for task execution.
[2023-10-03T08:07:11.234+0000] {http.py:122} INFO - Poking: 
[2023-10-03T08:07:11.239+0000] {base.py:73} INFO - Using connection ID 'thespacedevs_dev' for task execution.
[2023-10-03T08:07:16.496+0000] {http.py:122} INFO - Poking: 
[2023-10-03T08:07:16.500+0000] {base.py:73} INFO - Using connection ID 'thespacedevs_dev' for task execution.
[2023-10-03T08:07:21.759+0000] {http.py:122} INFO - Poking: 
[2023-10-03T08:07:21.764+0000] {base.py:73} INFO - Using connection ID 'thespacedevs_dev' for task execution.
[2023-10-03T08:07:22.632+0000] {local_task_job_runner.py:299} WARNING - State of this instance has been externally set to failed. Terminating instance.
[2023-10-03T08:07:22.634+0000] {process_utils.py:135} INFO - Sending Signals.SIGTERM to group 451. PIDs of all processes in the group: [451]
[2023-10-03T08:07:22.634+0000] {process_utils.py:86} INFO - Sending the signal Signals.SIGTERM to group 451
[2023-10-03T08:07:22.637+0000] {taskinstance.py:1540} ERROR - Received SIGTERM. Terminating subprocesses.
[2023-10-03T08:07:22.688+0000] {process_utils.py:79} INFO - Process psutil.Process(pid=451, status='terminated', exitcode=0, started='07:53:58') (451) terminated with exit code 0
